#
# There is insufficient memory for the Java Runtime Environment to continue.
# Native memory allocation (mmap) failed to map 201326592 bytes for committing reserved memory.
# Possible reasons:
#   The system is out of physical RAM or swap space
#   The process is running with CompressedOops enabled, and the Java Heap may be blocking the growth of the native heap
# Possible solutions:
#   Reduce memory load on the system
#   Increase physical memory or swap space
#   Check if swap backing store is full
#   Decrease Java heap size (-Xmx/-Xms)
#   Decrease number of Java threads
#   Decrease Java thread stack sizes (-Xss)
#   Set larger code cache with -XX:ReservedCodeCacheSize=
#   JVM is running with Unscaled Compressed Oops mode in which the Java heap is
#     placed in the first 4GB address space. The Java Heap base address is the
#     maximum limit for the native heap growth. Please use -XX:HeapBaseMinAddress
#     to set the Java Heap base and to place the Java Heap above 4GB virtual address.
# This output file may be truncated or incomplete.
#
#  Out of Memory Error (os_linux.cpp:2749), pid=93497, tid=0x00007f3842df5700
#
# JRE version: Java(TM) SE Runtime Environment (8.0_211-b12) (build 1.8.0_211-b12)
# Java VM: Java HotSpot(TM) 64-Bit Server VM (25.211-b12 mixed mode linux-amd64 compressed oops)
# Failed to write core dump. Core dumps have been disabled. To enable core dumping, try "ulimit -c unlimited" before starting Java again
#

---------------  T H R E A D  ---------------

Current thread (0x00007f385c146800):  VMThread [stack: 0x00007f3842cf6000,0x00007f3842df6000] [id=93510]

Stack: [0x00007f3842cf6000,0x00007f3842df6000],  sp=0x00007f3842df43c0,  free space=1016k
Native frames: (J=compiled Java code, j=interpreted, Vv=VM code, C=native code)
V  [libjvm.so+0xad3455]  VMError::report_and_die()+0x2e5
V  [libjvm.so+0x4e0537]  report_vm_out_of_memory(char const*, int, unsigned long, VMErrorType, char const*)+0x67
V  [libjvm.so+0x910320]  os::pd_commit_memory(char*, unsigned long, unsigned long, bool)+0x100
V  [libjvm.so+0x90794f]  os::commit_memory(char*, unsigned long, unsigned long, bool)+0x1f
V  [libjvm.so+0x98c736]  PSVirtualSpace::expand_by(unsigned long)+0x56
V  [libjvm.so+0x98d9c8]  PSYoungGen::resize(unsigned long, unsigned long)+0xd8
V  [libjvm.so+0x98a166]  PSScavenge::invoke_no_policy()+0x1376
V  [libjvm.so+0x982b89]  PSParallelCompact::invoke(bool)+0x49
V  [libjvm.so+0x45cc53]  CollectedHeap::collect_as_vm_thread(GCCause::Cause)+0x153
V  [libjvm.so+0xad44e1]  VM_CollectForMetadataAllocation::doit()+0x161
V  [libjvm.so+0xada1c6]  VM_Operation::evaluate()+0x46
V  [libjvm.so+0xad84fd]  VMThread::evaluate_operation(VM_Operation*) [clone .constprop.44]+0xcd
V  [libjvm.so+0xad8ae3]  VMThread::loop()+0x3a3
V  [libjvm.so+0xad8eb8]  VMThread::run()+0x78
V  [libjvm.so+0x90d952]  java_start(Thread*)+0x102

VM_Operation (0x00007f3863aa7d30): CollectForMetadataAllocation, mode: safepoint, requested by thread 0x00007f385c011800


---------------  P R O C E S S  ---------------

Java Threads: ( => current thread )
  0x00007f385ce68800 JavaThread "container-0" [_thread_blocked, id=93644, stack(0x00007f37e3eff000,0x00007f37e4000000)]
  0x00007f385ce66800 JavaThread "ContainerBackgroundProcessor[StandardEngine[Tomcat]]" daemon [_thread_blocked, id=93643, stack(0x00007f38382fe000,0x00007f38383ff000)]
  0x00007f37f031d000 JavaThread "localhost-startStop-1" daemon [_thread_blocked, id=93640, stack(0x00007f3840047000,0x00007f3840148000)]
  0x00007f385ce62000 JavaThread "Tomcat-startStop-1" daemon [_thread_blocked, id=93639, stack(0x00007f38407dd000,0x00007f38408de000)]
  0x00007f385c430800 JavaThread "Dubbo-Holder" [_thread_blocked, id=93567, stack(0x00007f38409df000,0x00007f3840ae0000)]
  0x00007f3804003000 JavaThread "RMI TCP Connection(2)-127.0.0.1" daemon [_thread_in_native, id=93561, stack(0x00007f38408de000,0x00007f38409df000)]
  0x00007f3800014800 JavaThread "RMI Scheduler(0)" daemon [_thread_blocked, id=93558, stack(0x00007f3840ae0000,0x00007f3840be1000)]
  0x00007f3804001800 JavaThread "RMI TCP Connection(1)-127.0.0.1" daemon [_thread_in_native, id=93557, stack(0x00007f3840e07000,0x00007f3840f08000)]
  0x00007f381c001000 JavaThread "Attach Listener" daemon [_thread_blocked, id=93555, stack(0x00007f3840f08000,0x00007f3841009000)]
  0x00007f385c6ba800 JavaThread "RMI TCP Accept-0" daemon [_thread_in_native, id=93549, stack(0x00007f384110a000,0x00007f384120b000)]
  0x00007f385c5d9800 JavaThread "Service Thread" daemon [_thread_blocked, id=93528, stack(0x00007f384162c000,0x00007f384172d000)]
  0x00007f385c5d6000 JavaThread "C1 CompilerThread2" daemon [_thread_blocked, id=93527, stack(0x00007f384172e000,0x00007f384182e000)]
  0x00007f385c5d4000 JavaThread "C2 CompilerThread1" daemon [_thread_blocked, id=93526, stack(0x00007f384182f000,0x00007f384192f000)]
  0x00007f385c5d2000 JavaThread "C2 CompilerThread0" daemon [_thread_blocked, id=93525, stack(0x00007f3841b47000,0x00007f3841c47000)]
  0x00007f385c5cf800 JavaThread "Monitor Ctrl-Break" daemon [_thread_in_native, id=93524, stack(0x00007f3841c47000,0x00007f3841d48000)]
  0x00007f385c185800 JavaThread "Signal Dispatcher" daemon [_thread_blocked, id=93521, stack(0x00007f3842023000,0x00007f3842124000)]
  0x00007f385c153000 JavaThread "Finalizer" daemon [_thread_blocked, id=93514, stack(0x00007f3842af3000,0x00007f3842bf4000)]
  0x00007f385c150800 JavaThread "Reference Handler" daemon [_thread_blocked, id=93512, stack(0x00007f3842bf4000,0x00007f3842cf5000)]
  0x00007f385c011800 JavaThread "main" [_thread_blocked, id=93500, stack(0x00007f38639b2000,0x00007f3863ab2000)]

Other Threads:
=>0x00007f385c146800 VMThread [stack: 0x00007f3842cf6000,0x00007f3842df6000] [id=93510]
  0x00007f385c6ce800 WatcherThread [stack: 0x00007f384100a000,0x00007f384110a000] [id=93550]

VM state:at safepoint (normal execution)

VM Mutex/Monitor currently owned by a thread:  ([mutex/lock_event])
[0x00007f385c0072a0] Threads_lock - owner thread: 0x00007f385c146800
[0x00007f385c0077a0] Heap_lock - owner thread: 0x00007f385c011800

heap address: 0x0000000083e00000, size: 1986 MB, Compressed Oops mode: 32-bit
Narrow klass base: 0x0000000000000000, Narrow klass shift: 3
Compressed class space size: 1073741824 Address: 0x0000000100000000

Heap:
 PSYoungGen      total 454656K, used 6182K [0x00000000d6a00000, 0x00000000f4000000, 0x0000000100000000)
  eden space 429568K, 0% used [0x00000000d6a00000,0x00000000d6a00000,0x00000000f0d80000)
  from space 25088K, 24% used [0x00000000f0d80000,0x00000000f1389980,0x00000000f2600000)
  to   space 23040K, 0% used [0x00000000f2600000,0x00000000f2600000,0x00000000f3c80000)
 ParOldGen       total 53248K, used 41950K [0x0000000083e00000, 0x0000000087200000, 0x00000000d6a00000)
  object space 53248K, 78% used [0x0000000083e00000,0x00000000866f79f8,0x0000000087200000)
 Metaspace       used 33941K, capacity 35340K, committed 35496K, reserved 1079296K
  class space    used 4459K, capacity 4747K, committed 4864K, reserved 1048576K

Card table byte_map: [0x00007f38600a4000,0x00007f3860486000] byte_map_base: 0x00007f385fc85000

Marking Bits: (ParMarkBitMap*) 0x00007f3862e5ed80
 Begin Bits: [0x00007f3848b56000, 0x00007f384aa5e000)
 End Bits:   [0x00007f384aa5e000, 0x00007f384c966000)

Polling page: 0x00007f3863ace000

CodeCache: size=245760Kb used=7505Kb max_used=7505Kb free=238254Kb
 bounds [0x00007f384d000000, 0x00007f384d760000, 0x00007f385c000000]
 total_blobs=3956 nmethods=3526 adapters=343
 compilation: enabled

Compilation events (10 events):
Event: 8.782 Thread 0x00007f385c5d6000 3553       1       java.lang.Integer::toHexString (6 bytes)
Event: 8.782 Thread 0x00007f385c5d6000 nmethod 3553 0x00007f384d7514d0 code [0x00007f384d751640, 0x00007f384d751748]
Event: 8.782 Thread 0x00007f385c5d6000 3554       1       java.lang.Integer::formatUnsignedInt (48 bytes)
Event: 8.782 Thread 0x00007f385c5d6000 nmethod 3554 0x00007f384d7517d0 code [0x00007f384d751940, 0x00007f384d751ad0]
Event: 8.782 Thread 0x00007f385c5d6000 3555       1       java.lang.Integer::toUnsignedString0 (46 bytes)
Event: 8.783 Thread 0x00007f385c5d6000 nmethod 3555 0x00007f384d751c90 code [0x00007f384d751e00, 0x00007f384d752078]
Event: 8.783 Thread 0x00007f385c5d6000 3556   !   1       java.lang.ClassLoader::loadClass (122 bytes)
Event: 8.784 Thread 0x00007f385c5d6000 nmethod 3556 0x00007f384d752190 code [0x00007f384d752420, 0x00007f384d753638]
Event: 8.784 Thread 0x00007f385c5d6000 3557       1       java.lang.ClassLoader::getClassLoadingLock (35 bytes)
Event: 8.785 Thread 0x00007f385c5d6000 nmethod 3557 0x00007f384d754450 code [0x00007f384d7545c0, 0x00007f384d754788]

GC Heap History (10 events):
Event: 4.629 GC heap after
Heap after GC invocations=11 (full 1):
 PSYoungGen      total 209920K, used 15355K [0x00000000d6a00000, 0x00000000e4b00000, 0x0000000100000000)
  eden space 194560K, 0% used [0x00000000d6a00000,0x00000000d6a00000,0x00000000e2800000)
  from space 15360K, 99% used [0x00000000e3900000,0x00000000e47fedb0,0x00000000e4800000)
  to   space 17408K, 0% used [0x00000000e2800000,0x00000000e2800000,0x00000000e3900000)
 ParOldGen       total 53248K, used 18432K [0x0000000083e00000, 0x0000000087200000, 0x00000000d6a00000)
  object space 53248K, 34% used [0x0000000083e00000,0x00000000850002a8,0x0000000087200000)
 Metaspace       used 21928K, capacity 22600K, committed 22912K, reserved 1069056K
  class space    used 2923K, capacity 3111K, committed 3200K, reserved 1048576K
}
Event: 5.514 GC heap before
{Heap before GC invocations=12 (full 1):
 PSYoungGen      total 209920K, used 209915K [0x00000000d6a00000, 0x00000000e4b00000, 0x0000000100000000)
  eden space 194560K, 100% used [0x00000000d6a00000,0x00000000e2800000,0x00000000e2800000)
  from space 15360K, 99% used [0x00000000e3900000,0x00000000e47fedb0,0x00000000e4800000)
  to   space 17408K, 0% used [0x00000000e2800000,0x00000000e2800000,0x00000000e3900000)
 ParOldGen       total 53248K, used 18432K [0x0000000083e00000, 0x0000000087200000, 0x00000000d6a00000)
  object space 53248K, 34% used [0x0000000083e00000,0x00000000850002a8,0x0000000087200000)
 Metaspace       used 22964K, capacity 23668K, committed 23808K, reserved 1069056K
  class space    used 3056K, capacity 3259K, committed 3328K, reserved 1048576K
Event: 5.544 GC heap after
Heap after GC invocations=12 (full 1):
 PSYoungGen      total 211968K, used 17398K [0x00000000d6a00000, 0x00000000eb200000, 0x0000000100000000)
  eden space 194560K, 0% used [0x00000000d6a00000,0x00000000d6a00000,0x00000000e2800000)
  from space 17408K, 99% used [0x00000000e2800000,0x00000000e38fdba0,0x00000000e3900000)
  to   space 22016K, 0% used [0x00000000e9c80000,0x00000000e9c80000,0x00000000eb200000)
 ParOldGen       total 53248K, used 25467K [0x0000000083e00000, 0x0000000087200000, 0x00000000d6a00000)
  object space 53248K, 47% used [0x0000000083e00000,0x00000000856dec30,0x0000000087200000)
 Metaspace       used 22964K, capacity 23668K, committed 23808K, reserved 1069056K
  class space    used 3056K, capacity 3259K, committed 3328K, reserved 1048576K
}
Event: 6.479 GC heap before
{Heap before GC invocations=13 (full 1):
 PSYoungGen      total 211968K, used 211958K [0x00000000d6a00000, 0x00000000eb200000, 0x0000000100000000)
  eden space 194560K, 100% used [0x00000000d6a00000,0x00000000e2800000,0x00000000e2800000)
  from space 17408K, 99% used [0x00000000e2800000,0x00000000e38fdba0,0x00000000e3900000)
  to   space 22016K, 0% used [0x00000000e9c80000,0x00000000e9c80000,0x00000000eb200000)
 ParOldGen       total 53248K, used 25467K [0x0000000083e00000, 0x0000000087200000, 0x00000000d6a00000)
  object space 53248K, 47% used [0x0000000083e00000,0x00000000856dec30,0x0000000087200000)
 Metaspace       used 25271K, capacity 26164K, committed 26368K, reserved 1073152K
  class space    used 3366K, capacity 3569K, committed 3584K, reserved 1048576K
Event: 6.493 GC heap after
Heap after GC invocations=13 (full 1):
 PSYoungGen      total 308736K, used 13656K [0x00000000d6a00000, 0x00000000eaf80000, 0x0000000100000000)
  eden space 289280K, 0% used [0x00000000d6a00000,0x00000000d6a00000,0x00000000e8480000)
  from space 19456K, 70% used [0x00000000e9c80000,0x00000000ea9d6250,0x00000000eaf80000)
  to   space 22016K, 0% used [0x00000000e8480000,0x00000000e8480000,0x00000000e9a00000)
 ParOldGen       total 53248K, used 30315K [0x0000000083e00000, 0x0000000087200000, 0x00000000d6a00000)
  object space 53248K, 56% used [0x0000000083e00000,0x0000000085b9ac40,0x0000000087200000)
 Metaspace       used 25271K, capacity 26164K, committed 26368K, reserved 1073152K
  class space    used 3366K, capacity 3569K, committed 3584K, reserved 1048576K
}
Event: 7.083 GC heap before
{Heap before GC invocations=14 (full 1):
 PSYoungGen      total 308736K, used 302936K [0x00000000d6a00000, 0x00000000eaf80000, 0x0000000100000000)
  eden space 289280K, 100% used [0x00000000d6a00000,0x00000000e8480000,0x00000000e8480000)
  from space 19456K, 70% used [0x00000000e9c80000,0x00000000ea9d6250,0x00000000eaf80000)
  to   space 22016K, 0% used [0x00000000e8480000,0x00000000e8480000,0x00000000e9a00000)
 ParOldGen       total 53248K, used 30315K [0x0000000083e00000, 0x0000000087200000, 0x00000000d6a00000)
  object space 53248K, 56% used [0x0000000083e00000,0x0000000085b9ac40,0x0000000087200000)
 Metaspace       used 26076K, capacity 26988K, committed 27136K, reserved 1073152K
  class space    used 3479K, capacity 3733K, committed 3840K, reserved 1048576K
Event: 7.107 GC heap after
Heap after GC invocations=14 (full 1):
 PSYoungGen      total 311296K, used 16798K [0x00000000d6a00000, 0x00000000f3c80000, 0x0000000100000000)
  eden space 289280K, 0% used [0x00000000d6a00000,0x00000000d6a00000,0x00000000e8480000)
  from space 22016K, 76% used [0x00000000e8480000,0x00000000e94e7960,0x00000000e9a00000)
  to   space 23040K, 0% used [0x00000000f2600000,0x00000000f2600000,0x00000000f3c80000)
 ParOldGen       total 53248K, used 32723K [0x0000000083e00000, 0x0000000087200000, 0x00000000d6a00000)
  object space 53248K, 61% used [0x0000000083e00000,0x0000000085df4c40,0x0000000087200000)
 Metaspace       used 26076K, capacity 26988K, committed 27136K, reserved 1073152K
  class space    used 3479K, capacity 3733K, committed 3840K, reserved 1048576K
}
Event: 8.114 GC heap before
{Heap before GC invocations=15 (full 1):
 PSYoungGen      total 311296K, used 306078K [0x00000000d6a00000, 0x00000000f3c80000, 0x0000000100000000)
  eden space 289280K, 100% used [0x00000000d6a00000,0x00000000e8480000,0x00000000e8480000)
  from space 22016K, 76% used [0x00000000e8480000,0x00000000e94e7960,0x00000000e9a00000)
  to   space 23040K, 0% used [0x00000000f2600000,0x00000000f2600000,0x00000000f3c80000)
 ParOldGen       total 53248K, used 32723K [0x0000000083e00000, 0x0000000087200000, 0x00000000d6a00000)
  object space 53248K, 61% used [0x0000000083e00000,0x0000000085df4c40,0x0000000087200000)
 Metaspace       used 30050K, capacity 31378K, committed 31488K, reserved 1077248K
  class space    used 4036K, capacity 4314K, committed 4352K, reserved 1048576K
Event: 8.146 GC heap after
Heap after GC invocations=15 (full 1):
 PSYoungGen      total 452608K, used 19691K [0x00000000d6a00000, 0x00000000f4000000, 0x0000000100000000)
  eden space 429568K, 0% used [0x00000000d6a00000,0x00000000d6a00000,0x00000000f0d80000)
  from space 23040K, 85% used [0x00000000f2600000,0x00000000f393ac40,0x00000000f3c80000)
  to   space 25088K, 0% used [0x00000000f0d80000,0x00000000f0d80000,0x00000000f2600000)
 ParOldGen       total 53248K, used 34951K [0x0000000083e00000, 0x0000000087200000, 0x00000000d6a00000)
  object space 53248K, 65% used [0x0000000083e00000,0x0000000086021c70,0x0000000087200000)
 Metaspace       used 30050K, capacity 31378K, committed 31488K, reserved 1077248K
  class space    used 4036K, capacity 4314K, committed 4352K, reserved 1048576K
}
Event: 8.794 GC heap before
{Heap before GC invocations=16 (full 1):
 PSYoungGen      total 452608K, used 110190K [0x00000000d6a00000, 0x00000000f4000000, 0x0000000100000000)
  eden space 429568K, 21% used [0x00000000d6a00000,0x00000000dc260c90,0x00000000f0d80000)
  from space 23040K, 85% used [0x00000000f2600000,0x00000000f393ac40,0x00000000f3c80000)
  to   space 25088K, 0% used [0x00000000f0d80000,0x00000000f0d80000,0x00000000f2600000)
 ParOldGen       total 53248K, used 34951K [0x0000000083e00000, 0x0000000087200000, 0x00000000d6a00000)
  object space 53248K, 65% used [0x0000000083e00000,0x0000000086021c70,0x0000000087200000)
 Metaspace       used 33941K, capacity 35340K, committed 35496K, reserved 1079296K
  class space    used 4459K, capacity 4747K, committed 4864K, reserved 1048576K

Deoptimization events (0 events):
No events

Classes redefined (0 events):
No events

Internal exceptions (10 events):
Event: 8.702 Thread 0x00007f385c011800 Exception <a 'java/lang/ClassNotFoundException': com/alibaba/dubbo/config/ApplicationConfigCustomizer> (0x00000000db56c8e0) thrown at [/HUDSON/workspace/8-2-build-linux-amd64/jdk8u211/12973/hotspot/src/share/vm/classfile/systemDictionary.cpp, line 210]
Event: 8.702 Thread 0x00007f385c011800 Exception <a 'java/lang/ArrayIndexOutOfBoundsException'> (0x00000000db5711e8) thrown at [/HUDSON/workspace/8-2-build-linux-amd64/jdk8u211/12973/hotspot/src/share/vm/runtime/sharedRuntime.cpp, line 605]
Event: 8.702 Thread 0x00007f385c011800 Exception <a 'java/lang/ArrayIndexOutOfBoundsException'> (0x00000000db5732f0) thrown at [/HUDSON/workspace/8-2-build-linux-amd64/jdk8u211/12973/hotspot/src/share/vm/runtime/sharedRuntime.cpp, line 605]
Event: 8.702 Thread 0x00007f385c011800 Exception <a 'java/lang/ArrayIndexOutOfBoundsException'> (0x00000000db578290) thrown at [/HUDSON/workspace/8-2-build-linux-amd64/jdk8u211/12973/hotspot/src/share/vm/runtime/sharedRuntime.cpp, line 605]
Event: 8.702 Thread 0x00007f385c011800 Exception <a 'java/lang/ArrayIndexOutOfBoundsException'> (0x00000000db57f178) thrown at [/HUDSON/workspace/8-2-build-linux-amd64/jdk8u211/12973/hotspot/src/share/vm/runtime/sharedRuntime.cpp, line 605]
Event: 8.705 Thread 0x00007f385c011800 Exception <a 'java/lang/ClassNotFoundException': java/lang/ObjectCustomizer> (0x00000000db5e5a90) thrown at [/HUDSON/workspace/8-2-build-linux-amd64/jdk8u211/12973/hotspot/src/share/vm/classfile/systemDictionary.cpp, line 210]
Event: 8.705 Thread 0x00007f385c011800 Exception <a 'java/lang/ClassNotFoundException': com/alibaba/dubbo/config/AbstractConfigCustomizer> (0x00000000db60adc8) thrown at [/HUDSON/workspace/8-2-build-linux-amd64/jdk8u211/12973/hotspot/src/share/vm/classfile/systemDictionary.cpp, line 210]
Event: 8.706 Thread 0x00007f385c011800 Exception <a 'java/lang/ClassNotFoundException': com/alibaba/dubbo/config/RegistryConfigCustomizer> (0x00000000db630130) thrown at [/HUDSON/workspace/8-2-build-linux-amd64/jdk8u211/12973/hotspot/src/share/vm/classfile/systemDictionary.cpp, line 210]
Event: 8.706 Thread 0x00007f385c011800 Exception <a 'java/lang/ArrayIndexOutOfBoundsException'> (0x00000000db6355c0) thrown at [/HUDSON/workspace/8-2-build-linux-amd64/jdk8u211/12973/hotspot/src/share/vm/runtime/sharedRuntime.cpp, line 605]
Event: 8.706 Thread 0x00007f385c011800 Exception <a 'java/lang/ArrayIndexOutOfBoundsException'> (0x00000000db641b08) thrown at [/HUDSON/workspace/8-2-build-linux-amd64/jdk8u211/12973/hotspot/src/share/vm/runtime/sharedRuntime.cpp, line 605]

Events (10 events):
Event: 8.785 loading class io/netty/channel/nio/NioEventLoop done
Event: 8.786 loading class io/netty/channel/SingleThreadEventLoop
Event: 8.786 loading class io/netty/channel/SingleThreadEventLoop done
Event: 8.792 loading class io/netty/channel/EventLoop
Event: 8.792 loading class io/netty/channel/EventLoop done
Event: 8.792 loading class io/netty/util/concurrent/OrderedEventExecutor
Event: 8.792 loading class io/netty/util/concurrent/OrderedEventExecutor done
Event: 8.793 loading class io/netty/util/concurrent/SingleThreadEventExecutor
Event: 8.793 loading class io/netty/util/concurrent/SingleThreadEventExecutor done
Event: 8.794 Executing VM operation: CollectForMetadataAllocation


Dynamic libraries:
00400000-00401000 r-xp 00000000 08:01 2102161                            /home/ubuntu/jdk1.8.0_211/bin/java
00600000-00601000 r--p 00000000 08:01 2102161                            /home/ubuntu/jdk1.8.0_211/bin/java
00601000-00602000 rw-p 00001000 08:01 2102161                            /home/ubuntu/jdk1.8.0_211/bin/java
01d34000-01d55000 rw-p 00000000 00:00 0                                  [heap]
83e00000-87200000 rw-p 00000000 00:00 0 
87200000-d6a00000 ---p 00000000 00:00 0 
d6a00000-f4000000 rw-p 00000000 00:00 0 
100000000-1004c0000 rw-p 00000000 00:00 0 
1004c0000-140000000 ---p 00000000 00:00 0 
7f37dc000000-7f37dc021000 rw-p 00000000 00:00 0 
7f37dc021000-7f37e0000000 ---p 00000000 00:00 0 
7f37e3eff000-7f37e3f02000 ---p 00000000 00:00 0 
7f37e3f02000-7f37e4000000 rw-p 00000000 00:00 0 
7f37e4000000-7f37e404e000 rw-p 00000000 00:00 0 
7f37e404e000-7f37e8000000 ---p 00000000 00:00 0 
7f37e8000000-7f37e8021000 rw-p 00000000 00:00 0 
7f37e8021000-7f37ec000000 ---p 00000000 00:00 0 
7f37ec000000-7f37ec021000 rw-p 00000000 00:00 0 
7f37ec021000-7f37f0000000 ---p 00000000 00:00 0 
7f37f0000000-7f37f0356000 rw-p 00000000 00:00 0 
7f37f0356000-7f37f4000000 ---p 00000000 00:00 0 
7f37f4000000-7f37f4021000 rw-p 00000000 00:00 0 
7f37f4021000-7f37f8000000 ---p 00000000 00:00 0 
7f37f8000000-7f37f843d000 rw-p 00000000 00:00 0 
7f37f843d000-7f37fc000000 ---p 00000000 00:00 0 
7f37fc000000-7f37fc021000 rw-p 00000000 00:00 0 
7f37fc021000-7f3800000000 ---p 00000000 00:00 0 
7f3800000000-7f3800022000 rw-p 00000000 00:00 0 
7f3800022000-7f3804000000 ---p 00000000 00:00 0 
7f3804000000-7f3804021000 rw-p 00000000 00:00 0 
7f3804021000-7f3808000000 ---p 00000000 00:00 0 
7f3808000000-7f3808021000 rw-p 00000000 00:00 0 
7f3808021000-7f380c000000 ---p 00000000 00:00 0 
7f380c000000-7f380c62e000 rw-p 00000000 00:00 0 
7f380c62e000-7f3810000000 ---p 00000000 00:00 0 
7f3810000000-7f3810021000 rw-p 00000000 00:00 0 
7f3810021000-7f3814000000 ---p 00000000 00:00 0 
7f3814000000-7f381405e000 rw-p 00000000 00:00 0 
7f381405e000-7f3818000000 ---p 00000000 00:00 0 
7f3818000000-7f3818021000 rw-p 00000000 00:00 0 
7f3818021000-7f381c000000 ---p 00000000 00:00 0 
7f381c000000-7f381c021000 rw-p 00000000 00:00 0 
7f381c021000-7f3820000000 ---p 00000000 00:00 0 
7f3820000000-7f3820021000 rw-p 00000000 00:00 0 
7f3820021000-7f3824000000 ---p 00000000 00:00 0 
7f3824000000-7f3824021000 rw-p 00000000 00:00 0 
7f3824021000-7f3828000000 ---p 00000000 00:00 0 
7f3828000000-7f3828021000 rw-p 00000000 00:00 0 
7f3828021000-7f382c000000 ---p 00000000 00:00 0 
7f382c000000-7f382c021000 rw-p 00000000 00:00 0 
7f382c021000-7f3830000000 ---p 00000000 00:00 0 
7f3830000000-7f383029b000 rw-p 00000000 00:00 0 
7f383029b000-7f3834000000 ---p 00000000 00:00 0 
7f3834000000-7f3834021000 rw-p 00000000 00:00 0 
7f3834021000-7f3838000000 ---p 00000000 00:00 0 
7f38380fe000-7f38382e8000 rw-p 00000000 00:00 0 
7f38382e8000-7f38382fe000 ---p 00000000 00:00 0 
7f38382fe000-7f3838301000 ---p 00000000 00:00 0 
7f3838301000-7f38385ff000 rw-p 00000000 00:00 0 
7f38385ff000-7f38387ff000 rw-p 00000000 00:00 0 
7f38387ff000-7f38389ff000 rw-p 00000000 00:00 0 
7f38389ff000-7f3838bff000 rw-p 00000000 00:00 0 
7f3838bff000-7f3838dff000 rw-p 00000000 00:00 0 
7f3838dff000-7f3838fff000 rw-p 00000000 00:00 0 
7f3838fff000-7f383c000000 rw-p 00000000 00:00 0 
7f383c000000-7f383c021000 rw-p 00000000 00:00 0 
7f383c021000-7f3840000000 ---p 00000000 00:00 0 
7f3840042000-7f3840047000 r--s 002f9000 08:01 1579414                    /home/ubuntu/jdk1.8.0_211/jre/lib/charsets.jar
7f3840047000-7f384004a000 ---p 00000000 00:00 0 
7f384004a000-7f3840348000 rw-p 00000000 00:00 0 
7f3840348000-7f38403dd000 r--s 01112000 08:01 1579320                    /home/ubuntu/jdk1.8.0_211/jre/lib/ext/jfxrt.jar
7f38403dd000-7f38405dd000 rw-p 00000000 00:00 0 
7f38405dd000-7f38407dd000 rw-p 00000000 00:00 0 
7f38407dd000-7f38407e0000 ---p 00000000 00:00 0 
7f38407e0000-7f38408de000 rw-p 00000000 00:00 0 
7f38408de000-7f38408e1000 ---p 00000000 00:00 0 
7f38408e1000-7f38409df000 rw-p 00000000 00:00 0 
7f38409df000-7f38409e2000 ---p 00000000 00:00 0 
7f38409e2000-7f3840ae0000 rw-p 00000000 00:00 0 
7f3840ae0000-7f3840ae3000 ---p 00000000 00:00 0 
7f3840ae3000-7f3840be1000 rw-p 00000000 00:00 0 
7f3840be1000-7f3840bfd000 r--s 00393000 08:01 1579318                    /home/ubuntu/jdk1.8.0_211/jre/lib/ext/cldrdata.jar
7f3840bfd000-7f3840c07000 r--s 00116000 08:01 1579323                    /home/ubuntu/jdk1.8.0_211/jre/lib/ext/localedata.jar
7f3840c07000-7f3840e07000 rw-p 00000000 00:00 0 
7f3840e07000-7f3840e0a000 ---p 00000000 00:00 0 
7f3840e0a000-7f3840f08000 rw-p 00000000 00:00 0 
7f3840f08000-7f3840f0b000 ---p 00000000 00:00 0 
7f3840f0b000-7f3841009000 rw-p 00000000 00:00 0 
7f3841009000-7f384100a000 ---p 00000000 00:00 0 
7f384100a000-7f384110a000 rw-p 00000000 00:00 0 
7f384110a000-7f384110d000 ---p 00000000 00:00 0 
7f384110d000-7f384120b000 rw-p 00000000 00:00 0 
7f384120b000-7f3841210000 r--s 000a3000 08:01 1579415                    /home/ubuntu/jdk1.8.0_211/jre/lib/jsse.jar
7f3841210000-7f3841221000 r-xp 00000000 08:01 2102076                    /home/ubuntu/jdk1.8.0_211/jre/lib/amd64/libnio.so
7f3841221000-7f3841420000 ---p 00011000 08:01 2102076                    /home/ubuntu/jdk1.8.0_211/jre/lib/amd64/libnio.so
7f3841420000-7f3841421000 r--p 00010000 08:01 2102076                    /home/ubuntu/jdk1.8.0_211/jre/lib/amd64/libnio.so
7f3841421000-7f3841422000 rw-p 00011000 08:01 2102076                    /home/ubuntu/jdk1.8.0_211/jre/lib/amd64/libnio.so
7f3841422000-7f384142b000 r-xp 00000000 08:01 2102043                    /home/ubuntu/jdk1.8.0_211/jre/lib/amd64/libmanagement.so
7f384142b000-7f384162a000 ---p 00009000 08:01 2102043                    /home/ubuntu/jdk1.8.0_211/jre/lib/amd64/libmanagement.so
7f384162a000-7f384162b000 r--p 00008000 08:01 2102043                    /home/ubuntu/jdk1.8.0_211/jre/lib/amd64/libmanagement.so
7f384162b000-7f384162c000 rw-p 00009000 08:01 2102043                    /home/ubuntu/jdk1.8.0_211/jre/lib/amd64/libmanagement.so
7f384162c000-7f384162f000 ---p 00000000 00:00 0 
7f384162f000-7f384172d000 rw-p 00000000 00:00 0 
7f384172d000-7f384172e000 ---p 00000000 00:00 0 
7f384172e000-7f3841731000 ---p 00000000 00:00 0 
7f3841731000-7f384182e000 rw-p 00000000 00:00 0 
7f384182e000-7f384182f000 ---p 00000000 00:00 0 
7f384182f000-7f3841832000 ---p 00000000 00:00 0 
7f3841832000-7f384192f000 rw-p 00000000 00:00 0 
7f384192f000-7f3841945000 r-xp 00000000 08:01 2102084                    /home/ubuntu/jdk1.8.0_211/jre/lib/amd64/libnet.so
7f3841945000-7f3841b44000 ---p 00016000 08:01 2102084                    /home/ubuntu/jdk1.8.0_211/jre/lib/amd64/libnet.so
7f3841b44000-7f3841b45000 r--p 00015000 08:01 2102084                    /home/ubuntu/jdk1.8.0_211/jre/lib/amd64/libnet.so
7f3841b45000-7f3841b46000 rw-p 00016000 08:01 2102084                    /home/ubuntu/jdk1.8.0_211/jre/lib/amd64/libnet.so
7f3841b46000-7f3841b47000 ---p 00000000 00:00 0 
7f3841b47000-7f3841b4a000 ---p 00000000 00:00 0 
7f3841b4a000-7f3841c47000 rw-p 00000000 00:00 0 
7f3841c47000-7f3841c4a000 ---p 00000000 00:00 0 
7f3841c4a000-7f3841d48000 rw-p 00000000 00:00 0 
7f3841d48000-7f3841d4a000 r--s 0001b000 08:01 1576986                    /home/ubuntu/idea-IU-191.6707.61/lib/idea_rt.jar
7f3841d4a000-7f3841d4c000 r--s 00009000 08:01 1973131                    /home/ubuntu/.m2/repository/org/slf4j/slf4j-api/1.7.25/slf4j-api-1.7.25.jar
7f3841d4c000-7f3841d4d000 r--s 00000000 08:01 2628707                    /home/ubuntu/.m2/repository/org/codehaus/mojo/animal-sniffer-annotations/1.17/animal-sniffer-annotations-1.17.jar
7f3841d4d000-7f3841d4f000 r--s 00001000 08:01 2628703                    /home/ubuntu/.m2/repository/com/google/j2objc/j2objc-annotations/1.1/j2objc-annotations-1.1.jar
7f3841d4f000-7f3841d51000 r--s 00002000 08:01 2628701                    /home/ubuntu/.m2/repository/com/google/errorprone/error_prone_annotations/2.2.0/error_prone_annotations-2.2.0.jar
7f3841d51000-7f3841d5b000 r--s 00026000 08:01 2628699                    /home/ubuntu/.m2/repository/org/checkerframework/checker-qual/2.5.2/checker-qual-2.5.2.jar
7f3841d5b000-7f3841d5d000 r--s 00003000 08:01 2628695                    /home/ubuntu/.m2/repository/com/google/code/findbugs/jsr305/3.0.2/jsr305-3.0.2.jar
7f3841d5d000-7f3841d5e000 r--s 00000000 08:01 2628697                    /home/ubuntu/.m2/repository/com/google/guava/listenablefuture/9999.0-empty-to-avoid-conflict-with-guava/listenablefuture-9999.0-empty-to-avoid-conflict-with-guava.jar
7f3841d5e000-7f3841d60000 r--s 00000000 08:01 2628693                    /home/ubuntu/.m2/repository/com/google/guava/failureaccess/1.0.1/failureaccess-1.0.1.jar
7f3841d60000-7f3841d92000 r--s 0026d000 08:01 2628691                    /home/ubuntu/.m2/repository/com/google/guava/guava/27.0.1-jre/guava-27.0.1-jre.jar
7f3841d92000-7f3841dd3000 r--s 00298000 08:01 3282073                    /home/ubuntu/.m2/repository/org/apache/curator/curator-client/4.2.0/curator-client-4.2.0.jar
7f3841dd3000-7f3841ddc000 r--s 00047000 08:01 3282065                    /home/ubuntu/.m2/repository/org/apache/curator/curator-framework/4.2.0/curator-framework-4.2.0.jar
7f3841ddc000-7f3841dec000 r--s 000b2000 08:01 2506673                    /home/ubuntu/.m2/repository/org/jboss/netty/netty/3.2.5.Final/netty-3.2.5.Final.jar
7f3841dec000-7f3841df6000 r--s 000ae000 08:01 2500107                    /home/ubuntu/.m2/repository/org/javassist/javassist/3.20.0-GA/javassist-3.20.0-GA.jar
7f3841df6000-7f3841e19000 r--s 00188000 08:01 3282529                    /home/ubuntu/.m2/repository/com/alibaba/dubbo/2.6.6/dubbo-2.6.6.jar
7f3841e19000-7f3841e29000 r--s 0014c000 08:01 2628440                    /home/ubuntu/.m2/repository/com/google/protobuf/protobuf-java/3.6.1/protobuf-java-3.6.1.jar
7f3841e29000-7f3841e41000 r--s 001f2000 08:01 3408531                    /home/ubuntu/.m2/repository/mysql/mysql-connector-java/8.0.14/mysql-connector-java-8.0.14.jar
7f3841e41000-7f3841e48000 r--s 00047000 08:01 3024927                    /home/ubuntu/.m2/repository/io/netty/netty-codec/4.1.29.Final/netty-codec-4.1.29.Final.jar
7f3841e48000-7f3841e50000 r--s 00059000 08:01 3408739                    /home/ubuntu/.m2/repository/io/netty/netty-handler/4.1.29.Final/netty-handler-4.1.29.Final.jar
7f3841e50000-7f3841e51000 r--s 00007000 08:01 3408307                    /home/ubuntu/.m2/repository/io/netty/netty-resolver/4.1.29.Final/netty-resolver-4.1.29.Final.jar
7f3841e51000-7f3841e55000 r--s 0003f000 08:01 3283484                    /home/ubuntu/.m2/repository/io/netty/netty-buffer/4.1.29.Final/netty-buffer-4.1.29.Final.jar
7f3841e55000-7f3841e5e000 r--s 00068000 08:01 3157066                    /home/ubuntu/.m2/repository/io/netty/netty-transport/4.1.29.Final/netty-transport-4.1.29.Final.jar
7f3841e5e000-7f3841e6b000 r--s 00081000 08:01 3408330                    /home/ubuntu/.m2/repository/io/netty/netty-common/4.1.29.Final/netty-common-4.1.29.Final.jar
7f3841e6b000-7f3841e6c000 r--s 00000000 08:01 2374105                    /home/ubuntu/.m2/repository/org/reactivestreams/reactive-streams/1.0.2/reactive-streams-1.0.2.jar
7f3841e6c000-7f3841e80000 r--s 00136000 08:01 3408737                    /home/ubuntu/.m2/repository/io/projectreactor/reactor-core/3.1.9.RELEASE/reactor-core-3.1.9.RELEASE.jar
7f3841e80000-7f3841e97000 r--s 0010c000 08:01 3408735                    /home/ubuntu/.m2/repository/io/lettuce/lettuce-core/5.0.5.RELEASE/lettuce-core-5.0.5.RELEASE.jar
7f3841e97000-7f3841e9c000 r--s 00028000 08:01 799756                     /home/ubuntu/.m2/repository/org/springframework/spring-context-support/5.1.8.RELEASE/spring-context-support-5.1.8.RELEASE.jar
7f3841e9c000-7f3841e9e000 r--s 00010000 08:01 3807538                    /home/ubuntu/.m2/repository/org/springframework/spring-oxm/5.1.8.RELEASE/spring-oxm-5.1.8.RELEASE.jar
7f3841e9e000-7f3841eb5000 r--s 000f2000 08:01 3408730                    /home/ubuntu/.m2/repository/org/springframework/data/spring-data-commons/2.0.10.RELEASE/spring-data-commons-2.0.10.RELEASE.jar
7f3841eb5000-7f3841eb9000 r--s 00016000 08:01 3408727                    /home/ubuntu/.m2/repository/org/springframework/data/spring-data-keyvalue/2.0.10.RELEASE/spring-data-keyvalue-2.0.10.RELEASE.jar
7f3841eb9000-7f3841ed2000 r--s 0012a000 08:01 3408725                    /home/ubuntu/.m2/repository/org/springframework/data/spring-data-redis/2.0.10.RELEASE/spring-data-redis-2.0.10.RELEASE.jar
7f3841ed2000-7f3841ed3000 r--s 00000000 08:01 3408723                    /home/ubuntu/.m2/repository/org/springframework/boot/spring-boot-starter-data-redis/2.0.5.RELEASE/spring-boot-starter-data-redis-2.0.5.RELEASE.jar
7f3841ed3000-7f3841ed5000 r--s 0000e000 08:01 1842301                    /home/ubuntu/.m2/repository/com/fasterxml/classmate/1.3.4/classmate-1.3.4.jar
7f3841ed5000-7f3841ed7000 r--s 0000f000 08:01 2506681                    /home/ubuntu/.m2/repository/org/jboss/logging/jboss-logging/3.3.2.Final/jboss-logging-3.3.2.Final.jar
7f3841ed7000-7f3841edc000 r--s 00012000 08:01 1729384                    /home/ubuntu/.m2/repository/javax/validation/validation-api/2.0.1.Final/validation-api-2.0.1.Final.jar
7f3841edc000-7f3841ef9000 r--s 000fe000 08:01 3803537                    /home/ubuntu/.m2/repository/org/hibernate/validator/hibernate-validator/6.0.12.Final/hibernate-validator-6.0.12.Final.jar
7f3841ef9000-7f3841efe000 r--s 0003a000 08:01 3803536                    /home/ubuntu/.m2/repository/org/apache/tomcat/embed/tomcat-embed-websocket/8.5.34/tomcat-embed-websocket-8.5.34.jar
7f3841efe000-7f3841f03000 r--s 00038000 08:01 3803528                    /home/ubuntu/.m2/repository/org/apache/tomcat/embed/tomcat-embed-el/8.5.34/tomcat-embed-el-8.5.34.jar
7f3841f03000-7f3841f04000 r--s 00000000 08:01 3803529                    /home/ubuntu/.m2/repository/org/springframework/boot/spring-boot-starter-tomcat/2.0.5.RELEASE/spring-boot-starter-tomcat-2.0.5.RELEASE.jar
7f3841f04000-7f3841f06000 r--s 00001000 08:01 1842531                    /home/ubuntu/.m2/repository/com/fasterxml/jackson/module/jackson-module-parameter-names/2.9.6/jackson-module-parameter-names-2.9.6.jar
7f3841f06000-7f3841f09000 r--s 00016000 08:01 1842654                    /home/ubuntu/.m2/repository/com/fasterxml/jackson/datatype/jackson-datatype-jsr310/2.9.6/jackson-datatype-jsr310-2.9.6.jar
7f3841f09000-7f3841f0b000 r--s 00007000 08:01 1842631                    /home/ubuntu/.m2/repository/com/fasterxml/jackson/datatype/jackson-datatype-jdk8/2.9.6/jackson-datatype-jdk8-2.9.6.jar
7f3841f0b000-7f3841f10000 r--s 0004b000 08:01 1842428                    /home/ubuntu/.m2/repository/com/fasterxml/jackson/core/jackson-core/2.9.6/jackson-core-2.9.6.jar
7f3841f10000-7f3841f13000 r--s 0000e000 08:01 1842408                    /home/ubuntu/.m2/repository/com/fasterxml/jackson/core/jackson-annotations/2.9.0/jackson-annotations-2.9.0.jar
7f3841f13000-7f3841f26000 r--s 00137000 08:01 1842465                    /home/ubuntu/.m2/repository/com/fasterxml/jackson/core/jackson-databind/2.9.6/jackson-databind-2.9.6.jar
7f3841f26000-7f3841f27000 r--s 00000000 08:01 3803525                    /home/ubuntu/.m2/repository/org/springframework/boot/spring-boot-starter-json/2.0.5.RELEASE/spring-boot-starter-json-2.0.5.RELEASE.jar
7f3841f27000-7f3841f28000 r--s 00000000 08:01 3803523                    /home/ubuntu/.m2/repository/org/springframework/boot/spring-boot-starter-web/2.0.5.RELEASE/spring-boot-starter-web-2.0.5.RELEASE.jar
7f3841f28000-7f3841f2b000 r--s 0000b000 08:01 2628721                    /home/ubuntu/.m2/repository/org/objenesis/objenesis/2.5.1/objenesis-2.5.1.jar
7f3841f2b000-7f3841f2c000 r--s 00001000 08:01 2757164                    /home/ubuntu/.m2/repository/com/esotericsoftware/minlog/1.3.0/minlog-1.3.0.jar
7f3841f2c000-7f3841f34000 r--s 0005d000 08:01 3803937                    /home/ubuntu/.m2/repository/com/esotericsoftware/kryo-shaded/4.0.1/kryo-shaded-4.0.1.jar
7f3841f34000-7f3841f35000 r--s 00005000 08:01 3806547                    /home/ubuntu/.m2/repository/org/springframework/spring-jcl/5.1.8.RELEASE/spring-jcl-5.1.8.RELEASE.jar
7f3841f35000-7f3841f4e000 r--s 00123000 08:01 799720                     /home/ubuntu/.m2/repository/org/springframework/spring-core/5.1.8.RELEASE/spring-core-5.1.8.RELEASE.jar
7f3841f4e000-7f3841f56000 r--s 00037000 08:01 3806551                    /home/ubuntu/.m2/repository/org/springframework/spring-tx/5.1.8.RELEASE/spring-tx-5.1.8.RELEASE.jar
7f3841f56000-7f3841f58000 r--s 0000f000 08:01 3024948                    /home/ubuntu/.m2/repository/org/mybatis/mybatis-spring/2.0.2/mybatis-spring-2.0.2.jar
7f3841f58000-7f3841f73000 r--s 00185000 08:01 2629094                    /home/ubuntu/.m2/repository/org/mybatis/mybatis/3.5.2/mybatis-3.5.2.jar
7f3841f73000-7f3841f75000 r--s 00005000 08:01 2629092                    /home/ubuntu/.m2/repository/org/mybatis/spring/boot/mybatis-spring-boot-autoconfigure/2.1.0/mybatis-spring-boot-autoconfigure-2.1.0.jar
7f3841f75000-7f3841f7e000 r--s 0005a000 08:01 3806538                    /home/ubuntu/.m2/repository/org/springframework/spring-jdbc/5.1.8.RELEASE/spring-jdbc-5.1.8.RELEASE.jar
7f3841f7e000-7f3841f82000 r--s 00020000 08:01 1842126                    /home/ubuntu/.m2/repository/com/zaxxer/HikariCP/2.7.9/HikariCP-2.7.9.jar
7f3841f82000-7f3841f83000 r--s 00000000 08:01 3803457                    /home/ubuntu/.m2/repository/org/springframework/boot/spring-boot-starter-jdbc/2.0.5.RELEASE/spring-boot-starter-jdbc-2.0.5.RELEASE.jar
7f3841f83000-7f3841f84000 r--s 00000000 08:01 3157078                    /home/ubuntu/.m2/repository/org/mybatis/spring/boot/mybatis-spring-boot-starter/2.1.0/mybatis-spring-boot-starter-2.1.0.jar
7f3841f84000-7f3841fae000 r--s 002d5000 08:01 3803531                    /home/ubuntu/.m2/repository/org/apache/tomcat/embed/tomcat-embed-core/8.5.34/tomcat-embed-core-8.5.34.jar
7f3841fae000-7f3841fb5000 r--s 00064000 08:01 2373921                    /home/ubuntu/.m2/repository/org/apache/commons/commons-lang3/3.4/commons-lang3-3.4.jar
7f3841fb5000-7f3841fd1000 r--s 00137000 08:01 799754                     /home/ubuntu/.m2/repository/org/springframework/spring-web/5.1.8.RELEASE/spring-web-5.1.8.RELEASE.jar
7f3841fd1000-7f3841fd6000 r--s 00040000 08:01 3803931                    /home/ubuntu/.m2/repository/org/springframework/spring-expression/5.1.8.RELEASE/spring-expression-5.1.8.RELEASE.jar
7f3841fd6000-7f3841ff0000 r--s 000f4000 08:01 3806542                    /home/ubuntu/.m2/repository/org/springframework/spring-context/5.1.8.RELEASE/spring-context-5.1.8.RELEASE.jar
7f3841ff0000-7f3841ffc000 r--s 00099000 08:01 799722                     /home/ubuntu/.m2/repository/org/springframework/spring-beans/5.1.8.RELEASE/spring-beans-5.1.8.RELEASE.jar
7f3841ffc000-7f384200b000 r--s 000b5000 08:01 3408801                    /home/ubuntu/.m2/repository/org/springframework/spring-webmvc/5.1.3.RELEASE/spring-webmvc-5.1.3.RELEASE.jar
7f384200b000-7f3842023000 r--s 00110000 08:01 1972621                    /home/ubuntu/.m2/repository/io/netty/netty/3.7.0.Final/netty-3.7.0.Final.jar
7f3842023000-7f3842026000 ---p 00000000 00:00 0 
7f3842026000-7f3842124000 rw-p 00000000 00:00 0 
7f3842124000-7f3842af3000 r--p 00000000 08:01 2497223                    /usr/lib/locale/locale-archive
7f3842af3000-7f3842af6000 ---p 00000000 00:00 0 
7f3842af6000-7f3842bf4000 rw-p 00000000 00:00 0 
7f3842bf4000-7f3842bf7000 ---p 00000000 00:00 0 
7f3842bf7000-7f3842cf5000 rw-p 00000000 00:00 0 
7f3842cf5000-7f3842cf6000 ---p 00000000 00:00 0 
7f3842cf6000-7f3844000000 rw-p 00000000 00:00 0 
7f3844000000-7f3844028000 rw-p 00000000 00:00 0 
7f3844028000-7f3848000000 ---p 00000000 00:00 0 
7f3848000000-7f3848002000 r--s 00002000 08:01 3806569                    /home/ubuntu/.m2/repository/org/apache/tomcat/tomcat-annotations-api/8.5.34/tomcat-annotations-api-8.5.34.jar
7f3848002000-7f384800c000 r--s 00051000 08:01 3803851                    /home/ubuntu/.m2/repository/org/springframework/spring-aop/5.1.8.RELEASE/spring-aop-5.1.8.RELEASE.jar
7f384800c000-7f384800e000 r--s 00009000 08:01 2374071                    /home/ubuntu/.m2/repository/org/hamcrest/hamcrest-core/1.3/hamcrest-core-1.3.jar
7f384800e000-7f3848016000 r--s 00045000 08:01 1729200                    /home/ubuntu/.m2/repository/junit/junit/4.12/junit-4.12.jar
7f3848016000-7f3848018000 r--s 00014000 08:01 1729106                    /home/ubuntu/.m2/repository/jline/jline/0.9.94/jline-0.9.94.jar
7f3848018000-7f3848024000 r--s 000b6000 08:01 2373725                    /home/ubuntu/.m2/repository/org/apache/zookeeper/zookeeper/3.4.6/zookeeper-3.4.6.jar
7f3848024000-7f3848027000 r--s 00010000 08:01 1842137                    /home/ubuntu/.m2/repository/com/101tec/zkclient/0.7/zkclient-0.7.jar
7f3848027000-7f384802e000 r--s 00042000 08:01 1973029                    /home/ubuntu/.m2/repository/org/yaml/snakeyaml/1.19/snakeyaml-1.19.jar
7f384802e000-7f3848030000 r--s 00005000 08:01 1729443                    /home/ubuntu/.m2/repository/javax/annotation/javax.annotation-api/1.3.2/javax.annotation-api-1.3.2.jar
7f3848030000-7f3848032000 r--s 00000000 08:01 1973085                    /home/ubuntu/.m2/repository/org/slf4j/jul-to-slf4j/1.7.25/jul-to-slf4j-1.7.25.jar
7f3848032000-7f3848038000 r--s 00039000 08:01 2373690                    /home/ubuntu/.m2/repository/org/apache/logging/log4j/log4j-api/2.10.0/log4j-api-2.10.0.jar
7f3848038000-7f384803a000 r--s 00003000 08:01 2373679                    /home/ubuntu/.m2/repository/org/apache/logging/log4j/log4j-to-slf4j/2.10.0/log4j-to-slf4j-2.10.0.jar
7f384803a000-7f3848045000 r--s 00069000 08:01 1729358                    /home/ubuntu/.m2/repository/ch/qos/logback/logback-core/1.2.3/logback-core-1.2.3.jar
7f3848045000-7f384804b000 r--s 00041000 08:01 1729340                    /home/ubuntu/.m2/repository/ch/qos/logback/logback-classic/1.2.3/logback-classic-1.2.3.jar
7f384804b000-7f384804c000 r--s 00000000 08:01 3803451                    /home/ubuntu/.m2/repository/org/springframework/boot/spring-boot-starter-logging/2.0.5.RELEASE/spring-boot-starter-logging-2.0.5.RELEASE.jar
7f384804c000-7f384806d000 r--s 000fe000 08:01 3803467                    /home/ubuntu/.m2/repository/org/springframework/boot/spring-boot-autoconfigure/2.0.5.RELEASE/spring-boot-autoconfigure-2.0.5.RELEASE.jar
7f384806d000-7f3848082000 r--s 000d0000 08:01 3803449                    /home/ubuntu/.m2/repository/org/springframework/boot/spring-boot/2.0.5.RELEASE/spring-boot-2.0.5.RELEASE.jar
7f3848082000-7f3848083000 r--s 00000000 08:01 3803459                    /home/ubuntu/.m2/repository/org/springframework/boot/spring-boot-starter/2.0.5.RELEASE/spring-boot-starter-2.0.5.RELEASE.jar
7f3848083000-7f3848096000 r--s 00345000 08:01 1579388                    /home/ubuntu/jdk1.8.0_211/jre/lib/resources.jar
7f3848096000-7f384859b000 rw-p 00000000 00:00 0 
7f384859b000-7f3848775000 r--s 03d6d000 08:01 1579313                    /home/ubuntu/jdk1.8.0_211/jre/lib/rt.jar
7f3848775000-7f384c966000 rw-p 00000000 00:00 0 
7f384c966000-7f384c967000 ---p 00000000 00:00 0 
7f384c967000-7f384ca67000 rw-p 00000000 00:00 0 
7f384ca67000-7f384ca68000 ---p 00000000 00:00 0 
7f384ca68000-7f384cb68000 rw-p 00000000 00:00 0 
7f384cb68000-7f384cb69000 ---p 00000000 00:00 0 
7f384cb69000-7f384cc69000 rw-p 00000000 00:00 0 
7f384cc69000-7f384cc6a000 ---p 00000000 00:00 0 
7f384cc6a000-7f384cd84000 rw-p 00000000 00:00 0 
7f384cd84000-7f384d000000 ---p 00000000 00:00 0 
7f384d000000-7f384d760000 rwxp 00000000 00:00 0 
7f384d760000-7f385c000000 ---p 00000000 00:00 0 
7f385c000000-7f385cf14000 rw-p 00000000 00:00 0 
7f385cf14000-7f3860000000 ---p 00000000 00:00 0 
7f3860000000-7f3860013000 r--s 000d6000 08:01 1579311                    /home/ubuntu/jdk1.8.0_211/jre/lib/plugin.jar
7f3860013000-7f386002e000 r--s 0020c000 08:01 1579392                    /home/ubuntu/jdk1.8.0_211/jre/lib/deploy.jar
7f386002e000-7f38600be000 rw-p 00000000 00:00 0 
7f38600be000-7f386033a000 ---p 00000000 00:00 0 
7f386033a000-7f3860425000 rw-p 00000000 00:00 0 
7f3860425000-7f3860485000 ---p 00000000 00:00 0 
7f3860485000-7f38604a4000 rw-p 00000000 00:00 0 
7f38604a4000-7f3860846000 ---p 00000000 00:00 0 
7f3860846000-7f3860861000 r-xp 00000000 08:01 2102041                    /home/ubuntu/jdk1.8.0_211/jre/lib/amd64/libzip.so
7f3860861000-7f3860a60000 ---p 0001b000 08:01 2102041                    /home/ubuntu/jdk1.8.0_211/jre/lib/amd64/libzip.so
7f3860a60000-7f3860a61000 r--p 0001a000 08:01 2102041                    /home/ubuntu/jdk1.8.0_211/jre/lib/amd64/libzip.so
7f3860a61000-7f3860a62000 rw-p 0001b000 08:01 2102041                    /home/ubuntu/jdk1.8.0_211/jre/lib/amd64/libzip.so
7f3860a62000-7f3860a6d000 r-xp 00000000 08:01 1709629                    /lib/x86_64-linux-gnu/libnss_files-2.27.so
7f3860a6d000-7f3860c6c000 ---p 0000b000 08:01 1709629                    /lib/x86_64-linux-gnu/libnss_files-2.27.so
7f3860c6c000-7f3860c6d000 r--p 0000a000 08:01 1709629                    /lib/x86_64-linux-gnu/libnss_files-2.27.so
7f3860c6d000-7f3860c6e000 rw-p 0000b000 08:01 1709629                    /lib/x86_64-linux-gnu/libnss_files-2.27.so
7f3860c6e000-7f3860c74000 rw-p 00000000 00:00 0 
7f3860c74000-7f3860c8b000 r-xp 00000000 08:01 1709623                    /lib/x86_64-linux-gnu/libnsl-2.27.so
7f3860c8b000-7f3860e8a000 ---p 00017000 08:01 1709623                    /lib/x86_64-linux-gnu/libnsl-2.27.so
7f3860e8a000-7f3860e8b000 r--p 00016000 08:01 1709623                    /lib/x86_64-linux-gnu/libnsl-2.27.so
7f3860e8b000-7f3860e8c000 rw-p 00017000 08:01 1709623                    /lib/x86_64-linux-gnu/libnsl-2.27.so
7f3860e8c000-7f3860e8e000 rw-p 00000000 00:00 0 
7f3860e8e000-7f3860e99000 r-xp 00000000 08:01 1709640                    /lib/x86_64-linux-gnu/libnss_nis-2.27.so
7f3860e99000-7f3861098000 ---p 0000b000 08:01 1709640                    /lib/x86_64-linux-gnu/libnss_nis-2.27.so
7f3861098000-7f3861099000 r--p 0000a000 08:01 1709640                    /lib/x86_64-linux-gnu/libnss_nis-2.27.so
7f3861099000-7f386109a000 rw-p 0000b000 08:01 1709640                    /lib/x86_64-linux-gnu/libnss_nis-2.27.so
7f386109a000-7f38610a2000 r-xp 00000000 08:01 1709625                    /lib/x86_64-linux-gnu/libnss_compat-2.27.so
7f38610a2000-7f38612a2000 ---p 00008000 08:01 1709625                    /lib/x86_64-linux-gnu/libnss_compat-2.27.so
7f38612a2000-7f38612a3000 r--p 00008000 08:01 1709625                    /lib/x86_64-linux-gnu/libnss_compat-2.27.so
7f38612a3000-7f38612a4000 rw-p 00009000 08:01 1709625                    /lib/x86_64-linux-gnu/libnss_compat-2.27.so
7f38612a4000-7f38612ae000 r-xp 00000000 08:01 2102023                    /home/ubuntu/jdk1.8.0_211/jre/lib/amd64/libinstrument.so
7f38612ae000-7f38614ad000 ---p 0000a000 08:01 2102023                    /home/ubuntu/jdk1.8.0_211/jre/lib/amd64/libinstrument.so
7f38614ad000-7f38614ae000 r--p 00009000 08:01 2102023                    /home/ubuntu/jdk1.8.0_211/jre/lib/amd64/libinstrument.so
7f38614ae000-7f38614af000 rw-p 0000a000 08:01 2102023                    /home/ubuntu/jdk1.8.0_211/jre/lib/amd64/libinstrument.so
7f38614af000-7f38614db000 r-xp 00000000 08:01 2102052                    /home/ubuntu/jdk1.8.0_211/jre/lib/amd64/libjava.so
7f38614db000-7f38616db000 ---p 0002c000 08:01 2102052                    /home/ubuntu/jdk1.8.0_211/jre/lib/amd64/libjava.so
7f38616db000-7f38616dc000 r--p 0002c000 08:01 2102052                    /home/ubuntu/jdk1.8.0_211/jre/lib/amd64/libjava.so
7f38616dc000-7f38616de000 rw-p 0002d000 08:01 2102052                    /home/ubuntu/jdk1.8.0_211/jre/lib/amd64/libjava.so
7f38616de000-7f38616eb000 r-xp 00000000 08:01 2102079                    /home/ubuntu/jdk1.8.0_211/jre/lib/amd64/libverify.so
7f38616eb000-7f38618ea000 ---p 0000d000 08:01 2102079                    /home/ubuntu/jdk1.8.0_211/jre/lib/amd64/libverify.so
7f38618ea000-7f38618ec000 r--p 0000c000 08:01 2102079                    /home/ubuntu/jdk1.8.0_211/jre/lib/amd64/libverify.so
7f38618ec000-7f38618ed000 rw-p 0000e000 08:01 2102079                    /home/ubuntu/jdk1.8.0_211/jre/lib/amd64/libverify.so
7f38618ed000-7f38618f4000 r-xp 00000000 08:01 1709680                    /lib/x86_64-linux-gnu/librt-2.27.so
7f38618f4000-7f3861af3000 ---p 00007000 08:01 1709680                    /lib/x86_64-linux-gnu/librt-2.27.so
7f3861af3000-7f3861af4000 r--p 00006000 08:01 1709680                    /lib/x86_64-linux-gnu/librt-2.27.so
7f3861af4000-7f3861af5000 rw-p 00007000 08:01 1709680                    /lib/x86_64-linux-gnu/librt-2.27.so
7f3861af5000-7f3861c92000 r-xp 00000000 08:01 1709602                    /lib/x86_64-linux-gnu/libm-2.27.so
7f3861c92000-7f3861e91000 ---p 0019d000 08:01 1709602                    /lib/x86_64-linux-gnu/libm-2.27.so
7f3861e91000-7f3861e92000 r--p 0019c000 08:01 1709602                    /lib/x86_64-linux-gnu/libm-2.27.so
7f3861e92000-7f3861e93000 rw-p 0019d000 08:01 1709602                    /lib/x86_64-linux-gnu/libm-2.27.so
7f3861e93000-7f3862b7b000 r-xp 00000000 08:01 2102060                    /home/ubuntu/jdk1.8.0_211/jre/lib/amd64/server/libjvm.so
7f3862b7b000-7f3862d7a000 ---p 00ce8000 08:01 2102060                    /home/ubuntu/jdk1.8.0_211/jre/lib/amd64/server/libjvm.so
7f3862d7a000-7f3862e10000 r--p 00ce7000 08:01 2102060                    /home/ubuntu/jdk1.8.0_211/jre/lib/amd64/server/libjvm.so
7f3862e10000-7f3862e41000 rw-p 00d7d000 08:01 2102060                    /home/ubuntu/jdk1.8.0_211/jre/lib/amd64/server/libjvm.so
7f3862e41000-7f3862e7c000 rw-p 00000000 00:00 0 
7f3862e7c000-7f3863063000 r-xp 00000000 08:01 1709539                    /lib/x86_64-linux-gnu/libc-2.27.so
7f3863063000-7f3863263000 ---p 001e7000 08:01 1709539                    /lib/x86_64-linux-gnu/libc-2.27.so
7f3863263000-7f3863267000 r--p 001e7000 08:01 1709539                    /lib/x86_64-linux-gnu/libc-2.27.so
7f3863267000-7f3863269000 rw-p 001eb000 08:01 1709539                    /lib/x86_64-linux-gnu/libc-2.27.so
7f3863269000-7f386326d000 rw-p 00000000 00:00 0 
7f386326d000-7f3863270000 r-xp 00000000 08:01 1709562                    /lib/x86_64-linux-gnu/libdl-2.27.so
7f3863270000-7f386346f000 ---p 00003000 08:01 1709562                    /lib/x86_64-linux-gnu/libdl-2.27.so
7f386346f000-7f3863470000 r--p 00002000 08:01 1709562                    /lib/x86_64-linux-gnu/libdl-2.27.so
7f3863470000-7f3863471000 rw-p 00003000 08:01 1709562                    /lib/x86_64-linux-gnu/libdl-2.27.so
7f3863471000-7f3863488000 r-xp 00000000 08:01 2103521                    /home/ubuntu/jdk1.8.0_211/lib/amd64/jli/libjli.so
7f3863488000-7f3863687000 ---p 00017000 08:01 2103521                    /home/ubuntu/jdk1.8.0_211/lib/amd64/jli/libjli.so
7f3863687000-7f3863688000 r--p 00016000 08:01 2103521                    /home/ubuntu/jdk1.8.0_211/lib/amd64/jli/libjli.so
7f3863688000-7f3863689000 rw-p 00017000 08:01 2103521                    /home/ubuntu/jdk1.8.0_211/lib/amd64/jli/libjli.so
7f3863689000-7f38636a3000 r-xp 00000000 08:01 1709672                    /lib/x86_64-linux-gnu/libpthread-2.27.so
7f38636a3000-7f38638a2000 ---p 0001a000 08:01 1709672                    /lib/x86_64-linux-gnu/libpthread-2.27.so
7f38638a2000-7f38638a3000 r--p 00019000 08:01 1709672                    /lib/x86_64-linux-gnu/libpthread-2.27.so
7f38638a3000-7f38638a4000 rw-p 0001a000 08:01 1709672                    /lib/x86_64-linux-gnu/libpthread-2.27.so
7f38638a4000-7f38638a8000 rw-p 00000000 00:00 0 
7f38638a8000-7f38638cf000 r-xp 00000000 08:01 1709511                    /lib/x86_64-linux-gnu/ld-2.27.so
7f38638cf000-7f38638d0000 r--s 00001000 08:01 1972940                    /home/ubuntu/.m2/repository/io/dubbo/springboot/spring-boot-starter-dubbo/1.0.0/spring-boot-starter-dubbo-1.0.0.jar
7f38638d0000-7f38638d1000 r--s 00000000 08:01 1579309                    /home/ubuntu/jdk1.8.0_211/jre/lib/management-agent.jar
7f38638d1000-7f38638d6000 r--s 000a3000 08:01 1579415                    /home/ubuntu/jdk1.8.0_211/jre/lib/jsse.jar
7f38638d6000-7f38638d8000 r--s 00007000 08:01 1579338                    /home/ubuntu/jdk1.8.0_211/jre/lib/jfxswt.jar
7f38638d8000-7f38638dd000 r--s 00084000 08:01 1579409                    /home/ubuntu/jdk1.8.0_211/jre/lib/jfr.jar
7f38638dd000-7f38638e0000 r--s 0001a000 08:01 1579386                    /home/ubuntu/jdk1.8.0_211/jre/lib/jce.jar
7f38638e0000-7f38639b1000 rw-p 00000000 00:00 0 
7f38639b1000-7f38639b2000 ---p 00000000 00:00 0 
7f38639b2000-7f38639b5000 ---p 00000000 00:00 0 
7f38639b5000-7f3863ab6000 rw-p 00000000 00:00 0 
7f3863ab6000-7f3863ac0000 r--s 0006e000 08:01 1579393                    /home/ubuntu/jdk1.8.0_211/jre/lib/javaws.jar
7f3863ac0000-7f3863ac5000 r--s 002f9000 08:01 1579414                    /home/ubuntu/jdk1.8.0_211/jre/lib/charsets.jar
7f3863ac5000-7f3863acd000 rw-s 00000000 08:01 2511162                    /tmp/hsperfdata_ubuntu/93497
7f3863acd000-7f3863ace000 rw-p 00000000 00:00 0 
7f3863ace000-7f3863acf000 ---p 00000000 00:00 0 
7f3863acf000-7f3863ad0000 r--p 00027000 08:01 1709511                    /lib/x86_64-linux-gnu/ld-2.27.so
7f3863ad0000-7f3863ad1000 rw-p 00028000 08:01 1709511                    /lib/x86_64-linux-gnu/ld-2.27.so
7f3863ad1000-7f3863ad2000 rw-p 00000000 00:00 0 
7fff7a436000-7fff7a459000 rw-p 00000000 00:00 0                          [stack]
7fff7a53b000-7fff7a53e000 r--p 00000000 00:00 0                          [vvar]
7fff7a53e000-7fff7a53f000 r-xp 00000000 00:00 0                          [vdso]
ffffffffff600000-ffffffffff601000 r-xp 00000000 00:00 0                  [vsyscall]

VM Arguments:
jvm_args: -XX:TieredStopAtLevel=1 -Xverify:none -Dspring.output.ansi.enabled=always -Dcom.sun.management.jmxremote -Dspring.jmx.enabled=true -Dspring.liveBeansView.mbeanDomain -Dspring.application.admin.enabled=true -javaagent:/home/ubuntu/idea-IU-191.6707.61/lib/idea_rt.jar=39081:/home/ubuntu/idea-IU-191.6707.61/bin -Dfile.encoding=UTF-8 
java_command: com.PaymentApplication
java_class_path (initial): /home/ubuntu/jdk1.8.0_211/jre/lib/charsets.jar:/home/ubuntu/jdk1.8.0_211/jre/lib/deploy.jar:/home/ubuntu/jdk1.8.0_211/jre/lib/ext/cldrdata.jar:/home/ubuntu/jdk1.8.0_211/jre/lib/ext/dnsns.jar:/home/ubuntu/jdk1.8.0_211/jre/lib/ext/jaccess.jar:/home/ubuntu/jdk1.8.0_211/jre/lib/ext/jfxrt.jar:/home/ubuntu/jdk1.8.0_211/jre/lib/ext/localedata.jar:/home/ubuntu/jdk1.8.0_211/jre/lib/ext/nashorn.jar:/home/ubuntu/jdk1.8.0_211/jre/lib/ext/sunec.jar:/home/ubuntu/jdk1.8.0_211/jre/lib/ext/sunjce_provider.jar:/home/ubuntu/jdk1.8.0_211/jre/lib/ext/sunpkcs11.jar:/home/ubuntu/jdk1.8.0_211/jre/lib/ext/zipfs.jar:/home/ubuntu/jdk1.8.0_211/jre/lib/javaws.jar:/home/ubuntu/jdk1.8.0_211/jre/lib/jce.jar:/home/ubuntu/jdk1.8.0_211/jre/lib/jfr.jar:/home/ubuntu/jdk1.8.0_211/jre/lib/jfxswt.jar:/home/ubuntu/jdk1.8.0_211/jre/lib/jsse.jar:/home/ubuntu/jdk1.8.0_211/jre/lib/management-agent.jar:/home/ubuntu/jdk1.8.0_211/jre/lib/plugin.jar:/home/ubuntu/jdk1.8.0_211/jre/lib/resources.jar:/home/ubuntu/jdk1.8.0_211/jre/lib/rt.jar:/home/ubuntu/IdeaProjects/unmanned-freezer/payment-service/target/classes:/home/ubuntu/.m2/repository/io/dubbo/springboot/spring-boot-starter-dubbo/1.0.0/spring-boot-starter-dubbo-1.0.0.jar:/home/ubuntu/.m2/repository/org/springframework/boot/spring-boot-starter/2.0.5.RELEASE/spring-boot-starter-2.0.5.RELEASE.jar:/home/ubuntu/.m2/repository/org/springframework/boot/spring-boot/2.0.5.RELEASE/spring-boot-2.0.5.RELEASE.jar:/home/ubuntu/.m2/repository/org/springframework/boot/spring-boot-autoconfigure/2.0.5.RELEASE/spring-boot-autoconfigure-2.0.5.RELEASE.jar:/home/ubuntu/.m2/repository/org/springframework/boot/spring-boot-starter-logging/2.0.5.RELEASE/spring-boot-starter-logging-2.0.5.RELEASE.jar:/home/ubuntu/.m2/repository/ch/qos/logback/logback-classic/1.2.3/logback-classic-1.2.3.jar:/home/ubuntu/.m2/repository/ch/qos/logback/logback-core/1.2.3/logback-core-1.2.3.jar:/home/ubuntu/.m2/repository/org/apache/logging/log4j/log4j-to-slf4j/2.10.0/log4j-to-slf4j
Launcher Type: SUN_STANDARD

Environment Variables:
PATH=/home/ubuntu/.local/bin:/home/ubuntu/apache-maven-3.6.1/bin:/usr/local/sbin:/usr/local/bin:/usr/sbin:/usr/bin:/sbin:/bin:/usr/games:/usr/local/games:/snap/bin
USERNAME=ubuntu
SHELL=/bin/bash
DISPLAY=:0

Signal Handlers:
SIGSEGV: [libjvm.so+0xad3d90], sa_mask[0]=11111111011111111101111111111110, sa_flags=SA_RESTART|SA_SIGINFO
SIGBUS: [libjvm.so+0xad3d90], sa_mask[0]=11111111011111111101111111111110, sa_flags=SA_RESTART|SA_SIGINFO
SIGFPE: [libjvm.so+0x90b8b0], sa_mask[0]=11111111011111111101111111111110, sa_flags=SA_RESTART|SA_SIGINFO
SIGPIPE: [libjvm.so+0x90b8b0], sa_mask[0]=11111111011111111101111111111110, sa_flags=SA_RESTART|SA_SIGINFO
SIGXFSZ: [libjvm.so+0x90b8b0], sa_mask[0]=11111111011111111101111111111110, sa_flags=SA_RESTART|SA_SIGINFO
SIGILL: [libjvm.so+0x90b8b0], sa_mask[0]=11111111011111111101111111111110, sa_flags=SA_RESTART|SA_SIGINFO
SIGUSR1: SIG_DFL, sa_mask[0]=00000000000000000000000000000000, sa_flags=none
SIGUSR2: [libjvm.so+0x90b780], sa_mask[0]=00100000000000000000000000000000, sa_flags=SA_RESTART|SA_SIGINFO
SIGHUP: SIG_IGN, sa_mask[0]=00000000000000000000000000000000, sa_flags=none
SIGINT: [libjvm.so+0x90bda0], sa_mask[0]=11111111011111111101111111111110, sa_flags=SA_RESTART|SA_SIGINFO
SIGTERM: [libjvm.so+0x90bda0], sa_mask[0]=11111111011111111101111111111110, sa_flags=SA_RESTART|SA_SIGINFO
SIGQUIT: [libjvm.so+0x90bda0], sa_mask[0]=11111111011111111101111111111110, sa_flags=SA_RESTART|SA_SIGINFO


---------------  S Y S T E M  ---------------

OS:DISTRIB_ID=Ubuntu
DISTRIB_RELEASE=18.04
DISTRIB_CODENAME=bionic
DISTRIB_DESCRIPTION="Ubuntu 18.04.2 LTS"

uname:Linux 5.0.0-37-generic #40~18.04.1-Ubuntu SMP Thu Nov 14 12:06:39 UTC 2019 x86_64
libc:glibc 2.27 NPTL 2.27 
rlimit: STACK 8192k, CORE 0k, NPROC 31498, NOFILE 1048576, AS infinity
load average:0.70 0.31 0.32

/proc/meminfo:
MemTotal:        8133296 kB
MemFree:          141224 kB
MemAvailable:      79944 kB
Buffers:            4324 kB
Cached:            83700 kB
SwapCached:            0 kB
Active:          6636816 kB
Inactive:          60960 kB
Active(anon):    6611800 kB
Inactive(anon):    32968 kB
Active(file):      25016 kB
Inactive(file):    27992 kB
Unevictable:          64 kB
Mlocked:              64 kB
SwapTotal:             0 kB
SwapFree:              0 kB
Dirty:                96 kB
Writeback:             0 kB
AnonPages:       6610176 kB
Mapped:            57660 kB
Shmem:             34732 kB
KReclaimable:      97964 kB
Slab:             275384 kB
SReclaimable:      97964 kB
SUnreclaim:       177420 kB
KernelStack:       26592 kB
PageTables:        73456 kB
NFS_Unstable:          0 kB
Bounce:                0 kB
WritebackTmp:          0 kB
CommitLimit:     4066648 kB
Committed_AS:   15822628 kB
VmallocTotal:   34359738367 kB
VmallocUsed:           0 kB
VmallocChunk:          0 kB
Percpu:            90112 kB
HardwareCorrupted:     0 kB
AnonHugePages:      2048 kB
ShmemHugePages:        0 kB
ShmemPmdMapped:        0 kB
CmaTotal:              0 kB
CmaFree:               0 kB
HugePages_Total:       0
HugePages_Free:        0
HugePages_Rsvd:        0
HugePages_Surp:        0
Hugepagesize:       2048 kB
Hugetlb:               0 kB
DirectMap4k:      444224 kB
DirectMap2M:     7936000 kB
DirectMap1G:           0 kB

container (cgroup) information:
container_type: cgroupv1
cpu_cpuset_cpus: 0-3
cpu_memory_nodes: 0
active_processor_count: 4
cpu_quota: -1
cpu_period: 100000
cpu_shares: -1
memory_limit_in_bytes: -1
memory_and_swap_limit_in_bytes: -2
memory_soft_limit_in_bytes: -1
memory_usage_in_bytes: 6254301184
memory_max_usage_in_bytes: 6487609344


CPU:total 4 (initial active 4) (2 cores per cpu, 1 threads per core) family 6 model 158 stepping 10, cmov, cx8, fxsr, mmx, sse, sse2, sse3, ssse3, sse4.1, sse4.2, popcnt, avx, avx2, aes, clmul, erms, rtm, 3dnowpref, lzcnt, tsc, tscinvbit, bmi1, bmi2, adx

/proc/cpuinfo:
processor	: 0
vendor_id	: GenuineIntel
cpu family	: 6
model		: 158
model name	: Intel(R) Core(TM) i5-8500 CPU @ 3.00GHz
stepping	: 10
microcode	: 0x96
cpu MHz		: 3000.001
cache size	: 9216 KB
physical id	: 0
siblings	: 2
core id		: 0
cpu cores	: 2
apicid		: 0
initial apicid	: 0
fpu		: yes
fpu_exception	: yes
cpuid level	: 22
wp		: yes
flags		: fpu vme de pse tsc msr pae mce cx8 apic sep mtrr pge mca cmov pat pse36 clflush mmx fxsr sse sse2 ss ht syscall nx pdpe1gb rdtscp lm constant_tsc arch_perfmon nopl xtopology tsc_reliable nonstop_tsc cpuid pni pclmulqdq ssse3 fma cx16 pcid sse4_1 sse4_2 x2apic movbe popcnt tsc_deadline_timer aes xsave avx f16c rdrand hypervisor lahf_lm abm 3dnowprefetch cpuid_fault invpcid_single pti ssbd ibrs ibpb stibp fsgsbase tsc_adjust bmi1 hle avx2 smep bmi2 invpcid rtm mpx rdseed adx smap clflushopt xsaveopt xsavec xsaves arat flush_l1d arch_capabilities
bugs		: cpu_meltdown spectre_v1 spectre_v2 spec_store_bypass l1tf mds swapgs taa itlb_multihit
bogomips	: 6000.00
clflush size	: 64
cache_alignment	: 64
address sizes	: 43 bits physical, 48 bits virtual
power management:

processor	: 1
vendor_id	: GenuineIntel
cpu family	: 6
model		: 158
model name	: Intel(R) Core(TM) i5-8500 CPU @ 3.00GHz
stepping	: 10
microcode	: 0x96
cpu MHz		: 3000.001
cache size	: 9216 KB
physical id	: 0
siblings	: 2
core id		: 1
cpu cores	: 2
apicid		: 1
initial apicid	: 1
fpu		: yes
fpu_exception	: yes
cpuid level	: 22
wp		: yes
flags		: fpu vme de pse tsc msr pae mce cx8 apic sep mtrr pge mca cmov pat pse36 clflush mmx fxsr sse sse2 ss ht syscall nx pdpe1gb rdtscp lm constant_tsc arch_perfmon nopl xtopology tsc_reliable nonstop_tsc cpuid pni pclmulqdq ssse3 fma cx16 pcid sse4_1 sse4_2 x2apic movbe popcnt tsc_deadline_timer aes xsave avx f16c rdrand hypervisor lahf_lm abm 3dnowprefetch cpuid_fault invpcid_single pti ssbd ibrs ibpb stibp fsgsbase tsc_adjust bmi1 hle avx2 smep bmi2 invpcid rtm mpx rdseed adx smap clflushopt xsaveopt xsavec xsaves arat flush_l1d arch_capabilities
bugs		: cpu_meltdown spectre_v1 spectre_v2 spec_store_bypass l1tf mds swapgs taa itlb_multihit
bogomips	: 6000.00
clflush size	: 64
cache_alignment	: 64
address sizes	: 43 bits physical, 48 bits virtual
power management:

processor	: 2
vendor_id	: GenuineIntel
cpu family	: 6
model		: 158
model name	: Intel(R) Core(TM) i5-8500 CPU @ 3.00GHz
stepping	: 10
microcode	: 0x96
cpu MHz		: 3000.001
cache size	: 9216 KB
physical id	: 1
siblings	: 2
core id		: 0
cpu cores	: 2
apicid		: 2
initial apicid	: 2
fpu		: yes
fpu_exception	: yes
cpuid level	: 22
wp		: yes
flags		: fpu vme de pse tsc msr pae mce cx8 apic sep mtrr pge mca cmov pat pse36 clflush mmx fxsr sse sse2 ss ht syscall nx pdpe1gb rdtscp lm constant_tsc arch_perfmon nopl xtopology tsc_reliable nonstop_tsc cpuid pni pclmulqdq ssse3 fma cx16 pcid sse4_1 sse4_2 x2apic movbe popcnt tsc_deadline_timer aes xsave avx f16c rdrand hypervisor lahf_lm abm 3dnowprefetch cpuid_fault invpcid_single pti ssbd ibrs ibpb stibp fsgsbase tsc_adjust bmi1 hle avx2 smep bmi2 invpcid rtm mpx rdseed adx smap clflushopt xsaveopt xsavec xsaves arat flush_l1d arch_capabilities
bugs		: cpu_meltdown spectre_v1 spectre_v2 spec_store_bypass l1tf mds swapgs taa itlb_multihit
bogomips	: 6000.00
clflush size	: 64
cache_alignment	: 64
address sizes	: 43 bits physical, 48 bits virtual
power management:

processor	: 3
vendor_id	: GenuineIntel
cpu family	: 6
model		: 158
model name	: Intel(R) Core(TM) i5-8500 CPU @ 3.00GHz
stepping	: 10
microcode	: 0x96
cpu MHz		: 3000.001
cache size	: 9216 KB
physical id	: 1
siblings	: 2
core id		: 1
cpu cores	: 2
apicid		: 3
initial apicid	: 3
fpu		: yes
fpu_exception	: yes
cpuid level	: 22
wp		: yes
flags		: fpu vme de pse tsc msr pae mce cx8 apic sep mtrr pge mca cmov pat pse36 clflush mmx fxsr sse sse2 ss ht syscall nx pdpe1gb rdtscp lm constant_tsc arch_perfmon nopl xtopology tsc_reliable nonstop_tsc cpuid pni pclmulqdq ssse3 fma cx16 pcid sse4_1 sse4_2 x2apic movbe popcnt tsc_deadline_timer aes xsave avx f16c rdrand hypervisor lahf_lm abm 3dnowprefetch cpuid_fault invpcid_single pti ssbd ibrs ibpb stibp fsgsbase tsc_adjust bmi1 hle avx2 smep bmi2 invpcid rtm mpx rdseed adx smap clflushopt xsaveopt xsavec xsaves arat flush_l1d arch_capabilities
bugs		: cpu_meltdown spectre_v1 spectre_v2 spec_store_bypass l1tf mds swapgs taa itlb_multihit
bogomips	: 6000.00
clflush size	: 64
cache_alignment	: 64
address sizes	: 43 bits physical, 48 bits virtual
power management:



Memory: 4k page, physical 8133296k(141728k free), swap 0k(0k free)

vm_info: Java HotSpot(TM) 64-Bit Server VM (25.211-b12) for linux-amd64 JRE (1.8.0_211-b12), built on Apr  1 2019 20:39:34 by "java_re" with gcc 7.3.0

time: Sun Jan 12 11:42:55 2020
timezone: CST
elapsed time: 8 seconds (0d 0h 0m 8s)

