#
# There is insufficient memory for the Java Runtime Environment to continue.
# Native memory allocation (mmap) failed to map 92798976 bytes for committing reserved memory.
# Possible reasons:
#   The system is out of physical RAM or swap space
#   The process is running with CompressedOops enabled, and the Java Heap may be blocking the growth of the native heap
# Possible solutions:
#   Reduce memory load on the system
#   Increase physical memory or swap space
#   Check if swap backing store is full
#   Decrease Java heap size (-Xmx/-Xms)
#   Decrease number of Java threads
#   Decrease Java thread stack sizes (-Xss)
#   Set larger code cache with -XX:ReservedCodeCacheSize=
#   JVM is running with Unscaled Compressed Oops mode in which the Java heap is
#     placed in the first 4GB address space. The Java Heap base address is the
#     maximum limit for the native heap growth. Please use -XX:HeapBaseMinAddress
#     to set the Java Heap base and to place the Java Heap above 4GB virtual address.
# This output file may be truncated or incomplete.
#
#  Out of Memory Error (os_linux.cpp:2749), pid=46130, tid=0x00007f9a0bcfc700
#
# JRE version: Java(TM) SE Runtime Environment (8.0_211-b12) (build 1.8.0_211-b12)
# Java VM: Java HotSpot(TM) 64-Bit Server VM (25.211-b12 mixed mode linux-amd64 compressed oops)
# Failed to write core dump. Core dumps have been disabled. To enable core dumping, try "ulimit -c unlimited" before starting Java again
#

---------------  T H R E A D  ---------------

Current thread (0x00007f9a24145800):  VMThread [stack: 0x00007f9a0bbfd000,0x00007f9a0bcfd000] [id=46145]

Stack: [0x00007f9a0bbfd000,0x00007f9a0bcfd000],  sp=0x00007f9a0bcfb3f0,  free space=1016k
Native frames: (J=compiled Java code, j=interpreted, Vv=VM code, C=native code)
V  [libjvm.so+0xad3455]  VMError::report_and_die()+0x2e5
V  [libjvm.so+0x4e0537]  report_vm_out_of_memory(char const*, int, unsigned long, VMErrorType, char const*)+0x67
V  [libjvm.so+0x910320]  os::pd_commit_memory(char*, unsigned long, unsigned long, bool)+0x100
V  [libjvm.so+0x90794f]  os::commit_memory(char*, unsigned long, unsigned long, bool)+0x1f
V  [libjvm.so+0x98c736]  PSVirtualSpace::expand_by(unsigned long)+0x56
V  [libjvm.so+0x98d9c8]  PSYoungGen::resize(unsigned long, unsigned long)+0xd8
V  [libjvm.so+0x98a166]  PSScavenge::invoke_no_policy()+0x1376
V  [libjvm.so+0x98a4fc]  PSScavenge::invoke()+0x4c
V  [libjvm.so+0x93a248]  ParallelScavengeHeap::failed_mem_allocate(unsigned long)+0x68
V  [libjvm.so+0xad4fa3]  VM_ParallelGCFailedAllocation::doit()+0x93
V  [libjvm.so+0xada1c6]  VM_Operation::evaluate()+0x46
V  [libjvm.so+0xad84fd]  VMThread::evaluate_operation(VM_Operation*) [clone .constprop.44]+0xcd
V  [libjvm.so+0xad8ae3]  VMThread::loop()+0x3a3
V  [libjvm.so+0xad8eb8]  VMThread::run()+0x78
V  [libjvm.so+0x90d952]  java_start(Thread*)+0x102

VM_Operation (0x00007f9a08677000): ParallelGCFailedAllocation, mode: safepoint, requested by thread 0x00007f99b8001000


---------------  P R O C E S S  ---------------

Java Threads: ( => current thread )
  0x00007f99b8001000 JavaThread "localhost-startStop-1" daemon [_thread_blocked, id=46232, stack(0x00007f9a08579000,0x00007f9a0867a000)]
  0x00007f9a24c7e800 JavaThread "Tomcat-startStop-1" daemon [_thread_blocked, id=46231, stack(0x00007f9a0867a000,0x00007f9a0877b000)]
  0x00007f99c0011800 JavaThread "RMI Scheduler(0)" daemon [_thread_blocked, id=46218, stack(0x00007f9a09e3f000,0x00007f9a09f40000)]
  0x00007f99cc001800 JavaThread "RMI TCP Connection(1)-127.0.0.1" daemon [_thread_in_native, id=46217, stack(0x00007f9a090a7000,0x00007f9a091a8000)]
  0x00007f99e4002800 JavaThread "Attach Listener" daemon [_thread_blocked, id=46203, stack(0x00007f9a093a8000,0x00007f9a094a9000)]
  0x00007f99e4001000 JavaThread "Attach Listener" daemon [_thread_blocked, id=46202, stack(0x00007f9a094a9000,0x00007f9a095aa000)]
  0x00007f9a24585800 JavaThread "RMI TCP Accept-0" daemon [_thread_in_native, id=46162, stack(0x00007f9a0a241000,0x00007f9a0a342000)]
  0x00007f9a244e6000 JavaThread "Service Thread" daemon [_thread_blocked, id=46161, stack(0x00007f9a0a763000,0x00007f9a0a864000)]
  0x00007f9a244ca800 JavaThread "C1 CompilerThread2" daemon [_thread_blocked, id=46160, stack(0x00007f9a0a865000,0x00007f9a0a965000)]
  0x00007f9a244c8800 JavaThread "C2 CompilerThread1" daemon [_thread_blocked, id=46159, stack(0x00007f9a0a966000,0x00007f9a0aa66000)]
  0x00007f9a244c7000 JavaThread "C2 CompilerThread0" daemon [_thread_blocked, id=46158, stack(0x00007f9a0ac7e000,0x00007f9a0ad7e000)]
  0x00007f9a244c4800 JavaThread "Monitor Ctrl-Break" daemon [_thread_in_native, id=46157, stack(0x00007f9a0ad7e000,0x00007f9a0ae7f000)]
  0x00007f9a24184800 JavaThread "Signal Dispatcher" daemon [_thread_blocked, id=46153, stack(0x00007f9a0af2a000,0x00007f9a0b02b000)]
  0x00007f9a24152000 JavaThread "Finalizer" daemon [_thread_blocked, id=46147, stack(0x00007f9a0b9fa000,0x00007f9a0bafb000)]
  0x00007f9a2414f800 JavaThread "Reference Handler" daemon [_thread_blocked, id=46146, stack(0x00007f9a0bafb000,0x00007f9a0bbfc000)]
  0x00007f9a24010800 JavaThread "main" [_thread_blocked, id=46132, stack(0x00007f9a2c9dc000,0x00007f9a2cadc000)]

Other Threads:
=>0x00007f9a24145800 VMThread [stack: 0x00007f9a0bbfd000,0x00007f9a0bcfd000] [id=46145]
  0x00007f9a24599800 WatcherThread [stack: 0x00007f9a0a141000,0x00007f9a0a241000] [id=46163]

VM state:at safepoint (normal execution)

VM Mutex/Monitor currently owned by a thread:  ([mutex/lock_event])
[0x00007f9a240069e0] Threads_lock - owner thread: 0x00007f9a24145800
[0x00007f9a24006ee0] Heap_lock - owner thread: 0x00007f99b8001000

heap address: 0x0000000083e00000, size: 1986 MB, Compressed Oops mode: 32-bit
Narrow klass base: 0x0000000000000000, Narrow klass shift: 3
Compressed class space size: 1073741824 Address: 0x0000000100000000

Heap:
 PSYoungGen      total 125952K, used 7666K [0x00000000d6a00000, 0x00000000df800000, 0x0000000100000000)
  eden space 118272K, 0% used [0x00000000d6a00000,0x00000000d6a00000,0x00000000ddd80000)
  from space 7680K, 99% used [0x00000000de900000,0x00000000df07c830,0x00000000df080000)
  to   space 6144K, 0% used [0x00000000df200000,0x00000000df200000,0x00000000df800000)
 ParOldGen       total 46080K, used 12231K [0x0000000083e00000, 0x0000000086b00000, 0x00000000d6a00000)
  object space 46080K, 26% used [0x0000000083e00000,0x00000000849f1de0,0x0000000086b00000)
 Metaspace       used 29985K, capacity 31318K, committed 31488K, reserved 1077248K
  class space    used 4021K, capacity 4304K, committed 4352K, reserved 1048576K

Card table byte_map: [0x00007f9a290ce000,0x00007f9a294b0000] byte_map_base: 0x00007f9a28caf000

Marking Bits: (ParMarkBitMap*) 0x00007f9a2be88d80
 Begin Bits: [0x00007f9a111f0000, 0x00007f9a130f8000)
 End Bits:   [0x00007f9a130f8000, 0x00007f9a15000000)

Polling page: 0x00007f9a2caf8000

CodeCache: size=245760Kb used=6113Kb max_used=6113Kb free=239646Kb
 bounds [0x00007f9a15000000, 0x00007f9a15600000, 0x00007f9a24000000]
 total_blobs=3243 nmethods=2834 adapters=322
 compilation: enabled

Compilation events (10 events):
Event: 2.375 Thread 0x00007f9a244ca800 2827       1       java.util.concurrent.locks.ReentrantReadWriteLock$Sync::<init> (29 bytes)
Event: 2.375 Thread 0x00007f9a244ca800 nmethod 2827 0x00007f9a155f76d0 code [0x00007f9a155f7840, 0x00007f9a155f79f0]
Event: 2.375 Thread 0x00007f9a244ca800 2828       1       java.util.concurrent.locks.ReentrantReadWriteLock$Sync$ThreadLocalHoldCounter::<init> (5 bytes)
Event: 2.375 Thread 0x00007f9a244ca800 nmethod 2828 0x00007f9a155f7ad0 code [0x00007f9a155f7c20, 0x00007f9a155f7d50]
Event: 2.375 Thread 0x00007f9a244ca800 2829       1       java.util.concurrent.locks.ReentrantReadWriteLock$ReadLock::<init> (13 bytes)
Event: 2.375 Thread 0x00007f9a244ca800 nmethod 2829 0x00007f9a155f7e10 code [0x00007f9a155f7f60, 0x00007f9a155f8090]
Event: 2.375 Thread 0x00007f9a244ca800 2825       1       org.apache.tomcat.util.modeler.AttributeInfo::setGetMethod (6 bytes)
Event: 2.375 Thread 0x00007f9a244ca800 nmethod 2825 0x00007f9a155f8110 code [0x00007f9a155f8260, 0x00007f9a155f8390]
Event: 2.381 Thread 0x00007f9a244ca800 2834       1       java.util.ResourceBundle$CacheKey::getLocale (5 bytes)
Event: 2.382 Thread 0x00007f9a244ca800 nmethod 2834 0x00007f9a155f8410 code [0x00007f9a155f8560, 0x00007f9a155f8670]

GC Heap History (10 events):
Event: 0.855 GC heap after
Heap after GC invocations=3 (full 0):
 PSYoungGen      total 37888K, used 5106K [0x00000000d6a00000, 0x00000000db400000, 0x0000000100000000)
  eden space 32768K, 0% used [0x00000000d6a00000,0x00000000d6a00000,0x00000000d8a00000)
  from space 5120K, 99% used [0x00000000d8a00000,0x00000000d8efcac8,0x00000000d8f00000)
  to   space 5120K, 0% used [0x00000000daf00000,0x00000000daf00000,0x00000000db400000)
 ParOldGen       total 86016K, used 1282K [0x0000000083e00000, 0x0000000089200000, 0x00000000d6a00000)
  object space 86016K, 1% used [0x0000000083e00000,0x0000000083f408d8,0x0000000089200000)
 Metaspace       used 16462K, capacity 16978K, committed 17280K, reserved 1064960K
  class space    used 2215K, capacity 2366K, committed 2432K, reserved 1048576K
}
Event: 1.135 GC heap before
{Heap before GC invocations=4 (full 0):
 PSYoungGen      total 37888K, used 37874K [0x00000000d6a00000, 0x00000000db400000, 0x0000000100000000)
  eden space 32768K, 100% used [0x00000000d6a00000,0x00000000d8a00000,0x00000000d8a00000)
  from space 5120K, 99% used [0x00000000d8a00000,0x00000000d8efcac8,0x00000000d8f00000)
  to   space 5120K, 0% used [0x00000000daf00000,0x00000000daf00000,0x00000000db400000)
 ParOldGen       total 86016K, used 1282K [0x0000000083e00000, 0x0000000089200000, 0x00000000d6a00000)
  object space 86016K, 1% used [0x0000000083e00000,0x0000000083f408d8,0x0000000089200000)
 Metaspace       used 20400K, capacity 20992K, committed 21120K, reserved 1067008K
  class space    used 2711K, capacity 2895K, committed 2944K, reserved 1048576K
Event: 1.147 GC heap after
Heap after GC invocations=4 (full 0):
 PSYoungGen      total 70656K, used 5093K [0x00000000d6a00000, 0x00000000db400000, 0x0000000100000000)
  eden space 65536K, 0% used [0x00000000d6a00000,0x00000000d6a00000,0x00000000daa00000)
  from space 5120K, 99% used [0x00000000daf00000,0x00000000db3f9538,0x00000000db400000)
  to   space 5120K, 0% used [0x00000000daa00000,0x00000000daa00000,0x00000000daf00000)
 ParOldGen       total 86016K, used 3687K [0x0000000083e00000, 0x0000000089200000, 0x00000000d6a00000)
  object space 86016K, 4% used [0x0000000083e00000,0x0000000084199ec0,0x0000000089200000)
 Metaspace       used 20400K, capacity 20992K, committed 21120K, reserved 1067008K
  class space    used 2711K, capacity 2895K, committed 2944K, reserved 1048576K
}
Event: 1.190 GC heap before
{Heap before GC invocations=5 (full 0):
 PSYoungGen      total 70656K, used 8951K [0x00000000d6a00000, 0x00000000db400000, 0x0000000100000000)
  eden space 65536K, 5% used [0x00000000d6a00000,0x00000000d6dc4860,0x00000000daa00000)
  from space 5120K, 99% used [0x00000000daf00000,0x00000000db3f9538,0x00000000db400000)
  to   space 5120K, 0% used [0x00000000daa00000,0x00000000daa00000,0x00000000daf00000)
 ParOldGen       total 86016K, used 3687K [0x0000000083e00000, 0x0000000089200000, 0x00000000d6a00000)
  object space 86016K, 4% used [0x0000000083e00000,0x0000000084199ec0,0x0000000089200000)
 Metaspace       used 20730K, capacity 21252K, committed 21296K, reserved 1067008K
  class space    used 2747K, capacity 2907K, committed 2944K, reserved 1048576K
Event: 1.207 GC heap after
Heap after GC invocations=5 (full 0):
 PSYoungGen      total 70656K, used 5088K [0x00000000d6a00000, 0x00000000dfa00000, 0x0000000100000000)
  eden space 65536K, 0% used [0x00000000d6a00000,0x00000000d6a00000,0x00000000daa00000)
  from space 5120K, 99% used [0x00000000daa00000,0x00000000daef8030,0x00000000daf00000)
  to   space 8192K, 0% used [0x00000000df200000,0x00000000df200000,0x00000000dfa00000)
 ParOldGen       total 86016K, used 3716K [0x0000000083e00000, 0x0000000089200000, 0x00000000d6a00000)
  object space 86016K, 4% used [0x0000000083e00000,0x00000000841a1198,0x0000000089200000)
 Metaspace       used 20730K, capacity 21252K, committed 21296K, reserved 1067008K
  class space    used 2747K, capacity 2907K, committed 2944K, reserved 1048576K
}
Event: 1.207 GC heap before
{Heap before GC invocations=6 (full 1):
 PSYoungGen      total 70656K, used 5088K [0x00000000d6a00000, 0x00000000dfa00000, 0x0000000100000000)
  eden space 65536K, 0% used [0x00000000d6a00000,0x00000000d6a00000,0x00000000daa00000)
  from space 5120K, 99% used [0x00000000daa00000,0x00000000daef8030,0x00000000daf00000)
  to   space 8192K, 0% used [0x00000000df200000,0x00000000df200000,0x00000000dfa00000)
 ParOldGen       total 86016K, used 3716K [0x0000000083e00000, 0x0000000089200000, 0x00000000d6a00000)
  object space 86016K, 4% used [0x0000000083e00000,0x00000000841a1198,0x0000000089200000)
 Metaspace       used 20730K, capacity 21252K, committed 21296K, reserved 1067008K
  class space    used 2747K, capacity 2907K, committed 2944K, reserved 1048576K
Event: 1.229 GC heap after
Heap after GC invocations=6 (full 1):
 PSYoungGen      total 70656K, used 0K [0x00000000d6a00000, 0x00000000dfa00000, 0x0000000100000000)
  eden space 65536K, 0% used [0x00000000d6a00000,0x00000000d6a00000,0x00000000daa00000)
  from space 5120K, 0% used [0x00000000daa00000,0x00000000daa00000,0x00000000daf00000)
  to   space 8192K, 0% used [0x00000000df200000,0x00000000df200000,0x00000000dfa00000)
 ParOldGen       total 46080K, used 5037K [0x0000000083e00000, 0x0000000086b00000, 0x00000000d6a00000)
  object space 46080K, 10% used [0x0000000083e00000,0x00000000842eb7d0,0x0000000086b00000)
 Metaspace       used 20730K, capacity 21252K, committed 21296K, reserved 1067008K
  class space    used 2747K, capacity 2907K, committed 2944K, reserved 1048576K
}
Event: 1.667 GC heap before
{Heap before GC invocations=7 (full 1):
 PSYoungGen      total 70656K, used 65536K [0x00000000d6a00000, 0x00000000dfa00000, 0x0000000100000000)
  eden space 65536K, 100% used [0x00000000d6a00000,0x00000000daa00000,0x00000000daa00000)
  from space 5120K, 0% used [0x00000000daa00000,0x00000000daa00000,0x00000000daf00000)
  to   space 8192K, 0% used [0x00000000df200000,0x00000000df200000,0x00000000dfa00000)
 ParOldGen       total 46080K, used 5037K [0x0000000083e00000, 0x0000000086b00000, 0x00000000d6a00000)
  object space 46080K, 10% used [0x0000000083e00000,0x00000000842eb7d0,0x0000000086b00000)
 Metaspace       used 23938K, capacity 24720K, committed 24960K, reserved 1071104K
  class space    used 3181K, capacity 3383K, committed 3456K, reserved 1048576K
Event: 1.682 GC heap after
Heap after GC invocations=7 (full 1):
 PSYoungGen      total 124416K, used 5849K [0x00000000d6a00000, 0x00000000df800000, 0x0000000100000000)
  eden space 118272K, 0% used [0x00000000d6a00000,0x00000000d6a00000,0x00000000ddd80000)
  from space 6144K, 95% used [0x00000000df200000,0x00000000df7b64a0,0x00000000df800000)
  to   space 7680K, 0% used [0x00000000de900000,0x00000000de900000,0x00000000df080000)
 ParOldGen       total 46080K, used 5045K [0x0000000083e00000, 0x0000000086b00000, 0x00000000d6a00000)
  object space 46080K, 10% used [0x0000000083e00000,0x00000000842ed7d0,0x0000000086b00000)
 Metaspace       used 23938K, capacity 24720K, committed 24960K, reserved 1071104K
  class space    used 3181K, capacity 3383K, committed 3456K, reserved 1048576K
}
Event: 2.390 GC heap before
{Heap before GC invocations=8 (full 1):
 PSYoungGen      total 124416K, used 124121K [0x00000000d6a00000, 0x00000000df800000, 0x0000000100000000)
  eden space 118272K, 100% used [0x00000000d6a00000,0x00000000ddd80000,0x00000000ddd80000)
  from space 6144K, 95% used [0x00000000df200000,0x00000000df7b64a0,0x00000000df800000)
  to   space 7680K, 0% used [0x00000000de900000,0x00000000de900000,0x00000000df080000)
 ParOldGen       total 46080K, used 5045K [0x0000000083e00000, 0x0000000086b00000, 0x00000000d6a00000)
  object space 46080K, 10% used [0x0000000083e00000,0x00000000842ed7d0,0x0000000086b00000)
 Metaspace       used 29985K, capacity 31318K, committed 31488K, reserved 1077248K
  class space    used 4021K, capacity 4304K, committed 4352K, reserved 1048576K

Deoptimization events (0 events):
No events

Classes redefined (0 events):
No events

Internal exceptions (10 events):
Event: 2.171 Thread 0x00007f9a24010800 Exception <a 'java/lang/ClassNotFoundException': org/springframework/core/OrderedCustomizer> (0x00000000dc52a258) thrown at [/HUDSON/workspace/8-2-build-linux-amd64/jdk8u211/12973/hotspot/src/share/vm/classfile/systemDictionary.cpp, line 210]
Event: 2.173 Thread 0x00007f9a24010800 Exception <a 'java/lang/ClassNotFoundException': java/lang/ObjectCustomizer> (0x00000000dc5653c8) thrown at [/HUDSON/workspace/8-2-build-linux-amd64/jdk8u211/12973/hotspot/src/share/vm/classfile/systemDictionary.cpp, line 210]
Event: 2.174 Thread 0x00007f9a24010800 Exception <a 'java/lang/ClassNotFoundException': org/springframework/boot/autoconfigure/web/servlet/error/ErrorMvcAutoConfigurationCustomizer> (0x00000000dc58c440) thrown at [/HUDSON/workspace/8-2-build-linux-amd64/jdk8u211/12973/hotspot/src/share/vm/clas
Event: 2.174 Thread 0x00007f9a24010800 Exception <a 'java/lang/ClassNotFoundException': org/springframework/boot/autoconfigure/web/servlet/error/ErrorMvcAutoConfiguration$$EnhancerBySpringCGLIB$$d33a69f6Customizer> (0x00000000dc5bc038) thrown at [/HUDSON/workspace/8-2-build-linux-amd64/jdk8u21
Event: 2.174 Thread 0x00007f9a24010800 Exception <a 'java/lang/ClassNotFoundException': org/springframework/context/annotation/ConfigurationClassEnhancer$EnhancedConfigurationCustomizer> (0x00000000dc5eaff0) thrown at [/HUDSON/workspace/8-2-build-linux-amd64/jdk8u211/12973/hotspot/src/share/vm
Event: 2.177 Thread 0x00007f9a24010800 Exception <a 'java/lang/ClassNotFoundException': java/lang/ObjectCustomizer> (0x00000000dc694388) thrown at [/HUDSON/workspace/8-2-build-linux-amd64/jdk8u211/12973/hotspot/src/share/vm/classfile/systemDictionary.cpp, line 210]
Event: 2.178 Thread 0x00007f9a24010800 Exception <a 'java/lang/ClassNotFoundException': org/springframework/boot/autoconfigure/web/servlet/error/ErrorMvcAutoConfiguration$ErrorPageCustomizerCustomizer> (0x00000000dc6c07e8) thrown at [/HUDSON/workspace/8-2-build-linux-amd64/jdk8u211/12973/hotsp
Event: 2.178 Thread 0x00007f9a24010800 Exception <a 'java/lang/ClassNotFoundException': org/springframework/boot/web/server/ErrorPageRegistrarCustomizer> (0x00000000dc6e0490) thrown at [/HUDSON/workspace/8-2-build-linux-amd64/jdk8u211/12973/hotspot/src/share/vm/classfile/systemDictionary.cpp, 
Event: 2.178 Thread 0x00007f9a24010800 Exception <a 'java/lang/ClassNotFoundException': org/springframework/core/OrderedCustomizer> (0x00000000dc6f5dc8) thrown at [/HUDSON/workspace/8-2-build-linux-amd64/jdk8u211/12973/hotspot/src/share/vm/classfile/systemDictionary.cpp, line 210]
Event: 2.363 Thread 0x00007f99cc001800 Exception <a 'java/lang/reflect/InvocationTargetException'> (0x00000000d8095c78) thrown at [/HUDSON/workspace/8-2-build-linux-amd64/jdk8u211/12973/hotspot/src/share/vm/runtime/reflection.cpp, line 1092]

Events (10 events):
Event: 2.379 loading class org/apache/catalina/webresources/StandardRoot done
Event: 2.381 loading class org/apache/catalina/webresources/LocalStrings
Event: 2.381 loading class org/apache/catalina/webresources/LocalStrings done
Event: 2.382 loading class org/apache/catalina/webresources/LocalStrings_en
Event: 2.382 loading class org/apache/catalina/webresources/LocalStrings_en done
Event: 2.382 loading class org/apache/catalina/webresources/LocalStrings_en_US
Event: 2.382 loading class org/apache/catalina/webresources/LocalStrings_en_US done
Event: 2.382 loading class org/apache/catalina/webresources/Cache
Event: 2.382 loading class org/apache/catalina/webresources/Cache done
Event: 2.386 Executing VM operation: ParallelGCFailedAllocation


Dynamic libraries:
00400000-00401000 r-xp 00000000 08:01 2102161                            /home/ubuntu/jdk1.8.0_211/bin/java
00600000-00601000 r--p 00000000 08:01 2102161                            /home/ubuntu/jdk1.8.0_211/bin/java
00601000-00602000 rw-p 00001000 08:01 2102161                            /home/ubuntu/jdk1.8.0_211/bin/java
0212a000-0214b000 rw-p 00000000 00:00 0                                  [heap]
83e00000-86b00000 rw-p 00000000 00:00 0 
86b00000-d6a00000 ---p 00000000 00:00 0 
d6a00000-df800000 rw-p 00000000 00:00 0 
e5080000-100000000 ---p 00000000 00:00 0 
100000000-100440000 rw-p 00000000 00:00 0 
100440000-140000000 ---p 00000000 00:00 0 
7f99b4000000-7f99b4079000 rw-p 00000000 00:00 0 
7f99b4079000-7f99b8000000 ---p 00000000 00:00 0 
7f99b8000000-7f99b8021000 rw-p 00000000 00:00 0 
7f99b8021000-7f99bc000000 ---p 00000000 00:00 0 
7f99bc000000-7f99bc021000 rw-p 00000000 00:00 0 
7f99bc021000-7f99c0000000 ---p 00000000 00:00 0 
7f99c0000000-7f99c0021000 rw-p 00000000 00:00 0 
7f99c0021000-7f99c4000000 ---p 00000000 00:00 0 
7f99c4000000-7f99c42be000 rw-p 00000000 00:00 0 
7f99c42be000-7f99c8000000 ---p 00000000 00:00 0 
7f99c8000000-7f99c8021000 rw-p 00000000 00:00 0 
7f99c8021000-7f99cc000000 ---p 00000000 00:00 0 
7f99cc000000-7f99cc021000 rw-p 00000000 00:00 0 
7f99cc021000-7f99d0000000 ---p 00000000 00:00 0 
7f99d0000000-7f99d0021000 rw-p 00000000 00:00 0 
7f99d0021000-7f99d4000000 ---p 00000000 00:00 0 
7f99d4000000-7f99d467e000 rw-p 00000000 00:00 0 
7f99d467e000-7f99d8000000 ---p 00000000 00:00 0 
7f99d8000000-7f99d8021000 rw-p 00000000 00:00 0 
7f99d8021000-7f99dc000000 ---p 00000000 00:00 0 
7f99dc000000-7f99dc03e000 rw-p 00000000 00:00 0 
7f99dc03e000-7f99e0000000 ---p 00000000 00:00 0 
7f99e0000000-7f99e0021000 rw-p 00000000 00:00 0 
7f99e0021000-7f99e4000000 ---p 00000000 00:00 0 
7f99e4000000-7f99e4021000 rw-p 00000000 00:00 0 
7f99e4021000-7f99e8000000 ---p 00000000 00:00 0 
7f99e8000000-7f99e802f000 rw-p 00000000 00:00 0 
7f99e802f000-7f99ec000000 ---p 00000000 00:00 0 
7f99ec000000-7f99ec021000 rw-p 00000000 00:00 0 
7f99ec021000-7f99f0000000 ---p 00000000 00:00 0 
7f99f0000000-7f99f0021000 rw-p 00000000 00:00 0 
7f99f0021000-7f99f4000000 ---p 00000000 00:00 0 
7f99f4000000-7f99f4021000 rw-p 00000000 00:00 0 
7f99f4021000-7f99f8000000 ---p 00000000 00:00 0 
7f99f8000000-7f99f829c000 rw-p 00000000 00:00 0 
7f99f829c000-7f99fc000000 ---p 00000000 00:00 0 
7f99fc000000-7f99fc021000 rw-p 00000000 00:00 0 
7f99fc021000-7f9a00000000 ---p 00000000 00:00 0 
7f9a00fff000-7f9a04000000 rw-p 00000000 00:00 0 
7f9a04000000-7f9a04021000 rw-p 00000000 00:00 0 
7f9a04021000-7f9a08000000 ---p 00000000 00:00 0 
7f9a08579000-7f9a0857c000 ---p 00000000 00:00 0 
7f9a0857c000-7f9a0867a000 rw-p 00000000 00:00 0 
7f9a0867a000-7f9a0867d000 ---p 00000000 00:00 0 
7f9a0867d000-7f9a087fb000 rw-p 00000000 00:00 0 
7f9a087fb000-7f9a0897b000 ---p 00000000 00:00 0 
7f9a0897b000-7f9a08980000 r--s 002f9000 08:01 1579414                    /home/ubuntu/jdk1.8.0_211/jre/lib/charsets.jar
7f9a08980000-7f9a08b80000 rw-p 00000000 00:00 0 
7f9a08b80000-7f9a08d80000 rw-p 00000000 00:00 0 
7f9a08d80000-7f9a08f80000 rw-p 00000000 00:00 0 
7f9a08f80000-7f9a08f83000 ---p 00000000 00:00 0 
7f9a08f83000-7f9a09081000 rw-p 00000000 00:00 0 
7f9a09081000-7f9a0909d000 r--s 00393000 08:01 1579318                    /home/ubuntu/jdk1.8.0_211/jre/lib/ext/cldrdata.jar
7f9a0909d000-7f9a090a7000 r--s 00116000 08:01 1579323                    /home/ubuntu/jdk1.8.0_211/jre/lib/ext/localedata.jar
7f9a090a7000-7f9a090aa000 ---p 00000000 00:00 0 
7f9a090aa000-7f9a093a8000 rw-p 00000000 00:00 0 
7f9a093a8000-7f9a093ab000 ---p 00000000 00:00 0 
7f9a093ab000-7f9a094a9000 rw-p 00000000 00:00 0 
7f9a094a9000-7f9a094ac000 ---p 00000000 00:00 0 
7f9a094ac000-7f9a097aa000 rw-p 00000000 00:00 0 
7f9a097aa000-7f9a099aa000 rw-p 00000000 00:00 0 
7f9a099aa000-7f9a09baa000 rw-p 00000000 00:00 0 
7f9a09baa000-7f9a09c3f000 r--s 01112000 08:01 1579320                    /home/ubuntu/jdk1.8.0_211/jre/lib/ext/jfxrt.jar
7f9a09c3f000-7f9a09e3f000 rw-p 00000000 00:00 0 
7f9a09e3f000-7f9a09e42000 ---p 00000000 00:00 0 
7f9a09e42000-7f9a0a140000 rw-p 00000000 00:00 0 
7f9a0a140000-7f9a0a141000 ---p 00000000 00:00 0 
7f9a0a141000-7f9a0a241000 rw-p 00000000 00:00 0 
7f9a0a241000-7f9a0a244000 ---p 00000000 00:00 0 
7f9a0a244000-7f9a0a342000 rw-p 00000000 00:00 0 
7f9a0a342000-7f9a0a347000 r--s 000a3000 08:01 1579415                    /home/ubuntu/jdk1.8.0_211/jre/lib/jsse.jar
7f9a0a347000-7f9a0a358000 r-xp 00000000 08:01 2102076                    /home/ubuntu/jdk1.8.0_211/jre/lib/amd64/libnio.so
7f9a0a358000-7f9a0a557000 ---p 00011000 08:01 2102076                    /home/ubuntu/jdk1.8.0_211/jre/lib/amd64/libnio.so
7f9a0a557000-7f9a0a558000 r--p 00010000 08:01 2102076                    /home/ubuntu/jdk1.8.0_211/jre/lib/amd64/libnio.so
7f9a0a558000-7f9a0a559000 rw-p 00011000 08:01 2102076                    /home/ubuntu/jdk1.8.0_211/jre/lib/amd64/libnio.so
7f9a0a559000-7f9a0a562000 r-xp 00000000 08:01 2102043                    /home/ubuntu/jdk1.8.0_211/jre/lib/amd64/libmanagement.so
7f9a0a562000-7f9a0a761000 ---p 00009000 08:01 2102043                    /home/ubuntu/jdk1.8.0_211/jre/lib/amd64/libmanagement.so
7f9a0a761000-7f9a0a762000 r--p 00008000 08:01 2102043                    /home/ubuntu/jdk1.8.0_211/jre/lib/amd64/libmanagement.so
7f9a0a762000-7f9a0a763000 rw-p 00009000 08:01 2102043                    /home/ubuntu/jdk1.8.0_211/jre/lib/amd64/libmanagement.so
7f9a0a763000-7f9a0a766000 ---p 00000000 00:00 0 
7f9a0a766000-7f9a0a864000 rw-p 00000000 00:00 0 
7f9a0a864000-7f9a0a865000 ---p 00000000 00:00 0 
7f9a0a865000-7f9a0a868000 ---p 00000000 00:00 0 
7f9a0a868000-7f9a0a965000 rw-p 00000000 00:00 0 
7f9a0a965000-7f9a0a966000 ---p 00000000 00:00 0 
7f9a0a966000-7f9a0a969000 ---p 00000000 00:00 0 
7f9a0a969000-7f9a0aa66000 rw-p 00000000 00:00 0 
7f9a0aa66000-7f9a0aa7c000 r-xp 00000000 08:01 2102084                    /home/ubuntu/jdk1.8.0_211/jre/lib/amd64/libnet.so
7f9a0aa7c000-7f9a0ac7b000 ---p 00016000 08:01 2102084                    /home/ubuntu/jdk1.8.0_211/jre/lib/amd64/libnet.so
7f9a0ac7b000-7f9a0ac7c000 r--p 00015000 08:01 2102084                    /home/ubuntu/jdk1.8.0_211/jre/lib/amd64/libnet.so
7f9a0ac7c000-7f9a0ac7d000 rw-p 00016000 08:01 2102084                    /home/ubuntu/jdk1.8.0_211/jre/lib/amd64/libnet.so
7f9a0ac7d000-7f9a0ac7e000 ---p 00000000 00:00 0 
7f9a0ac7e000-7f9a0ac81000 ---p 00000000 00:00 0 
7f9a0ac81000-7f9a0ad7e000 rw-p 00000000 00:00 0 
7f9a0ad7e000-7f9a0ad81000 ---p 00000000 00:00 0 
7f9a0ad81000-7f9a0ae7f000 rw-p 00000000 00:00 0 
7f9a0ae7f000-7f9a0ae81000 r--s 0001b000 08:01 1576986                    /home/ubuntu/idea-IU-191.6707.61/lib/idea_rt.jar
7f9a0ae81000-7f9a0ae88000 r--s 00047000 08:01 3024927                    /home/ubuntu/.m2/repository/io/netty/netty-codec/4.1.29.Final/netty-codec-4.1.29.Final.jar
7f9a0ae88000-7f9a0ae90000 r--s 00059000 08:01 3408739                    /home/ubuntu/.m2/repository/io/netty/netty-handler/4.1.29.Final/netty-handler-4.1.29.Final.jar
7f9a0ae90000-7f9a0ae91000 r--s 00007000 08:01 3408307                    /home/ubuntu/.m2/repository/io/netty/netty-resolver/4.1.29.Final/netty-resolver-4.1.29.Final.jar
7f9a0ae91000-7f9a0ae95000 r--s 0003f000 08:01 3283484                    /home/ubuntu/.m2/repository/io/netty/netty-buffer/4.1.29.Final/netty-buffer-4.1.29.Final.jar
7f9a0ae95000-7f9a0ae9e000 r--s 00068000 08:01 3157066                    /home/ubuntu/.m2/repository/io/netty/netty-transport/4.1.29.Final/netty-transport-4.1.29.Final.jar
7f9a0ae9e000-7f9a0aeab000 r--s 00081000 08:01 3408330                    /home/ubuntu/.m2/repository/io/netty/netty-common/4.1.29.Final/netty-common-4.1.29.Final.jar
7f9a0aeab000-7f9a0aebf000 r--s 00136000 08:01 3408737                    /home/ubuntu/.m2/repository/io/projectreactor/reactor-core/3.1.9.RELEASE/reactor-core-3.1.9.RELEASE.jar
7f9a0aebf000-7f9a0aed6000 r--s 0010c000 08:01 3408735                    /home/ubuntu/.m2/repository/io/lettuce/lettuce-core/5.0.5.RELEASE/lettuce-core-5.0.5.RELEASE.jar
7f9a0aed6000-7f9a0aed8000 r--s 00009000 08:01 1973131                    /home/ubuntu/.m2/repository/org/slf4j/slf4j-api/1.7.25/slf4j-api-1.7.25.jar
7f9a0aed8000-7f9a0aee0000 r--s 00037000 08:01 3803434                    /home/ubuntu/.m2/repository/org/springframework/spring-tx/5.0.9.RELEASE/spring-tx-5.0.9.RELEASE.jar
7f9a0aee0000-7f9a0aef7000 r--s 000f2000 08:01 3408730                    /home/ubuntu/.m2/repository/org/springframework/data/spring-data-commons/2.0.10.RELEASE/spring-data-commons-2.0.10.RELEASE.jar
7f9a0aef7000-7f9a0af10000 r--s 0012a000 08:01 3408725                    /home/ubuntu/.m2/repository/org/springframework/data/spring-data-redis/2.0.10.RELEASE/spring-data-redis-2.0.10.RELEASE.jar
7f9a0af10000-7f9a0af2a000 r--s 000f1000 08:01 3803439                    /home/ubuntu/.m2/repository/org/springframework/spring-context/5.0.9.RELEASE/spring-context-5.0.9.RELEASE.jar
7f9a0af2a000-7f9a0af2d000 ---p 00000000 00:00 0 
7f9a0af2d000-7f9a0b02b000 rw-p 00000000 00:00 0 
7f9a0b02b000-7f9a0b9fa000 r--p 00000000 08:01 2497223                    /usr/lib/locale/locale-archive
7f9a0b9fa000-7f9a0b9fd000 ---p 00000000 00:00 0 
7f9a0b9fd000-7f9a0bafb000 rw-p 00000000 00:00 0 
7f9a0bafb000-7f9a0bafe000 ---p 00000000 00:00 0 
7f9a0bafe000-7f9a0bbfc000 rw-p 00000000 00:00 0 
7f9a0bbfc000-7f9a0bbfd000 ---p 00000000 00:00 0 
7f9a0bbfd000-7f9a0c000000 rw-p 00000000 00:00 0 
7f9a0c000000-7f9a0c021000 rw-p 00000000 00:00 0 
7f9a0c021000-7f9a10000000 ---p 00000000 00:00 0 
7f9a10000000-7f9a10001000 r--s 00000000 08:01 2374105                    /home/ubuntu/.m2/repository/org/reactivestreams/reactive-streams/1.0.2/reactive-streams-1.0.2.jar
7f9a10001000-7f9a10005000 r--s 00028000 08:01 3408733                    /home/ubuntu/.m2/repository/org/springframework/spring-context-support/5.0.9.RELEASE/spring-context-support-5.0.9.RELEASE.jar
7f9a10005000-7f9a10007000 r--s 00010000 08:01 3408731                    /home/ubuntu/.m2/repository/org/springframework/spring-oxm/5.0.9.RELEASE/spring-oxm-5.0.9.RELEASE.jar
7f9a10007000-7f9a1000b000 r--s 00016000 08:01 3408727                    /home/ubuntu/.m2/repository/org/springframework/data/spring-data-keyvalue/2.0.10.RELEASE/spring-data-keyvalue-2.0.10.RELEASE.jar
7f9a1000b000-7f9a1000c000 r--s 00000000 08:01 3408723                    /home/ubuntu/.m2/repository/org/springframework/boot/spring-boot-starter-data-redis/2.0.5.RELEASE/spring-boot-starter-data-redis-2.0.5.RELEASE.jar
7f9a1000c000-7f9a10011000 r--s 00040000 08:01 3803447                    /home/ubuntu/.m2/repository/org/springframework/spring-expression/5.0.9.RELEASE/spring-expression-5.0.9.RELEASE.jar
7f9a10011000-7f9a1001a000 r--s 00051000 08:01 3803441                    /home/ubuntu/.m2/repository/org/springframework/spring-aop/5.0.9.RELEASE/spring-aop-5.0.9.RELEASE.jar
7f9a1001a000-7f9a10029000 r--s 000b3000 08:01 3803540                    /home/ubuntu/.m2/repository/org/springframework/spring-webmvc/5.0.9.RELEASE/spring-webmvc-5.0.9.RELEASE.jar
7f9a10029000-7f9a10036000 r--s 00095000 08:01 3803446                    /home/ubuntu/.m2/repository/org/springframework/spring-beans/5.0.9.RELEASE/spring-beans-5.0.9.RELEASE.jar
7f9a10036000-7f9a10050000 r--s 0011b000 08:01 3803542                    /home/ubuntu/.m2/repository/org/springframework/spring-web/5.0.9.RELEASE/spring-web-5.0.9.RELEASE.jar
7f9a10050000-7f9a10052000 r--s 0000e000 08:01 1842301                    /home/ubuntu/.m2/repository/com/fasterxml/classmate/1.3.4/classmate-1.3.4.jar
7f9a10052000-7f9a10054000 r--s 0000f000 08:01 2506681                    /home/ubuntu/.m2/repository/org/jboss/logging/jboss-logging/3.3.2.Final/jboss-logging-3.3.2.Final.jar
7f9a10054000-7f9a10059000 r--s 00012000 08:01 1729384                    /home/ubuntu/.m2/repository/javax/validation/validation-api/2.0.1.Final/validation-api-2.0.1.Final.jar
7f9a10059000-7f9a10076000 r--s 000fe000 08:01 3803537                    /home/ubuntu/.m2/repository/org/hibernate/validator/hibernate-validator/6.0.12.Final/hibernate-validator-6.0.12.Final.jar
7f9a10076000-7f9a1007b000 r--s 0003a000 08:01 3803536                    /home/ubuntu/.m2/repository/org/apache/tomcat/embed/tomcat-embed-websocket/8.5.34/tomcat-embed-websocket-8.5.34.jar
7f9a1007b000-7f9a10080000 r--s 00038000 08:01 3803528                    /home/ubuntu/.m2/repository/org/apache/tomcat/embed/tomcat-embed-el/8.5.34/tomcat-embed-el-8.5.34.jar
7f9a10080000-7f9a100aa000 r--s 002d5000 08:01 3803531                    /home/ubuntu/.m2/repository/org/apache/tomcat/embed/tomcat-embed-core/8.5.34/tomcat-embed-core-8.5.34.jar
7f9a100aa000-7f9a100ac000 r--s 00001000 08:01 1842531                    /home/ubuntu/.m2/repository/com/fasterxml/jackson/module/jackson-module-parameter-names/2.9.6/jackson-module-parameter-names-2.9.6.jar
7f9a100ac000-7f9a100af000 r--s 00016000 08:01 1842654                    /home/ubuntu/.m2/repository/com/fasterxml/jackson/datatype/jackson-datatype-jsr310/2.9.6/jackson-datatype-jsr310-2.9.6.jar
7f9a100af000-7f9a100b1000 r--s 00007000 08:01 1842631                    /home/ubuntu/.m2/repository/com/fasterxml/jackson/datatype/jackson-datatype-jdk8/2.9.6/jackson-datatype-jdk8-2.9.6.jar
7f9a100b1000-7f9a100b6000 r--s 0004b000 08:01 1842428                    /home/ubuntu/.m2/repository/com/fasterxml/jackson/core/jackson-core/2.9.6/jackson-core-2.9.6.jar
7f9a100b6000-7f9a100b9000 r--s 0000e000 08:01 1842408                    /home/ubuntu/.m2/repository/com/fasterxml/jackson/core/jackson-annotations/2.9.0/jackson-annotations-2.9.0.jar
7f9a100b9000-7f9a100cc000 r--s 00137000 08:01 1842465                    /home/ubuntu/.m2/repository/com/fasterxml/jackson/core/jackson-databind/2.9.6/jackson-databind-2.9.6.jar
7f9a100cc000-7f9a100e7000 r--s 00185000 08:01 2629094                    /home/ubuntu/.m2/repository/org/mybatis/mybatis/3.5.2/mybatis-3.5.2.jar
7f9a100e7000-7f9a15000000 rw-p 00000000 00:00 0 
7f9a15000000-7f9a15600000 rwxp 00000000 00:00 0 
7f9a15600000-7f9a24000000 ---p 00000000 00:00 0 
7f9a24000000-7f9a24c86000 rw-p 00000000 00:00 0 
7f9a24c86000-7f9a28000000 ---p 00000000 00:00 0 
7f9a28000000-7f9a28001000 r--s 00000000 08:01 3803529                    /home/ubuntu/.m2/repository/org/springframework/boot/spring-boot-starter-tomcat/2.0.5.RELEASE/spring-boot-starter-tomcat-2.0.5.RELEASE.jar
7f9a28001000-7f9a28002000 r--s 00000000 08:01 3803525                    /home/ubuntu/.m2/repository/org/springframework/boot/spring-boot-starter-json/2.0.5.RELEASE/spring-boot-starter-json-2.0.5.RELEASE.jar
7f9a28002000-7f9a28003000 r--s 00000000 08:01 3803523                    /home/ubuntu/.m2/repository/org/springframework/boot/spring-boot-starter-web/2.0.5.RELEASE/spring-boot-starter-web-2.0.5.RELEASE.jar
7f9a28003000-7f9a28005000 r--s 0000f000 08:01 3024948                    /home/ubuntu/.m2/repository/org/mybatis/mybatis-spring/2.0.2/mybatis-spring-2.0.2.jar
7f9a28005000-7f9a28007000 r--s 00005000 08:01 2629092                    /home/ubuntu/.m2/repository/org/mybatis/spring/boot/mybatis-spring-boot-autoconfigure/2.1.0/mybatis-spring-boot-autoconfigure-2.1.0.jar
7f9a28007000-7f9a28010000 r--s 00059000 08:01 3803462                    /home/ubuntu/.m2/repository/org/springframework/spring-jdbc/5.0.9.RELEASE/spring-jdbc-5.0.9.RELEASE.jar
7f9a28010000-7f9a28014000 r--s 00020000 08:01 1842126                    /home/ubuntu/.m2/repository/com/zaxxer/HikariCP/2.7.9/HikariCP-2.7.9.jar
7f9a28014000-7f9a28015000 r--s 00000000 08:01 3803457                    /home/ubuntu/.m2/repository/org/springframework/boot/spring-boot-starter-jdbc/2.0.5.RELEASE/spring-boot-starter-jdbc-2.0.5.RELEASE.jar
7f9a28015000-7f9a2801c000 r--s 00042000 08:01 1973029                    /home/ubuntu/.m2/repository/org/yaml/snakeyaml/1.19/snakeyaml-1.19.jar
7f9a2801c000-7f9a2801e000 r--s 00004000 08:01 3803455                    /home/ubuntu/.m2/repository/org/springframework/spring-jcl/5.0.9.RELEASE/spring-jcl-5.0.9.RELEASE.jar
7f9a2801e000-7f9a28036000 r--s 00114000 08:01 3803443                    /home/ubuntu/.m2/repository/org/springframework/spring-core/5.0.9.RELEASE/spring-core-5.0.9.RELEASE.jar
7f9a28036000-7f9a28038000 r--s 00005000 08:01 1729443                    /home/ubuntu/.m2/repository/javax/annotation/javax.annotation-api/1.3.2/javax.annotation-api-1.3.2.jar
7f9a28038000-7f9a2803a000 r--s 00000000 08:01 1973085                    /home/ubuntu/.m2/repository/org/slf4j/jul-to-slf4j/1.7.25/jul-to-slf4j-1.7.25.jar
7f9a2803a000-7f9a28040000 r--s 00039000 08:01 2373690                    /home/ubuntu/.m2/repository/org/apache/logging/log4j/log4j-api/2.10.0/log4j-api-2.10.0.jar
7f9a28040000-7f9a28042000 r--s 00003000 08:01 2373679                    /home/ubuntu/.m2/repository/org/apache/logging/log4j/log4j-to-slf4j/2.10.0/log4j-to-slf4j-2.10.0.jar
7f9a28042000-7f9a2804d000 r--s 00069000 08:01 1729358                    /home/ubuntu/.m2/repository/ch/qos/logback/logback-core/1.2.3/logback-core-1.2.3.jar
7f9a2804d000-7f9a28053000 r--s 00041000 08:01 1729340                    /home/ubuntu/.m2/repository/ch/qos/logback/logback-classic/1.2.3/logback-classic-1.2.3.jar
7f9a28053000-7f9a28054000 r--s 00000000 08:01 3803451                    /home/ubuntu/.m2/repository/org/springframework/boot/spring-boot-starter-logging/2.0.5.RELEASE/spring-boot-starter-logging-2.0.5.RELEASE.jar
7f9a28054000-7f9a28075000 r--s 000fe000 08:01 3803467                    /home/ubuntu/.m2/repository/org/springframework/boot/spring-boot-autoconfigure/2.0.5.RELEASE/spring-boot-autoconfigure-2.0.5.RELEASE.jar
7f9a28075000-7f9a2808a000 r--s 000d0000 08:01 3803449                    /home/ubuntu/.m2/repository/org/springframework/boot/spring-boot/2.0.5.RELEASE/spring-boot-2.0.5.RELEASE.jar
7f9a2808a000-7f9a2808b000 r--s 00000000 08:01 3803459                    /home/ubuntu/.m2/repository/org/springframework/boot/spring-boot-starter/2.0.5.RELEASE/spring-boot-starter-2.0.5.RELEASE.jar
7f9a2808b000-7f9a2808c000 r--s 00000000 08:01 3157078                    /home/ubuntu/.m2/repository/org/mybatis/spring/boot/mybatis-spring-boot-starter/2.1.0/mybatis-spring-boot-starter-2.1.0.jar
7f9a2808c000-7f9a2809c000 r--s 0014c000 08:01 2628440                    /home/ubuntu/.m2/repository/com/google/protobuf/protobuf-java/3.6.1/protobuf-java-3.6.1.jar
7f9a2809c000-7f9a280b4000 r--s 001f2000 08:01 3408531                    /home/ubuntu/.m2/repository/mysql/mysql-connector-java/8.0.14/mysql-connector-java-8.0.14.jar
7f9a280b4000-7f9a280b7000 r--s 0000b000 08:01 2628721                    /home/ubuntu/.m2/repository/org/objenesis/objenesis/2.5.1/objenesis-2.5.1.jar
7f9a280b7000-7f9a280bf000 r--s 0005d000 08:01 3803937                    /home/ubuntu/.m2/repository/com/esotericsoftware/kryo-shaded/4.0.1/kryo-shaded-4.0.1.jar
7f9a280bf000-7f9a280d2000 r--s 00345000 08:01 1579388                    /home/ubuntu/jdk1.8.0_211/jre/lib/resources.jar
7f9a280d2000-7f9a280e5000 r--s 000d6000 08:01 1579311                    /home/ubuntu/jdk1.8.0_211/jre/lib/plugin.jar
7f9a280e5000-7f9a28100000 r--s 0020c000 08:01 1579392                    /home/ubuntu/jdk1.8.0_211/jre/lib/deploy.jar
7f9a28100000-7f9a28403000 rw-p 00000000 00:00 0 
7f9a28403000-7f9a285dd000 r--s 03d6d000 08:01 1579313                    /home/ubuntu/jdk1.8.0_211/jre/lib/rt.jar
7f9a285dd000-7f9a28a34000 rw-p 00000000 00:00 0 
7f9a28a34000-7f9a28a35000 ---p 00000000 00:00 0 
7f9a28a35000-7f9a28b35000 rw-p 00000000 00:00 0 
7f9a28b35000-7f9a28b36000 ---p 00000000 00:00 0 
7f9a28b36000-7f9a28c36000 rw-p 00000000 00:00 0 
7f9a28c36000-7f9a28c37000 ---p 00000000 00:00 0 
7f9a28c37000-7f9a28d37000 rw-p 00000000 00:00 0 
7f9a28d37000-7f9a28d38000 ---p 00000000 00:00 0 
7f9a28d38000-7f9a28e4f000 rw-p 00000000 00:00 0 
7f9a28e4f000-7f9a290ce000 ---p 00000000 00:00 0 
7f9a290ce000-7f9a290e5000 rw-p 00000000 00:00 0 
7f9a290e5000-7f9a29364000 ---p 00000000 00:00 0 
7f9a29364000-7f9a293ab000 rw-p 00000000 00:00 0 
7f9a293ab000-7f9a294af000 ---p 00000000 00:00 0 
7f9a294af000-7f9a294c8000 rw-p 00000000 00:00 0 
7f9a294c8000-7f9a29870000 ---p 00000000 00:00 0 
7f9a29870000-7f9a2988b000 r-xp 00000000 08:01 2102041                    /home/ubuntu/jdk1.8.0_211/jre/lib/amd64/libzip.so
7f9a2988b000-7f9a29a8a000 ---p 0001b000 08:01 2102041                    /home/ubuntu/jdk1.8.0_211/jre/lib/amd64/libzip.so
7f9a29a8a000-7f9a29a8b000 r--p 0001a000 08:01 2102041                    /home/ubuntu/jdk1.8.0_211/jre/lib/amd64/libzip.so
7f9a29a8b000-7f9a29a8c000 rw-p 0001b000 08:01 2102041                    /home/ubuntu/jdk1.8.0_211/jre/lib/amd64/libzip.so
7f9a29a8c000-7f9a29a97000 r-xp 00000000 08:01 1709629                    /lib/x86_64-linux-gnu/libnss_files-2.27.so
7f9a29a97000-7f9a29c96000 ---p 0000b000 08:01 1709629                    /lib/x86_64-linux-gnu/libnss_files-2.27.so
7f9a29c96000-7f9a29c97000 r--p 0000a000 08:01 1709629                    /lib/x86_64-linux-gnu/libnss_files-2.27.so
7f9a29c97000-7f9a29c98000 rw-p 0000b000 08:01 1709629                    /lib/x86_64-linux-gnu/libnss_files-2.27.so
7f9a29c98000-7f9a29c9e000 rw-p 00000000 00:00 0 
7f9a29c9e000-7f9a29cb5000 r-xp 00000000 08:01 1709623                    /lib/x86_64-linux-gnu/libnsl-2.27.so
7f9a29cb5000-7f9a29eb4000 ---p 00017000 08:01 1709623                    /lib/x86_64-linux-gnu/libnsl-2.27.so
7f9a29eb4000-7f9a29eb5000 r--p 00016000 08:01 1709623                    /lib/x86_64-linux-gnu/libnsl-2.27.so
7f9a29eb5000-7f9a29eb6000 rw-p 00017000 08:01 1709623                    /lib/x86_64-linux-gnu/libnsl-2.27.so
7f9a29eb6000-7f9a29eb8000 rw-p 00000000 00:00 0 
7f9a29eb8000-7f9a29ec3000 r-xp 00000000 08:01 1709640                    /lib/x86_64-linux-gnu/libnss_nis-2.27.so
7f9a29ec3000-7f9a2a0c2000 ---p 0000b000 08:01 1709640                    /lib/x86_64-linux-gnu/libnss_nis-2.27.so
7f9a2a0c2000-7f9a2a0c3000 r--p 0000a000 08:01 1709640                    /lib/x86_64-linux-gnu/libnss_nis-2.27.so
7f9a2a0c3000-7f9a2a0c4000 rw-p 0000b000 08:01 1709640                    /lib/x86_64-linux-gnu/libnss_nis-2.27.so
7f9a2a0c4000-7f9a2a0cc000 r-xp 00000000 08:01 1709625                    /lib/x86_64-linux-gnu/libnss_compat-2.27.so
7f9a2a0cc000-7f9a2a2cc000 ---p 00008000 08:01 1709625                    /lib/x86_64-linux-gnu/libnss_compat-2.27.so
7f9a2a2cc000-7f9a2a2cd000 r--p 00008000 08:01 1709625                    /lib/x86_64-linux-gnu/libnss_compat-2.27.so
7f9a2a2cd000-7f9a2a2ce000 rw-p 00009000 08:01 1709625                    /lib/x86_64-linux-gnu/libnss_compat-2.27.so
7f9a2a2ce000-7f9a2a2d8000 r-xp 00000000 08:01 2102023                    /home/ubuntu/jdk1.8.0_211/jre/lib/amd64/libinstrument.so
7f9a2a2d8000-7f9a2a4d7000 ---p 0000a000 08:01 2102023                    /home/ubuntu/jdk1.8.0_211/jre/lib/amd64/libinstrument.so
7f9a2a4d7000-7f9a2a4d8000 r--p 00009000 08:01 2102023                    /home/ubuntu/jdk1.8.0_211/jre/lib/amd64/libinstrument.so
7f9a2a4d8000-7f9a2a4d9000 rw-p 0000a000 08:01 2102023                    /home/ubuntu/jdk1.8.0_211/jre/lib/amd64/libinstrument.so
7f9a2a4d9000-7f9a2a505000 r-xp 00000000 08:01 2102052                    /home/ubuntu/jdk1.8.0_211/jre/lib/amd64/libjava.so
7f9a2a505000-7f9a2a705000 ---p 0002c000 08:01 2102052                    /home/ubuntu/jdk1.8.0_211/jre/lib/amd64/libjava.so
7f9a2a705000-7f9a2a706000 r--p 0002c000 08:01 2102052                    /home/ubuntu/jdk1.8.0_211/jre/lib/amd64/libjava.so
7f9a2a706000-7f9a2a708000 rw-p 0002d000 08:01 2102052                    /home/ubuntu/jdk1.8.0_211/jre/lib/amd64/libjava.so
7f9a2a708000-7f9a2a715000 r-xp 00000000 08:01 2102079                    /home/ubuntu/jdk1.8.0_211/jre/lib/amd64/libverify.so
7f9a2a715000-7f9a2a914000 ---p 0000d000 08:01 2102079                    /home/ubuntu/jdk1.8.0_211/jre/lib/amd64/libverify.so
7f9a2a914000-7f9a2a916000 r--p 0000c000 08:01 2102079                    /home/ubuntu/jdk1.8.0_211/jre/lib/amd64/libverify.so
7f9a2a916000-7f9a2a917000 rw-p 0000e000 08:01 2102079                    /home/ubuntu/jdk1.8.0_211/jre/lib/amd64/libverify.so
7f9a2a917000-7f9a2a91e000 r-xp 00000000 08:01 1709680                    /lib/x86_64-linux-gnu/librt-2.27.so
7f9a2a91e000-7f9a2ab1d000 ---p 00007000 08:01 1709680                    /lib/x86_64-linux-gnu/librt-2.27.so
7f9a2ab1d000-7f9a2ab1e000 r--p 00006000 08:01 1709680                    /lib/x86_64-linux-gnu/librt-2.27.so
7f9a2ab1e000-7f9a2ab1f000 rw-p 00007000 08:01 1709680                    /lib/x86_64-linux-gnu/librt-2.27.so
7f9a2ab1f000-7f9a2acbc000 r-xp 00000000 08:01 1709602                    /lib/x86_64-linux-gnu/libm-2.27.so
7f9a2acbc000-7f9a2aebb000 ---p 0019d000 08:01 1709602                    /lib/x86_64-linux-gnu/libm-2.27.so
7f9a2aebb000-7f9a2aebc000 r--p 0019c000 08:01 1709602                    /lib/x86_64-linux-gnu/libm-2.27.so
7f9a2aebc000-7f9a2aebd000 rw-p 0019d000 08:01 1709602                    /lib/x86_64-linux-gnu/libm-2.27.so
7f9a2aebd000-7f9a2bba5000 r-xp 00000000 08:01 2102060                    /home/ubuntu/jdk1.8.0_211/jre/lib/amd64/server/libjvm.so
7f9a2bba5000-7f9a2bda4000 ---p 00ce8000 08:01 2102060                    /home/ubuntu/jdk1.8.0_211/jre/lib/amd64/server/libjvm.so
7f9a2bda4000-7f9a2be3a000 r--p 00ce7000 08:01 2102060                    /home/ubuntu/jdk1.8.0_211/jre/lib/amd64/server/libjvm.so
7f9a2be3a000-7f9a2be6b000 rw-p 00d7d000 08:01 2102060                    /home/ubuntu/jdk1.8.0_211/jre/lib/amd64/server/libjvm.so
7f9a2be6b000-7f9a2bea6000 rw-p 00000000 00:00 0 
7f9a2bea6000-7f9a2c08d000 r-xp 00000000 08:01 1709539                    /lib/x86_64-linux-gnu/libc-2.27.so
7f9a2c08d000-7f9a2c28d000 ---p 001e7000 08:01 1709539                    /lib/x86_64-linux-gnu/libc-2.27.so
7f9a2c28d000-7f9a2c291000 r--p 001e7000 08:01 1709539                    /lib/x86_64-linux-gnu/libc-2.27.so
7f9a2c291000-7f9a2c293000 rw-p 001eb000 08:01 1709539                    /lib/x86_64-linux-gnu/libc-2.27.so
7f9a2c293000-7f9a2c297000 rw-p 00000000 00:00 0 
7f9a2c297000-7f9a2c29a000 r-xp 00000000 08:01 1709562                    /lib/x86_64-linux-gnu/libdl-2.27.so
7f9a2c29a000-7f9a2c499000 ---p 00003000 08:01 1709562                    /lib/x86_64-linux-gnu/libdl-2.27.so
7f9a2c499000-7f9a2c49a000 r--p 00002000 08:01 1709562                    /lib/x86_64-linux-gnu/libdl-2.27.so
7f9a2c49a000-7f9a2c49b000 rw-p 00003000 08:01 1709562                    /lib/x86_64-linux-gnu/libdl-2.27.so
7f9a2c49b000-7f9a2c4b2000 r-xp 00000000 08:01 2103521                    /home/ubuntu/jdk1.8.0_211/lib/amd64/jli/libjli.so
7f9a2c4b2000-7f9a2c6b1000 ---p 00017000 08:01 2103521                    /home/ubuntu/jdk1.8.0_211/lib/amd64/jli/libjli.so
7f9a2c6b1000-7f9a2c6b2000 r--p 00016000 08:01 2103521                    /home/ubuntu/jdk1.8.0_211/lib/amd64/jli/libjli.so
7f9a2c6b2000-7f9a2c6b3000 rw-p 00017000 08:01 2103521                    /home/ubuntu/jdk1.8.0_211/lib/amd64/jli/libjli.so
7f9a2c6b3000-7f9a2c6cd000 r-xp 00000000 08:01 1709672                    /lib/x86_64-linux-gnu/libpthread-2.27.so
7f9a2c6cd000-7f9a2c8cc000 ---p 0001a000 08:01 1709672                    /lib/x86_64-linux-gnu/libpthread-2.27.so
7f9a2c8cc000-7f9a2c8cd000 r--p 00019000 08:01 1709672                    /lib/x86_64-linux-gnu/libpthread-2.27.so
7f9a2c8cd000-7f9a2c8ce000 rw-p 0001a000 08:01 1709672                    /lib/x86_64-linux-gnu/libpthread-2.27.so
7f9a2c8ce000-7f9a2c8d2000 rw-p 00000000 00:00 0 
7f9a2c8d2000-7f9a2c8f9000 r-xp 00000000 08:01 1709511                    /lib/x86_64-linux-gnu/ld-2.27.so
7f9a2c8f9000-7f9a2c8fa000 r--s 00001000 08:01 2757164                    /home/ubuntu/.m2/repository/com/esotericsoftware/minlog/1.3.0/minlog-1.3.0.jar
7f9a2c8fa000-7f9a2c8fb000 r--s 00000000 08:01 1579309                    /home/ubuntu/jdk1.8.0_211/jre/lib/management-agent.jar
7f9a2c8fb000-7f9a2c900000 r--s 000a3000 08:01 1579415                    /home/ubuntu/jdk1.8.0_211/jre/lib/jsse.jar
7f9a2c900000-7f9a2c902000 r--s 00007000 08:01 1579338                    /home/ubuntu/jdk1.8.0_211/jre/lib/jfxswt.jar
7f9a2c902000-7f9a2c907000 r--s 00084000 08:01 1579409                    /home/ubuntu/jdk1.8.0_211/jre/lib/jfr.jar
7f9a2c907000-7f9a2c90a000 r--s 0001a000 08:01 1579386                    /home/ubuntu/jdk1.8.0_211/jre/lib/jce.jar
7f9a2c90a000-7f9a2c9db000 rw-p 00000000 00:00 0 
7f9a2c9db000-7f9a2c9dc000 ---p 00000000 00:00 0 
7f9a2c9dc000-7f9a2c9df000 ---p 00000000 00:00 0 
7f9a2c9df000-7f9a2cae0000 rw-p 00000000 00:00 0 
7f9a2cae0000-7f9a2caea000 r--s 0006e000 08:01 1579393                    /home/ubuntu/jdk1.8.0_211/jre/lib/javaws.jar
7f9a2caea000-7f9a2caef000 r--s 002f9000 08:01 1579414                    /home/ubuntu/jdk1.8.0_211/jre/lib/charsets.jar
7f9a2caef000-7f9a2caf7000 rw-s 00000000 08:01 2511114                    /tmp/hsperfdata_ubuntu/46130
7f9a2caf7000-7f9a2caf8000 rw-p 00000000 00:00 0 
7f9a2caf8000-7f9a2caf9000 ---p 00000000 00:00 0 
7f9a2caf9000-7f9a2cafa000 r--p 00027000 08:01 1709511                    /lib/x86_64-linux-gnu/ld-2.27.so
7f9a2cafa000-7f9a2cafb000 rw-p 00028000 08:01 1709511                    /lib/x86_64-linux-gnu/ld-2.27.so
7f9a2cafb000-7f9a2cafc000 rw-p 00000000 00:00 0 
7fff140e9000-7fff1410c000 rw-p 00000000 00:00 0                          [stack]
7fff141c3000-7fff141c6000 r--p 00000000 00:00 0                          [vvar]
7fff141c6000-7fff141c7000 r-xp 00000000 00:00 0                          [vdso]
ffffffffff600000-ffffffffff601000 r-xp 00000000 00:00 0                  [vsyscall]

VM Arguments:
jvm_args: -XX:TieredStopAtLevel=1 -Xverify:none -Dspring.output.ansi.enabled=always -Dcom.sun.management.jmxremote -Dspring.jmx.enabled=true -Dspring.liveBeansView.mbeanDomain -Dspring.application.admin.enabled=true -javaagent:/home/ubuntu/idea-IU-191.6707.61/lib/idea_rt.jar=39183:/home/ubuntu/idea-IU-191.6707.61/bin -Dfile.encoding=UTF-8 
java_command: com.freezer.UserApplication
java_class_path (initial): /home/ubuntu/jdk1.8.0_211/jre/lib/charsets.jar:/home/ubuntu/jdk1.8.0_211/jre/lib/deploy.jar:/home/ubuntu/jdk1.8.0_211/jre/lib/ext/cldrdata.jar:/home/ubuntu/jdk1.8.0_211/jre/lib/ext/dnsns.jar:/home/ubuntu/jdk1.8.0_211/jre/lib/ext/jaccess.jar:/home/ubuntu/jdk1.8.0_211/jre/lib/ext/jfxrt.jar:/home/ubuntu/jdk1.8.0_211/jre/lib/ext/localedata.jar:/home/ubuntu/jdk1.8.0_211/jre/lib/ext/nashorn.jar:/home/ubuntu/jdk1.8.0_211/jre/lib/ext/sunec.jar:/home/ubuntu/jdk1.8.0_211/jre/lib/ext/sunjce_provider.jar:/home/ubuntu/jdk1.8.0_211/jre/lib/ext/sunpkcs11.jar:/home/ubuntu/jdk1.8.0_211/jre/lib/ext/zipfs.jar:/home/ubuntu/jdk1.8.0_211/jre/lib/javaws.jar:/home/ubuntu/jdk1.8.0_211/jre/lib/jce.jar:/home/ubuntu/jdk1.8.0_211/jre/lib/jfr.jar:/home/ubuntu/jdk1.8.0_211/jre/lib/jfxswt.jar:/home/ubuntu/jdk1.8.0_211/jre/lib/jsse.jar:/home/ubuntu/jdk1.8.0_211/jre/lib/management-agent.jar:/home/ubuntu/jdk1.8.0_211/jre/lib/plugin.jar:/home/ubuntu/jdk1.8.0_211/jre/lib/resources.jar:/home/ubuntu/jdk1.8.0_211/jre/lib/rt.jar:/home/ubuntu/IdeaProjects/unmanned-freezer/user-service/target/classes:/home/ubuntu/IdeaProjects/unmanned-freezer/utils/target/classes:/home/ubuntu/.m2/repository/com/esotericsoftware/kryo-shaded/4.0.1/kryo-shaded-4.0.1.jar:/home/ubuntu/.m2/repository/com/esotericsoftware/minlog/1.3.0/minlog-1.3.0.jar:/home/ubuntu/.m2/repository/org/objenesis/objenesis/2.5.1/objenesis-2.5.1.jar:/home/ubuntu/.m2/repository/mysql/mysql-connector-java/8.0.14/mysql-connector-java-8.0.14.jar:/home/ubuntu/.m2/repository/com/google/protobuf/protobuf-java/3.6.1/protobuf-java-3.6.1.jar:/home/ubuntu/.m2/repository/org/mybatis/spring/boot/mybatis-spring-boot-starter/2.1.0/mybatis-spring-boot-starter-2.1.0.jar:/home/ubuntu/.m2/repository/org/springframework/boot/spring-boot-starter/2.0.5.RELEASE/spring-boot-starter-2.0.5.RELEASE.jar:/home/ubuntu/.m2/repository/org/springframework/boot/spring-boot/2.0.5.RELEASE/spring-boot-2.0.5.RELEASE.jar:/home/ubuntu/.m2/repository/org/springfram
Launcher Type: SUN_STANDARD

Environment Variables:
PATH=/home/ubuntu/.local/bin:/home/ubuntu/apache-maven-3.6.1/bin:/usr/local/sbin:/usr/local/bin:/usr/sbin:/usr/bin:/sbin:/bin:/usr/games:/usr/local/games:/snap/bin
USERNAME=ubuntu
SHELL=/bin/bash
DISPLAY=:0

Signal Handlers:
SIGSEGV: [libjvm.so+0xad3d90], sa_mask[0]=11111111011111111101111111111110, sa_flags=SA_RESTART|SA_SIGINFO
SIGBUS: [libjvm.so+0xad3d90], sa_mask[0]=11111111011111111101111111111110, sa_flags=SA_RESTART|SA_SIGINFO
SIGFPE: [libjvm.so+0x90b8b0], sa_mask[0]=11111111011111111101111111111110, sa_flags=SA_RESTART|SA_SIGINFO
SIGPIPE: [libjvm.so+0x90b8b0], sa_mask[0]=11111111011111111101111111111110, sa_flags=SA_RESTART|SA_SIGINFO
SIGXFSZ: [libjvm.so+0x90b8b0], sa_mask[0]=11111111011111111101111111111110, sa_flags=SA_RESTART|SA_SIGINFO
SIGILL: [libjvm.so+0x90b8b0], sa_mask[0]=11111111011111111101111111111110, sa_flags=SA_RESTART|SA_SIGINFO
SIGUSR1: SIG_DFL, sa_mask[0]=00000000000000000000000000000000, sa_flags=none
SIGUSR2: [libjvm.so+0x90b780], sa_mask[0]=00100000000000000000000000000000, sa_flags=SA_RESTART|SA_SIGINFO
SIGHUP: [libjvm.so+0x90bda0], sa_mask[0]=11111111011111111101111111111110, sa_flags=SA_RESTART|SA_SIGINFO
SIGINT: [libjvm.so+0x90bda0], sa_mask[0]=11111111011111111101111111111110, sa_flags=SA_RESTART|SA_SIGINFO
SIGTERM: [libjvm.so+0x90bda0], sa_mask[0]=11111111011111111101111111111110, sa_flags=SA_RESTART|SA_SIGINFO
SIGQUIT: [libjvm.so+0x90bda0], sa_mask[0]=11111111011111111101111111111110, sa_flags=SA_RESTART|SA_SIGINFO


---------------  S Y S T E M  ---------------

OS:DISTRIB_ID=Ubuntu
DISTRIB_RELEASE=18.04
DISTRIB_CODENAME=bionic
DISTRIB_DESCRIPTION="Ubuntu 18.04.2 LTS"

uname:Linux 5.0.0-37-generic #40~18.04.1-Ubuntu SMP Thu Nov 14 12:06:39 UTC 2019 x86_64
libc:glibc 2.27 NPTL 2.27 
rlimit: STACK 8192k, CORE 0k, NPROC 31498, NOFILE 1048576, AS infinity
load average:0.76 0.62 0.78

/proc/meminfo:
MemTotal:        8133296 kB
MemFree:          106648 kB
MemAvailable:      26864 kB
Buffers:            1132 kB
Cached:            35844 kB
SwapCached:            0 kB
Active:          6778664 kB
Inactive:          29028 kB
Active(anon):    6773196 kB
Inactive(anon):    22396 kB
Active(file):       5468 kB
Inactive(file):     6632 kB
Unevictable:          64 kB
Mlocked:              64 kB
SwapTotal:             0 kB
SwapFree:              0 kB
Dirty:               100 kB
Writeback:             0 kB
AnonPages:       6771536 kB
Mapped:            26824 kB
Shmem:             24144 kB
KReclaimable:     101864 kB
Slab:             269388 kB
SReclaimable:     101864 kB
SUnreclaim:       167524 kB
KernelStack:       25824 kB
PageTables:        71336 kB
NFS_Unstable:          0 kB
Bounce:                0 kB
WritebackTmp:          0 kB
CommitLimit:     4066648 kB
Committed_AS:   15364840 kB
VmallocTotal:   34359738367 kB
VmallocUsed:           0 kB
VmallocChunk:          0 kB
Percpu:            90112 kB
HardwareCorrupted:     0 kB
AnonHugePages:         0 kB
ShmemHugePages:        0 kB
ShmemPmdMapped:        0 kB
CmaTotal:              0 kB
CmaFree:               0 kB
HugePages_Total:       0
HugePages_Free:        0
HugePages_Rsvd:        0
HugePages_Surp:        0
Hugepagesize:       2048 kB
Hugetlb:               0 kB
DirectMap4k:      282432 kB
DirectMap2M:     7049216 kB
DirectMap1G:     1048576 kB

container (cgroup) information:
container_type: cgroupv1
cpu_cpuset_cpus: 0-3
cpu_memory_nodes: 0
active_processor_count: 4
cpu_quota: -1
cpu_period: 100000
cpu_shares: -1
memory_limit_in_bytes: -1
memory_and_swap_limit_in_bytes: -2
memory_soft_limit_in_bytes: -1
memory_usage_in_bytes: 6442934272
memory_max_usage_in_bytes: 6487609344


CPU:total 4 (initial active 4) (2 cores per cpu, 1 threads per core) family 6 model 158 stepping 10, cmov, cx8, fxsr, mmx, sse, sse2, sse3, ssse3, sse4.1, sse4.2, popcnt, avx, avx2, aes, clmul, erms, rtm, 3dnowpref, lzcnt, tsc, tscinvbit, bmi1, bmi2, adx

/proc/cpuinfo:
processor	: 0
vendor_id	: GenuineIntel
cpu family	: 6
model		: 158
model name	: Intel(R) Core(TM) i5-8500 CPU @ 3.00GHz
stepping	: 10
microcode	: 0x96
cpu MHz		: 3000.001
cache size	: 9216 KB
physical id	: 0
siblings	: 2
core id		: 0
cpu cores	: 2
apicid		: 0
initial apicid	: 0
fpu		: yes
fpu_exception	: yes
cpuid level	: 22
wp		: yes
flags		: fpu vme de pse tsc msr pae mce cx8 apic sep mtrr pge mca cmov pat pse36 clflush mmx fxsr sse sse2 ss ht syscall nx pdpe1gb rdtscp lm constant_tsc arch_perfmon nopl xtopology tsc_reliable nonstop_tsc cpuid pni pclmulqdq ssse3 fma cx16 pcid sse4_1 sse4_2 x2apic movbe popcnt tsc_deadline_timer aes xsave avx f16c rdrand hypervisor lahf_lm abm 3dnowprefetch cpuid_fault invpcid_single pti ssbd ibrs ibpb stibp fsgsbase tsc_adjust bmi1 hle avx2 smep bmi2 invpcid rtm mpx rdseed adx smap clflushopt xsaveopt xsavec xsaves arat flush_l1d arch_capabilities
bugs		: cpu_meltdown spectre_v1 spectre_v2 spec_store_bypass l1tf mds swapgs taa itlb_multihit
bogomips	: 6000.00
clflush size	: 64
cache_alignment	: 64
address sizes	: 43 bits physical, 48 bits virtual
power management:

processor	: 1
vendor_id	: GenuineIntel
cpu family	: 6
model		: 158
model name	: Intel(R) Core(TM) i5-8500 CPU @ 3.00GHz
stepping	: 10
microcode	: 0x96
cpu MHz		: 3000.001
cache size	: 9216 KB
physical id	: 0
siblings	: 2
core id		: 1
cpu cores	: 2
apicid		: 1
initial apicid	: 1
fpu		: yes
fpu_exception	: yes
cpuid level	: 22
wp		: yes
flags		: fpu vme de pse tsc msr pae mce cx8 apic sep mtrr pge mca cmov pat pse36 clflush mmx fxsr sse sse2 ss ht syscall nx pdpe1gb rdtscp lm constant_tsc arch_perfmon nopl xtopology tsc_reliable nonstop_tsc cpuid pni pclmulqdq ssse3 fma cx16 pcid sse4_1 sse4_2 x2apic movbe popcnt tsc_deadline_timer aes xsave avx f16c rdrand hypervisor lahf_lm abm 3dnowprefetch cpuid_fault invpcid_single pti ssbd ibrs ibpb stibp fsgsbase tsc_adjust bmi1 hle avx2 smep bmi2 invpcid rtm mpx rdseed adx smap clflushopt xsaveopt xsavec xsaves arat flush_l1d arch_capabilities
bugs		: cpu_meltdown spectre_v1 spectre_v2 spec_store_bypass l1tf mds swapgs taa itlb_multihit
bogomips	: 6000.00
clflush size	: 64
cache_alignment	: 64
address sizes	: 43 bits physical, 48 bits virtual
power management:

processor	: 2
vendor_id	: GenuineIntel
cpu family	: 6
model		: 158
model name	: Intel(R) Core(TM) i5-8500 CPU @ 3.00GHz
stepping	: 10
microcode	: 0x96
cpu MHz		: 3000.001
cache size	: 9216 KB
physical id	: 1
siblings	: 2
core id		: 0
cpu cores	: 2
apicid		: 2
initial apicid	: 2
fpu		: yes
fpu_exception	: yes
cpuid level	: 22
wp		: yes
flags		: fpu vme de pse tsc msr pae mce cx8 apic sep mtrr pge mca cmov pat pse36 clflush mmx fxsr sse sse2 ss ht syscall nx pdpe1gb rdtscp lm constant_tsc arch_perfmon nopl xtopology tsc_reliable nonstop_tsc cpuid pni pclmulqdq ssse3 fma cx16 pcid sse4_1 sse4_2 x2apic movbe popcnt tsc_deadline_timer aes xsave avx f16c rdrand hypervisor lahf_lm abm 3dnowprefetch cpuid_fault invpcid_single pti ssbd ibrs ibpb stibp fsgsbase tsc_adjust bmi1 hle avx2 smep bmi2 invpcid rtm mpx rdseed adx smap clflushopt xsaveopt xsavec xsaves arat flush_l1d arch_capabilities
bugs		: cpu_meltdown spectre_v1 spectre_v2 spec_store_bypass l1tf mds swapgs taa itlb_multihit
bogomips	: 6000.00
clflush size	: 64
cache_alignment	: 64
address sizes	: 43 bits physical, 48 bits virtual
power management:

processor	: 3
vendor_id	: GenuineIntel
cpu family	: 6
model		: 158
model name	: Intel(R) Core(TM) i5-8500 CPU @ 3.00GHz
stepping	: 10
microcode	: 0x96
cpu MHz		: 3000.001
cache size	: 9216 KB
physical id	: 1
siblings	: 2
core id		: 1
cpu cores	: 2
apicid		: 3
initial apicid	: 3
fpu		: yes
fpu_exception	: yes
cpuid level	: 22
wp		: yes
flags		: fpu vme de pse tsc msr pae mce cx8 apic sep mtrr pge mca cmov pat pse36 clflush mmx fxsr sse sse2 ss ht syscall nx pdpe1gb rdtscp lm constant_tsc arch_perfmon nopl xtopology tsc_reliable nonstop_tsc cpuid pni pclmulqdq ssse3 fma cx16 pcid sse4_1 sse4_2 x2apic movbe popcnt tsc_deadline_timer aes xsave avx f16c rdrand hypervisor lahf_lm abm 3dnowprefetch cpuid_fault invpcid_single pti ssbd ibrs ibpb stibp fsgsbase tsc_adjust bmi1 hle avx2 smep bmi2 invpcid rtm mpx rdseed adx smap clflushopt xsaveopt xsavec xsaves arat flush_l1d arch_capabilities
bugs		: cpu_meltdown spectre_v1 spectre_v2 spec_store_bypass l1tf mds swapgs taa itlb_multihit
bogomips	: 6000.00
clflush size	: 64
cache_alignment	: 64
address sizes	: 43 bits physical, 48 bits virtual
power management:



Memory: 4k page, physical 8133296k(106648k free), swap 0k(0k free)

vm_info: Java HotSpot(TM) 64-Bit Server VM (25.211-b12) for linux-amd64 JRE (1.8.0_211-b12), built on Apr  1 2019 20:39:34 by "java_re" with gcc 7.3.0

time: Sat Jan 11 19:37:15 2020
timezone: +08
elapsed time: 2 seconds (0d 0h 0m 2s)

