#
# There is insufficient memory for the Java Runtime Environment to continue.
# Native memory allocation (mmap) failed to map 169869312 bytes for committing reserved memory.
# Possible reasons:
#   The system is out of physical RAM or swap space
#   The process is running with CompressedOops enabled, and the Java Heap may be blocking the growth of the native heap
# Possible solutions:
#   Reduce memory load on the system
#   Increase physical memory or swap space
#   Check if swap backing store is full
#   Decrease Java heap size (-Xmx/-Xms)
#   Decrease number of Java threads
#   Decrease Java thread stack sizes (-Xss)
#   Set larger code cache with -XX:ReservedCodeCacheSize=
#   JVM is running with Unscaled Compressed Oops mode in which the Java heap is
#     placed in the first 4GB address space. The Java Heap base address is the
#     maximum limit for the native heap growth. Please use -XX:HeapBaseMinAddress
#     to set the Java Heap base and to place the Java Heap above 4GB virtual address.
# This output file may be truncated or incomplete.
#
#  Out of Memory Error (os_linux.cpp:2749), pid=32405, tid=0x00007fabc6055700
#
# JRE version: Java(TM) SE Runtime Environment (8.0_211-b12) (build 1.8.0_211-b12)
# Java VM: Java HotSpot(TM) 64-Bit Server VM (25.211-b12 mixed mode linux-amd64 compressed oops)
# Failed to write core dump. Core dumps have been disabled. To enable core dumping, try "ulimit -c unlimited" before starting Java again
#

---------------  T H R E A D  ---------------

Current thread (0x00007fabd8146800):  VMThread [stack: 0x00007fabc5f56000,0x00007fabc6056000] [id=32418]

Stack: [0x00007fabc5f56000,0x00007fabc6056000],  sp=0x00007fabc60543f0,  free space=1016k
Native frames: (J=compiled Java code, j=interpreted, Vv=VM code, C=native code)
V  [libjvm.so+0xad3455]  VMError::report_and_die()+0x2e5
V  [libjvm.so+0x4e0537]  report_vm_out_of_memory(char const*, int, unsigned long, VMErrorType, char const*)+0x67
V  [libjvm.so+0x910320]  os::pd_commit_memory(char*, unsigned long, unsigned long, bool)+0x100
V  [libjvm.so+0x90794f]  os::commit_memory(char*, unsigned long, unsigned long, bool)+0x1f
V  [libjvm.so+0x98c736]  PSVirtualSpace::expand_by(unsigned long)+0x56
V  [libjvm.so+0x98d9c8]  PSYoungGen::resize(unsigned long, unsigned long)+0xd8
V  [libjvm.so+0x98a166]  PSScavenge::invoke_no_policy()+0x1376
V  [libjvm.so+0x98a4fc]  PSScavenge::invoke()+0x4c
V  [libjvm.so+0x93a248]  ParallelScavengeHeap::failed_mem_allocate(unsigned long)+0x68
V  [libjvm.so+0xad4fa3]  VM_ParallelGCFailedAllocation::doit()+0x93
V  [libjvm.so+0xada1c6]  VM_Operation::evaluate()+0x46
V  [libjvm.so+0xad84fd]  VMThread::evaluate_operation(VM_Operation*) [clone .constprop.44]+0xcd
V  [libjvm.so+0xad8ae3]  VMThread::loop()+0x3a3
V  [libjvm.so+0xad8eb8]  VMThread::run()+0x78
V  [libjvm.so+0x90d952]  java_start(Thread*)+0x102

VM_Operation (0x00007fabdee3bb70): ParallelGCFailedAllocation, mode: safepoint, requested by thread 0x00007fabd8011800


---------------  P R O C E S S  ---------------

Java Threads: ( => current thread )
  0x00007fab7839f800 JavaThread "RMI Scheduler(0)" daemon [_thread_blocked, id=32448, stack(0x00007fabb40fc000,0x00007fabb41fd000)]
  0x00007fab80001800 JavaThread "RMI TCP Connection(1)-127.0.0.1" daemon [_thread_in_native, id=32447, stack(0x00007fabc40a4000,0x00007fabc41a5000)]
  0x00007fab98002800 JavaThread "Attach Listener" daemon [_thread_blocked, id=32445, stack(0x00007fabb43fd000,0x00007fabb44fe000)]
  0x00007fab98001000 JavaThread "Attach Listener" daemon [_thread_blocked, id=32444, stack(0x00007fabb44fe000,0x00007fabb45ff000)]
  0x00007fabd8372800 JavaThread "Dubbo-Holder" [_thread_blocked, id=32443, stack(0x00007fabbc0ef000,0x00007fabbc1f0000)]
  0x00007fabd869b000 JavaThread "RMI TCP Accept-0" daemon [_thread_in_native, id=32433, stack(0x00007fabc42a6000,0x00007fabc43a7000)]
  0x00007fabd85db000 JavaThread "Service Thread" daemon [_thread_blocked, id=32432, stack(0x00007fabc47c8000,0x00007fabc48c9000)]
  0x00007fabd85d6000 JavaThread "C1 CompilerThread2" daemon [_thread_blocked, id=32431, stack(0x00007fabc48ca000,0x00007fabc49ca000)]
  0x00007fabd85d4000 JavaThread "C2 CompilerThread1" daemon [_thread_blocked, id=32430, stack(0x00007fabc4be2000,0x00007fabc4ce2000)]
  0x00007fabd85d2000 JavaThread "C2 CompilerThread0" daemon [_thread_blocked, id=32429, stack(0x00007fabc4ce3000,0x00007fabc4de3000)]
  0x00007fabd85d0000 JavaThread "Monitor Ctrl-Break" daemon [_thread_in_native, id=32428, stack(0x00007fabc4de3000,0x00007fabc4ee4000)]
  0x00007fabd8185800 JavaThread "Signal Dispatcher" daemon [_thread_blocked, id=32426, stack(0x00007fabc5283000,0x00007fabc5384000)]
  0x00007fabd8153000 JavaThread "Finalizer" daemon [_thread_blocked, id=32420, stack(0x00007fabc5d53000,0x00007fabc5e54000)]
  0x00007fabd8150800 JavaThread "Reference Handler" daemon [_thread_blocked, id=32419, stack(0x00007fabc5e54000,0x00007fabc5f55000)]
  0x00007fabd8011800 JavaThread "main" [_thread_blocked, id=32406, stack(0x00007fabded3e000,0x00007fabdee3e000)]

Other Threads:
=>0x00007fabd8146800 VMThread [stack: 0x00007fabc5f56000,0x00007fabc6056000] [id=32418]
  0x00007fabd86af800 WatcherThread [stack: 0x00007fabc41a6000,0x00007fabc42a6000] [id=32434]

VM state:at safepoint (normal execution)

VM Mutex/Monitor currently owned by a thread:  ([mutex/lock_event])
[0x00007fabd8007250] Threads_lock - owner thread: 0x00007fabd8146800
[0x00007fabd8007750] Heap_lock - owner thread: 0x00007fabd8011800

heap address: 0x0000000083e00000, size: 1986 MB, Compressed Oops mode: 32-bit
Narrow klass base: 0x0000000000000000, Narrow klass shift: 3
Compressed class space size: 1073741824 Address: 0x0000000100000000

Heap:
 PSYoungGen      total 436224K, used 30206K [0x00000000d6a00000, 0x00000000f5680000, 0x0000000100000000)
  eden space 406016K, 0% used [0x00000000d6a00000,0x00000000d6a00000,0x00000000ef680000)
  from space 30208K, 99% used [0x00000000ef680000,0x00000000f13ffa30,0x00000000f1400000)
  to   space 23040K, 0% used [0x00000000f1400000,0x00000000f1400000,0x00000000f2a80000)
 ParOldGen       total 52736K, used 40917K [0x0000000083e00000, 0x0000000087180000, 0x00000000d6a00000)
  object space 52736K, 77% used [0x0000000083e00000,0x00000000865f57e0,0x0000000087180000)
 Metaspace       used 26130K, capacity 27012K, committed 27264K, reserved 1073152K
  class space    used 3476K, capacity 3701K, committed 3712K, reserved 1048576K

Card table byte_map: [0x00007fabc8430000,0x00007fabc8812000] byte_map_base: 0x00007fabc8011000

Marking Bits: (ParMarkBitMap*) 0x00007fabde1ead80
 Begin Bits: [0x00007fabbc1f0000, 0x00007fabbe0f8000)
 End Bits:   [0x00007fabbe0f8000, 0x00007fabc0000000)

Polling page: 0x00007fabdee5a000

CodeCache: size=245760Kb used=5440Kb max_used=5440Kb free=240319Kb
 bounds [0x00007fabc8bd2000, 0x00007fabc9132000, 0x00007fabd7bd2000]
 total_blobs=2878 nmethods=2477 adapters=314
 compilation: enabled

Compilation events (10 events):
Event: 3.002 Thread 0x00007fabd85d6000 2473       1       java.util.TimSort::sort (229 bytes)
Event: 3.003 Thread 0x00007fabd85d6000 nmethod 2473 0x00007fabc911d950 code [0x00007fabc911db20, 0x00007fabc911df38]
Event: 3.003 Thread 0x00007fabd85d6000 2474       1       sun.nio.cs.UTF_8$Encoder::encodeArrayLoop (489 bytes)
Event: 3.004 Thread 0x00007fabd85d6000 nmethod 2474 0x00007fabc911e390 code [0x00007fabc911e760, 0x00007fabc911f7e8]
Event: 3.004 Thread 0x00007fabd85d6000 2475       1       sun.nio.fs.UnixPath::normalizeAndCheck (75 bytes)
Event: 3.004 Thread 0x00007fabd85d6000 nmethod 2475 0x00007fabc91212d0 code [0x00007fabc9121480, 0x00007fabc9121758]
Event: 3.004 Thread 0x00007fabd85d6000 2476       1       java.io.File::hashCode (8 bytes)
Event: 3.004 Thread 0x00007fabd85d6000 nmethod 2476 0x00007fabc9121a50 code [0x00007fabc9121bc0, 0x00007fabc9121d08]
Event: 3.004 Thread 0x00007fabd85d6000 2477       1       java.net.URI$Parser::substring (10 bytes)
Event: 3.004 Thread 0x00007fabd85d6000 nmethod 2477 0x00007fabc9121dd0 code [0x00007fabc9121f40, 0x00007fabc9122088]

GC Heap History (10 events):
Event: 1.109 GC heap after
Heap after GC invocations=5 (full 0):
 PSYoungGen      total 136192K, used 5110K [0x00000000d6a00000, 0x00000000e7d00000, 0x0000000100000000)
  eden space 131072K, 0% used [0x00000000d6a00000,0x00000000d6a00000,0x00000000dea00000)
  from space 5120K, 99% used [0x00000000dea00000,0x00000000deefdad8,0x00000000def00000)
  to   space 9728K, 0% used [0x00000000e7380000,0x00000000e7380000,0x00000000e7d00000)
 ParOldGen       total 86016K, used 8548K [0x0000000083e00000, 0x0000000089200000, 0x00000000d6a00000)
  object space 86016K, 9% used [0x0000000083e00000,0x0000000084659380,0x0000000089200000)
 Metaspace       used 20651K, capacity 21208K, committed 21296K, reserved 1067008K
  class space    used 2734K, capacity 2905K, committed 2944K, reserved 1048576K
}
Event: 1.109 GC heap before
{Heap before GC invocations=6 (full 1):
 PSYoungGen      total 136192K, used 5110K [0x00000000d6a00000, 0x00000000e7d00000, 0x0000000100000000)
  eden space 131072K, 0% used [0x00000000d6a00000,0x00000000d6a00000,0x00000000dea00000)
  from space 5120K, 99% used [0x00000000dea00000,0x00000000deefdad8,0x00000000def00000)
  to   space 9728K, 0% used [0x00000000e7380000,0x00000000e7380000,0x00000000e7d00000)
 ParOldGen       total 86016K, used 8548K [0x0000000083e00000, 0x0000000089200000, 0x00000000d6a00000)
  object space 86016K, 9% used [0x0000000083e00000,0x0000000084659380,0x0000000089200000)
 Metaspace       used 20651K, capacity 21208K, committed 21296K, reserved 1067008K
  class space    used 2734K, capacity 2905K, committed 2944K, reserved 1048576K
Event: 1.128 GC heap after
Heap after GC invocations=6 (full 1):
 PSYoungGen      total 136192K, used 0K [0x00000000d6a00000, 0x00000000e7d00000, 0x0000000100000000)
  eden space 131072K, 0% used [0x00000000d6a00000,0x00000000d6a00000,0x00000000dea00000)
  from space 5120K, 0% used [0x00000000dea00000,0x00000000dea00000,0x00000000def00000)
  to   space 9728K, 0% used [0x00000000e7380000,0x00000000e7380000,0x00000000e7d00000)
 ParOldGen       total 52736K, used 8512K [0x0000000083e00000, 0x0000000087180000, 0x00000000d6a00000)
  object space 52736K, 16% used [0x0000000083e00000,0x0000000084650258,0x0000000087180000)
 Metaspace       used 20651K, capacity 21208K, committed 21296K, reserved 1067008K
  class space    used 2734K, capacity 2905K, committed 2944K, reserved 1048576K
}
Event: 1.397 GC heap before
{Heap before GC invocations=7 (full 1):
 PSYoungGen      total 136192K, used 131072K [0x00000000d6a00000, 0x00000000e7d00000, 0x0000000100000000)
  eden space 131072K, 100% used [0x00000000d6a00000,0x00000000dea00000,0x00000000dea00000)
  from space 5120K, 0% used [0x00000000dea00000,0x00000000dea00000,0x00000000def00000)
  to   space 9728K, 0% used [0x00000000e7380000,0x00000000e7380000,0x00000000e7d00000)
 ParOldGen       total 52736K, used 8512K [0x0000000083e00000, 0x0000000087180000, 0x00000000d6a00000)
  object space 52736K, 16% used [0x0000000083e00000,0x0000000084650258,0x0000000087180000)
 Metaspace       used 21966K, capacity 22656K, committed 22912K, reserved 1069056K
  class space    used 2909K, capacity 3111K, committed 3200K, reserved 1048576K
Event: 1.410 GC heap after
Heap after GC invocations=7 (full 1):
 PSYoungGen      total 242688K, used 9698K [0x00000000d6a00000, 0x00000000e7d00000, 0x0000000100000000)
  eden space 232960K, 0% used [0x00000000d6a00000,0x00000000d6a00000,0x00000000e4d80000)
  from space 9728K, 99% used [0x00000000e7380000,0x00000000e7cf8800,0x00000000e7d00000)
  to   space 14336K, 0% used [0x00000000e6100000,0x00000000e6100000,0x00000000e6f00000)
 ParOldGen       total 52736K, used 14448K [0x0000000083e00000, 0x0000000087180000, 0x00000000d6a00000)
  object space 52736K, 27% used [0x0000000083e00000,0x0000000084c1c0e0,0x0000000087180000)
 Metaspace       used 21966K, capacity 22656K, committed 22912K, reserved 1069056K
  class space    used 2909K, capacity 3111K, committed 3200K, reserved 1048576K
}
Event: 1.795 GC heap before
{Heap before GC invocations=8 (full 1):
 PSYoungGen      total 242688K, used 242658K [0x00000000d6a00000, 0x00000000e7d00000, 0x0000000100000000)
  eden space 232960K, 100% used [0x00000000d6a00000,0x00000000e4d80000,0x00000000e4d80000)
  from space 9728K, 99% used [0x00000000e7380000,0x00000000e7cf8800,0x00000000e7d00000)
  to   space 14336K, 0% used [0x00000000e6100000,0x00000000e6100000,0x00000000e6f00000)
 ParOldGen       total 52736K, used 14448K [0x0000000083e00000, 0x0000000087180000, 0x00000000d6a00000)
  object space 52736K, 27% used [0x0000000083e00000,0x0000000084c1c0e0,0x0000000087180000)
 Metaspace       used 21987K, capacity 22656K, committed 22912K, reserved 1069056K
  class space    used 2917K, capacity 3111K, committed 3200K, reserved 1048576K
Event: 1.818 GC heap after
Heap after GC invocations=8 (full 1):
 PSYoungGen      total 267264K, used 14325K [0x00000000d6a00000, 0x00000000f2a80000, 0x0000000100000000)
  eden space 252928K, 0% used [0x00000000d6a00000,0x00000000d6a00000,0x00000000e6100000)
  from space 14336K, 99% used [0x00000000e6100000,0x00000000e6efd678,0x00000000e6f00000)
  to   space 23040K, 0% used [0x00000000f1400000,0x00000000f1400000,0x00000000f2a80000)
 ParOldGen       total 52736K, used 27099K [0x0000000083e00000, 0x0000000087180000, 0x00000000d6a00000)
  object space 52736K, 51% used [0x0000000083e00000,0x0000000085876ee8,0x0000000087180000)
 Metaspace       used 21987K, capacity 22656K, committed 22912K, reserved 1069056K
  class space    used 2917K, capacity 3111K, committed 3200K, reserved 1048576K
}
Event: 2.380 GC heap before
{Heap before GC invocations=9 (full 1):
 PSYoungGen      total 267264K, used 267253K [0x00000000d6a00000, 0x00000000f2a80000, 0x0000000100000000)
  eden space 252928K, 100% used [0x00000000d6a00000,0x00000000e6100000,0x00000000e6100000)
  from space 14336K, 99% used [0x00000000e6100000,0x00000000e6efd678,0x00000000e6f00000)
  to   space 23040K, 0% used [0x00000000f1400000,0x00000000f1400000,0x00000000f2a80000)
 ParOldGen       total 52736K, used 27099K [0x0000000083e00000, 0x0000000087180000, 0x00000000d6a00000)
  object space 52736K, 51% used [0x0000000083e00000,0x0000000085876ee8,0x0000000087180000)
 Metaspace       used 25252K, capacity 26156K, committed 26368K, reserved 1073152K
  class space    used 3360K, capacity 3569K, committed 3584K, reserved 1048576K
Event: 2.401 GC heap after
Heap after GC invocations=9 (full 1):
 PSYoungGen      total 429056K, used 23039K [0x00000000d6a00000, 0x00000000f5680000, 0x0000000100000000)
  eden space 406016K, 0% used [0x00000000d6a00000,0x00000000d6a00000,0x00000000ef680000)
  from space 23040K, 99% used [0x00000000f1400000,0x00000000f2a7fdf8,0x00000000f2a80000)
  to   space 30208K, 0% used [0x00000000ef680000,0x00000000ef680000,0x00000000f1400000)
 ParOldGen       total 52736K, used 35123K [0x0000000083e00000, 0x0000000087180000, 0x00000000d6a00000)
  object space 52736K, 66% used [0x0000000083e00000,0x000000008604cc80,0x0000000087180000)
 Metaspace       used 25252K, capacity 26156K, committed 26368K, reserved 1073152K
  class space    used 3360K, capacity 3569K, committed 3584K, reserved 1048576K
}
Event: 3.052 GC heap before
{Heap before GC invocations=10 (full 1):
 PSYoungGen      total 429056K, used 429055K [0x00000000d6a00000, 0x00000000f5680000, 0x0000000100000000)
  eden space 406016K, 100% used [0x00000000d6a00000,0x00000000ef680000,0x00000000ef680000)
  from space 23040K, 99% used [0x00000000f1400000,0x00000000f2a7fdf8,0x00000000f2a80000)
  to   space 30208K, 0% used [0x00000000ef680000,0x00000000ef680000,0x00000000f1400000)
 ParOldGen       total 52736K, used 35123K [0x0000000083e00000, 0x0000000087180000, 0x00000000d6a00000)
  object space 52736K, 66% used [0x0000000083e00000,0x000000008604cc80,0x0000000087180000)
 Metaspace       used 26130K, capacity 27012K, committed 27264K, reserved 1073152K
  class space    used 3476K, capacity 3701K, committed 3712K, reserved 1048576K

Deoptimization events (0 events):
No events

Classes redefined (0 events):
No events

Internal exceptions (10 events):
Event: 2.305 Thread 0x00007fabd8011800 Exception <a 'java/lang/ArrayIndexOutOfBoundsException'> (0x00000000e2f69360) thrown at [/HUDSON/workspace/8-2-build-linux-amd64/jdk8u211/12973/hotspot/src/share/vm/runtime/sharedRuntime.cpp, line 605]
Event: 2.305 Thread 0x00007fabd8011800 Exception <a 'java/lang/ArrayIndexOutOfBoundsException'> (0x00000000e2f6b040) thrown at [/HUDSON/workspace/8-2-build-linux-amd64/jdk8u211/12973/hotspot/src/share/vm/runtime/sharedRuntime.cpp, line 605]
Event: 2.746 Thread 0x00007fabd8011800 Exception <a 'java/lang/ArrayIndexOutOfBoundsException'> (0x00000000e450b968) thrown at [/HUDSON/workspace/8-2-build-linux-amd64/jdk8u211/12973/hotspot/src/share/vm/runtime/sharedRuntime.cpp, line 605]
Event: 2.752 Thread 0x00007fabd8011800 Exception <a 'java/lang/ArrayIndexOutOfBoundsException'> (0x00000000e4674168) thrown at [/HUDSON/workspace/8-2-build-linux-amd64/jdk8u211/12973/hotspot/src/share/vm/runtime/sharedRuntime.cpp, line 605]
Event: 2.776 Thread 0x00007fabd8011800 Exception <a 'java/lang/ArrayIndexOutOfBoundsException'> (0x00000000e4a80b90) thrown at [/HUDSON/workspace/8-2-build-linux-amd64/jdk8u211/12973/hotspot/src/share/vm/runtime/sharedRuntime.cpp, line 605]
Event: 2.790 Thread 0x00007fab80001800 Exception <a 'java/lang/reflect/InvocationTargetException'> (0x00000000e4dafd60) thrown at [/HUDSON/workspace/8-2-build-linux-amd64/jdk8u211/12973/hotspot/src/share/vm/runtime/reflection.cpp, line 1092]
Event: 2.805 Thread 0x00007fabd8011800 Exception <a 'java/lang/ArrayIndexOutOfBoundsException'> (0x00000000e529ccd0) thrown at [/HUDSON/workspace/8-2-build-linux-amd64/jdk8u211/12973/hotspot/src/share/vm/runtime/sharedRuntime.cpp, line 605]
Event: 2.805 Thread 0x00007fabd8011800 Exception <a 'java/lang/ArrayIndexOutOfBoundsException'> (0x00000000e529dee0) thrown at [/HUDSON/workspace/8-2-build-linux-amd64/jdk8u211/12973/hotspot/src/share/vm/runtime/sharedRuntime.cpp, line 605]
Event: 2.806 Thread 0x00007fabd8011800 Exception <a 'java/lang/ArrayIndexOutOfBoundsException'> (0x00000000e52aa400) thrown at [/HUDSON/workspace/8-2-build-linux-amd64/jdk8u211/12973/hotspot/src/share/vm/runtime/sharedRuntime.cpp, line 605]
Event: 2.806 Thread 0x00007fabd8011800 Exception <a 'java/lang/ArrayIndexOutOfBoundsException'> (0x00000000e52ab608) thrown at [/HUDSON/workspace/8-2-build-linux-amd64/jdk8u211/12973/hotspot/src/share/vm/runtime/sharedRuntime.cpp, line 605]

Events (10 events):
Event: 2.809 loading class java/net/NetworkInterface$1 done
Event: 2.809 loading class java/net/InterfaceAddress
Event: 2.809 loading class java/net/InterfaceAddress done
Event: 2.809 loading class java/net/DefaultInterface
Event: 2.809 loading class java/net/DefaultInterface done
Event: 2.810 loading class java/net/NetworkInterface$2
Event: 2.810 loading class java/net/NetworkInterface$2 done
Event: 2.810 loading class java/net/NetworkInterface$1checkedAddresses
Event: 2.810 loading class java/net/NetworkInterface$1checkedAddresses done
Event: 3.052 Executing VM operation: ParallelGCFailedAllocation


Dynamic libraries:
00400000-00401000 r-xp 00000000 08:01 2102161                            /home/ubuntu/jdk1.8.0_211/bin/java
00600000-00601000 r--p 00000000 08:01 2102161                            /home/ubuntu/jdk1.8.0_211/bin/java
00601000-00602000 rw-p 00001000 08:01 2102161                            /home/ubuntu/jdk1.8.0_211/bin/java
0205b000-0207c000 rw-p 00000000 00:00 0                                  [heap]
83e00000-87180000 rw-p 00000000 00:00 0 
87180000-d6a00000 ---p 00000000 00:00 0 
d6a00000-f5680000 rw-p 00000000 00:00 0 
ff880000-100000000 ---p 00000000 00:00 0 
100000000-1003a0000 rw-p 00000000 00:00 0 
1003a0000-140000000 ---p 00000000 00:00 0 
7fab64000000-7fab64067000 rw-p 00000000 00:00 0 
7fab64067000-7fab68000000 ---p 00000000 00:00 0 
7fab68000000-7fab68021000 rw-p 00000000 00:00 0 
7fab68021000-7fab6c000000 ---p 00000000 00:00 0 
7fab6faff000-7fab6fbff000 rw-p 00000000 00:00 0 
7fab6fbff000-7fab6fcff000 ---p 00000000 00:00 0 
7fab6fcff000-7fab6feff000 rw-p 00000000 00:00 0 
7fab6feff000-7fab6ff02000 ---p 00000000 00:00 0 
7fab6ff02000-7fab70000000 rw-p 00000000 00:00 0 
7fab70000000-7fab70021000 rw-p 00000000 00:00 0 
7fab70021000-7fab74000000 ---p 00000000 00:00 0 
7fab74000000-7fab74021000 rw-p 00000000 00:00 0 
7fab74021000-7fab78000000 ---p 00000000 00:00 0 
7fab78000000-7fab78496000 rw-p 00000000 00:00 0 
7fab78496000-7fab7c000000 ---p 00000000 00:00 0 
7fab7c000000-7fab7c021000 rw-p 00000000 00:00 0 
7fab7c021000-7fab80000000 ---p 00000000 00:00 0 
7fab80000000-7fab80021000 rw-p 00000000 00:00 0 
7fab80021000-7fab84000000 ---p 00000000 00:00 0 
7fab84000000-7fab84021000 rw-p 00000000 00:00 0 
7fab84021000-7fab88000000 ---p 00000000 00:00 0 
7fab88000000-7fab885d6000 rw-p 00000000 00:00 0 
7fab885d6000-7fab8c000000 ---p 00000000 00:00 0 
7fab8c000000-7fab8c021000 rw-p 00000000 00:00 0 
7fab8c021000-7fab90000000 ---p 00000000 00:00 0 
7fab90000000-7fab90046000 rw-p 00000000 00:00 0 
7fab90046000-7fab94000000 ---p 00000000 00:00 0 
7fab94000000-7fab94021000 rw-p 00000000 00:00 0 
7fab94021000-7fab98000000 ---p 00000000 00:00 0 
7fab98000000-7fab98021000 rw-p 00000000 00:00 0 
7fab98021000-7fab9c000000 ---p 00000000 00:00 0 
7fab9c000000-7fab9c025000 rw-p 00000000 00:00 0 
7fab9c025000-7faba0000000 ---p 00000000 00:00 0 
7faba0000000-7faba0021000 rw-p 00000000 00:00 0 
7faba0021000-7faba4000000 ---p 00000000 00:00 0 
7faba4000000-7faba4021000 rw-p 00000000 00:00 0 
7faba4021000-7faba8000000 ---p 00000000 00:00 0 
7faba8000000-7faba8021000 rw-p 00000000 00:00 0 
7faba8021000-7fabac000000 ---p 00000000 00:00 0 
7fabac000000-7fabac29c000 rw-p 00000000 00:00 0 
7fabac29c000-7fabb0000000 ---p 00000000 00:00 0 
7fabb0000000-7fabb0021000 rw-p 00000000 00:00 0 
7fabb0021000-7fabb4000000 ---p 00000000 00:00 0 
7fabb40fc000-7fabb40ff000 ---p 00000000 00:00 0 
7fabb40ff000-7fabb43fd000 rw-p 00000000 00:00 0 
7fabb43fd000-7fabb4400000 ---p 00000000 00:00 0 
7fabb4400000-7fabb44fe000 rw-p 00000000 00:00 0 
7fabb44fe000-7fabb4501000 ---p 00000000 00:00 0 
7fabb4501000-7fabb47ff000 rw-p 00000000 00:00 0 
7fabb47ff000-7fabb49ff000 rw-p 00000000 00:00 0 
7fabb49ff000-7fabb4bff000 rw-p 00000000 00:00 0 
7fabb4bff000-7fabb4dff000 rw-p 00000000 00:00 0 
7fabb4dff000-7fabb4fff000 rw-p 00000000 00:00 0 
7fabb4fff000-7fabb8000000 rw-p 00000000 00:00 0 
7fabb8000000-7fabb8021000 rw-p 00000000 00:00 0 
7fabb8021000-7fabbc000000 ---p 00000000 00:00 0 
7fabbc0d3000-7fabbc0ef000 r--s 00393000 08:01 1579318                    /home/ubuntu/jdk1.8.0_211/jre/lib/ext/cldrdata.jar
7fabbc0ef000-7fabbc0f2000 ---p 00000000 00:00 0 
7fabbc0f2000-7fabc0000000 rw-p 00000000 00:00 0 
7fabc0000000-7fabc0021000 rw-p 00000000 00:00 0 
7fabc0021000-7fabc4000000 ---p 00000000 00:00 0 
7fabc4005000-7fabc400f000 r--s 00116000 08:01 1579323                    /home/ubuntu/jdk1.8.0_211/jre/lib/ext/localedata.jar
7fabc400f000-7fabc40a4000 r--s 01112000 08:01 1579320                    /home/ubuntu/jdk1.8.0_211/jre/lib/ext/jfxrt.jar
7fabc40a4000-7fabc40a7000 ---p 00000000 00:00 0 
7fabc40a7000-7fabc41a5000 rw-p 00000000 00:00 0 
7fabc41a5000-7fabc41a6000 ---p 00000000 00:00 0 
7fabc41a6000-7fabc42a6000 rw-p 00000000 00:00 0 
7fabc42a6000-7fabc42a9000 ---p 00000000 00:00 0 
7fabc42a9000-7fabc43a7000 rw-p 00000000 00:00 0 
7fabc43a7000-7fabc43ac000 r--s 000a3000 08:01 1579415                    /home/ubuntu/jdk1.8.0_211/jre/lib/jsse.jar
7fabc43ac000-7fabc43bd000 r-xp 00000000 08:01 2102076                    /home/ubuntu/jdk1.8.0_211/jre/lib/amd64/libnio.so
7fabc43bd000-7fabc45bc000 ---p 00011000 08:01 2102076                    /home/ubuntu/jdk1.8.0_211/jre/lib/amd64/libnio.so
7fabc45bc000-7fabc45bd000 r--p 00010000 08:01 2102076                    /home/ubuntu/jdk1.8.0_211/jre/lib/amd64/libnio.so
7fabc45bd000-7fabc45be000 rw-p 00011000 08:01 2102076                    /home/ubuntu/jdk1.8.0_211/jre/lib/amd64/libnio.so
7fabc45be000-7fabc45c7000 r-xp 00000000 08:01 2102043                    /home/ubuntu/jdk1.8.0_211/jre/lib/amd64/libmanagement.so
7fabc45c7000-7fabc47c6000 ---p 00009000 08:01 2102043                    /home/ubuntu/jdk1.8.0_211/jre/lib/amd64/libmanagement.so
7fabc47c6000-7fabc47c7000 r--p 00008000 08:01 2102043                    /home/ubuntu/jdk1.8.0_211/jre/lib/amd64/libmanagement.so
7fabc47c7000-7fabc47c8000 rw-p 00009000 08:01 2102043                    /home/ubuntu/jdk1.8.0_211/jre/lib/amd64/libmanagement.so
7fabc47c8000-7fabc47cb000 ---p 00000000 00:00 0 
7fabc47cb000-7fabc48c9000 rw-p 00000000 00:00 0 
7fabc48c9000-7fabc48ca000 ---p 00000000 00:00 0 
7fabc48ca000-7fabc48cd000 ---p 00000000 00:00 0 
7fabc48cd000-7fabc49ca000 rw-p 00000000 00:00 0 
7fabc49ca000-7fabc49e0000 r-xp 00000000 08:01 2102084                    /home/ubuntu/jdk1.8.0_211/jre/lib/amd64/libnet.so
7fabc49e0000-7fabc4bdf000 ---p 00016000 08:01 2102084                    /home/ubuntu/jdk1.8.0_211/jre/lib/amd64/libnet.so
7fabc4bdf000-7fabc4be0000 r--p 00015000 08:01 2102084                    /home/ubuntu/jdk1.8.0_211/jre/lib/amd64/libnet.so
7fabc4be0000-7fabc4be1000 rw-p 00016000 08:01 2102084                    /home/ubuntu/jdk1.8.0_211/jre/lib/amd64/libnet.so
7fabc4be1000-7fabc4be2000 ---p 00000000 00:00 0 
7fabc4be2000-7fabc4be5000 ---p 00000000 00:00 0 
7fabc4be5000-7fabc4ce2000 rw-p 00000000 00:00 0 
7fabc4ce2000-7fabc4ce3000 ---p 00000000 00:00 0 
7fabc4ce3000-7fabc4ce6000 ---p 00000000 00:00 0 
7fabc4ce6000-7fabc4de3000 rw-p 00000000 00:00 0 
7fabc4de3000-7fabc4de6000 ---p 00000000 00:00 0 
7fabc4de6000-7fabc4ee4000 rw-p 00000000 00:00 0 
7fabc4ee4000-7fabc4ee6000 r--s 0001b000 08:01 1576986                    /home/ubuntu/idea-IU-191.6707.61/lib/idea_rt.jar
7fabc4ee6000-7fabc4ee8000 r--s 00009000 08:01 1973131                    /home/ubuntu/.m2/repository/org/slf4j/slf4j-api/1.7.25/slf4j-api-1.7.25.jar
7fabc4ee8000-7fabc4ee9000 r--s 00000000 08:01 2628707                    /home/ubuntu/.m2/repository/org/codehaus/mojo/animal-sniffer-annotations/1.17/animal-sniffer-annotations-1.17.jar
7fabc4ee9000-7fabc4eeb000 r--s 00001000 08:01 2628703                    /home/ubuntu/.m2/repository/com/google/j2objc/j2objc-annotations/1.1/j2objc-annotations-1.1.jar
7fabc4eeb000-7fabc4eed000 r--s 00002000 08:01 2628701                    /home/ubuntu/.m2/repository/com/google/errorprone/error_prone_annotations/2.2.0/error_prone_annotations-2.2.0.jar
7fabc4eed000-7fabc4ef7000 r--s 00026000 08:01 2628699                    /home/ubuntu/.m2/repository/org/checkerframework/checker-qual/2.5.2/checker-qual-2.5.2.jar
7fabc4ef7000-7fabc4ef9000 r--s 00003000 08:01 2628695                    /home/ubuntu/.m2/repository/com/google/code/findbugs/jsr305/3.0.2/jsr305-3.0.2.jar
7fabc4ef9000-7fabc4efa000 r--s 00000000 08:01 2628697                    /home/ubuntu/.m2/repository/com/google/guava/listenablefuture/9999.0-empty-to-avoid-conflict-with-guava/listenablefuture-9999.0-empty-to-avoid-conflict-with-guava.jar
7fabc4efa000-7fabc4efc000 r--s 00000000 08:01 2628693                    /home/ubuntu/.m2/repository/com/google/guava/failureaccess/1.0.1/failureaccess-1.0.1.jar
7fabc4efc000-7fabc4f2e000 r--s 0026d000 08:01 2628691                    /home/ubuntu/.m2/repository/com/google/guava/guava/27.0.1-jre/guava-27.0.1-jre.jar
7fabc4f2e000-7fabc4f6f000 r--s 00298000 08:01 3282073                    /home/ubuntu/.m2/repository/org/apache/curator/curator-client/4.2.0/curator-client-4.2.0.jar
7fabc4f6f000-7fabc4f78000 r--s 00047000 08:01 3282065                    /home/ubuntu/.m2/repository/org/apache/curator/curator-framework/4.2.0/curator-framework-4.2.0.jar
7fabc4f78000-7fabc4f88000 r--s 000b2000 08:01 2506673                    /home/ubuntu/.m2/repository/org/jboss/netty/netty/3.2.5.Final/netty-3.2.5.Final.jar
7fabc4f88000-7fabc4f92000 r--s 000ae000 08:01 2500107                    /home/ubuntu/.m2/repository/org/javassist/javassist/3.20.0-GA/javassist-3.20.0-GA.jar
7fabc4f92000-7fabc4fb5000 r--s 00188000 08:01 3282529                    /home/ubuntu/.m2/repository/com/alibaba/dubbo/2.6.6/dubbo-2.6.6.jar
7fabc4fb5000-7fabc4fc5000 r--s 0014c000 08:01 2628440                    /home/ubuntu/.m2/repository/com/google/protobuf/protobuf-java/3.6.1/protobuf-java-3.6.1.jar
7fabc4fc5000-7fabc4fdd000 r--s 001f2000 08:01 3408531                    /home/ubuntu/.m2/repository/mysql/mysql-connector-java/8.0.14/mysql-connector-java-8.0.14.jar
7fabc4fdd000-7fabc4fe4000 r--s 00047000 08:01 3024927                    /home/ubuntu/.m2/repository/io/netty/netty-codec/4.1.29.Final/netty-codec-4.1.29.Final.jar
7fabc4fe4000-7fabc4fec000 r--s 00059000 08:01 3408739                    /home/ubuntu/.m2/repository/io/netty/netty-handler/4.1.29.Final/netty-handler-4.1.29.Final.jar
7fabc4fec000-7fabc4fed000 r--s 00007000 08:01 3408307                    /home/ubuntu/.m2/repository/io/netty/netty-resolver/4.1.29.Final/netty-resolver-4.1.29.Final.jar
7fabc4fed000-7fabc4ff1000 r--s 0003f000 08:01 3283484                    /home/ubuntu/.m2/repository/io/netty/netty-buffer/4.1.29.Final/netty-buffer-4.1.29.Final.jar
7fabc4ff1000-7fabc4ffa000 r--s 00068000 08:01 3157066                    /home/ubuntu/.m2/repository/io/netty/netty-transport/4.1.29.Final/netty-transport-4.1.29.Final.jar
7fabc4ffa000-7fabc5007000 r--s 00081000 08:01 3408330                    /home/ubuntu/.m2/repository/io/netty/netty-common/4.1.29.Final/netty-common-4.1.29.Final.jar
7fabc5007000-7fabc5008000 r--s 00000000 08:01 2374105                    /home/ubuntu/.m2/repository/org/reactivestreams/reactive-streams/1.0.2/reactive-streams-1.0.2.jar
7fabc5008000-7fabc501c000 r--s 00136000 08:01 3408737                    /home/ubuntu/.m2/repository/io/projectreactor/reactor-core/3.1.9.RELEASE/reactor-core-3.1.9.RELEASE.jar
7fabc501c000-7fabc5033000 r--s 0010c000 08:01 3408735                    /home/ubuntu/.m2/repository/io/lettuce/lettuce-core/5.0.5.RELEASE/lettuce-core-5.0.5.RELEASE.jar
7fabc5033000-7fabc5038000 r--s 00028000 08:01 799756                     /home/ubuntu/.m2/repository/org/springframework/spring-context-support/5.1.8.RELEASE/spring-context-support-5.1.8.RELEASE.jar
7fabc5038000-7fabc503a000 r--s 00010000 08:01 3807538                    /home/ubuntu/.m2/repository/org/springframework/spring-oxm/5.1.8.RELEASE/spring-oxm-5.1.8.RELEASE.jar
7fabc503a000-7fabc5051000 r--s 000f2000 08:01 3408730                    /home/ubuntu/.m2/repository/org/springframework/data/spring-data-commons/2.0.10.RELEASE/spring-data-commons-2.0.10.RELEASE.jar
7fabc5051000-7fabc5055000 r--s 00016000 08:01 3408727                    /home/ubuntu/.m2/repository/org/springframework/data/spring-data-keyvalue/2.0.10.RELEASE/spring-data-keyvalue-2.0.10.RELEASE.jar
7fabc5055000-7fabc506e000 r--s 0012a000 08:01 3408725                    /home/ubuntu/.m2/repository/org/springframework/data/spring-data-redis/2.0.10.RELEASE/spring-data-redis-2.0.10.RELEASE.jar
7fabc506e000-7fabc506f000 r--s 00000000 08:01 3408723                    /home/ubuntu/.m2/repository/org/springframework/boot/spring-boot-starter-data-redis/2.0.5.RELEASE/spring-boot-starter-data-redis-2.0.5.RELEASE.jar
7fabc506f000-7fabc5071000 r--s 0000e000 08:01 1842301                    /home/ubuntu/.m2/repository/com/fasterxml/classmate/1.3.4/classmate-1.3.4.jar
7fabc5071000-7fabc5073000 r--s 0000f000 08:01 2506681                    /home/ubuntu/.m2/repository/org/jboss/logging/jboss-logging/3.3.2.Final/jboss-logging-3.3.2.Final.jar
7fabc5073000-7fabc5078000 r--s 00012000 08:01 1729384                    /home/ubuntu/.m2/repository/javax/validation/validation-api/2.0.1.Final/validation-api-2.0.1.Final.jar
7fabc5078000-7fabc5095000 r--s 000fe000 08:01 3803537                    /home/ubuntu/.m2/repository/org/hibernate/validator/hibernate-validator/6.0.12.Final/hibernate-validator-6.0.12.Final.jar
7fabc5095000-7fabc509a000 r--s 0003a000 08:01 3803536                    /home/ubuntu/.m2/repository/org/apache/tomcat/embed/tomcat-embed-websocket/8.5.34/tomcat-embed-websocket-8.5.34.jar
7fabc509a000-7fabc509f000 r--s 00038000 08:01 3803528                    /home/ubuntu/.m2/repository/org/apache/tomcat/embed/tomcat-embed-el/8.5.34/tomcat-embed-el-8.5.34.jar
7fabc509f000-7fabc50a0000 r--s 00000000 08:01 3803529                    /home/ubuntu/.m2/repository/org/springframework/boot/spring-boot-starter-tomcat/2.0.5.RELEASE/spring-boot-starter-tomcat-2.0.5.RELEASE.jar
7fabc50a0000-7fabc50a2000 r--s 00001000 08:01 1842531                    /home/ubuntu/.m2/repository/com/fasterxml/jackson/module/jackson-module-parameter-names/2.9.6/jackson-module-parameter-names-2.9.6.jar
7fabc50a2000-7fabc50a5000 r--s 00016000 08:01 1842654                    /home/ubuntu/.m2/repository/com/fasterxml/jackson/datatype/jackson-datatype-jsr310/2.9.6/jackson-datatype-jsr310-2.9.6.jar
7fabc50a5000-7fabc50a7000 r--s 00007000 08:01 1842631                    /home/ubuntu/.m2/repository/com/fasterxml/jackson/datatype/jackson-datatype-jdk8/2.9.6/jackson-datatype-jdk8-2.9.6.jar
7fabc50a7000-7fabc50ac000 r--s 0004b000 08:01 1842428                    /home/ubuntu/.m2/repository/com/fasterxml/jackson/core/jackson-core/2.9.6/jackson-core-2.9.6.jar
7fabc50ac000-7fabc50af000 r--s 0000e000 08:01 1842408                    /home/ubuntu/.m2/repository/com/fasterxml/jackson/core/jackson-annotations/2.9.0/jackson-annotations-2.9.0.jar
7fabc50af000-7fabc50c2000 r--s 00137000 08:01 1842465                    /home/ubuntu/.m2/repository/com/fasterxml/jackson/core/jackson-databind/2.9.6/jackson-databind-2.9.6.jar
7fabc50c2000-7fabc50c3000 r--s 00000000 08:01 3803525                    /home/ubuntu/.m2/repository/org/springframework/boot/spring-boot-starter-json/2.0.5.RELEASE/spring-boot-starter-json-2.0.5.RELEASE.jar
7fabc50c3000-7fabc50c4000 r--s 00000000 08:01 3803523                    /home/ubuntu/.m2/repository/org/springframework/boot/spring-boot-starter-web/2.0.5.RELEASE/spring-boot-starter-web-2.0.5.RELEASE.jar
7fabc50c4000-7fabc50c7000 r--s 0000b000 08:01 2628721                    /home/ubuntu/.m2/repository/org/objenesis/objenesis/2.5.1/objenesis-2.5.1.jar
7fabc50c7000-7fabc50c8000 r--s 00001000 08:01 2757164                    /home/ubuntu/.m2/repository/com/esotericsoftware/minlog/1.3.0/minlog-1.3.0.jar
7fabc50c8000-7fabc50d0000 r--s 0005d000 08:01 3803937                    /home/ubuntu/.m2/repository/com/esotericsoftware/kryo-shaded/4.0.1/kryo-shaded-4.0.1.jar
7fabc50d0000-7fabc50d1000 r--s 00005000 08:01 3806547                    /home/ubuntu/.m2/repository/org/springframework/spring-jcl/5.1.8.RELEASE/spring-jcl-5.1.8.RELEASE.jar
7fabc50d1000-7fabc50ea000 r--s 00123000 08:01 799720                     /home/ubuntu/.m2/repository/org/springframework/spring-core/5.1.8.RELEASE/spring-core-5.1.8.RELEASE.jar
7fabc50ea000-7fabc50f2000 r--s 00037000 08:01 3806551                    /home/ubuntu/.m2/repository/org/springframework/spring-tx/5.1.8.RELEASE/spring-tx-5.1.8.RELEASE.jar
7fabc50f2000-7fabc50f4000 r--s 0000f000 08:01 3024948                    /home/ubuntu/.m2/repository/org/mybatis/mybatis-spring/2.0.2/mybatis-spring-2.0.2.jar
7fabc50f4000-7fabc510f000 r--s 00185000 08:01 2629094                    /home/ubuntu/.m2/repository/org/mybatis/mybatis/3.5.2/mybatis-3.5.2.jar
7fabc510f000-7fabc5111000 r--s 00005000 08:01 2629092                    /home/ubuntu/.m2/repository/org/mybatis/spring/boot/mybatis-spring-boot-autoconfigure/2.1.0/mybatis-spring-boot-autoconfigure-2.1.0.jar
7fabc5111000-7fabc511a000 r--s 0005a000 08:01 3806538                    /home/ubuntu/.m2/repository/org/springframework/spring-jdbc/5.1.8.RELEASE/spring-jdbc-5.1.8.RELEASE.jar
7fabc511a000-7fabc511e000 r--s 00020000 08:01 1842126                    /home/ubuntu/.m2/repository/com/zaxxer/HikariCP/2.7.9/HikariCP-2.7.9.jar
7fabc511e000-7fabc511f000 r--s 00000000 08:01 3803457                    /home/ubuntu/.m2/repository/org/springframework/boot/spring-boot-starter-jdbc/2.0.5.RELEASE/spring-boot-starter-jdbc-2.0.5.RELEASE.jar
7fabc511f000-7fabc5120000 r--s 00000000 08:01 3157078                    /home/ubuntu/.m2/repository/org/mybatis/spring/boot/mybatis-spring-boot-starter/2.1.0/mybatis-spring-boot-starter-2.1.0.jar
7fabc5120000-7fabc5122000 r--s 00002000 08:01 3806569                    /home/ubuntu/.m2/repository/org/apache/tomcat/tomcat-annotations-api/8.5.34/tomcat-annotations-api-8.5.34.jar
7fabc5122000-7fabc514c000 r--s 002d5000 08:01 3803531                    /home/ubuntu/.m2/repository/org/apache/tomcat/embed/tomcat-embed-core/8.5.34/tomcat-embed-core-8.5.34.jar
7fabc514c000-7fabc5153000 r--s 00064000 08:01 2373921                    /home/ubuntu/.m2/repository/org/apache/commons/commons-lang3/3.4/commons-lang3-3.4.jar
7fabc5153000-7fabc516f000 r--s 00137000 08:01 799754                     /home/ubuntu/.m2/repository/org/springframework/spring-web/5.1.8.RELEASE/spring-web-5.1.8.RELEASE.jar
7fabc516f000-7fabc5174000 r--s 00040000 08:01 3803931                    /home/ubuntu/.m2/repository/org/springframework/spring-expression/5.1.8.RELEASE/spring-expression-5.1.8.RELEASE.jar
7fabc5174000-7fabc518e000 r--s 000f4000 08:01 3806542                    /home/ubuntu/.m2/repository/org/springframework/spring-context/5.1.8.RELEASE/spring-context-5.1.8.RELEASE.jar
7fabc518e000-7fabc519a000 r--s 00099000 08:01 799722                     /home/ubuntu/.m2/repository/org/springframework/spring-beans/5.1.8.RELEASE/spring-beans-5.1.8.RELEASE.jar
7fabc519a000-7fabc51a4000 r--s 00051000 08:01 3803851                    /home/ubuntu/.m2/repository/org/springframework/spring-aop/5.1.8.RELEASE/spring-aop-5.1.8.RELEASE.jar
7fabc51a4000-7fabc51b3000 r--s 000b5000 08:01 3408801                    /home/ubuntu/.m2/repository/org/springframework/spring-webmvc/5.1.3.RELEASE/spring-webmvc-5.1.3.RELEASE.jar
7fabc51b3000-7fabc51cb000 r--s 00110000 08:01 1972621                    /home/ubuntu/.m2/repository/io/netty/netty/3.7.0.Final/netty-3.7.0.Final.jar
7fabc51cb000-7fabc51cd000 r--s 00009000 08:01 2374071                    /home/ubuntu/.m2/repository/org/hamcrest/hamcrest-core/1.3/hamcrest-core-1.3.jar
7fabc51cd000-7fabc51d5000 r--s 00045000 08:01 1729200                    /home/ubuntu/.m2/repository/junit/junit/4.12/junit-4.12.jar
7fabc51d5000-7fabc51d7000 r--s 00014000 08:01 1729106                    /home/ubuntu/.m2/repository/jline/jline/0.9.94/jline-0.9.94.jar
7fabc51d7000-7fabc51e3000 r--s 000b6000 08:01 2373725                    /home/ubuntu/.m2/repository/org/apache/zookeeper/zookeeper/3.4.6/zookeeper-3.4.6.jar
7fabc51e3000-7fabc51e6000 r--s 00010000 08:01 1842137                    /home/ubuntu/.m2/repository/com/101tec/zkclient/0.7/zkclient-0.7.jar
7fabc51e6000-7fabc51ed000 r--s 00042000 08:01 1973029                    /home/ubuntu/.m2/repository/org/yaml/snakeyaml/1.19/snakeyaml-1.19.jar
7fabc51ed000-7fabc51ef000 r--s 00005000 08:01 1729443                    /home/ubuntu/.m2/repository/javax/annotation/javax.annotation-api/1.3.2/javax.annotation-api-1.3.2.jar
7fabc51ef000-7fabc51f1000 r--s 00000000 08:01 1973085                    /home/ubuntu/.m2/repository/org/slf4j/jul-to-slf4j/1.7.25/jul-to-slf4j-1.7.25.jar
7fabc51f1000-7fabc51f7000 r--s 00039000 08:01 2373690                    /home/ubuntu/.m2/repository/org/apache/logging/log4j/log4j-api/2.10.0/log4j-api-2.10.0.jar
7fabc51f7000-7fabc51f9000 r--s 00003000 08:01 2373679                    /home/ubuntu/.m2/repository/org/apache/logging/log4j/log4j-to-slf4j/2.10.0/log4j-to-slf4j-2.10.0.jar
7fabc51f9000-7fabc5204000 r--s 00069000 08:01 1729358                    /home/ubuntu/.m2/repository/ch/qos/logback/logback-core/1.2.3/logback-core-1.2.3.jar
7fabc5204000-7fabc520a000 r--s 00041000 08:01 1729340                    /home/ubuntu/.m2/repository/ch/qos/logback/logback-classic/1.2.3/logback-classic-1.2.3.jar
7fabc520a000-7fabc520b000 r--s 00000000 08:01 3803451                    /home/ubuntu/.m2/repository/org/springframework/boot/spring-boot-starter-logging/2.0.5.RELEASE/spring-boot-starter-logging-2.0.5.RELEASE.jar
7fabc520b000-7fabc522c000 r--s 000fe000 08:01 3803467                    /home/ubuntu/.m2/repository/org/springframework/boot/spring-boot-autoconfigure/2.0.5.RELEASE/spring-boot-autoconfigure-2.0.5.RELEASE.jar
7fabc522c000-7fabc5241000 r--s 000d0000 08:01 3803449                    /home/ubuntu/.m2/repository/org/springframework/boot/spring-boot/2.0.5.RELEASE/spring-boot-2.0.5.RELEASE.jar
7fabc5241000-7fabc5242000 r--s 00000000 08:01 3803459                    /home/ubuntu/.m2/repository/org/springframework/boot/spring-boot-starter/2.0.5.RELEASE/spring-boot-starter-2.0.5.RELEASE.jar
7fabc5242000-7fabc5255000 r--s 00345000 08:01 1579388                    /home/ubuntu/jdk1.8.0_211/jre/lib/resources.jar
7fabc5255000-7fabc5268000 r--s 000d6000 08:01 1579311                    /home/ubuntu/jdk1.8.0_211/jre/lib/plugin.jar
7fabc5268000-7fabc5283000 r--s 0020c000 08:01 1579392                    /home/ubuntu/jdk1.8.0_211/jre/lib/deploy.jar
7fabc5283000-7fabc5286000 ---p 00000000 00:00 0 
7fabc5286000-7fabc5384000 rw-p 00000000 00:00 0 
7fabc5384000-7fabc5d53000 r--p 00000000 08:01 2497223                    /usr/lib/locale/locale-archive
7fabc5d53000-7fabc5d56000 ---p 00000000 00:00 0 
7fabc5d56000-7fabc5e54000 rw-p 00000000 00:00 0 
7fabc5e54000-7fabc5e57000 ---p 00000000 00:00 0 
7fabc5e57000-7fabc5f55000 rw-p 00000000 00:00 0 
7fabc5f55000-7fabc5f56000 ---p 00000000 00:00 0 
7fabc5f56000-7fabc6f65000 rw-p 00000000 00:00 0 
7fabc6f65000-7fabc713f000 r--s 03d6d000 08:01 1579313                    /home/ubuntu/jdk1.8.0_211/jre/lib/rt.jar
7fabc713f000-7fabc7d96000 rw-p 00000000 00:00 0 
7fabc7d96000-7fabc7d97000 ---p 00000000 00:00 0 
7fabc7d97000-7fabc7e97000 rw-p 00000000 00:00 0 
7fabc7e97000-7fabc7e98000 ---p 00000000 00:00 0 
7fabc7e98000-7fabc7f98000 rw-p 00000000 00:00 0 
7fabc7f98000-7fabc7f99000 ---p 00000000 00:00 0 
7fabc7f99000-7fabc8099000 rw-p 00000000 00:00 0 
7fabc8099000-7fabc809a000 ---p 00000000 00:00 0 
7fabc809a000-7fabc81b4000 rw-p 00000000 00:00 0 
7fabc81b4000-7fabc8430000 ---p 00000000 00:00 0 
7fabc8430000-7fabc844a000 rw-p 00000000 00:00 0 
7fabc844a000-7fabc86c6000 ---p 00000000 00:00 0 
7fabc86c6000-7fabc87bd000 rw-p 00000000 00:00 0 
7fabc87bd000-7fabc8811000 ---p 00000000 00:00 0 
7fabc8811000-7fabc8828000 rw-p 00000000 00:00 0 
7fabc8828000-7fabc8bd2000 ---p 00000000 00:00 0 
7fabc8bd2000-7fabc9132000 rwxp 00000000 00:00 0 
7fabc9132000-7fabd7bd2000 ---p 00000000 00:00 0 
7fabd7bd2000-7fabd7bed000 r-xp 00000000 08:01 2102041                    /home/ubuntu/jdk1.8.0_211/jre/lib/amd64/libzip.so
7fabd7bed000-7fabd7dec000 ---p 0001b000 08:01 2102041                    /home/ubuntu/jdk1.8.0_211/jre/lib/amd64/libzip.so
7fabd7dec000-7fabd7ded000 r--p 0001a000 08:01 2102041                    /home/ubuntu/jdk1.8.0_211/jre/lib/amd64/libzip.so
7fabd7ded000-7fabd7dee000 rw-p 0001b000 08:01 2102041                    /home/ubuntu/jdk1.8.0_211/jre/lib/amd64/libzip.so
7fabd7dee000-7fabd7df9000 r-xp 00000000 08:01 1709629                    /lib/x86_64-linux-gnu/libnss_files-2.27.so
7fabd7df9000-7fabd7ff8000 ---p 0000b000 08:01 1709629                    /lib/x86_64-linux-gnu/libnss_files-2.27.so
7fabd7ff8000-7fabd7ff9000 r--p 0000a000 08:01 1709629                    /lib/x86_64-linux-gnu/libnss_files-2.27.so
7fabd7ff9000-7fabd7ffa000 rw-p 0000b000 08:01 1709629                    /lib/x86_64-linux-gnu/libnss_files-2.27.so
7fabd7ffa000-7fabd8000000 rw-p 00000000 00:00 0 
7fabd8000000-7fabd8cb4000 rw-p 00000000 00:00 0 
7fabd8cb4000-7fabdc000000 ---p 00000000 00:00 0 
7fabdc000000-7fabdc017000 r-xp 00000000 08:01 1709623                    /lib/x86_64-linux-gnu/libnsl-2.27.so
7fabdc017000-7fabdc216000 ---p 00017000 08:01 1709623                    /lib/x86_64-linux-gnu/libnsl-2.27.so
7fabdc216000-7fabdc217000 r--p 00016000 08:01 1709623                    /lib/x86_64-linux-gnu/libnsl-2.27.so
7fabdc217000-7fabdc218000 rw-p 00017000 08:01 1709623                    /lib/x86_64-linux-gnu/libnsl-2.27.so
7fabdc218000-7fabdc21a000 rw-p 00000000 00:00 0 
7fabdc21a000-7fabdc225000 r-xp 00000000 08:01 1709640                    /lib/x86_64-linux-gnu/libnss_nis-2.27.so
7fabdc225000-7fabdc424000 ---p 0000b000 08:01 1709640                    /lib/x86_64-linux-gnu/libnss_nis-2.27.so
7fabdc424000-7fabdc425000 r--p 0000a000 08:01 1709640                    /lib/x86_64-linux-gnu/libnss_nis-2.27.so
7fabdc425000-7fabdc426000 rw-p 0000b000 08:01 1709640                    /lib/x86_64-linux-gnu/libnss_nis-2.27.so
7fabdc426000-7fabdc42e000 r-xp 00000000 08:01 1709625                    /lib/x86_64-linux-gnu/libnss_compat-2.27.so
7fabdc42e000-7fabdc62e000 ---p 00008000 08:01 1709625                    /lib/x86_64-linux-gnu/libnss_compat-2.27.so
7fabdc62e000-7fabdc62f000 r--p 00008000 08:01 1709625                    /lib/x86_64-linux-gnu/libnss_compat-2.27.so
7fabdc62f000-7fabdc630000 rw-p 00009000 08:01 1709625                    /lib/x86_64-linux-gnu/libnss_compat-2.27.so
7fabdc630000-7fabdc63a000 r-xp 00000000 08:01 2102023                    /home/ubuntu/jdk1.8.0_211/jre/lib/amd64/libinstrument.so
7fabdc63a000-7fabdc839000 ---p 0000a000 08:01 2102023                    /home/ubuntu/jdk1.8.0_211/jre/lib/amd64/libinstrument.so
7fabdc839000-7fabdc83a000 r--p 00009000 08:01 2102023                    /home/ubuntu/jdk1.8.0_211/jre/lib/amd64/libinstrument.so
7fabdc83a000-7fabdc83b000 rw-p 0000a000 08:01 2102023                    /home/ubuntu/jdk1.8.0_211/jre/lib/amd64/libinstrument.so
7fabdc83b000-7fabdc867000 r-xp 00000000 08:01 2102052                    /home/ubuntu/jdk1.8.0_211/jre/lib/amd64/libjava.so
7fabdc867000-7fabdca67000 ---p 0002c000 08:01 2102052                    /home/ubuntu/jdk1.8.0_211/jre/lib/amd64/libjava.so
7fabdca67000-7fabdca68000 r--p 0002c000 08:01 2102052                    /home/ubuntu/jdk1.8.0_211/jre/lib/amd64/libjava.so
7fabdca68000-7fabdca6a000 rw-p 0002d000 08:01 2102052                    /home/ubuntu/jdk1.8.0_211/jre/lib/amd64/libjava.so
7fabdca6a000-7fabdca77000 r-xp 00000000 08:01 2102079                    /home/ubuntu/jdk1.8.0_211/jre/lib/amd64/libverify.so
7fabdca77000-7fabdcc76000 ---p 0000d000 08:01 2102079                    /home/ubuntu/jdk1.8.0_211/jre/lib/amd64/libverify.so
7fabdcc76000-7fabdcc78000 r--p 0000c000 08:01 2102079                    /home/ubuntu/jdk1.8.0_211/jre/lib/amd64/libverify.so
7fabdcc78000-7fabdcc79000 rw-p 0000e000 08:01 2102079                    /home/ubuntu/jdk1.8.0_211/jre/lib/amd64/libverify.so
7fabdcc79000-7fabdcc80000 r-xp 00000000 08:01 1709680                    /lib/x86_64-linux-gnu/librt-2.27.so
7fabdcc80000-7fabdce7f000 ---p 00007000 08:01 1709680                    /lib/x86_64-linux-gnu/librt-2.27.so
7fabdce7f000-7fabdce80000 r--p 00006000 08:01 1709680                    /lib/x86_64-linux-gnu/librt-2.27.so
7fabdce80000-7fabdce81000 rw-p 00007000 08:01 1709680                    /lib/x86_64-linux-gnu/librt-2.27.so
7fabdce81000-7fabdd01e000 r-xp 00000000 08:01 1709602                    /lib/x86_64-linux-gnu/libm-2.27.so
7fabdd01e000-7fabdd21d000 ---p 0019d000 08:01 1709602                    /lib/x86_64-linux-gnu/libm-2.27.so
7fabdd21d000-7fabdd21e000 r--p 0019c000 08:01 1709602                    /lib/x86_64-linux-gnu/libm-2.27.so
7fabdd21e000-7fabdd21f000 rw-p 0019d000 08:01 1709602                    /lib/x86_64-linux-gnu/libm-2.27.so
7fabdd21f000-7fabddf07000 r-xp 00000000 08:01 2102060                    /home/ubuntu/jdk1.8.0_211/jre/lib/amd64/server/libjvm.so
7fabddf07000-7fabde106000 ---p 00ce8000 08:01 2102060                    /home/ubuntu/jdk1.8.0_211/jre/lib/amd64/server/libjvm.so
7fabde106000-7fabde19c000 r--p 00ce7000 08:01 2102060                    /home/ubuntu/jdk1.8.0_211/jre/lib/amd64/server/libjvm.so
7fabde19c000-7fabde1cd000 rw-p 00d7d000 08:01 2102060                    /home/ubuntu/jdk1.8.0_211/jre/lib/amd64/server/libjvm.so
7fabde1cd000-7fabde208000 rw-p 00000000 00:00 0 
7fabde208000-7fabde3ef000 r-xp 00000000 08:01 1709539                    /lib/x86_64-linux-gnu/libc-2.27.so
7fabde3ef000-7fabde5ef000 ---p 001e7000 08:01 1709539                    /lib/x86_64-linux-gnu/libc-2.27.so
7fabde5ef000-7fabde5f3000 r--p 001e7000 08:01 1709539                    /lib/x86_64-linux-gnu/libc-2.27.so
7fabde5f3000-7fabde5f5000 rw-p 001eb000 08:01 1709539                    /lib/x86_64-linux-gnu/libc-2.27.so
7fabde5f5000-7fabde5f9000 rw-p 00000000 00:00 0 
7fabde5f9000-7fabde5fc000 r-xp 00000000 08:01 1709562                    /lib/x86_64-linux-gnu/libdl-2.27.so
7fabde5fc000-7fabde7fb000 ---p 00003000 08:01 1709562                    /lib/x86_64-linux-gnu/libdl-2.27.so
7fabde7fb000-7fabde7fc000 r--p 00002000 08:01 1709562                    /lib/x86_64-linux-gnu/libdl-2.27.so
7fabde7fc000-7fabde7fd000 rw-p 00003000 08:01 1709562                    /lib/x86_64-linux-gnu/libdl-2.27.so
7fabde7fd000-7fabde814000 r-xp 00000000 08:01 2103521                    /home/ubuntu/jdk1.8.0_211/lib/amd64/jli/libjli.so
7fabde814000-7fabdea13000 ---p 00017000 08:01 2103521                    /home/ubuntu/jdk1.8.0_211/lib/amd64/jli/libjli.so
7fabdea13000-7fabdea14000 r--p 00016000 08:01 2103521                    /home/ubuntu/jdk1.8.0_211/lib/amd64/jli/libjli.so
7fabdea14000-7fabdea15000 rw-p 00017000 08:01 2103521                    /home/ubuntu/jdk1.8.0_211/lib/amd64/jli/libjli.so
7fabdea15000-7fabdea2f000 r-xp 00000000 08:01 1709672                    /lib/x86_64-linux-gnu/libpthread-2.27.so
7fabdea2f000-7fabdec2e000 ---p 0001a000 08:01 1709672                    /lib/x86_64-linux-gnu/libpthread-2.27.so
7fabdec2e000-7fabdec2f000 r--p 00019000 08:01 1709672                    /lib/x86_64-linux-gnu/libpthread-2.27.so
7fabdec2f000-7fabdec30000 rw-p 0001a000 08:01 1709672                    /lib/x86_64-linux-gnu/libpthread-2.27.so
7fabdec30000-7fabdec34000 rw-p 00000000 00:00 0 
7fabdec34000-7fabdec5b000 r-xp 00000000 08:01 1709511                    /lib/x86_64-linux-gnu/ld-2.27.so
7fabdec5b000-7fabdec5c000 r--s 00001000 08:01 1972940                    /home/ubuntu/.m2/repository/io/dubbo/springboot/spring-boot-starter-dubbo/1.0.0/spring-boot-starter-dubbo-1.0.0.jar
7fabdec5c000-7fabdec5d000 r--s 00000000 08:01 1579309                    /home/ubuntu/jdk1.8.0_211/jre/lib/management-agent.jar
7fabdec5d000-7fabdec62000 r--s 000a3000 08:01 1579415                    /home/ubuntu/jdk1.8.0_211/jre/lib/jsse.jar
7fabdec62000-7fabdec64000 r--s 00007000 08:01 1579338                    /home/ubuntu/jdk1.8.0_211/jre/lib/jfxswt.jar
7fabdec64000-7fabdec69000 r--s 00084000 08:01 1579409                    /home/ubuntu/jdk1.8.0_211/jre/lib/jfr.jar
7fabdec69000-7fabdec6c000 r--s 0001a000 08:01 1579386                    /home/ubuntu/jdk1.8.0_211/jre/lib/jce.jar
7fabdec6c000-7fabded3d000 rw-p 00000000 00:00 0 
7fabded3d000-7fabded3e000 ---p 00000000 00:00 0 
7fabded3e000-7fabded41000 ---p 00000000 00:00 0 
7fabded41000-7fabdee42000 rw-p 00000000 00:00 0 
7fabdee42000-7fabdee4c000 r--s 0006e000 08:01 1579393                    /home/ubuntu/jdk1.8.0_211/jre/lib/javaws.jar
7fabdee4c000-7fabdee51000 r--s 002f9000 08:01 1579414                    /home/ubuntu/jdk1.8.0_211/jre/lib/charsets.jar
7fabdee51000-7fabdee59000 rw-s 00000000 08:01 3412797                    /tmp/hsperfdata_ubuntu/32405
7fabdee59000-7fabdee5a000 rw-p 00000000 00:00 0 
7fabdee5a000-7fabdee5b000 ---p 00000000 00:00 0 
7fabdee5b000-7fabdee5c000 r--p 00027000 08:01 1709511                    /lib/x86_64-linux-gnu/ld-2.27.so
7fabdee5c000-7fabdee5d000 rw-p 00028000 08:01 1709511                    /lib/x86_64-linux-gnu/ld-2.27.so
7fabdee5d000-7fabdee5e000 rw-p 00000000 00:00 0 
7ffc5d8ce000-7ffc5d8f1000 rw-p 00000000 00:00 0                          [stack]
7ffc5d9bc000-7ffc5d9bf000 r--p 00000000 00:00 0                          [vvar]
7ffc5d9bf000-7ffc5d9c0000 r-xp 00000000 00:00 0                          [vdso]
ffffffffff600000-ffffffffff601000 r-xp 00000000 00:00 0                  [vsyscall]

VM Arguments:
jvm_args: -XX:TieredStopAtLevel=1 -Xverify:none -Dspring.output.ansi.enabled=always -Dcom.sun.management.jmxremote -Dspring.jmx.enabled=true -Dspring.liveBeansView.mbeanDomain -Dspring.application.admin.enabled=true -javaagent:/home/ubuntu/idea-IU-191.6707.61/lib/idea_rt.jar=39251:/home/ubuntu/idea-IU-191.6707.61/bin -Dfile.encoding=UTF-8 
java_command: com.PaymentApplication
java_class_path (initial): /home/ubuntu/jdk1.8.0_211/jre/lib/charsets.jar:/home/ubuntu/jdk1.8.0_211/jre/lib/deploy.jar:/home/ubuntu/jdk1.8.0_211/jre/lib/ext/cldrdata.jar:/home/ubuntu/jdk1.8.0_211/jre/lib/ext/dnsns.jar:/home/ubuntu/jdk1.8.0_211/jre/lib/ext/jaccess.jar:/home/ubuntu/jdk1.8.0_211/jre/lib/ext/jfxrt.jar:/home/ubuntu/jdk1.8.0_211/jre/lib/ext/localedata.jar:/home/ubuntu/jdk1.8.0_211/jre/lib/ext/nashorn.jar:/home/ubuntu/jdk1.8.0_211/jre/lib/ext/sunec.jar:/home/ubuntu/jdk1.8.0_211/jre/lib/ext/sunjce_provider.jar:/home/ubuntu/jdk1.8.0_211/jre/lib/ext/sunpkcs11.jar:/home/ubuntu/jdk1.8.0_211/jre/lib/ext/zipfs.jar:/home/ubuntu/jdk1.8.0_211/jre/lib/javaws.jar:/home/ubuntu/jdk1.8.0_211/jre/lib/jce.jar:/home/ubuntu/jdk1.8.0_211/jre/lib/jfr.jar:/home/ubuntu/jdk1.8.0_211/jre/lib/jfxswt.jar:/home/ubuntu/jdk1.8.0_211/jre/lib/jsse.jar:/home/ubuntu/jdk1.8.0_211/jre/lib/management-agent.jar:/home/ubuntu/jdk1.8.0_211/jre/lib/plugin.jar:/home/ubuntu/jdk1.8.0_211/jre/lib/resources.jar:/home/ubuntu/jdk1.8.0_211/jre/lib/rt.jar:/home/ubuntu/IdeaProjects/unmanned-freezer/payment-service/target/classes:/home/ubuntu/.m2/repository/io/dubbo/springboot/spring-boot-starter-dubbo/1.0.0/spring-boot-starter-dubbo-1.0.0.jar:/home/ubuntu/.m2/repository/org/springframework/boot/spring-boot-starter/2.0.5.RELEASE/spring-boot-starter-2.0.5.RELEASE.jar:/home/ubuntu/.m2/repository/org/springframework/boot/spring-boot/2.0.5.RELEASE/spring-boot-2.0.5.RELEASE.jar:/home/ubuntu/.m2/repository/org/springframework/boot/spring-boot-autoconfigure/2.0.5.RELEASE/spring-boot-autoconfigure-2.0.5.RELEASE.jar:/home/ubuntu/.m2/repository/org/springframework/boot/spring-boot-starter-logging/2.0.5.RELEASE/spring-boot-starter-logging-2.0.5.RELEASE.jar:/home/ubuntu/.m2/repository/ch/qos/logback/logback-classic/1.2.3/logback-classic-1.2.3.jar:/home/ubuntu/.m2/repository/ch/qos/logback/logback-core/1.2.3/logback-core-1.2.3.jar:/home/ubuntu/.m2/repository/org/apache/logging/log4j/log4j-to-slf4j/2.10.0/log4j-to-slf4j
Launcher Type: SUN_STANDARD

Environment Variables:
PATH=/home/ubuntu/.local/bin:/home/ubuntu/apache-maven-3.6.1/bin:/usr/local/sbin:/usr/local/bin:/usr/sbin:/usr/bin:/sbin:/bin:/usr/games:/usr/local/games:/snap/bin
USERNAME=ubuntu
SHELL=/bin/bash
DISPLAY=:0

Signal Handlers:
SIGSEGV: [libjvm.so+0xad3d90], sa_mask[0]=11111111011111111101111111111110, sa_flags=SA_RESTART|SA_SIGINFO
SIGBUS: [libjvm.so+0xad3d90], sa_mask[0]=11111111011111111101111111111110, sa_flags=SA_RESTART|SA_SIGINFO
SIGFPE: [libjvm.so+0x90b8b0], sa_mask[0]=11111111011111111101111111111110, sa_flags=SA_RESTART|SA_SIGINFO
SIGPIPE: [libjvm.so+0x90b8b0], sa_mask[0]=11111111011111111101111111111110, sa_flags=SA_RESTART|SA_SIGINFO
SIGXFSZ: [libjvm.so+0x90b8b0], sa_mask[0]=11111111011111111101111111111110, sa_flags=SA_RESTART|SA_SIGINFO
SIGILL: [libjvm.so+0x90b8b0], sa_mask[0]=11111111011111111101111111111110, sa_flags=SA_RESTART|SA_SIGINFO
SIGUSR1: SIG_DFL, sa_mask[0]=00000000000000000000000000000000, sa_flags=none
SIGUSR2: [libjvm.so+0x90b780], sa_mask[0]=00100000000000000000000000000000, sa_flags=SA_RESTART|SA_SIGINFO
SIGHUP: [libjvm.so+0x90bda0], sa_mask[0]=11111111011111111101111111111110, sa_flags=SA_RESTART|SA_SIGINFO
SIGINT: [libjvm.so+0x90bda0], sa_mask[0]=11111111011111111101111111111110, sa_flags=SA_RESTART|SA_SIGINFO
SIGTERM: [libjvm.so+0x90bda0], sa_mask[0]=11111111011111111101111111111110, sa_flags=SA_RESTART|SA_SIGINFO
SIGQUIT: [libjvm.so+0x90bda0], sa_mask[0]=11111111011111111101111111111110, sa_flags=SA_RESTART|SA_SIGINFO


---------------  S Y S T E M  ---------------

OS:DISTRIB_ID=Ubuntu
DISTRIB_RELEASE=18.04
DISTRIB_CODENAME=bionic
DISTRIB_DESCRIPTION="Ubuntu 18.04.2 LTS"

uname:Linux 5.0.0-37-generic #40~18.04.1-Ubuntu SMP Thu Nov 14 12:06:39 UTC 2019 x86_64
libc:glibc 2.27 NPTL 2.27 
rlimit: STACK 8192k, CORE 0k, NPROC 31498, NOFILE 1048576, AS infinity
load average:0.75 0.85 0.75

/proc/meminfo:
MemTotal:        8133280 kB
MemFree:          106108 kB
MemAvailable:      22624 kB
Buffers:             456 kB
Cached:            33128 kB
SwapCached:            0 kB
Active:          7093868 kB
Inactive:          23932 kB
Active(anon):    7086444 kB
Inactive(anon):    17220 kB
Active(file):       7424 kB
Inactive(file):     6712 kB
Unevictable:          32 kB
Mlocked:              32 kB
SwapTotal:             0 kB
SwapFree:              0 kB
Dirty:               212 kB
Writeback:             0 kB
AnonPages:       7084876 kB
Mapped:            28404 kB
Shmem:             18824 kB
KReclaimable:      92712 kB
Slab:             260568 kB
SReclaimable:      92712 kB
SUnreclaim:       167856 kB
KernelStack:       25072 kB
PageTables:        65664 kB
NFS_Unstable:          0 kB
Bounce:                0 kB
WritebackTmp:          0 kB
CommitLimit:     4066640 kB
Committed_AS:   15408260 kB
VmallocTotal:   34359738367 kB
VmallocUsed:           0 kB
VmallocChunk:          0 kB
Percpu:            96768 kB
HardwareCorrupted:     0 kB
AnonHugePages:         0 kB
ShmemHugePages:        0 kB
ShmemPmdMapped:        0 kB
CmaTotal:              0 kB
CmaFree:               0 kB
HugePages_Total:       0
HugePages_Free:        0
HugePages_Rsvd:        0
HugePages_Surp:        0
Hugepagesize:       2048 kB
Hugetlb:               0 kB
DirectMap4k:      296768 kB
DirectMap2M:     8083456 kB
DirectMap1G:           0 kB

container (cgroup) information:
container_type: cgroupv1
cpu_cpuset_cpus: 0-3
cpu_memory_nodes: 0
active_processor_count: 4
cpu_quota: -1
cpu_period: 100000
cpu_shares: -1
memory_limit_in_bytes: -1
memory_and_swap_limit_in_bytes: -2
memory_soft_limit_in_bytes: -1
memory_usage_in_bytes: 6651707392
memory_max_usage_in_bytes: 6656724992


CPU:total 4 (initial active 4) (2 cores per cpu, 1 threads per core) family 6 model 158 stepping 10, cmov, cx8, fxsr, mmx, sse, sse2, sse3, ssse3, sse4.1, sse4.2, popcnt, avx, avx2, aes, clmul, erms, rtm, 3dnowpref, lzcnt, tsc, tscinvbit, bmi1, bmi2, adx

/proc/cpuinfo:
processor	: 0
vendor_id	: GenuineIntel
cpu family	: 6
model		: 158
model name	: Intel(R) Core(TM) i5-8500 CPU @ 3.00GHz
stepping	: 10
microcode	: 0x96
cpu MHz		: 3000.003
cache size	: 9216 KB
physical id	: 0
siblings	: 2
core id		: 0
cpu cores	: 2
apicid		: 0
initial apicid	: 0
fpu		: yes
fpu_exception	: yes
cpuid level	: 22
wp		: yes
flags		: fpu vme de pse tsc msr pae mce cx8 apic sep mtrr pge mca cmov pat pse36 clflush mmx fxsr sse sse2 ss ht syscall nx pdpe1gb rdtscp lm constant_tsc arch_perfmon nopl xtopology tsc_reliable nonstop_tsc cpuid pni pclmulqdq ssse3 fma cx16 pcid sse4_1 sse4_2 x2apic movbe popcnt tsc_deadline_timer aes xsave avx f16c rdrand hypervisor lahf_lm abm 3dnowprefetch cpuid_fault invpcid_single pti ssbd ibrs ibpb stibp fsgsbase tsc_adjust bmi1 hle avx2 smep bmi2 invpcid rtm mpx rdseed adx smap clflushopt xsaveopt xsavec xsaves arat flush_l1d arch_capabilities
bugs		: cpu_meltdown spectre_v1 spectre_v2 spec_store_bypass l1tf mds swapgs taa itlb_multihit
bogomips	: 6000.00
clflush size	: 64
cache_alignment	: 64
address sizes	: 43 bits physical, 48 bits virtual
power management:

processor	: 1
vendor_id	: GenuineIntel
cpu family	: 6
model		: 158
model name	: Intel(R) Core(TM) i5-8500 CPU @ 3.00GHz
stepping	: 10
microcode	: 0x96
cpu MHz		: 3000.003
cache size	: 9216 KB
physical id	: 0
siblings	: 2
core id		: 1
cpu cores	: 2
apicid		: 1
initial apicid	: 1
fpu		: yes
fpu_exception	: yes
cpuid level	: 22
wp		: yes
flags		: fpu vme de pse tsc msr pae mce cx8 apic sep mtrr pge mca cmov pat pse36 clflush mmx fxsr sse sse2 ss ht syscall nx pdpe1gb rdtscp lm constant_tsc arch_perfmon nopl xtopology tsc_reliable nonstop_tsc cpuid pni pclmulqdq ssse3 fma cx16 pcid sse4_1 sse4_2 x2apic movbe popcnt tsc_deadline_timer aes xsave avx f16c rdrand hypervisor lahf_lm abm 3dnowprefetch cpuid_fault invpcid_single pti ssbd ibrs ibpb stibp fsgsbase tsc_adjust bmi1 hle avx2 smep bmi2 invpcid rtm mpx rdseed adx smap clflushopt xsaveopt xsavec xsaves arat flush_l1d arch_capabilities
bugs		: cpu_meltdown spectre_v1 spectre_v2 spec_store_bypass l1tf mds swapgs taa itlb_multihit
bogomips	: 6000.00
clflush size	: 64
cache_alignment	: 64
address sizes	: 43 bits physical, 48 bits virtual
power management:

processor	: 2
vendor_id	: GenuineIntel
cpu family	: 6
model		: 158
model name	: Intel(R) Core(TM) i5-8500 CPU @ 3.00GHz
stepping	: 10
microcode	: 0x96
cpu MHz		: 3000.003
cache size	: 9216 KB
physical id	: 1
siblings	: 2
core id		: 0
cpu cores	: 2
apicid		: 2
initial apicid	: 2
fpu		: yes
fpu_exception	: yes
cpuid level	: 22
wp		: yes
flags		: fpu vme de pse tsc msr pae mce cx8 apic sep mtrr pge mca cmov pat pse36 clflush mmx fxsr sse sse2 ss ht syscall nx pdpe1gb rdtscp lm constant_tsc arch_perfmon nopl xtopology tsc_reliable nonstop_tsc cpuid pni pclmulqdq ssse3 fma cx16 pcid sse4_1 sse4_2 x2apic movbe popcnt tsc_deadline_timer aes xsave avx f16c rdrand hypervisor lahf_lm abm 3dnowprefetch cpuid_fault invpcid_single pti ssbd ibrs ibpb stibp fsgsbase tsc_adjust bmi1 hle avx2 smep bmi2 invpcid rtm mpx rdseed adx smap clflushopt xsaveopt xsavec xsaves arat flush_l1d arch_capabilities
bugs		: cpu_meltdown spectre_v1 spectre_v2 spec_store_bypass l1tf mds swapgs taa itlb_multihit
bogomips	: 6000.00
clflush size	: 64
cache_alignment	: 64
address sizes	: 43 bits physical, 48 bits virtual
power management:

processor	: 3
vendor_id	: GenuineIntel
cpu family	: 6
model		: 158
model name	: Intel(R) Core(TM) i5-8500 CPU @ 3.00GHz
stepping	: 10
microcode	: 0x96
cpu MHz		: 3000.003
cache size	: 9216 KB
physical id	: 1
siblings	: 2
core id		: 1
cpu cores	: 2
apicid		: 3
initial apicid	: 3
fpu		: yes
fpu_exception	: yes
cpuid level	: 22
wp		: yes
flags		: fpu vme de pse tsc msr pae mce cx8 apic sep mtrr pge mca cmov pat pse36 clflush mmx fxsr sse sse2 ss ht syscall nx pdpe1gb rdtscp lm constant_tsc arch_perfmon nopl xtopology tsc_reliable nonstop_tsc cpuid pni pclmulqdq ssse3 fma cx16 pcid sse4_1 sse4_2 x2apic movbe popcnt tsc_deadline_timer aes xsave avx f16c rdrand hypervisor lahf_lm abm 3dnowprefetch cpuid_fault invpcid_single pti ssbd ibrs ibpb stibp fsgsbase tsc_adjust bmi1 hle avx2 smep bmi2 invpcid rtm mpx rdseed adx smap clflushopt xsaveopt xsavec xsaves arat flush_l1d arch_capabilities
bugs		: cpu_meltdown spectre_v1 spectre_v2 spec_store_bypass l1tf mds swapgs taa itlb_multihit
bogomips	: 6000.00
clflush size	: 64
cache_alignment	: 64
address sizes	: 43 bits physical, 48 bits virtual
power management:



Memory: 4k page, physical 8133280k(106108k free), swap 0k(0k free)

vm_info: Java HotSpot(TM) 64-Bit Server VM (25.211-b12) for linux-amd64 JRE (1.8.0_211-b12), built on Apr  1 2019 20:39:34 by "java_re" with gcc 7.3.0

time: Mon Jan  6 22:23:15 2020
timezone: +08
elapsed time: 3 seconds (0d 0h 0m 3s)

