#
# There is insufficient memory for the Java Runtime Environment to continue.
# Native memory allocation (mmap) failed to map 167247872 bytes for committing reserved memory.
# Possible reasons:
#   The system is out of physical RAM or swap space
#   The process is running with CompressedOops enabled, and the Java Heap may be blocking the growth of the native heap
# Possible solutions:
#   Reduce memory load on the system
#   Increase physical memory or swap space
#   Check if swap backing store is full
#   Decrease Java heap size (-Xmx/-Xms)
#   Decrease number of Java threads
#   Decrease Java thread stack sizes (-Xss)
#   Set larger code cache with -XX:ReservedCodeCacheSize=
#   JVM is running with Unscaled Compressed Oops mode in which the Java heap is
#     placed in the first 4GB address space. The Java Heap base address is the
#     maximum limit for the native heap growth. Please use -XX:HeapBaseMinAddress
#     to set the Java Heap base and to place the Java Heap above 4GB virtual address.
# This output file may be truncated or incomplete.
#
#  Out of Memory Error (os_linux.cpp:2749), pid=103497, tid=0x00007f319c7e5700
#
# JRE version: Java(TM) SE Runtime Environment (8.0_211-b12) (build 1.8.0_211-b12)
# Java VM: Java HotSpot(TM) 64-Bit Server VM (25.211-b12 mixed mode linux-amd64 compressed oops)
# Failed to write core dump. Core dumps have been disabled. To enable core dumping, try "ulimit -c unlimited" before starting Java again
#

---------------  T H R E A D  ---------------

Current thread (0x00007f31b0146800):  VMThread [stack: 0x00007f319c6e6000,0x00007f319c7e6000] [id=103512]

Stack: [0x00007f319c6e6000,0x00007f319c7e6000],  sp=0x00007f319c7e43f0,  free space=1016k
Native frames: (J=compiled Java code, j=interpreted, Vv=VM code, C=native code)
V  [libjvm.so+0xad3455]  VMError::report_and_die()+0x2e5
V  [libjvm.so+0x4e0537]  report_vm_out_of_memory(char const*, int, unsigned long, VMErrorType, char const*)+0x67
V  [libjvm.so+0x910320]  os::pd_commit_memory(char*, unsigned long, unsigned long, bool)+0x100
V  [libjvm.so+0x90794f]  os::commit_memory(char*, unsigned long, unsigned long, bool)+0x1f
V  [libjvm.so+0x98c736]  PSVirtualSpace::expand_by(unsigned long)+0x56
V  [libjvm.so+0x98d9c8]  PSYoungGen::resize(unsigned long, unsigned long)+0xd8
V  [libjvm.so+0x98a166]  PSScavenge::invoke_no_policy()+0x1376
V  [libjvm.so+0x98a4fc]  PSScavenge::invoke()+0x4c
V  [libjvm.so+0x93a248]  ParallelScavengeHeap::failed_mem_allocate(unsigned long)+0x68
V  [libjvm.so+0xad4fa3]  VM_ParallelGCFailedAllocation::doit()+0x93
V  [libjvm.so+0xada1c6]  VM_Operation::evaluate()+0x46
V  [libjvm.so+0xad84fd]  VMThread::evaluate_operation(VM_Operation*) [clone .constprop.44]+0xcd
V  [libjvm.so+0xad8ae3]  VMThread::loop()+0x3a3
V  [libjvm.so+0xad8eb8]  VMThread::run()+0x78
V  [libjvm.so+0x90d952]  java_start(Thread*)+0x102

VM_Operation (0x00007f31b9448950): ParallelGCFailedAllocation, mode: safepoint, requested by thread 0x00007f31b0011800


---------------  P R O C E S S  ---------------

Java Threads: ( => current thread )
  0x00007f3140017800 JavaThread "RMI Scheduler(0)" daemon [_thread_blocked, id=103541, stack(0x00007f316a646000,0x00007f316a747000)]
  0x00007f3158001800 JavaThread "RMI TCP Connection(1)-127.0.0.1" daemon [_thread_in_native, id=103540, stack(0x00007f316a747000,0x00007f316a848000)]
  0x00007f3174002800 JavaThread "Attach Listener" daemon [_thread_blocked, id=103538, stack(0x00007f316aa48000,0x00007f316ab49000)]
  0x00007f3174001000 JavaThread "Attach Listener" daemon [_thread_blocked, id=103537, stack(0x00007f316ab49000,0x00007f316ac4a000)]
  0x00007f31b0227000 JavaThread "Dubbo-Holder" [_thread_blocked, id=103536, stack(0x00007f316ae4a000,0x00007f316af4b000)]
  0x00007f31b06c1800 JavaThread "RMI TCP Accept-0" daemon [_thread_in_native, id=103526, stack(0x00007f316b9e2000,0x00007f316bae3000)]
  0x00007f31b05f2000 JavaThread "Service Thread" daemon [_thread_blocked, id=103525, stack(0x00007f316beff000,0x00007f316c000000)]
  0x00007f31b05ed000 JavaThread "C1 CompilerThread2" daemon [_thread_blocked, id=103524, stack(0x00007f3184016000,0x00007f3184116000)]
  0x00007f31b05ea800 JavaThread "C2 CompilerThread1" daemon [_thread_blocked, id=103523, stack(0x00007f3187118000,0x00007f3187218000)]
  0x00007f31b05e9000 JavaThread "C2 CompilerThread0" daemon [_thread_blocked, id=103522, stack(0x00007f3187430000,0x00007f3187530000)]
  0x00007f31b05e6800 JavaThread "Monitor Ctrl-Break" daemon [_thread_in_native, id=103521, stack(0x00007f3187530000,0x00007f3187631000)]
  0x00007f31b0185800 JavaThread "Signal Dispatcher" daemon [_thread_blocked, id=103520, stack(0x00007f319c3e2000,0x00007f319c4e3000)]
  0x00007f31b0153000 JavaThread "Finalizer" daemon [_thread_blocked, id=103519, stack(0x00007f319c4e3000,0x00007f319c5e4000)]
  0x00007f31b0150800 JavaThread "Reference Handler" daemon [_thread_blocked, id=103517, stack(0x00007f319c5e4000,0x00007f319c6e5000)]
  0x00007f31b0011800 JavaThread "main" [_thread_blocked, id=103499, stack(0x00007f31b934b000,0x00007f31b944b000)]

Other Threads:
=>0x00007f31b0146800 VMThread [stack: 0x00007f319c6e6000,0x00007f319c7e6000] [id=103512]
  0x00007f31b06d6000 WatcherThread [stack: 0x00007f316b8e2000,0x00007f316b9e2000] [id=103527]

VM state:at safepoint (normal execution)

VM Mutex/Monitor currently owned by a thread:  ([mutex/lock_event])
[0x00007f31b0007300] Threads_lock - owner thread: 0x00007f31b0146800
[0x00007f31b0007800] Heap_lock - owner thread: 0x00007f31b0011800

heap address: 0x0000000083e00000, size: 1986 MB, Compressed Oops mode: 32-bit
Narrow klass base: 0x0000000000000000, Narrow klass shift: 3
Compressed class space size: 1073741824 Address: 0x0000000100000000

Heap:
 PSYoungGen      total 439296K, used 30711K [0x00000000d6a00000, 0x00000000f5580000, 0x0000000100000000)
  eden space 408576K, 0% used [0x00000000d6a00000,0x00000000d6a00000,0x00000000ef900000)
  from space 30720K, 99% used [0x00000000ef900000,0x00000000f16fdd68,0x00000000f1700000)
  to   space 23040K, 0% used [0x00000000f1700000,0x00000000f1700000,0x00000000f2d80000)
 ParOldGen       total 51712K, used 40410K [0x0000000083e00000, 0x0000000087080000, 0x00000000d6a00000)
  object space 51712K, 78% used [0x0000000083e00000,0x00000000865769e0,0x0000000087080000)
 Metaspace       used 26170K, capacity 27088K, committed 27264K, reserved 1073152K
  class space    used 3468K, capacity 3701K, committed 3712K, reserved 1048576K

Card table byte_map: [0x00007f31b5a3d000,0x00007f31b5e1f000] byte_map_base: 0x00007f31b561e000

Marking Bits: (ParMarkBitMap*) 0x00007f31b87f7d80
 Begin Bits: [0x00007f319d1f0000, 0x00007f319f0f8000)
 End Bits:   [0x00007f319f0f8000, 0x00007f31a1000000)

Polling page: 0x00007f31b9467000

CodeCache: size=245760Kb used=5396Kb max_used=5396Kb free=240363Kb
 bounds [0x00007f31a1000000, 0x00007f31a1550000, 0x00007f31b0000000]
 total_blobs=2880 nmethods=2479 adapters=314
 compilation: enabled

Compilation events (10 events):
Event: 2.864 Thread 0x00007f31b05ed000 2474       1       java.io.File::hashCode (8 bytes)
Event: 2.864 Thread 0x00007f31b05ed000 nmethod 2474 0x00007f31a15416d0 code [0x00007f31a1541840, 0x00007f31a1541988]
Event: 2.980 Thread 0x00007f31b05ed000 2475   !   1       sun.misc.URLClassPath$JarLoader::getResource (353 bytes)
Event: 2.982 Thread 0x00007f31b05ed000 nmethod 2475 0x00007f31a1541a50 code [0x00007f31a1541d60, 0x00007f31a1542a28]
Event: 3.029 Thread 0x00007f31b05ed000 2476       1       sun.nio.fs.UnixPath::normalizeAndCheck (75 bytes)
Event: 3.030 Thread 0x00007f31b05ed000 nmethod 2476 0x00007f31a1543f90 code [0x00007f31a1544140, 0x00007f31a1544418]
Event: 3.031 Thread 0x00007f31b05ed000 2477       1       java.io.File::canRead (34 bytes)
Event: 3.031 Thread 0x00007f31b05ed000 nmethod 2477 0x00007f31a1544a90 code [0x00007f31a1544c20, 0x00007f31a1544de8]
Event: 3.034 Thread 0x00007f31b05ed000 2479       1       java.util.LinkedHashSet::<init> (9 bytes)
Event: 3.034 Thread 0x00007f31b05ed000 nmethod 2479 0x00007f31a1544e90 code [0x00007f31a1545020, 0x00007f31a1545208]

GC Heap History (10 events):
Event: 1.120 GC heap after
Heap after GC invocations=5 (full 0):
 PSYoungGen      total 136192K, used 5108K [0x00000000d6a00000, 0x00000000e7d00000, 0x0000000100000000)
  eden space 131072K, 0% used [0x00000000d6a00000,0x00000000d6a00000,0x00000000dea00000)
  from space 5120K, 99% used [0x00000000dea00000,0x00000000deefd128,0x00000000def00000)
  to   space 9728K, 0% used [0x00000000e7380000,0x00000000e7380000,0x00000000e7d00000)
 ParOldGen       total 86016K, used 8142K [0x0000000083e00000, 0x0000000089200000, 0x00000000d6a00000)
  object space 86016K, 9% used [0x0000000083e00000,0x00000000845f3890,0x0000000089200000)
 Metaspace       used 20682K, capacity 21220K, committed 21296K, reserved 1067008K
  class space    used 2733K, capacity 2905K, committed 2944K, reserved 1048576K
}
Event: 1.120 GC heap before
{Heap before GC invocations=6 (full 1):
 PSYoungGen      total 136192K, used 5108K [0x00000000d6a00000, 0x00000000e7d00000, 0x0000000100000000)
  eden space 131072K, 0% used [0x00000000d6a00000,0x00000000d6a00000,0x00000000dea00000)
  from space 5120K, 99% used [0x00000000dea00000,0x00000000deefd128,0x00000000def00000)
  to   space 9728K, 0% used [0x00000000e7380000,0x00000000e7380000,0x00000000e7d00000)
 ParOldGen       total 86016K, used 8142K [0x0000000083e00000, 0x0000000089200000, 0x00000000d6a00000)
  object space 86016K, 9% used [0x0000000083e00000,0x00000000845f3890,0x0000000089200000)
 Metaspace       used 20682K, capacity 21220K, committed 21296K, reserved 1067008K
  class space    used 2733K, capacity 2905K, committed 2944K, reserved 1048576K
Event: 1.147 GC heap after
Heap after GC invocations=6 (full 1):
 PSYoungGen      total 136192K, used 0K [0x00000000d6a00000, 0x00000000e7d00000, 0x0000000100000000)
  eden space 131072K, 0% used [0x00000000d6a00000,0x00000000d6a00000,0x00000000dea00000)
  from space 5120K, 0% used [0x00000000dea00000,0x00000000dea00000,0x00000000def00000)
  to   space 9728K, 0% used [0x00000000e7380000,0x00000000e7380000,0x00000000e7d00000)
 ParOldGen       total 51712K, used 8000K [0x0000000083e00000, 0x0000000087080000, 0x00000000d6a00000)
  object space 51712K, 15% used [0x0000000083e00000,0x00000000845d03c8,0x0000000087080000)
 Metaspace       used 20682K, capacity 21220K, committed 21296K, reserved 1067008K
  class space    used 2733K, capacity 2905K, committed 2944K, reserved 1048576K
}
Event: 1.447 GC heap before
{Heap before GC invocations=7 (full 1):
 PSYoungGen      total 136192K, used 131072K [0x00000000d6a00000, 0x00000000e7d00000, 0x0000000100000000)
  eden space 131072K, 100% used [0x00000000d6a00000,0x00000000dea00000,0x00000000dea00000)
  from space 5120K, 0% used [0x00000000dea00000,0x00000000dea00000,0x00000000def00000)
  to   space 9728K, 0% used [0x00000000e7380000,0x00000000e7380000,0x00000000e7d00000)
 ParOldGen       total 51712K, used 8000K [0x0000000083e00000, 0x0000000087080000, 0x00000000d6a00000)
  object space 51712K, 15% used [0x0000000083e00000,0x00000000845d03c8,0x0000000087080000)
 Metaspace       used 22002K, capacity 22668K, committed 22912K, reserved 1069056K
  class space    used 2907K, capacity 3111K, committed 3200K, reserved 1048576K
Event: 1.464 GC heap after
Heap after GC invocations=7 (full 1):
 PSYoungGen      total 244736K, used 9705K [0x00000000d6a00000, 0x00000000e7d00000, 0x0000000100000000)
  eden space 235008K, 0% used [0x00000000d6a00000,0x00000000d6a00000,0x00000000e4f80000)
  from space 9728K, 99% used [0x00000000e7380000,0x00000000e7cfa618,0x00000000e7d00000)
  to   space 14336K, 0% used [0x00000000e6100000,0x00000000e6100000,0x00000000e6f00000)
 ParOldGen       total 51712K, used 13863K [0x0000000083e00000, 0x0000000087080000, 0x00000000d6a00000)
  object space 51712K, 26% used [0x0000000083e00000,0x0000000084b89ec8,0x0000000087080000)
 Metaspace       used 22002K, capacity 22668K, committed 22912K, reserved 1069056K
  class space    used 2907K, capacity 3111K, committed 3200K, reserved 1048576K
}
Event: 1.863 GC heap before
{Heap before GC invocations=8 (full 1):
 PSYoungGen      total 244736K, used 244713K [0x00000000d6a00000, 0x00000000e7d00000, 0x0000000100000000)
  eden space 235008K, 100% used [0x00000000d6a00000,0x00000000e4f80000,0x00000000e4f80000)
  from space 9728K, 99% used [0x00000000e7380000,0x00000000e7cfa618,0x00000000e7d00000)
  to   space 14336K, 0% used [0x00000000e6100000,0x00000000e6100000,0x00000000e6f00000)
 ParOldGen       total 51712K, used 13863K [0x0000000083e00000, 0x0000000087080000, 0x00000000d6a00000)
  object space 51712K, 26% used [0x0000000083e00000,0x0000000084b89ec8,0x0000000087080000)
 Metaspace       used 22025K, capacity 22668K, committed 22912K, reserved 1069056K
  class space    used 2915K, capacity 3111K, committed 3200K, reserved 1048576K
Event: 1.883 GC heap after
Heap after GC invocations=8 (full 1):
 PSYoungGen      total 267264K, used 14330K [0x00000000d6a00000, 0x00000000f2d80000, 0x0000000100000000)
  eden space 252928K, 0% used [0x00000000d6a00000,0x00000000d6a00000,0x00000000e6100000)
  from space 14336K, 99% used [0x00000000e6100000,0x00000000e6efe970,0x00000000e6f00000)
  to   space 23040K, 0% used [0x00000000f1700000,0x00000000f1700000,0x00000000f2d80000)
 ParOldGen       total 51712K, used 26918K [0x0000000083e00000, 0x0000000087080000, 0x00000000d6a00000)
  object space 51712K, 52% used [0x0000000083e00000,0x0000000085849810,0x0000000087080000)
 Metaspace       used 22025K, capacity 22668K, committed 22912K, reserved 1069056K
  class space    used 2915K, capacity 3111K, committed 3200K, reserved 1048576K
}
Event: 2.449 GC heap before
{Heap before GC invocations=9 (full 1):
 PSYoungGen      total 267264K, used 267258K [0x00000000d6a00000, 0x00000000f2d80000, 0x0000000100000000)
  eden space 252928K, 100% used [0x00000000d6a00000,0x00000000e6100000,0x00000000e6100000)
  from space 14336K, 99% used [0x00000000e6100000,0x00000000e6efe970,0x00000000e6f00000)
  to   space 23040K, 0% used [0x00000000f1700000,0x00000000f1700000,0x00000000f2d80000)
 ParOldGen       total 51712K, used 26918K [0x0000000083e00000, 0x0000000087080000, 0x00000000d6a00000)
  object space 51712K, 52% used [0x0000000083e00000,0x0000000085849810,0x0000000087080000)
 Metaspace       used 25293K, capacity 26168K, committed 26368K, reserved 1073152K
  class space    used 3354K, capacity 3569K, committed 3584K, reserved 1048576K
Event: 2.474 GC heap after
Heap after GC invocations=9 (full 1):
 PSYoungGen      total 431616K, used 23021K [0x00000000d6a00000, 0x00000000f5580000, 0x0000000100000000)
  eden space 408576K, 0% used [0x00000000d6a00000,0x00000000d6a00000,0x00000000ef900000)
  from space 23040K, 99% used [0x00000000f1700000,0x00000000f2d7b580,0x00000000f2d80000)
  to   space 30720K, 0% used [0x00000000ef900000,0x00000000ef900000,0x00000000f1700000)
 ParOldGen       total 51712K, used 35001K [0x0000000083e00000, 0x0000000087080000, 0x00000000d6a00000)
  object space 51712K, 67% used [0x0000000083e00000,0x000000008602e728,0x0000000087080000)
 Metaspace       used 25293K, capacity 26168K, committed 26368K, reserved 1073152K
  class space    used 3354K, capacity 3569K, committed 3584K, reserved 1048576K
}
Event: 3.080 GC heap before
{Heap before GC invocations=10 (full 1):
 PSYoungGen      total 431616K, used 431597K [0x00000000d6a00000, 0x00000000f5580000, 0x0000000100000000)
  eden space 408576K, 100% used [0x00000000d6a00000,0x00000000ef900000,0x00000000ef900000)
  from space 23040K, 99% used [0x00000000f1700000,0x00000000f2d7b580,0x00000000f2d80000)
  to   space 30720K, 0% used [0x00000000ef900000,0x00000000ef900000,0x00000000f1700000)
 ParOldGen       total 51712K, used 35001K [0x0000000083e00000, 0x0000000087080000, 0x00000000d6a00000)
  object space 51712K, 67% used [0x0000000083e00000,0x000000008602e728,0x0000000087080000)
 Metaspace       used 26170K, capacity 27088K, committed 27264K, reserved 1073152K
  class space    used 3468K, capacity 3701K, committed 3712K, reserved 1048576K

Deoptimization events (0 events):
No events

Classes redefined (0 events):
No events

Internal exceptions (10 events):
Event: 2.377 Thread 0x00007f31b0011800 Exception <a 'java/lang/ArrayIndexOutOfBoundsException'> (0x00000000e30cf218) thrown at [/HUDSON/workspace/8-2-build-linux-amd64/jdk8u211/12973/hotspot/src/share/vm/runtime/sharedRuntime.cpp, line 605]
Event: 2.377 Thread 0x00007f31b0011800 Exception <a 'java/lang/ArrayIndexOutOfBoundsException'> (0x00000000e30d0ef8) thrown at [/HUDSON/workspace/8-2-build-linux-amd64/jdk8u211/12973/hotspot/src/share/vm/runtime/sharedRuntime.cpp, line 605]
Event: 2.788 Thread 0x00007f31b0011800 Exception <a 'java/lang/ArrayIndexOutOfBoundsException'> (0x00000000e46f40f0) thrown at [/HUDSON/workspace/8-2-build-linux-amd64/jdk8u211/12973/hotspot/src/share/vm/runtime/sharedRuntime.cpp, line 605]
Event: 2.795 Thread 0x00007f31b0011800 Exception <a 'java/lang/ArrayIndexOutOfBoundsException'> (0x00000000e48620e8) thrown at [/HUDSON/workspace/8-2-build-linux-amd64/jdk8u211/12973/hotspot/src/share/vm/runtime/sharedRuntime.cpp, line 605]
Event: 2.810 Thread 0x00007f3158001800 Exception <a 'java/lang/reflect/InvocationTargetException'> (0x00000000e4c3bcf0) thrown at [/HUDSON/workspace/8-2-build-linux-amd64/jdk8u211/12973/hotspot/src/share/vm/runtime/reflection.cpp, line 1092]
Event: 2.819 Thread 0x00007f31b0011800 Exception <a 'java/lang/ArrayIndexOutOfBoundsException'> (0x00000000e4f02d38) thrown at [/HUDSON/workspace/8-2-build-linux-amd64/jdk8u211/12973/hotspot/src/share/vm/runtime/sharedRuntime.cpp, line 605]
Event: 2.848 Thread 0x00007f31b0011800 Exception <a 'java/lang/ArrayIndexOutOfBoundsException'> (0x00000000e5490e00) thrown at [/HUDSON/workspace/8-2-build-linux-amd64/jdk8u211/12973/hotspot/src/share/vm/runtime/sharedRuntime.cpp, line 605]
Event: 2.848 Thread 0x00007f31b0011800 Exception <a 'java/lang/ArrayIndexOutOfBoundsException'> (0x00000000e5492010) thrown at [/HUDSON/workspace/8-2-build-linux-amd64/jdk8u211/12973/hotspot/src/share/vm/runtime/sharedRuntime.cpp, line 605]
Event: 2.849 Thread 0x00007f31b0011800 Exception <a 'java/lang/ArrayIndexOutOfBoundsException'> (0x00000000e549e800) thrown at [/HUDSON/workspace/8-2-build-linux-amd64/jdk8u211/12973/hotspot/src/share/vm/runtime/sharedRuntime.cpp, line 605]
Event: 2.849 Thread 0x00007f31b0011800 Exception <a 'java/lang/ArrayIndexOutOfBoundsException'> (0x00000000e549fa08) thrown at [/HUDSON/workspace/8-2-build-linux-amd64/jdk8u211/12973/hotspot/src/share/vm/runtime/sharedRuntime.cpp, line 605]

Events (10 events):
Event: 2.852 loading class java/net/NetworkInterface$1 done
Event: 2.852 loading class java/net/InterfaceAddress
Event: 2.852 loading class java/net/InterfaceAddress done
Event: 2.852 loading class java/net/DefaultInterface
Event: 2.852 loading class java/net/DefaultInterface done
Event: 2.852 loading class java/net/NetworkInterface$2
Event: 2.852 loading class java/net/NetworkInterface$2 done
Event: 2.852 loading class java/net/NetworkInterface$1checkedAddresses
Event: 2.852 loading class java/net/NetworkInterface$1checkedAddresses done
Event: 3.080 Executing VM operation: ParallelGCFailedAllocation


Dynamic libraries:
00400000-00401000 r-xp 00000000 08:01 2102161                            /home/ubuntu/jdk1.8.0_211/bin/java
00600000-00601000 r--p 00000000 08:01 2102161                            /home/ubuntu/jdk1.8.0_211/bin/java
00601000-00602000 rw-p 00001000 08:01 2102161                            /home/ubuntu/jdk1.8.0_211/bin/java
01b33000-01b54000 rw-p 00000000 00:00 0                                  [heap]
83e00000-87080000 rw-p 00000000 00:00 0 
87080000-d6a00000 ---p 00000000 00:00 0 
d6a00000-f5580000 rw-p 00000000 00:00 0 
ff500000-100000000 ---p 00000000 00:00 0 
100000000-1003a0000 rw-p 00000000 00:00 0 
1003a0000-140000000 ---p 00000000 00:00 0 
7f3138000000-7f3138063000 rw-p 00000000 00:00 0 
7f3138063000-7f313c000000 ---p 00000000 00:00 0 
7f3140000000-7f3140024000 rw-p 00000000 00:00 0 
7f3140024000-7f3144000000 ---p 00000000 00:00 0 
7f3144000000-7f3144021000 rw-p 00000000 00:00 0 
7f3144021000-7f3148000000 ---p 00000000 00:00 0 
7f3148000000-7f3148021000 rw-p 00000000 00:00 0 
7f3148021000-7f314c000000 ---p 00000000 00:00 0 
7f314c000000-7f314c021000 rw-p 00000000 00:00 0 
7f314c021000-7f3150000000 ---p 00000000 00:00 0 
7f3150000000-7f3150526000 rw-p 00000000 00:00 0 
7f3150526000-7f3154000000 ---p 00000000 00:00 0 
7f3154000000-7f3154021000 rw-p 00000000 00:00 0 
7f3154021000-7f3158000000 ---p 00000000 00:00 0 
7f3158000000-7f3158021000 rw-p 00000000 00:00 0 
7f3158021000-7f315c000000 ---p 00000000 00:00 0 
7f315c000000-7f315c021000 rw-p 00000000 00:00 0 
7f315c021000-7f3160000000 ---p 00000000 00:00 0 
7f3160000000-7f3160021000 rw-p 00000000 00:00 0 
7f3160021000-7f3164000000 ---p 00000000 00:00 0 
7f3164000000-7f3164640000 rw-p 00000000 00:00 0 
7f3164640000-7f3168000000 ---p 00000000 00:00 0 
7f316a145000-7f316a245000 rw-p 00000000 00:00 0 
7f316a245000-7f316a345000 ---p 00000000 00:00 0 
7f316a345000-7f316a545000 rw-p 00000000 00:00 0 
7f316a545000-7f316a548000 ---p 00000000 00:00 0 
7f316a548000-7f316a646000 rw-p 00000000 00:00 0 
7f316a646000-7f316a649000 ---p 00000000 00:00 0 
7f316a649000-7f316a747000 rw-p 00000000 00:00 0 
7f316a747000-7f316a74a000 ---p 00000000 00:00 0 
7f316a74a000-7f316aa48000 rw-p 00000000 00:00 0 
7f316aa48000-7f316aa4b000 ---p 00000000 00:00 0 
7f316aa4b000-7f316ab49000 rw-p 00000000 00:00 0 
7f316ab49000-7f316ab4c000 ---p 00000000 00:00 0 
7f316ab4c000-7f316ae4a000 rw-p 00000000 00:00 0 
7f316ae4a000-7f316ae4d000 ---p 00000000 00:00 0 
7f316ae4d000-7f316b14b000 rw-p 00000000 00:00 0 
7f316b14b000-7f316b34b000 rw-p 00000000 00:00 0 
7f316b34b000-7f316b3e0000 r--s 01112000 08:01 1579320                    /home/ubuntu/jdk1.8.0_211/jre/lib/ext/jfxrt.jar
7f316b3e0000-7f316b5e0000 rw-p 00000000 00:00 0 
7f316b5e0000-7f316b5e3000 ---p 00000000 00:00 0 
7f316b5e3000-7f316b8e1000 rw-p 00000000 00:00 0 
7f316b8e1000-7f316b8e2000 ---p 00000000 00:00 0 
7f316b8e2000-7f316b9e2000 rw-p 00000000 00:00 0 
7f316b9e2000-7f316b9e5000 ---p 00000000 00:00 0 
7f316b9e5000-7f316bae3000 rw-p 00000000 00:00 0 
7f316bae3000-7f316baf4000 r-xp 00000000 08:01 2102076                    /home/ubuntu/jdk1.8.0_211/jre/lib/amd64/libnio.so
7f316baf4000-7f316bcf3000 ---p 00011000 08:01 2102076                    /home/ubuntu/jdk1.8.0_211/jre/lib/amd64/libnio.so
7f316bcf3000-7f316bcf4000 r--p 00010000 08:01 2102076                    /home/ubuntu/jdk1.8.0_211/jre/lib/amd64/libnio.so
7f316bcf4000-7f316bcf5000 rw-p 00011000 08:01 2102076                    /home/ubuntu/jdk1.8.0_211/jre/lib/amd64/libnio.so
7f316bcf5000-7f316bcfe000 r-xp 00000000 08:01 2102043                    /home/ubuntu/jdk1.8.0_211/jre/lib/amd64/libmanagement.so
7f316bcfe000-7f316befd000 ---p 00009000 08:01 2102043                    /home/ubuntu/jdk1.8.0_211/jre/lib/amd64/libmanagement.so
7f316befd000-7f316befe000 r--p 00008000 08:01 2102043                    /home/ubuntu/jdk1.8.0_211/jre/lib/amd64/libmanagement.so
7f316befe000-7f316beff000 rw-p 00009000 08:01 2102043                    /home/ubuntu/jdk1.8.0_211/jre/lib/amd64/libmanagement.so
7f316beff000-7f316bf02000 ---p 00000000 00:00 0 
7f316bf02000-7f316c000000 rw-p 00000000 00:00 0 
7f316c000000-7f316c066000 rw-p 00000000 00:00 0 
7f316c066000-7f3170000000 ---p 00000000 00:00 0 
7f3170000000-7f3170021000 rw-p 00000000 00:00 0 
7f3170021000-7f3174000000 ---p 00000000 00:00 0 
7f3174000000-7f3174021000 rw-p 00000000 00:00 0 
7f3174021000-7f3178000000 ---p 00000000 00:00 0 
7f3178000000-7f3178021000 rw-p 00000000 00:00 0 
7f3178021000-7f317c000000 ---p 00000000 00:00 0 
7f317c000000-7f317c021000 rw-p 00000000 00:00 0 
7f317c021000-7f3180000000 ---p 00000000 00:00 0 
7f3180000000-7f3180021000 rw-p 00000000 00:00 0 
7f3180021000-7f3184000000 ---p 00000000 00:00 0 
7f3184015000-7f3184016000 ---p 00000000 00:00 0 
7f3184016000-7f3184019000 ---p 00000000 00:00 0 
7f3184019000-7f3187117000 rw-p 00000000 00:00 0 
7f3187117000-7f3187118000 ---p 00000000 00:00 0 
7f3187118000-7f318711b000 ---p 00000000 00:00 0 
7f318711b000-7f3187218000 rw-p 00000000 00:00 0 
7f3187218000-7f318722e000 r-xp 00000000 08:01 2102084                    /home/ubuntu/jdk1.8.0_211/jre/lib/amd64/libnet.so
7f318722e000-7f318742d000 ---p 00016000 08:01 2102084                    /home/ubuntu/jdk1.8.0_211/jre/lib/amd64/libnet.so
7f318742d000-7f318742e000 r--p 00015000 08:01 2102084                    /home/ubuntu/jdk1.8.0_211/jre/lib/amd64/libnet.so
7f318742e000-7f318742f000 rw-p 00016000 08:01 2102084                    /home/ubuntu/jdk1.8.0_211/jre/lib/amd64/libnet.so
7f318742f000-7f3187430000 ---p 00000000 00:00 0 
7f3187430000-7f3187433000 ---p 00000000 00:00 0 
7f3187433000-7f3187530000 rw-p 00000000 00:00 0 
7f3187530000-7f3187533000 ---p 00000000 00:00 0 
7f3187533000-7f3187631000 rw-p 00000000 00:00 0 
7f3187631000-7f3188000000 r--p 00000000 08:01 2497223                    /usr/lib/locale/locale-archive
7f3188000000-7f3188021000 rw-p 00000000 00:00 0 
7f3188021000-7f318c000000 ---p 00000000 00:00 0 
7f318c000000-7f318c29b000 rw-p 00000000 00:00 0 
7f318c29b000-7f3190000000 ---p 00000000 00:00 0 
7f3190000000-7f3190021000 rw-p 00000000 00:00 0 
7f3190021000-7f3194000000 ---p 00000000 00:00 0 
7f3194000000-7f3194021000 rw-p 00000000 00:00 0 
7f3194021000-7f3198000000 ---p 00000000 00:00 0 
7f3198000000-7f3198021000 rw-p 00000000 00:00 0 
7f3198021000-7f319c000000 ---p 00000000 00:00 0 
7f319c03f000-7f319c05b000 r--s 00393000 08:01 1579318                    /home/ubuntu/jdk1.8.0_211/jre/lib/ext/cldrdata.jar
7f319c05b000-7f319c065000 r--s 00116000 08:01 1579323                    /home/ubuntu/jdk1.8.0_211/jre/lib/ext/localedata.jar
7f319c065000-7f319c06a000 r--s 000a3000 08:01 1579415                    /home/ubuntu/jdk1.8.0_211/jre/lib/jsse.jar
7f319c06a000-7f319c06c000 r--s 0001b000 08:01 1576986                    /home/ubuntu/idea-IU-191.6707.61/lib/idea_rt.jar
7f319c06c000-7f319c0b2000 r--s 0039f000 08:01 3413219                    /home/ubuntu/.m2/repository/io/netty/netty-all/4.1.42.Final/netty-all-4.1.42.Final.jar
7f319c0b2000-7f319c0b4000 r--s 00009000 08:01 1973131                    /home/ubuntu/.m2/repository/org/slf4j/slf4j-api/1.7.25/slf4j-api-1.7.25.jar
7f319c0b4000-7f319c0b5000 r--s 00000000 08:01 2628707                    /home/ubuntu/.m2/repository/org/codehaus/mojo/animal-sniffer-annotations/1.17/animal-sniffer-annotations-1.17.jar
7f319c0b5000-7f319c0b7000 r--s 00001000 08:01 2628703                    /home/ubuntu/.m2/repository/com/google/j2objc/j2objc-annotations/1.1/j2objc-annotations-1.1.jar
7f319c0b7000-7f319c0b9000 r--s 00002000 08:01 2628701                    /home/ubuntu/.m2/repository/com/google/errorprone/error_prone_annotations/2.2.0/error_prone_annotations-2.2.0.jar
7f319c0b9000-7f319c0c3000 r--s 00026000 08:01 2628699                    /home/ubuntu/.m2/repository/org/checkerframework/checker-qual/2.5.2/checker-qual-2.5.2.jar
7f319c0c3000-7f319c0c5000 r--s 00003000 08:01 2628695                    /home/ubuntu/.m2/repository/com/google/code/findbugs/jsr305/3.0.2/jsr305-3.0.2.jar
7f319c0c5000-7f319c0c6000 r--s 00000000 08:01 2628697                    /home/ubuntu/.m2/repository/com/google/guava/listenablefuture/9999.0-empty-to-avoid-conflict-with-guava/listenablefuture-9999.0-empty-to-avoid-conflict-with-guava.jar
7f319c0c6000-7f319c0c8000 r--s 00000000 08:01 2628693                    /home/ubuntu/.m2/repository/com/google/guava/failureaccess/1.0.1/failureaccess-1.0.1.jar
7f319c0c8000-7f319c0fa000 r--s 0026d000 08:01 2628691                    /home/ubuntu/.m2/repository/com/google/guava/guava/27.0.1-jre/guava-27.0.1-jre.jar
7f319c0fa000-7f319c13b000 r--s 00298000 08:01 3282073                    /home/ubuntu/.m2/repository/org/apache/curator/curator-client/4.2.0/curator-client-4.2.0.jar
7f319c13b000-7f319c144000 r--s 00047000 08:01 3282065                    /home/ubuntu/.m2/repository/org/apache/curator/curator-framework/4.2.0/curator-framework-4.2.0.jar
7f319c144000-7f319c154000 r--s 000b2000 08:01 2506673                    /home/ubuntu/.m2/repository/org/jboss/netty/netty/3.2.5.Final/netty-3.2.5.Final.jar
7f319c154000-7f319c15e000 r--s 000ae000 08:01 2500107                    /home/ubuntu/.m2/repository/org/javassist/javassist/3.20.0-GA/javassist-3.20.0-GA.jar
7f319c15e000-7f319c181000 r--s 00188000 08:01 3282529                    /home/ubuntu/.m2/repository/com/alibaba/dubbo/2.6.6/dubbo-2.6.6.jar
7f319c181000-7f319c191000 r--s 0014c000 08:01 2628440                    /home/ubuntu/.m2/repository/com/google/protobuf/protobuf-java/3.6.1/protobuf-java-3.6.1.jar
7f319c191000-7f319c1a9000 r--s 001f2000 08:01 3408531                    /home/ubuntu/.m2/repository/mysql/mysql-connector-java/8.0.14/mysql-connector-java-8.0.14.jar
7f319c1a9000-7f319c1b0000 r--s 00047000 08:01 3024927                    /home/ubuntu/.m2/repository/io/netty/netty-codec/4.1.29.Final/netty-codec-4.1.29.Final.jar
7f319c1b0000-7f319c1b8000 r--s 00059000 08:01 3408739                    /home/ubuntu/.m2/repository/io/netty/netty-handler/4.1.29.Final/netty-handler-4.1.29.Final.jar
7f319c1b8000-7f319c1b9000 r--s 00007000 08:01 3408307                    /home/ubuntu/.m2/repository/io/netty/netty-resolver/4.1.29.Final/netty-resolver-4.1.29.Final.jar
7f319c1b9000-7f319c1bd000 r--s 0003f000 08:01 3283484                    /home/ubuntu/.m2/repository/io/netty/netty-buffer/4.1.29.Final/netty-buffer-4.1.29.Final.jar
7f319c1bd000-7f319c1c6000 r--s 00068000 08:01 3157066                    /home/ubuntu/.m2/repository/io/netty/netty-transport/4.1.29.Final/netty-transport-4.1.29.Final.jar
7f319c1c6000-7f319c1d3000 r--s 00081000 08:01 3408330                    /home/ubuntu/.m2/repository/io/netty/netty-common/4.1.29.Final/netty-common-4.1.29.Final.jar
7f319c1d3000-7f319c1d4000 r--s 00000000 08:01 2374105                    /home/ubuntu/.m2/repository/org/reactivestreams/reactive-streams/1.0.2/reactive-streams-1.0.2.jar
7f319c1d4000-7f319c1e8000 r--s 00136000 08:01 3408737                    /home/ubuntu/.m2/repository/io/projectreactor/reactor-core/3.1.9.RELEASE/reactor-core-3.1.9.RELEASE.jar
7f319c1e8000-7f319c1ff000 r--s 0010c000 08:01 3408735                    /home/ubuntu/.m2/repository/io/lettuce/lettuce-core/5.0.5.RELEASE/lettuce-core-5.0.5.RELEASE.jar
7f319c1ff000-7f319c204000 r--s 00028000 08:01 799756                     /home/ubuntu/.m2/repository/org/springframework/spring-context-support/5.1.8.RELEASE/spring-context-support-5.1.8.RELEASE.jar
7f319c204000-7f319c206000 r--s 00010000 08:01 3807538                    /home/ubuntu/.m2/repository/org/springframework/spring-oxm/5.1.8.RELEASE/spring-oxm-5.1.8.RELEASE.jar
7f319c206000-7f319c21d000 r--s 000f2000 08:01 3408730                    /home/ubuntu/.m2/repository/org/springframework/data/spring-data-commons/2.0.10.RELEASE/spring-data-commons-2.0.10.RELEASE.jar
7f319c21d000-7f319c221000 r--s 00016000 08:01 3408727                    /home/ubuntu/.m2/repository/org/springframework/data/spring-data-keyvalue/2.0.10.RELEASE/spring-data-keyvalue-2.0.10.RELEASE.jar
7f319c221000-7f319c23a000 r--s 0012a000 08:01 3408725                    /home/ubuntu/.m2/repository/org/springframework/data/spring-data-redis/2.0.10.RELEASE/spring-data-redis-2.0.10.RELEASE.jar
7f319c23a000-7f319c23b000 r--s 00000000 08:01 3408723                    /home/ubuntu/.m2/repository/org/springframework/boot/spring-boot-starter-data-redis/2.0.5.RELEASE/spring-boot-starter-data-redis-2.0.5.RELEASE.jar
7f319c23b000-7f319c23d000 r--s 0000e000 08:01 1842301                    /home/ubuntu/.m2/repository/com/fasterxml/classmate/1.3.4/classmate-1.3.4.jar
7f319c23d000-7f319c23f000 r--s 0000f000 08:01 2506681                    /home/ubuntu/.m2/repository/org/jboss/logging/jboss-logging/3.3.2.Final/jboss-logging-3.3.2.Final.jar
7f319c23f000-7f319c244000 r--s 00012000 08:01 1729384                    /home/ubuntu/.m2/repository/javax/validation/validation-api/2.0.1.Final/validation-api-2.0.1.Final.jar
7f319c244000-7f319c261000 r--s 000fe000 08:01 3803537                    /home/ubuntu/.m2/repository/org/hibernate/validator/hibernate-validator/6.0.12.Final/hibernate-validator-6.0.12.Final.jar
7f319c261000-7f319c266000 r--s 0003a000 08:01 3803536                    /home/ubuntu/.m2/repository/org/apache/tomcat/embed/tomcat-embed-websocket/8.5.34/tomcat-embed-websocket-8.5.34.jar
7f319c266000-7f319c26b000 r--s 00038000 08:01 3803528                    /home/ubuntu/.m2/repository/org/apache/tomcat/embed/tomcat-embed-el/8.5.34/tomcat-embed-el-8.5.34.jar
7f319c26b000-7f319c26c000 r--s 00000000 08:01 3803529                    /home/ubuntu/.m2/repository/org/springframework/boot/spring-boot-starter-tomcat/2.0.5.RELEASE/spring-boot-starter-tomcat-2.0.5.RELEASE.jar
7f319c26c000-7f319c26e000 r--s 00001000 08:01 1842531                    /home/ubuntu/.m2/repository/com/fasterxml/jackson/module/jackson-module-parameter-names/2.9.6/jackson-module-parameter-names-2.9.6.jar
7f319c26e000-7f319c271000 r--s 00016000 08:01 1842654                    /home/ubuntu/.m2/repository/com/fasterxml/jackson/datatype/jackson-datatype-jsr310/2.9.6/jackson-datatype-jsr310-2.9.6.jar
7f319c271000-7f319c273000 r--s 00007000 08:01 1842631                    /home/ubuntu/.m2/repository/com/fasterxml/jackson/datatype/jackson-datatype-jdk8/2.9.6/jackson-datatype-jdk8-2.9.6.jar
7f319c273000-7f319c278000 r--s 0004b000 08:01 1842428                    /home/ubuntu/.m2/repository/com/fasterxml/jackson/core/jackson-core/2.9.6/jackson-core-2.9.6.jar
7f319c278000-7f319c27b000 r--s 0000e000 08:01 1842408                    /home/ubuntu/.m2/repository/com/fasterxml/jackson/core/jackson-annotations/2.9.0/jackson-annotations-2.9.0.jar
7f319c27b000-7f319c28e000 r--s 00137000 08:01 1842465                    /home/ubuntu/.m2/repository/com/fasterxml/jackson/core/jackson-databind/2.9.6/jackson-databind-2.9.6.jar
7f319c28e000-7f319c28f000 r--s 00000000 08:01 3803525                    /home/ubuntu/.m2/repository/org/springframework/boot/spring-boot-starter-json/2.0.5.RELEASE/spring-boot-starter-json-2.0.5.RELEASE.jar
7f319c28f000-7f319c290000 r--s 00000000 08:01 3803523                    /home/ubuntu/.m2/repository/org/springframework/boot/spring-boot-starter-web/2.0.5.RELEASE/spring-boot-starter-web-2.0.5.RELEASE.jar
7f319c290000-7f319c293000 r--s 0000b000 08:01 2628721                    /home/ubuntu/.m2/repository/org/objenesis/objenesis/2.5.1/objenesis-2.5.1.jar
7f319c293000-7f319c294000 r--s 00001000 08:01 2757164                    /home/ubuntu/.m2/repository/com/esotericsoftware/minlog/1.3.0/minlog-1.3.0.jar
7f319c294000-7f319c29c000 r--s 0005d000 08:01 3803937                    /home/ubuntu/.m2/repository/com/esotericsoftware/kryo-shaded/4.0.1/kryo-shaded-4.0.1.jar
7f319c29c000-7f319c29d000 r--s 00005000 08:01 3806547                    /home/ubuntu/.m2/repository/org/springframework/spring-jcl/5.1.8.RELEASE/spring-jcl-5.1.8.RELEASE.jar
7f319c29d000-7f319c2b6000 r--s 00123000 08:01 799720                     /home/ubuntu/.m2/repository/org/springframework/spring-core/5.1.8.RELEASE/spring-core-5.1.8.RELEASE.jar
7f319c2b6000-7f319c2be000 r--s 00037000 08:01 3806551                    /home/ubuntu/.m2/repository/org/springframework/spring-tx/5.1.8.RELEASE/spring-tx-5.1.8.RELEASE.jar
7f319c2be000-7f319c2c0000 r--s 0000f000 08:01 3024948                    /home/ubuntu/.m2/repository/org/mybatis/mybatis-spring/2.0.2/mybatis-spring-2.0.2.jar
7f319c2c0000-7f319c2db000 r--s 00185000 08:01 2629094                    /home/ubuntu/.m2/repository/org/mybatis/mybatis/3.5.2/mybatis-3.5.2.jar
7f319c2db000-7f319c2dd000 r--s 00005000 08:01 2629092                    /home/ubuntu/.m2/repository/org/mybatis/spring/boot/mybatis-spring-boot-autoconfigure/2.1.0/mybatis-spring-boot-autoconfigure-2.1.0.jar
7f319c2dd000-7f319c2e6000 r--s 0005a000 08:01 3806538                    /home/ubuntu/.m2/repository/org/springframework/spring-jdbc/5.1.8.RELEASE/spring-jdbc-5.1.8.RELEASE.jar
7f319c2e6000-7f319c2ea000 r--s 00020000 08:01 1842126                    /home/ubuntu/.m2/repository/com/zaxxer/HikariCP/2.7.9/HikariCP-2.7.9.jar
7f319c2ea000-7f319c2eb000 r--s 00000000 08:01 3803457                    /home/ubuntu/.m2/repository/org/springframework/boot/spring-boot-starter-jdbc/2.0.5.RELEASE/spring-boot-starter-jdbc-2.0.5.RELEASE.jar
7f319c2eb000-7f319c2ec000 r--s 00000000 08:01 3157078                    /home/ubuntu/.m2/repository/org/mybatis/spring/boot/mybatis-spring-boot-starter/2.1.0/mybatis-spring-boot-starter-2.1.0.jar
7f319c2ec000-7f319c2ee000 r--s 00002000 08:01 3806569                    /home/ubuntu/.m2/repository/org/apache/tomcat/tomcat-annotations-api/8.5.34/tomcat-annotations-api-8.5.34.jar
7f319c2ee000-7f319c318000 r--s 002d5000 08:01 3803531                    /home/ubuntu/.m2/repository/org/apache/tomcat/embed/tomcat-embed-core/8.5.34/tomcat-embed-core-8.5.34.jar
7f319c318000-7f319c31f000 r--s 00064000 08:01 2373921                    /home/ubuntu/.m2/repository/org/apache/commons/commons-lang3/3.4/commons-lang3-3.4.jar
7f319c31f000-7f319c33b000 r--s 00137000 08:01 799754                     /home/ubuntu/.m2/repository/org/springframework/spring-web/5.1.8.RELEASE/spring-web-5.1.8.RELEASE.jar
7f319c33b000-7f319c340000 r--s 00040000 08:01 3803931                    /home/ubuntu/.m2/repository/org/springframework/spring-expression/5.1.8.RELEASE/spring-expression-5.1.8.RELEASE.jar
7f319c340000-7f319c35a000 r--s 000f4000 08:01 3806542                    /home/ubuntu/.m2/repository/org/springframework/spring-context/5.1.8.RELEASE/spring-context-5.1.8.RELEASE.jar
7f319c35a000-7f319c366000 r--s 00099000 08:01 799722                     /home/ubuntu/.m2/repository/org/springframework/spring-beans/5.1.8.RELEASE/spring-beans-5.1.8.RELEASE.jar
7f319c366000-7f319c370000 r--s 00051000 08:01 3803851                    /home/ubuntu/.m2/repository/org/springframework/spring-aop/5.1.8.RELEASE/spring-aop-5.1.8.RELEASE.jar
7f319c370000-7f319c37f000 r--s 000b5000 08:01 3408801                    /home/ubuntu/.m2/repository/org/springframework/spring-webmvc/5.1.3.RELEASE/spring-webmvc-5.1.3.RELEASE.jar
7f319c37f000-7f319c397000 r--s 00110000 08:01 1972621                    /home/ubuntu/.m2/repository/io/netty/netty/3.7.0.Final/netty-3.7.0.Final.jar
7f319c397000-7f319c399000 r--s 00009000 08:01 2374071                    /home/ubuntu/.m2/repository/org/hamcrest/hamcrest-core/1.3/hamcrest-core-1.3.jar
7f319c399000-7f319c3a1000 r--s 00045000 08:01 1729200                    /home/ubuntu/.m2/repository/junit/junit/4.12/junit-4.12.jar
7f319c3a1000-7f319c3a3000 r--s 00014000 08:01 1729106                    /home/ubuntu/.m2/repository/jline/jline/0.9.94/jline-0.9.94.jar
7f319c3a3000-7f319c3af000 r--s 000b6000 08:01 2373725                    /home/ubuntu/.m2/repository/org/apache/zookeeper/zookeeper/3.4.6/zookeeper-3.4.6.jar
7f319c3af000-7f319c3b2000 r--s 00010000 08:01 1842137                    /home/ubuntu/.m2/repository/com/101tec/zkclient/0.7/zkclient-0.7.jar
7f319c3b2000-7f319c3b9000 r--s 00042000 08:01 1973029                    /home/ubuntu/.m2/repository/org/yaml/snakeyaml/1.19/snakeyaml-1.19.jar
7f319c3b9000-7f319c3bb000 r--s 00005000 08:01 1729443                    /home/ubuntu/.m2/repository/javax/annotation/javax.annotation-api/1.3.2/javax.annotation-api-1.3.2.jar
7f319c3bb000-7f319c3c1000 r--s 00039000 08:01 2373690                    /home/ubuntu/.m2/repository/org/apache/logging/log4j/log4j-api/2.10.0/log4j-api-2.10.0.jar
7f319c3c1000-7f319c3e2000 r--s 000fe000 08:01 3803467                    /home/ubuntu/.m2/repository/org/springframework/boot/spring-boot-autoconfigure/2.0.5.RELEASE/spring-boot-autoconfigure-2.0.5.RELEASE.jar
7f319c3e2000-7f319c3e5000 ---p 00000000 00:00 0 
7f319c3e5000-7f319c4e3000 rw-p 00000000 00:00 0 
7f319c4e3000-7f319c4e6000 ---p 00000000 00:00 0 
7f319c4e6000-7f319c5e4000 rw-p 00000000 00:00 0 
7f319c5e4000-7f319c5e7000 ---p 00000000 00:00 0 
7f319c5e7000-7f319c6e5000 rw-p 00000000 00:00 0 
7f319c6e5000-7f319c6e6000 ---p 00000000 00:00 0 
7f319c6e6000-7f31a1000000 rw-p 00000000 00:00 0 
7f31a1000000-7f31a1550000 rwxp 00000000 00:00 0 
7f31a1550000-7f31b0000000 ---p 00000000 00:00 0 
7f31b0000000-7f31b0d1c000 rw-p 00000000 00:00 0 
7f31b0d1c000-7f31b4000000 ---p 00000000 00:00 0 
7f31b4000000-7f31b4002000 r--s 00000000 08:01 1973085                    /home/ubuntu/.m2/repository/org/slf4j/jul-to-slf4j/1.7.25/jul-to-slf4j-1.7.25.jar
7f31b4002000-7f31b4004000 r--s 00003000 08:01 2373679                    /home/ubuntu/.m2/repository/org/apache/logging/log4j/log4j-to-slf4j/2.10.0/log4j-to-slf4j-2.10.0.jar
7f31b4004000-7f31b400f000 r--s 00069000 08:01 1729358                    /home/ubuntu/.m2/repository/ch/qos/logback/logback-core/1.2.3/logback-core-1.2.3.jar
7f31b400f000-7f31b4015000 r--s 00041000 08:01 1729340                    /home/ubuntu/.m2/repository/ch/qos/logback/logback-classic/1.2.3/logback-classic-1.2.3.jar
7f31b4015000-7f31b4016000 r--s 00000000 08:01 3803451                    /home/ubuntu/.m2/repository/org/springframework/boot/spring-boot-starter-logging/2.0.5.RELEASE/spring-boot-starter-logging-2.0.5.RELEASE.jar
7f31b4016000-7f31b402b000 r--s 000d0000 08:01 3803449                    /home/ubuntu/.m2/repository/org/springframework/boot/spring-boot/2.0.5.RELEASE/spring-boot-2.0.5.RELEASE.jar
7f31b402b000-7f31b402c000 r--s 00000000 08:01 3803459                    /home/ubuntu/.m2/repository/org/springframework/boot/spring-boot-starter/2.0.5.RELEASE/spring-boot-starter-2.0.5.RELEASE.jar
7f31b402c000-7f31b403f000 r--s 00345000 08:01 1579388                    /home/ubuntu/jdk1.8.0_211/jre/lib/resources.jar
7f31b403f000-7f31b4052000 r--s 000d6000 08:01 1579311                    /home/ubuntu/jdk1.8.0_211/jre/lib/plugin.jar
7f31b4052000-7f31b406d000 r--s 0020c000 08:01 1579392                    /home/ubuntu/jdk1.8.0_211/jre/lib/deploy.jar
7f31b406d000-7f31b4572000 rw-p 00000000 00:00 0 
7f31b4572000-7f31b474c000 r--s 03d6d000 08:01 1579313                    /home/ubuntu/jdk1.8.0_211/jre/lib/rt.jar
7f31b474c000-7f31b53a3000 rw-p 00000000 00:00 0 
7f31b53a3000-7f31b53a4000 ---p 00000000 00:00 0 
7f31b53a4000-7f31b54a4000 rw-p 00000000 00:00 0 
7f31b54a4000-7f31b54a5000 ---p 00000000 00:00 0 
7f31b54a5000-7f31b55a5000 rw-p 00000000 00:00 0 
7f31b55a5000-7f31b55a6000 ---p 00000000 00:00 0 
7f31b55a6000-7f31b56a6000 rw-p 00000000 00:00 0 
7f31b56a6000-7f31b56a7000 ---p 00000000 00:00 0 
7f31b56a7000-7f31b57c1000 rw-p 00000000 00:00 0 
7f31b57c1000-7f31b5a3d000 ---p 00000000 00:00 0 
7f31b5a3d000-7f31b5a57000 rw-p 00000000 00:00 0 
7f31b5a57000-7f31b5cd3000 ---p 00000000 00:00 0 
7f31b5cd3000-7f31b5dc9000 rw-p 00000000 00:00 0 
7f31b5dc9000-7f31b5e1e000 ---p 00000000 00:00 0 
7f31b5e1e000-7f31b5e35000 rw-p 00000000 00:00 0 
7f31b5e35000-7f31b61df000 ---p 00000000 00:00 0 
7f31b61df000-7f31b61fa000 r-xp 00000000 08:01 2102041                    /home/ubuntu/jdk1.8.0_211/jre/lib/amd64/libzip.so
7f31b61fa000-7f31b63f9000 ---p 0001b000 08:01 2102041                    /home/ubuntu/jdk1.8.0_211/jre/lib/amd64/libzip.so
7f31b63f9000-7f31b63fa000 r--p 0001a000 08:01 2102041                    /home/ubuntu/jdk1.8.0_211/jre/lib/amd64/libzip.so
7f31b63fa000-7f31b63fb000 rw-p 0001b000 08:01 2102041                    /home/ubuntu/jdk1.8.0_211/jre/lib/amd64/libzip.so
7f31b63fb000-7f31b6406000 r-xp 00000000 08:01 1709629                    /lib/x86_64-linux-gnu/libnss_files-2.27.so
7f31b6406000-7f31b6605000 ---p 0000b000 08:01 1709629                    /lib/x86_64-linux-gnu/libnss_files-2.27.so
7f31b6605000-7f31b6606000 r--p 0000a000 08:01 1709629                    /lib/x86_64-linux-gnu/libnss_files-2.27.so
7f31b6606000-7f31b6607000 rw-p 0000b000 08:01 1709629                    /lib/x86_64-linux-gnu/libnss_files-2.27.so
7f31b6607000-7f31b660d000 rw-p 00000000 00:00 0 
7f31b660d000-7f31b6624000 r-xp 00000000 08:01 1709623                    /lib/x86_64-linux-gnu/libnsl-2.27.so
7f31b6624000-7f31b6823000 ---p 00017000 08:01 1709623                    /lib/x86_64-linux-gnu/libnsl-2.27.so
7f31b6823000-7f31b6824000 r--p 00016000 08:01 1709623                    /lib/x86_64-linux-gnu/libnsl-2.27.so
7f31b6824000-7f31b6825000 rw-p 00017000 08:01 1709623                    /lib/x86_64-linux-gnu/libnsl-2.27.so
7f31b6825000-7f31b6827000 rw-p 00000000 00:00 0 
7f31b6827000-7f31b6832000 r-xp 00000000 08:01 1709640                    /lib/x86_64-linux-gnu/libnss_nis-2.27.so
7f31b6832000-7f31b6a31000 ---p 0000b000 08:01 1709640                    /lib/x86_64-linux-gnu/libnss_nis-2.27.so
7f31b6a31000-7f31b6a32000 r--p 0000a000 08:01 1709640                    /lib/x86_64-linux-gnu/libnss_nis-2.27.so
7f31b6a32000-7f31b6a33000 rw-p 0000b000 08:01 1709640                    /lib/x86_64-linux-gnu/libnss_nis-2.27.so
7f31b6a33000-7f31b6a3b000 r-xp 00000000 08:01 1709625                    /lib/x86_64-linux-gnu/libnss_compat-2.27.so
7f31b6a3b000-7f31b6c3b000 ---p 00008000 08:01 1709625                    /lib/x86_64-linux-gnu/libnss_compat-2.27.so
7f31b6c3b000-7f31b6c3c000 r--p 00008000 08:01 1709625                    /lib/x86_64-linux-gnu/libnss_compat-2.27.so
7f31b6c3c000-7f31b6c3d000 rw-p 00009000 08:01 1709625                    /lib/x86_64-linux-gnu/libnss_compat-2.27.so
7f31b6c3d000-7f31b6c47000 r-xp 00000000 08:01 2102023                    /home/ubuntu/jdk1.8.0_211/jre/lib/amd64/libinstrument.so
7f31b6c47000-7f31b6e46000 ---p 0000a000 08:01 2102023                    /home/ubuntu/jdk1.8.0_211/jre/lib/amd64/libinstrument.so
7f31b6e46000-7f31b6e47000 r--p 00009000 08:01 2102023                    /home/ubuntu/jdk1.8.0_211/jre/lib/amd64/libinstrument.so
7f31b6e47000-7f31b6e48000 rw-p 0000a000 08:01 2102023                    /home/ubuntu/jdk1.8.0_211/jre/lib/amd64/libinstrument.so
7f31b6e48000-7f31b6e74000 r-xp 00000000 08:01 2102052                    /home/ubuntu/jdk1.8.0_211/jre/lib/amd64/libjava.so
7f31b6e74000-7f31b7074000 ---p 0002c000 08:01 2102052                    /home/ubuntu/jdk1.8.0_211/jre/lib/amd64/libjava.so
7f31b7074000-7f31b7075000 r--p 0002c000 08:01 2102052                    /home/ubuntu/jdk1.8.0_211/jre/lib/amd64/libjava.so
7f31b7075000-7f31b7077000 rw-p 0002d000 08:01 2102052                    /home/ubuntu/jdk1.8.0_211/jre/lib/amd64/libjava.so
7f31b7077000-7f31b7084000 r-xp 00000000 08:01 2102079                    /home/ubuntu/jdk1.8.0_211/jre/lib/amd64/libverify.so
7f31b7084000-7f31b7283000 ---p 0000d000 08:01 2102079                    /home/ubuntu/jdk1.8.0_211/jre/lib/amd64/libverify.so
7f31b7283000-7f31b7285000 r--p 0000c000 08:01 2102079                    /home/ubuntu/jdk1.8.0_211/jre/lib/amd64/libverify.so
7f31b7285000-7f31b7286000 rw-p 0000e000 08:01 2102079                    /home/ubuntu/jdk1.8.0_211/jre/lib/amd64/libverify.so
7f31b7286000-7f31b728d000 r-xp 00000000 08:01 1709680                    /lib/x86_64-linux-gnu/librt-2.27.so
7f31b728d000-7f31b748c000 ---p 00007000 08:01 1709680                    /lib/x86_64-linux-gnu/librt-2.27.so
7f31b748c000-7f31b748d000 r--p 00006000 08:01 1709680                    /lib/x86_64-linux-gnu/librt-2.27.so
7f31b748d000-7f31b748e000 rw-p 00007000 08:01 1709680                    /lib/x86_64-linux-gnu/librt-2.27.so
7f31b748e000-7f31b762b000 r-xp 00000000 08:01 1709602                    /lib/x86_64-linux-gnu/libm-2.27.so
7f31b762b000-7f31b782a000 ---p 0019d000 08:01 1709602                    /lib/x86_64-linux-gnu/libm-2.27.so
7f31b782a000-7f31b782b000 r--p 0019c000 08:01 1709602                    /lib/x86_64-linux-gnu/libm-2.27.so
7f31b782b000-7f31b782c000 rw-p 0019d000 08:01 1709602                    /lib/x86_64-linux-gnu/libm-2.27.so
7f31b782c000-7f31b8514000 r-xp 00000000 08:01 2102060                    /home/ubuntu/jdk1.8.0_211/jre/lib/amd64/server/libjvm.so
7f31b8514000-7f31b8713000 ---p 00ce8000 08:01 2102060                    /home/ubuntu/jdk1.8.0_211/jre/lib/amd64/server/libjvm.so
7f31b8713000-7f31b87a9000 r--p 00ce7000 08:01 2102060                    /home/ubuntu/jdk1.8.0_211/jre/lib/amd64/server/libjvm.so
7f31b87a9000-7f31b87da000 rw-p 00d7d000 08:01 2102060                    /home/ubuntu/jdk1.8.0_211/jre/lib/amd64/server/libjvm.so
7f31b87da000-7f31b8815000 rw-p 00000000 00:00 0 
7f31b8815000-7f31b89fc000 r-xp 00000000 08:01 1709539                    /lib/x86_64-linux-gnu/libc-2.27.so
7f31b89fc000-7f31b8bfc000 ---p 001e7000 08:01 1709539                    /lib/x86_64-linux-gnu/libc-2.27.so
7f31b8bfc000-7f31b8c00000 r--p 001e7000 08:01 1709539                    /lib/x86_64-linux-gnu/libc-2.27.so
7f31b8c00000-7f31b8c02000 rw-p 001eb000 08:01 1709539                    /lib/x86_64-linux-gnu/libc-2.27.so
7f31b8c02000-7f31b8c06000 rw-p 00000000 00:00 0 
7f31b8c06000-7f31b8c09000 r-xp 00000000 08:01 1709562                    /lib/x86_64-linux-gnu/libdl-2.27.so
7f31b8c09000-7f31b8e08000 ---p 00003000 08:01 1709562                    /lib/x86_64-linux-gnu/libdl-2.27.so
7f31b8e08000-7f31b8e09000 r--p 00002000 08:01 1709562                    /lib/x86_64-linux-gnu/libdl-2.27.so
7f31b8e09000-7f31b8e0a000 rw-p 00003000 08:01 1709562                    /lib/x86_64-linux-gnu/libdl-2.27.so
7f31b8e0a000-7f31b8e21000 r-xp 00000000 08:01 2103521                    /home/ubuntu/jdk1.8.0_211/lib/amd64/jli/libjli.so
7f31b8e21000-7f31b9020000 ---p 00017000 08:01 2103521                    /home/ubuntu/jdk1.8.0_211/lib/amd64/jli/libjli.so
7f31b9020000-7f31b9021000 r--p 00016000 08:01 2103521                    /home/ubuntu/jdk1.8.0_211/lib/amd64/jli/libjli.so
7f31b9021000-7f31b9022000 rw-p 00017000 08:01 2103521                    /home/ubuntu/jdk1.8.0_211/lib/amd64/jli/libjli.so
7f31b9022000-7f31b903c000 r-xp 00000000 08:01 1709672                    /lib/x86_64-linux-gnu/libpthread-2.27.so
7f31b903c000-7f31b923b000 ---p 0001a000 08:01 1709672                    /lib/x86_64-linux-gnu/libpthread-2.27.so
7f31b923b000-7f31b923c000 r--p 00019000 08:01 1709672                    /lib/x86_64-linux-gnu/libpthread-2.27.so
7f31b923c000-7f31b923d000 rw-p 0001a000 08:01 1709672                    /lib/x86_64-linux-gnu/libpthread-2.27.so
7f31b923d000-7f31b9241000 rw-p 00000000 00:00 0 
7f31b9241000-7f31b9268000 r-xp 00000000 08:01 1709511                    /lib/x86_64-linux-gnu/ld-2.27.so
7f31b9268000-7f31b9269000 r--s 00001000 08:01 1972940                    /home/ubuntu/.m2/repository/io/dubbo/springboot/spring-boot-starter-dubbo/1.0.0/spring-boot-starter-dubbo-1.0.0.jar
7f31b9269000-7f31b926a000 r--s 00000000 08:01 1579309                    /home/ubuntu/jdk1.8.0_211/jre/lib/management-agent.jar
7f31b926a000-7f31b926f000 r--s 000a3000 08:01 1579415                    /home/ubuntu/jdk1.8.0_211/jre/lib/jsse.jar
7f31b926f000-7f31b9271000 r--s 00007000 08:01 1579338                    /home/ubuntu/jdk1.8.0_211/jre/lib/jfxswt.jar
7f31b9271000-7f31b9276000 r--s 00084000 08:01 1579409                    /home/ubuntu/jdk1.8.0_211/jre/lib/jfr.jar
7f31b9276000-7f31b9279000 r--s 0001a000 08:01 1579386                    /home/ubuntu/jdk1.8.0_211/jre/lib/jce.jar
7f31b9279000-7f31b934a000 rw-p 00000000 00:00 0 
7f31b934a000-7f31b934b000 ---p 00000000 00:00 0 
7f31b934b000-7f31b934e000 ---p 00000000 00:00 0 
7f31b934e000-7f31b944f000 rw-p 00000000 00:00 0 
7f31b944f000-7f31b9459000 r--s 0006e000 08:01 1579393                    /home/ubuntu/jdk1.8.0_211/jre/lib/javaws.jar
7f31b9459000-7f31b945e000 r--s 002f9000 08:01 1579414                    /home/ubuntu/jdk1.8.0_211/jre/lib/charsets.jar
7f31b945e000-7f31b9466000 rw-s 00000000 08:01 2503469                    /tmp/hsperfdata_ubuntu/103497
7f31b9466000-7f31b9467000 rw-p 00000000 00:00 0 
7f31b9467000-7f31b9468000 ---p 00000000 00:00 0 
7f31b9468000-7f31b9469000 r--p 00027000 08:01 1709511                    /lib/x86_64-linux-gnu/ld-2.27.so
7f31b9469000-7f31b946a000 rw-p 00028000 08:01 1709511                    /lib/x86_64-linux-gnu/ld-2.27.so
7f31b946a000-7f31b946b000 rw-p 00000000 00:00 0 
7ffd7f235000-7ffd7f259000 rw-p 00000000 00:00 0                          [stack]
7ffd7f382000-7ffd7f385000 r--p 00000000 00:00 0                          [vvar]
7ffd7f385000-7ffd7f386000 r-xp 00000000 00:00 0                          [vdso]
ffffffffff600000-ffffffffff601000 r-xp 00000000 00:00 0                  [vsyscall]

VM Arguments:
jvm_args: -XX:TieredStopAtLevel=1 -Xverify:none -Dspring.output.ansi.enabled=always -Dcom.sun.management.jmxremote -Dspring.jmx.enabled=true -Dspring.liveBeansView.mbeanDomain -Dspring.application.admin.enabled=true -javaagent:/home/ubuntu/idea-IU-191.6707.61/lib/idea_rt.jar=45185:/home/ubuntu/idea-IU-191.6707.61/bin -Dfile.encoding=UTF-8 
java_command: com.PaymentApplication
java_class_path (initial): /home/ubuntu/jdk1.8.0_211/jre/lib/charsets.jar:/home/ubuntu/jdk1.8.0_211/jre/lib/deploy.jar:/home/ubuntu/jdk1.8.0_211/jre/lib/ext/cldrdata.jar:/home/ubuntu/jdk1.8.0_211/jre/lib/ext/dnsns.jar:/home/ubuntu/jdk1.8.0_211/jre/lib/ext/jaccess.jar:/home/ubuntu/jdk1.8.0_211/jre/lib/ext/jfxrt.jar:/home/ubuntu/jdk1.8.0_211/jre/lib/ext/localedata.jar:/home/ubuntu/jdk1.8.0_211/jre/lib/ext/nashorn.jar:/home/ubuntu/jdk1.8.0_211/jre/lib/ext/sunec.jar:/home/ubuntu/jdk1.8.0_211/jre/lib/ext/sunjce_provider.jar:/home/ubuntu/jdk1.8.0_211/jre/lib/ext/sunpkcs11.jar:/home/ubuntu/jdk1.8.0_211/jre/lib/ext/zipfs.jar:/home/ubuntu/jdk1.8.0_211/jre/lib/javaws.jar:/home/ubuntu/jdk1.8.0_211/jre/lib/jce.jar:/home/ubuntu/jdk1.8.0_211/jre/lib/jfr.jar:/home/ubuntu/jdk1.8.0_211/jre/lib/jfxswt.jar:/home/ubuntu/jdk1.8.0_211/jre/lib/jsse.jar:/home/ubuntu/jdk1.8.0_211/jre/lib/management-agent.jar:/home/ubuntu/jdk1.8.0_211/jre/lib/plugin.jar:/home/ubuntu/jdk1.8.0_211/jre/lib/resources.jar:/home/ubuntu/jdk1.8.0_211/jre/lib/rt.jar:/home/ubuntu/IdeaProjects/unmanned-freezer/payment-service/target/classes:/home/ubuntu/.m2/repository/io/dubbo/springboot/spring-boot-starter-dubbo/1.0.0/spring-boot-starter-dubbo-1.0.0.jar:/home/ubuntu/.m2/repository/org/springframework/boot/spring-boot-starter/2.0.5.RELEASE/spring-boot-starter-2.0.5.RELEASE.jar:/home/ubuntu/.m2/repository/org/springframework/boot/spring-boot/2.0.5.RELEASE/spring-boot-2.0.5.RELEASE.jar:/home/ubuntu/.m2/repository/org/springframework/boot/spring-boot-autoconfigure/2.0.5.RELEASE/spring-boot-autoconfigure-2.0.5.RELEASE.jar:/home/ubuntu/.m2/repository/org/springframework/boot/spring-boot-starter-logging/2.0.5.RELEASE/spring-boot-starter-logging-2.0.5.RELEASE.jar:/home/ubuntu/.m2/repository/ch/qos/logback/logback-classic/1.2.3/logback-classic-1.2.3.jar:/home/ubuntu/.m2/repository/ch/qos/logback/logback-core/1.2.3/logback-core-1.2.3.jar:/home/ubuntu/.m2/repository/org/apache/logging/log4j/log4j-to-slf4j/2.10.0/log4j-to-slf4j
Launcher Type: SUN_STANDARD

Environment Variables:
PATH=/home/ubuntu/.local/bin:/home/ubuntu/apache-maven-3.6.1/bin:/usr/local/sbin:/usr/local/bin:/usr/sbin:/usr/bin:/sbin:/bin:/usr/games:/usr/local/games:/snap/bin
USERNAME=ubuntu
SHELL=/bin/bash
DISPLAY=:0

Signal Handlers:
SIGSEGV: [libjvm.so+0xad3d90], sa_mask[0]=11111111011111111101111111111110, sa_flags=SA_RESTART|SA_SIGINFO
SIGBUS: [libjvm.so+0xad3d90], sa_mask[0]=11111111011111111101111111111110, sa_flags=SA_RESTART|SA_SIGINFO
SIGFPE: [libjvm.so+0x90b8b0], sa_mask[0]=11111111011111111101111111111110, sa_flags=SA_RESTART|SA_SIGINFO
SIGPIPE: [libjvm.so+0x90b8b0], sa_mask[0]=11111111011111111101111111111110, sa_flags=SA_RESTART|SA_SIGINFO
SIGXFSZ: [libjvm.so+0x90b8b0], sa_mask[0]=11111111011111111101111111111110, sa_flags=SA_RESTART|SA_SIGINFO
SIGILL: [libjvm.so+0x90b8b0], sa_mask[0]=11111111011111111101111111111110, sa_flags=SA_RESTART|SA_SIGINFO
SIGUSR1: SIG_DFL, sa_mask[0]=00000000000000000000000000000000, sa_flags=none
SIGUSR2: [libjvm.so+0x90b780], sa_mask[0]=00100000000000000000000000000000, sa_flags=SA_RESTART|SA_SIGINFO
SIGHUP: SIG_IGN, sa_mask[0]=00000000000000000000000000000000, sa_flags=none
SIGINT: [libjvm.so+0x90bda0], sa_mask[0]=11111111011111111101111111111110, sa_flags=SA_RESTART|SA_SIGINFO
SIGTERM: [libjvm.so+0x90bda0], sa_mask[0]=11111111011111111101111111111110, sa_flags=SA_RESTART|SA_SIGINFO
SIGQUIT: [libjvm.so+0x90bda0], sa_mask[0]=11111111011111111101111111111110, sa_flags=SA_RESTART|SA_SIGINFO


---------------  S Y S T E M  ---------------

OS:DISTRIB_ID=Ubuntu
DISTRIB_RELEASE=18.04
DISTRIB_CODENAME=bionic
DISTRIB_DESCRIPTION="Ubuntu 18.04.2 LTS"

uname:Linux 5.0.0-37-generic #40~18.04.1-Ubuntu SMP Thu Nov 14 12:06:39 UTC 2019 x86_64
libc:glibc 2.27 NPTL 2.27 
rlimit: STACK 8192k, CORE 0k, NPROC 31498, NOFILE 1048576, AS infinity
load average:3.76 2.85 1.68

/proc/meminfo:
MemTotal:        8133296 kB
MemFree:          123564 kB
MemAvailable:      41632 kB
Buffers:             756 kB
Cached:            33408 kB
SwapCached:            0 kB
Active:          7008684 kB
Inactive:          26352 kB
Active(anon):    7002728 kB
Inactive(anon):    18892 kB
Active(file):       5956 kB
Inactive(file):     7460 kB
Unevictable:          32 kB
Mlocked:              32 kB
SwapTotal:             0 kB
SwapFree:              0 kB
Dirty:               240 kB
Writeback:           140 kB
AnonPages:       7001152 kB
Mapped:            26592 kB
Shmem:             20504 kB
KReclaimable:      96252 kB
Slab:             271020 kB
SReclaimable:      96252 kB
SUnreclaim:       174768 kB
KernelStack:       26320 kB
PageTables:        65452 kB
NFS_Unstable:          0 kB
Bounce:                0 kB
WritebackTmp:          0 kB
CommitLimit:     4066648 kB
Committed_AS:   15201572 kB
VmallocTotal:   34359738367 kB
VmallocUsed:           0 kB
VmallocChunk:          0 kB
Percpu:            90112 kB
HardwareCorrupted:     0 kB
AnonHugePages:      2048 kB
ShmemHugePages:        0 kB
ShmemPmdMapped:        0 kB
CmaTotal:              0 kB
CmaFree:               0 kB
HugePages_Total:       0
HugePages_Free:        0
HugePages_Rsvd:        0
HugePages_Surp:        0
Hugepagesize:       2048 kB
Hugetlb:               0 kB
DirectMap4k:      444224 kB
DirectMap2M:     7936000 kB
DirectMap1G:           0 kB

container (cgroup) information:
container_type: cgroupv1
cpu_cpuset_cpus: 0-3
cpu_memory_nodes: 0
active_processor_count: 4
cpu_quota: -1
cpu_period: 100000
cpu_shares: -1
memory_limit_in_bytes: -1
memory_and_swap_limit_in_bytes: -2
memory_soft_limit_in_bytes: -1
memory_usage_in_bytes: 6590906368
memory_max_usage_in_bytes: 6611578880


CPU:total 4 (initial active 4) (2 cores per cpu, 1 threads per core) family 6 model 158 stepping 10, cmov, cx8, fxsr, mmx, sse, sse2, sse3, ssse3, sse4.1, sse4.2, popcnt, avx, avx2, aes, clmul, erms, rtm, 3dnowpref, lzcnt, tsc, tscinvbit, bmi1, bmi2, adx

/proc/cpuinfo:
processor	: 0
vendor_id	: GenuineIntel
cpu family	: 6
model		: 158
model name	: Intel(R) Core(TM) i5-8500 CPU @ 3.00GHz
stepping	: 10
microcode	: 0x96
cpu MHz		: 3000.001
cache size	: 9216 KB
physical id	: 0
siblings	: 2
core id		: 0
cpu cores	: 2
apicid		: 0
initial apicid	: 0
fpu		: yes
fpu_exception	: yes
cpuid level	: 22
wp		: yes
flags		: fpu vme de pse tsc msr pae mce cx8 apic sep mtrr pge mca cmov pat pse36 clflush mmx fxsr sse sse2 ss ht syscall nx pdpe1gb rdtscp lm constant_tsc arch_perfmon nopl xtopology tsc_reliable nonstop_tsc cpuid pni pclmulqdq ssse3 fma cx16 pcid sse4_1 sse4_2 x2apic movbe popcnt tsc_deadline_timer aes xsave avx f16c rdrand hypervisor lahf_lm abm 3dnowprefetch cpuid_fault invpcid_single pti ssbd ibrs ibpb stibp fsgsbase tsc_adjust bmi1 hle avx2 smep bmi2 invpcid rtm mpx rdseed adx smap clflushopt xsaveopt xsavec xsaves arat flush_l1d arch_capabilities
bugs		: cpu_meltdown spectre_v1 spectre_v2 spec_store_bypass l1tf mds swapgs taa itlb_multihit
bogomips	: 6000.00
clflush size	: 64
cache_alignment	: 64
address sizes	: 43 bits physical, 48 bits virtual
power management:

processor	: 1
vendor_id	: GenuineIntel
cpu family	: 6
model		: 158
model name	: Intel(R) Core(TM) i5-8500 CPU @ 3.00GHz
stepping	: 10
microcode	: 0x96
cpu MHz		: 3000.001
cache size	: 9216 KB
physical id	: 0
siblings	: 2
core id		: 1
cpu cores	: 2
apicid		: 1
initial apicid	: 1
fpu		: yes
fpu_exception	: yes
cpuid level	: 22
wp		: yes
flags		: fpu vme de pse tsc msr pae mce cx8 apic sep mtrr pge mca cmov pat pse36 clflush mmx fxsr sse sse2 ss ht syscall nx pdpe1gb rdtscp lm constant_tsc arch_perfmon nopl xtopology tsc_reliable nonstop_tsc cpuid pni pclmulqdq ssse3 fma cx16 pcid sse4_1 sse4_2 x2apic movbe popcnt tsc_deadline_timer aes xsave avx f16c rdrand hypervisor lahf_lm abm 3dnowprefetch cpuid_fault invpcid_single pti ssbd ibrs ibpb stibp fsgsbase tsc_adjust bmi1 hle avx2 smep bmi2 invpcid rtm mpx rdseed adx smap clflushopt xsaveopt xsavec xsaves arat flush_l1d arch_capabilities
bugs		: cpu_meltdown spectre_v1 spectre_v2 spec_store_bypass l1tf mds swapgs taa itlb_multihit
bogomips	: 6000.00
clflush size	: 64
cache_alignment	: 64
address sizes	: 43 bits physical, 48 bits virtual
power management:

processor	: 2
vendor_id	: GenuineIntel
cpu family	: 6
model		: 158
model name	: Intel(R) Core(TM) i5-8500 CPU @ 3.00GHz
stepping	: 10
microcode	: 0x96
cpu MHz		: 3000.001
cache size	: 9216 KB
physical id	: 1
siblings	: 2
core id		: 0
cpu cores	: 2
apicid		: 2
initial apicid	: 2
fpu		: yes
fpu_exception	: yes
cpuid level	: 22
wp		: yes
flags		: fpu vme de pse tsc msr pae mce cx8 apic sep mtrr pge mca cmov pat pse36 clflush mmx fxsr sse sse2 ss ht syscall nx pdpe1gb rdtscp lm constant_tsc arch_perfmon nopl xtopology tsc_reliable nonstop_tsc cpuid pni pclmulqdq ssse3 fma cx16 pcid sse4_1 sse4_2 x2apic movbe popcnt tsc_deadline_timer aes xsave avx f16c rdrand hypervisor lahf_lm abm 3dnowprefetch cpuid_fault invpcid_single pti ssbd ibrs ibpb stibp fsgsbase tsc_adjust bmi1 hle avx2 smep bmi2 invpcid rtm mpx rdseed adx smap clflushopt xsaveopt xsavec xsaves arat flush_l1d arch_capabilities
bugs		: cpu_meltdown spectre_v1 spectre_v2 spec_store_bypass l1tf mds swapgs taa itlb_multihit
bogomips	: 6000.00
clflush size	: 64
cache_alignment	: 64
address sizes	: 43 bits physical, 48 bits virtual
power management:

processor	: 3
vendor_id	: GenuineIntel
cpu family	: 6
model		: 158
model name	: Intel(R) Core(TM) i5-8500 CPU @ 3.00GHz
stepping	: 10
microcode	: 0x96
cpu MHz		: 3000.001
cache size	: 9216 KB
physical id	: 1
siblings	: 2
core id		: 1
cpu cores	: 2
apicid		: 3
initial apicid	: 3
fpu		: yes
fpu_exception	: yes
cpuid level	: 22
wp		: yes
flags		: fpu vme de pse tsc msr pae mce cx8 apic sep mtrr pge mca cmov pat pse36 clflush mmx fxsr sse sse2 ss ht syscall nx pdpe1gb rdtscp lm constant_tsc arch_perfmon nopl xtopology tsc_reliable nonstop_tsc cpuid pni pclmulqdq ssse3 fma cx16 pcid sse4_1 sse4_2 x2apic movbe popcnt tsc_deadline_timer aes xsave avx f16c rdrand hypervisor lahf_lm abm 3dnowprefetch cpuid_fault invpcid_single pti ssbd ibrs ibpb stibp fsgsbase tsc_adjust bmi1 hle avx2 smep bmi2 invpcid rtm mpx rdseed adx smap clflushopt xsaveopt xsavec xsaves arat flush_l1d arch_capabilities
bugs		: cpu_meltdown spectre_v1 spectre_v2 spec_store_bypass l1tf mds swapgs taa itlb_multihit
bogomips	: 6000.00
clflush size	: 64
cache_alignment	: 64
address sizes	: 43 bits physical, 48 bits virtual
power management:



Memory: 4k page, physical 8133296k(124068k free), swap 0k(0k free)

vm_info: Java HotSpot(TM) 64-Bit Server VM (25.211-b12) for linux-amd64 JRE (1.8.0_211-b12), built on Apr  1 2019 20:39:34 by "java_re" with gcc 7.3.0

time: Sun Jan 12 12:01:09 2020
timezone: CST
elapsed time: 3 seconds (0d 0h 0m 3s)

