#
# There is insufficient memory for the Java Runtime Environment to continue.
# Native memory allocation (mmap) failed to map 157286400 bytes for committing reserved memory.
# Possible reasons:
#   The system is out of physical RAM or swap space
#   The process is running with CompressedOops enabled, and the Java Heap may be blocking the growth of the native heap
# Possible solutions:
#   Reduce memory load on the system
#   Increase physical memory or swap space
#   Check if swap backing store is full
#   Decrease Java heap size (-Xmx/-Xms)
#   Decrease number of Java threads
#   Decrease Java thread stack sizes (-Xss)
#   Set larger code cache with -XX:ReservedCodeCacheSize=
#   JVM is running with Unscaled Compressed Oops mode in which the Java heap is
#     placed in the first 4GB address space. The Java Heap base address is the
#     maximum limit for the native heap growth. Please use -XX:HeapBaseMinAddress
#     to set the Java Heap base and to place the Java Heap above 4GB virtual address.
# This output file may be truncated or incomplete.
#
#  Out of Memory Error (os_linux.cpp:2749), pid=102838, tid=0x00007fd880deb700
#
# JRE version: Java(TM) SE Runtime Environment (8.0_211-b12) (build 1.8.0_211-b12)
# Java VM: Java HotSpot(TM) 64-Bit Server VM (25.211-b12 mixed mode linux-amd64 compressed oops)
# Failed to write core dump. Core dumps have been disabled. To enable core dumping, try "ulimit -c unlimited" before starting Java again
#

---------------  T H R E A D  ---------------

Current thread (0x00007fd894146800):  VMThread [stack: 0x00007fd880cec000,0x00007fd880dec000] [id=102851]

Stack: [0x00007fd880cec000,0x00007fd880dec000],  sp=0x00007fd880dea3f0,  free space=1016k
Native frames: (J=compiled Java code, j=interpreted, Vv=VM code, C=native code)
V  [libjvm.so+0xad3455]  VMError::report_and_die()+0x2e5
V  [libjvm.so+0x4e0537]  report_vm_out_of_memory(char const*, int, unsigned long, VMErrorType, char const*)+0x67
V  [libjvm.so+0x910320]  os::pd_commit_memory(char*, unsigned long, unsigned long, bool)+0x100
V  [libjvm.so+0x90794f]  os::commit_memory(char*, unsigned long, unsigned long, bool)+0x1f
V  [libjvm.so+0x98c736]  PSVirtualSpace::expand_by(unsigned long)+0x56
V  [libjvm.so+0x98d9c8]  PSYoungGen::resize(unsigned long, unsigned long)+0xd8
V  [libjvm.so+0x98a166]  PSScavenge::invoke_no_policy()+0x1376
V  [libjvm.so+0x98a4fc]  PSScavenge::invoke()+0x4c
V  [libjvm.so+0x93a248]  ParallelScavengeHeap::failed_mem_allocate(unsigned long)+0x68
V  [libjvm.so+0xad4fa3]  VM_ParallelGCFailedAllocation::doit()+0x93
V  [libjvm.so+0xada1c6]  VM_Operation::evaluate()+0x46
V  [libjvm.so+0xad84fd]  VMThread::evaluate_operation(VM_Operation*) [clone .constprop.44]+0xcd
V  [libjvm.so+0xad8ae3]  VMThread::loop()+0x3a3
V  [libjvm.so+0xad8eb8]  VMThread::run()+0x78
V  [libjvm.so+0x90d952]  java_start(Thread*)+0x102

VM_Operation (0x00007fd89da869a0): ParallelGCFailedAllocation, mode: safepoint, requested by thread 0x00007fd894011800


---------------  P R O C E S S  ---------------

Java Threads: ( => current thread )
  0x00007fd8343be800 JavaThread "RMI Scheduler(0)" daemon [_thread_blocked, id=102880, stack(0x00007fd846ed5000,0x00007fd846fd6000)]
  0x00007fd840001800 JavaThread "RMI TCP Connection(1)-127.0.0.1" daemon [_thread_in_native, id=102879, stack(0x00007fd847bfe000,0x00007fd847cff000)]
  0x00007fd85c001000 JavaThread "Attach Listener" daemon [_thread_blocked, id=102877, stack(0x00007fd8471fc000,0x00007fd8472fd000)]
  0x00007fd89423d000 JavaThread "Dubbo-Holder" [_thread_blocked, id=102876, stack(0x00007fd8474fd000,0x00007fd8475fe000)]
  0x00007fd8946e1000 JavaThread "RMI TCP Accept-0" daemon [_thread_in_native, id=102866, stack(0x00007fd86009a000,0x00007fd86019b000)]
  0x00007fd8945ef800 JavaThread "Service Thread" daemon [_thread_blocked, id=102865, stack(0x00007fd8637d4000,0x00007fd8638d5000)]
  0x00007fd8945ed000 JavaThread "C1 CompilerThread2" daemon [_thread_blocked, id=102864, stack(0x00007fd8638d6000,0x00007fd8639d6000)]
  0x00007fd8945ea800 JavaThread "C2 CompilerThread1" daemon [_thread_blocked, id=102863, stack(0x00007fd8639d7000,0x00007fd863ad7000)]
  0x00007fd8945e9000 JavaThread "C2 CompilerThread0" daemon [_thread_blocked, id=102862, stack(0x00007fd863ad8000,0x00007fd863bd8000)]
  0x00007fd8945e6800 JavaThread "Monitor Ctrl-Break" daemon [_thread_in_native, id=102861, stack(0x00007fd863bd8000,0x00007fd863cd9000)]
  0x00007fd894185800 JavaThread "Signal Dispatcher" daemon [_thread_blocked, id=102860, stack(0x00007fd880019000,0x00007fd88011a000)]
  0x00007fd894153000 JavaThread "Finalizer" daemon [_thread_blocked, id=102856, stack(0x00007fd880ae9000,0x00007fd880bea000)]
  0x00007fd894150800 JavaThread "Reference Handler" daemon [_thread_blocked, id=102855, stack(0x00007fd880bea000,0x00007fd880ceb000)]
  0x00007fd894011800 JavaThread "main" [_thread_blocked, id=102839, stack(0x00007fd89d989000,0x00007fd89da89000)]

Other Threads:
=>0x00007fd894146800 VMThread [stack: 0x00007fd880cec000,0x00007fd880dec000] [id=102851]
  0x00007fd8946f5000 WatcherThread [stack: 0x00007fd847f00000,0x00007fd848000000] [id=102867]

VM state:at safepoint (normal execution)

VM Mutex/Monitor currently owned by a thread:  ([mutex/lock_event])
[0x00007fd894007300] Threads_lock - owner thread: 0x00007fd894146800
[0x00007fd894007800] Heap_lock - owner thread: 0x00007fd894011800

heap address: 0x0000000083e00000, size: 1986 MB, Compressed Oops mode: 32-bit
Narrow klass base: 0x0000000000000000, Narrow klass shift: 3
Compressed class space size: 1073741824 Address: 0x0000000100000000

Heap:
 PSYoungGen      total 430080K, used 30186K [0x00000000d6a00000, 0x00000000f4f00000, 0x0000000100000000)
  eden space 399872K, 0% used [0x00000000d6a00000,0x00000000d6a00000,0x00000000ef080000)
  from space 30208K, 99% used [0x00000000ef080000,0x00000000f0dfaa98,0x00000000f0e00000)
  to   space 23040K, 0% used [0x00000000f0e00000,0x00000000f0e00000,0x00000000f2480000)
 ParOldGen       total 53760K, used 40477K [0x0000000083e00000, 0x0000000087280000, 0x00000000d6a00000)
  object space 53760K, 75% used [0x0000000083e00000,0x00000000865874e8,0x0000000087280000)
 Metaspace       used 26175K, capacity 27104K, committed 27392K, reserved 1073152K
  class space    used 3477K, capacity 3733K, committed 3840K, reserved 1048576K

Card table byte_map: [0x00007fd89a07b000,0x00007fd89a45d000] byte_map_base: 0x00007fd899c5c000

Marking Bits: (ParMarkBitMap*) 0x00007fd89ce35d80
 Begin Bits: [0x00007fd8811f0000, 0x00007fd8830f8000)
 End Bits:   [0x00007fd8830f8000, 0x00007fd885000000)

Polling page: 0x00007fd89daa5000

CodeCache: size=245760Kb used=5490Kb max_used=5490Kb free=240269Kb
 bounds [0x00007fd885000000, 0x00007fd885560000, 0x00007fd894000000]
 total_blobs=2945 nmethods=2544 adapters=314
 compilation: enabled

Compilation events (10 events):
Event: 3.017 Thread 0x00007fd8945ed000 2539       1       java.io.File::hashCode (8 bytes)
Event: 3.017 Thread 0x00007fd8945ed000 nmethod 2539 0x00007fd885558ed0 code [0x00007fd885559040, 0x00007fd885559188]
Event: 3.017 Thread 0x00007fd8945ed000 2540       1       java.io.UnixFileSystem::hashCode (11 bytes)
Event: 3.017 Thread 0x00007fd8945ed000 nmethod 2540 0x00007fd885559250 code [0x00007fd8855593c0, 0x00007fd885559508]
Event: 3.136 Thread 0x00007fd8945ed000 2541   !   1       sun.misc.URLClassPath$JarLoader::getResource (353 bytes)
Event: 3.138 Thread 0x00007fd8945ed000 nmethod 2541 0x00007fd8855595d0 code [0x00007fd8855598e0, 0x00007fd88555a5a8]
Event: 3.187 Thread 0x00007fd8945ed000 2542       1       sun.nio.fs.UnixPath::normalizeAndCheck (75 bytes)
Event: 3.188 Thread 0x00007fd8945ed000 nmethod 2542 0x00007fd88555bb10 code [0x00007fd88555bcc0, 0x00007fd88555bf98]
Event: 3.190 Thread 0x00007fd8945ed000 2543       1       java.io.File::canRead (34 bytes)
Event: 3.190 Thread 0x00007fd8945ed000 nmethod 2543 0x00007fd88555c610 code [0x00007fd88555c7a0, 0x00007fd88555c968]

GC Heap History (10 events):
Event: 1.096 GC heap after
Heap after GC invocations=5 (full 0):
 PSYoungGen      total 136192K, used 5092K [0x00000000d6a00000, 0x00000000e7d00000, 0x0000000100000000)
  eden space 131072K, 0% used [0x00000000d6a00000,0x00000000d6a00000,0x00000000dea00000)
  from space 5120K, 99% used [0x00000000dea00000,0x00000000deef9118,0x00000000def00000)
  to   space 9728K, 0% used [0x00000000e7380000,0x00000000e7380000,0x00000000e7d00000)
 ParOldGen       total 86016K, used 8953K [0x0000000083e00000, 0x0000000089200000, 0x00000000d6a00000)
  object space 86016K, 10% used [0x0000000083e00000,0x00000000846be570,0x0000000089200000)
 Metaspace       used 20653K, capacity 21204K, committed 21296K, reserved 1067008K
  class space    used 2720K, capacity 2905K, committed 2944K, reserved 1048576K
}
Event: 1.096 GC heap before
{Heap before GC invocations=6 (full 1):
 PSYoungGen      total 136192K, used 5092K [0x00000000d6a00000, 0x00000000e7d00000, 0x0000000100000000)
  eden space 131072K, 0% used [0x00000000d6a00000,0x00000000d6a00000,0x00000000dea00000)
  from space 5120K, 99% used [0x00000000dea00000,0x00000000deef9118,0x00000000def00000)
  to   space 9728K, 0% used [0x00000000e7380000,0x00000000e7380000,0x00000000e7d00000)
 ParOldGen       total 86016K, used 8953K [0x0000000083e00000, 0x0000000089200000, 0x00000000d6a00000)
  object space 86016K, 10% used [0x0000000083e00000,0x00000000846be570,0x0000000089200000)
 Metaspace       used 20653K, capacity 21204K, committed 21296K, reserved 1067008K
  class space    used 2720K, capacity 2905K, committed 2944K, reserved 1048576K
Event: 1.119 GC heap after
Heap after GC invocations=6 (full 1):
 PSYoungGen      total 136192K, used 0K [0x00000000d6a00000, 0x00000000e7d00000, 0x0000000100000000)
  eden space 131072K, 0% used [0x00000000d6a00000,0x00000000d6a00000,0x00000000dea00000)
  from space 5120K, 0% used [0x00000000dea00000,0x00000000dea00000,0x00000000def00000)
  to   space 9728K, 0% used [0x00000000e7380000,0x00000000e7380000,0x00000000e7d00000)
 ParOldGen       total 53760K, used 8989K [0x0000000083e00000, 0x0000000087280000, 0x00000000d6a00000)
  object space 53760K, 16% used [0x0000000083e00000,0x00000000846c74c0,0x0000000087280000)
 Metaspace       used 20653K, capacity 21204K, committed 21296K, reserved 1067008K
  class space    used 2720K, capacity 2905K, committed 2944K, reserved 1048576K
}
Event: 1.423 GC heap before
{Heap before GC invocations=7 (full 1):
 PSYoungGen      total 136192K, used 131072K [0x00000000d6a00000, 0x00000000e7d00000, 0x0000000100000000)
  eden space 131072K, 100% used [0x00000000d6a00000,0x00000000dea00000,0x00000000dea00000)
  from space 5120K, 0% used [0x00000000dea00000,0x00000000dea00000,0x00000000def00000)
  to   space 9728K, 0% used [0x00000000e7380000,0x00000000e7380000,0x00000000e7d00000)
 ParOldGen       total 53760K, used 8989K [0x0000000083e00000, 0x0000000087280000, 0x00000000d6a00000)
  object space 53760K, 16% used [0x0000000083e00000,0x00000000846c74c0,0x0000000087280000)
 Metaspace       used 22014K, capacity 22652K, committed 22912K, reserved 1069056K
  class space    used 2909K, capacity 3111K, committed 3200K, reserved 1048576K
Event: 1.444 GC heap after
Heap after GC invocations=7 (full 1):
 PSYoungGen      total 241664K, used 9713K [0x00000000d6a00000, 0x00000000e7d00000, 0x0000000100000000)
  eden space 231936K, 0% used [0x00000000d6a00000,0x00000000d6a00000,0x00000000e4c80000)
  from space 9728K, 99% used [0x00000000e7380000,0x00000000e7cfc6d0,0x00000000e7d00000)
  to   space 14336K, 0% used [0x00000000e6100000,0x00000000e6100000,0x00000000e6f00000)
 ParOldGen       total 53760K, used 14835K [0x0000000083e00000, 0x0000000087280000, 0x00000000d6a00000)
  object space 53760K, 27% used [0x0000000083e00000,0x0000000084c7cee8,0x0000000087280000)
 Metaspace       used 22014K, capacity 22652K, committed 22912K, reserved 1069056K
  class space    used 2909K, capacity 3111K, committed 3200K, reserved 1048576K
}
Event: 1.861 GC heap before
{Heap before GC invocations=8 (full 1):
 PSYoungGen      total 241664K, used 241649K [0x00000000d6a00000, 0x00000000e7d00000, 0x0000000100000000)
  eden space 231936K, 100% used [0x00000000d6a00000,0x00000000e4c80000,0x00000000e4c80000)
  from space 9728K, 99% used [0x00000000e7380000,0x00000000e7cfc6d0,0x00000000e7d00000)
  to   space 14336K, 0% used [0x00000000e6100000,0x00000000e6100000,0x00000000e6f00000)
 ParOldGen       total 53760K, used 14835K [0x0000000083e00000, 0x0000000087280000, 0x00000000d6a00000)
  object space 53760K, 27% used [0x0000000083e00000,0x0000000084c7cee8,0x0000000087280000)
 Metaspace       used 22034K, capacity 22716K, committed 22912K, reserved 1069056K
  class space    used 2916K, capacity 3111K, committed 3200K, reserved 1048576K
Event: 1.883 GC heap after
Heap after GC invocations=8 (full 1):
 PSYoungGen      total 267264K, used 14326K [0x00000000d6a00000, 0x00000000f2480000, 0x0000000100000000)
  eden space 252928K, 0% used [0x00000000d6a00000,0x00000000d6a00000,0x00000000e6100000)
  from space 14336K, 99% used [0x00000000e6100000,0x00000000e6efd998,0x00000000e6f00000)
  to   space 23040K, 0% used [0x00000000f0e00000,0x00000000f0e00000,0x00000000f2480000)
 ParOldGen       total 53760K, used 27117K [0x0000000083e00000, 0x0000000087280000, 0x00000000d6a00000)
  object space 53760K, 50% used [0x0000000083e00000,0x000000008587b560,0x0000000087280000)
 Metaspace       used 22034K, capacity 22716K, committed 22912K, reserved 1069056K
  class space    used 2916K, capacity 3111K, committed 3200K, reserved 1048576K
}
Event: 2.599 GC heap before
{Heap before GC invocations=9 (full 1):
 PSYoungGen      total 267264K, used 267254K [0x00000000d6a00000, 0x00000000f2480000, 0x0000000100000000)
  eden space 252928K, 100% used [0x00000000d6a00000,0x00000000e6100000,0x00000000e6100000)
  from space 14336K, 99% used [0x00000000e6100000,0x00000000e6efd998,0x00000000e6f00000)
  to   space 23040K, 0% used [0x00000000f0e00000,0x00000000f0e00000,0x00000000f2480000)
 ParOldGen       total 53760K, used 27117K [0x0000000083e00000, 0x0000000087280000, 0x00000000d6a00000)
  object space 53760K, 50% used [0x0000000083e00000,0x000000008587b560,0x0000000087280000)
 Metaspace       used 25298K, capacity 26152K, committed 26368K, reserved 1073152K
  class space    used 3362K, capacity 3569K, committed 3584K, reserved 1048576K
Event: 2.620 GC heap after
Heap after GC invocations=9 (full 1):
 PSYoungGen      total 422912K, used 23029K [0x00000000d6a00000, 0x00000000f4f00000, 0x0000000100000000)
  eden space 399872K, 0% used [0x00000000d6a00000,0x00000000d6a00000,0x00000000ef080000)
  from space 23040K, 99% used [0x00000000f0e00000,0x00000000f247d7f0,0x00000000f2480000)
  to   space 30208K, 0% used [0x00000000ef080000,0x00000000ef080000,0x00000000f0e00000)
 ParOldGen       total 53760K, used 34984K [0x0000000083e00000, 0x0000000087280000, 0x00000000d6a00000)
  object space 53760K, 65% used [0x0000000083e00000,0x000000008602a0f8,0x0000000087280000)
 Metaspace       used 25298K, capacity 26152K, committed 26368K, reserved 1073152K
  class space    used 3362K, capacity 3569K, committed 3584K, reserved 1048576K
}
Event: 3.234 GC heap before
{Heap before GC invocations=10 (full 1):
 PSYoungGen      total 422912K, used 422901K [0x00000000d6a00000, 0x00000000f4f00000, 0x0000000100000000)
  eden space 399872K, 100% used [0x00000000d6a00000,0x00000000ef080000,0x00000000ef080000)
  from space 23040K, 99% used [0x00000000f0e00000,0x00000000f247d7f0,0x00000000f2480000)
  to   space 30208K, 0% used [0x00000000ef080000,0x00000000ef080000,0x00000000f0e00000)
 ParOldGen       total 53760K, used 34984K [0x0000000083e00000, 0x0000000087280000, 0x00000000d6a00000)
  object space 53760K, 65% used [0x0000000083e00000,0x000000008602a0f8,0x0000000087280000)
 Metaspace       used 26175K, capacity 27104K, committed 27392K, reserved 1073152K
  class space    used 3477K, capacity 3733K, committed 3840K, reserved 1048576K

Deoptimization events (0 events):
No events

Classes redefined (0 events):
No events

Internal exceptions (10 events):
Event: 2.520 Thread 0x00007fd894011800 Exception <a 'java/lang/ArrayIndexOutOfBoundsException'> (0x00000000e2df7b30) thrown at [/HUDSON/workspace/8-2-build-linux-amd64/jdk8u211/12973/hotspot/src/share/vm/runtime/sharedRuntime.cpp, line 605]
Event: 2.520 Thread 0x00007fd894011800 Exception <a 'java/lang/ArrayIndexOutOfBoundsException'> (0x00000000e2df9858) thrown at [/HUDSON/workspace/8-2-build-linux-amd64/jdk8u211/12973/hotspot/src/share/vm/runtime/sharedRuntime.cpp, line 605]
Event: 2.842 Thread 0x00007fd840001800 Exception <a 'java/lang/reflect/InvocationTargetException'> (0x00000000e05863c8) thrown at [/HUDSON/workspace/8-2-build-linux-amd64/jdk8u211/12973/hotspot/src/share/vm/runtime/reflection.cpp, line 1092]
Event: 2.940 Thread 0x00007fd894011800 Exception <a 'java/lang/ArrayIndexOutOfBoundsException'> (0x00000000e4676af8) thrown at [/HUDSON/workspace/8-2-build-linux-amd64/jdk8u211/12973/hotspot/src/share/vm/runtime/sharedRuntime.cpp, line 605]
Event: 2.947 Thread 0x00007fd894011800 Exception <a 'java/lang/ArrayIndexOutOfBoundsException'> (0x00000000e47e4ac0) thrown at [/HUDSON/workspace/8-2-build-linux-amd64/jdk8u211/12973/hotspot/src/share/vm/runtime/sharedRuntime.cpp, line 605]
Event: 2.969 Thread 0x00007fd894011800 Exception <a 'java/lang/ArrayIndexOutOfBoundsException'> (0x00000000e4bf3418) thrown at [/HUDSON/workspace/8-2-build-linux-amd64/jdk8u211/12973/hotspot/src/share/vm/runtime/sharedRuntime.cpp, line 605]
Event: 2.999 Thread 0x00007fd894011800 Exception <a 'java/lang/ArrayIndexOutOfBoundsException'> (0x00000000e5181878) thrown at [/HUDSON/workspace/8-2-build-linux-amd64/jdk8u211/12973/hotspot/src/share/vm/runtime/sharedRuntime.cpp, line 605]
Event: 2.999 Thread 0x00007fd894011800 Exception <a 'java/lang/ArrayIndexOutOfBoundsException'> (0x00000000e5182a88) thrown at [/HUDSON/workspace/8-2-build-linux-amd64/jdk8u211/12973/hotspot/src/share/vm/runtime/sharedRuntime.cpp, line 605]
Event: 2.999 Thread 0x00007fd894011800 Exception <a 'java/lang/ArrayIndexOutOfBoundsException'> (0x00000000e518f278) thrown at [/HUDSON/workspace/8-2-build-linux-amd64/jdk8u211/12973/hotspot/src/share/vm/runtime/sharedRuntime.cpp, line 605]
Event: 2.999 Thread 0x00007fd894011800 Exception <a 'java/lang/ArrayIndexOutOfBoundsException'> (0x00000000e5190480) thrown at [/HUDSON/workspace/8-2-build-linux-amd64/jdk8u211/12973/hotspot/src/share/vm/runtime/sharedRuntime.cpp, line 605]

Events (10 events):
Event: 3.003 loading class java/net/NetworkInterface$1 done
Event: 3.003 loading class java/net/InterfaceAddress
Event: 3.003 loading class java/net/InterfaceAddress done
Event: 3.003 loading class java/net/DefaultInterface
Event: 3.003 loading class java/net/DefaultInterface done
Event: 3.003 loading class java/net/NetworkInterface$2
Event: 3.003 loading class java/net/NetworkInterface$2 done
Event: 3.004 loading class java/net/NetworkInterface$1checkedAddresses
Event: 3.004 loading class java/net/NetworkInterface$1checkedAddresses done
Event: 3.234 Executing VM operation: ParallelGCFailedAllocation


Dynamic libraries:
00400000-00401000 r-xp 00000000 08:01 2102161                            /home/ubuntu/jdk1.8.0_211/bin/java
00600000-00601000 r--p 00000000 08:01 2102161                            /home/ubuntu/jdk1.8.0_211/bin/java
00601000-00602000 rw-p 00001000 08:01 2102161                            /home/ubuntu/jdk1.8.0_211/bin/java
0123f000-01260000 rw-p 00000000 00:00 0                                  [heap]
83e00000-87280000 rw-p 00000000 00:00 0 
87280000-d6a00000 ---p 00000000 00:00 0 
d6a00000-f4f00000 rw-p 00000000 00:00 0 
fe500000-100000000 ---p 00000000 00:00 0 
100000000-1003c0000 rw-p 00000000 00:00 0 
1003c0000-140000000 ---p 00000000 00:00 0 
7fd824000000-7fd82406a000 rw-p 00000000 00:00 0 
7fd82406a000-7fd828000000 ---p 00000000 00:00 0 
7fd82c000000-7fd82c03a000 rw-p 00000000 00:00 0 
7fd82c03a000-7fd830000000 ---p 00000000 00:00 0 
7fd830000000-7fd830021000 rw-p 00000000 00:00 0 
7fd830021000-7fd834000000 ---p 00000000 00:00 0 
7fd834000000-7fd8343c8000 rw-p 00000000 00:00 0 
7fd8343c8000-7fd838000000 ---p 00000000 00:00 0 
7fd838000000-7fd838021000 rw-p 00000000 00:00 0 
7fd838021000-7fd83c000000 ---p 00000000 00:00 0 
7fd83c000000-7fd83c021000 rw-p 00000000 00:00 0 
7fd83c021000-7fd840000000 ---p 00000000 00:00 0 
7fd840000000-7fd840021000 rw-p 00000000 00:00 0 
7fd840021000-7fd844000000 ---p 00000000 00:00 0 
7fd8469d4000-7fd846ad4000 rw-p 00000000 00:00 0 
7fd846ad4000-7fd846bd4000 ---p 00000000 00:00 0 
7fd846bd4000-7fd846dd4000 rw-p 00000000 00:00 0 
7fd846dd4000-7fd846dd7000 ---p 00000000 00:00 0 
7fd846dd7000-7fd846ed5000 rw-p 00000000 00:00 0 
7fd846ed5000-7fd846ed8000 ---p 00000000 00:00 0 
7fd846ed8000-7fd846fd6000 rw-p 00000000 00:00 0 
7fd846fd6000-7fd846ff2000 r--s 00393000 08:01 1579318                    /home/ubuntu/jdk1.8.0_211/jre/lib/ext/cldrdata.jar
7fd846ff2000-7fd846ffc000 r--s 00116000 08:01 1579323                    /home/ubuntu/jdk1.8.0_211/jre/lib/ext/localedata.jar
7fd846ffc000-7fd8471fc000 rw-p 00000000 00:00 0 
7fd8471fc000-7fd8471ff000 ---p 00000000 00:00 0 
7fd8471ff000-7fd8474fd000 rw-p 00000000 00:00 0 
7fd8474fd000-7fd847500000 ---p 00000000 00:00 0 
7fd847500000-7fd8477fe000 rw-p 00000000 00:00 0 
7fd8477fe000-7fd8479fe000 rw-p 00000000 00:00 0 
7fd8479fe000-7fd847bfe000 rw-p 00000000 00:00 0 
7fd847bfe000-7fd847c01000 ---p 00000000 00:00 0 
7fd847c01000-7fd847eff000 rw-p 00000000 00:00 0 
7fd847eff000-7fd847f00000 ---p 00000000 00:00 0 
7fd847f00000-7fd848000000 rw-p 00000000 00:00 0 
7fd848000000-7fd848021000 rw-p 00000000 00:00 0 
7fd848021000-7fd84c000000 ---p 00000000 00:00 0 
7fd84c000000-7fd84c021000 rw-p 00000000 00:00 0 
7fd84c021000-7fd850000000 ---p 00000000 00:00 0 
7fd850000000-7fd85055e000 rw-p 00000000 00:00 0 
7fd85055e000-7fd854000000 ---p 00000000 00:00 0 
7fd854000000-7fd854021000 rw-p 00000000 00:00 0 
7fd854021000-7fd858000000 ---p 00000000 00:00 0 
7fd858000000-7fd858056000 rw-p 00000000 00:00 0 
7fd858056000-7fd85c000000 ---p 00000000 00:00 0 
7fd85c000000-7fd85c021000 rw-p 00000000 00:00 0 
7fd85c021000-7fd860000000 ---p 00000000 00:00 0 
7fd860005000-7fd86009a000 r--s 01112000 08:01 1579320                    /home/ubuntu/jdk1.8.0_211/jre/lib/ext/jfxrt.jar
7fd86009a000-7fd86009d000 ---p 00000000 00:00 0 
7fd86009d000-7fd86019b000 rw-p 00000000 00:00 0 
7fd86019b000-7fd8601a0000 r--s 000a3000 08:01 1579415                    /home/ubuntu/jdk1.8.0_211/jre/lib/jsse.jar
7fd8601a0000-7fd8601b1000 r-xp 00000000 08:01 2102076                    /home/ubuntu/jdk1.8.0_211/jre/lib/amd64/libnio.so
7fd8601b1000-7fd8603b0000 ---p 00011000 08:01 2102076                    /home/ubuntu/jdk1.8.0_211/jre/lib/amd64/libnio.so
7fd8603b0000-7fd8603b1000 r--p 00010000 08:01 2102076                    /home/ubuntu/jdk1.8.0_211/jre/lib/amd64/libnio.so
7fd8603b1000-7fd8603b2000 rw-p 00011000 08:01 2102076                    /home/ubuntu/jdk1.8.0_211/jre/lib/amd64/libnio.so
7fd8603b2000-7fd8603bb000 r-xp 00000000 08:01 2102043                    /home/ubuntu/jdk1.8.0_211/jre/lib/amd64/libmanagement.so
7fd8603bb000-7fd8605ba000 ---p 00009000 08:01 2102043                    /home/ubuntu/jdk1.8.0_211/jre/lib/amd64/libmanagement.so
7fd8605ba000-7fd8605bb000 r--p 00008000 08:01 2102043                    /home/ubuntu/jdk1.8.0_211/jre/lib/amd64/libmanagement.so
7fd8605bb000-7fd8605bc000 rw-p 00009000 08:01 2102043                    /home/ubuntu/jdk1.8.0_211/jre/lib/amd64/libmanagement.so
7fd8605bc000-7fd8635bd000 rw-p 00000000 00:00 0 
7fd8635bd000-7fd8635d3000 r-xp 00000000 08:01 2102084                    /home/ubuntu/jdk1.8.0_211/jre/lib/amd64/libnet.so
7fd8635d3000-7fd8637d2000 ---p 00016000 08:01 2102084                    /home/ubuntu/jdk1.8.0_211/jre/lib/amd64/libnet.so
7fd8637d2000-7fd8637d3000 r--p 00015000 08:01 2102084                    /home/ubuntu/jdk1.8.0_211/jre/lib/amd64/libnet.so
7fd8637d3000-7fd8637d4000 rw-p 00016000 08:01 2102084                    /home/ubuntu/jdk1.8.0_211/jre/lib/amd64/libnet.so
7fd8637d4000-7fd8637d7000 ---p 00000000 00:00 0 
7fd8637d7000-7fd8638d5000 rw-p 00000000 00:00 0 
7fd8638d5000-7fd8638d6000 ---p 00000000 00:00 0 
7fd8638d6000-7fd8638d9000 ---p 00000000 00:00 0 
7fd8638d9000-7fd8639d6000 rw-p 00000000 00:00 0 
7fd8639d6000-7fd8639d7000 ---p 00000000 00:00 0 
7fd8639d7000-7fd8639da000 ---p 00000000 00:00 0 
7fd8639da000-7fd863ad7000 rw-p 00000000 00:00 0 
7fd863ad7000-7fd863ad8000 ---p 00000000 00:00 0 
7fd863ad8000-7fd863adb000 ---p 00000000 00:00 0 
7fd863adb000-7fd863bd8000 rw-p 00000000 00:00 0 
7fd863bd8000-7fd863bdb000 ---p 00000000 00:00 0 
7fd863bdb000-7fd863cd9000 rw-p 00000000 00:00 0 
7fd863cd9000-7fd863cdb000 r--s 0001b000 08:01 1576986                    /home/ubuntu/idea-IU-191.6707.61/lib/idea_rt.jar
7fd863cdb000-7fd863d21000 r--s 0039f000 08:01 3413219                    /home/ubuntu/.m2/repository/io/netty/netty-all/4.1.42.Final/netty-all-4.1.42.Final.jar
7fd863d21000-7fd863d23000 r--s 00009000 08:01 1973131                    /home/ubuntu/.m2/repository/org/slf4j/slf4j-api/1.7.25/slf4j-api-1.7.25.jar
7fd863d23000-7fd863d24000 r--s 00000000 08:01 2628707                    /home/ubuntu/.m2/repository/org/codehaus/mojo/animal-sniffer-annotations/1.17/animal-sniffer-annotations-1.17.jar
7fd863d24000-7fd863d26000 r--s 00001000 08:01 2628703                    /home/ubuntu/.m2/repository/com/google/j2objc/j2objc-annotations/1.1/j2objc-annotations-1.1.jar
7fd863d26000-7fd863d28000 r--s 00002000 08:01 2628701                    /home/ubuntu/.m2/repository/com/google/errorprone/error_prone_annotations/2.2.0/error_prone_annotations-2.2.0.jar
7fd863d28000-7fd863d32000 r--s 00026000 08:01 2628699                    /home/ubuntu/.m2/repository/org/checkerframework/checker-qual/2.5.2/checker-qual-2.5.2.jar
7fd863d32000-7fd863d34000 r--s 00003000 08:01 2628695                    /home/ubuntu/.m2/repository/com/google/code/findbugs/jsr305/3.0.2/jsr305-3.0.2.jar
7fd863d34000-7fd863d35000 r--s 00000000 08:01 2628697                    /home/ubuntu/.m2/repository/com/google/guava/listenablefuture/9999.0-empty-to-avoid-conflict-with-guava/listenablefuture-9999.0-empty-to-avoid-conflict-with-guava.jar
7fd863d35000-7fd863d37000 r--s 00000000 08:01 2628693                    /home/ubuntu/.m2/repository/com/google/guava/failureaccess/1.0.1/failureaccess-1.0.1.jar
7fd863d37000-7fd863d69000 r--s 0026d000 08:01 2628691                    /home/ubuntu/.m2/repository/com/google/guava/guava/27.0.1-jre/guava-27.0.1-jre.jar
7fd863d69000-7fd863daa000 r--s 00298000 08:01 3282073                    /home/ubuntu/.m2/repository/org/apache/curator/curator-client/4.2.0/curator-client-4.2.0.jar
7fd863daa000-7fd863db3000 r--s 00047000 08:01 3282065                    /home/ubuntu/.m2/repository/org/apache/curator/curator-framework/4.2.0/curator-framework-4.2.0.jar
7fd863db3000-7fd863dc3000 r--s 000b2000 08:01 2506673                    /home/ubuntu/.m2/repository/org/jboss/netty/netty/3.2.5.Final/netty-3.2.5.Final.jar
7fd863dc3000-7fd863dcd000 r--s 000ae000 08:01 2500107                    /home/ubuntu/.m2/repository/org/javassist/javassist/3.20.0-GA/javassist-3.20.0-GA.jar
7fd863dcd000-7fd863df0000 r--s 00188000 08:01 3282529                    /home/ubuntu/.m2/repository/com/alibaba/dubbo/2.6.6/dubbo-2.6.6.jar
7fd863df0000-7fd863e00000 r--s 0014c000 08:01 2628440                    /home/ubuntu/.m2/repository/com/google/protobuf/protobuf-java/3.6.1/protobuf-java-3.6.1.jar
7fd863e00000-7fd863e18000 r--s 001f2000 08:01 3408531                    /home/ubuntu/.m2/repository/mysql/mysql-connector-java/8.0.14/mysql-connector-java-8.0.14.jar
7fd863e18000-7fd863e1f000 r--s 00047000 08:01 3024927                    /home/ubuntu/.m2/repository/io/netty/netty-codec/4.1.29.Final/netty-codec-4.1.29.Final.jar
7fd863e1f000-7fd863e27000 r--s 00059000 08:01 3408739                    /home/ubuntu/.m2/repository/io/netty/netty-handler/4.1.29.Final/netty-handler-4.1.29.Final.jar
7fd863e27000-7fd863e28000 r--s 00007000 08:01 3408307                    /home/ubuntu/.m2/repository/io/netty/netty-resolver/4.1.29.Final/netty-resolver-4.1.29.Final.jar
7fd863e28000-7fd863e2c000 r--s 0003f000 08:01 3283484                    /home/ubuntu/.m2/repository/io/netty/netty-buffer/4.1.29.Final/netty-buffer-4.1.29.Final.jar
7fd863e2c000-7fd863e35000 r--s 00068000 08:01 3157066                    /home/ubuntu/.m2/repository/io/netty/netty-transport/4.1.29.Final/netty-transport-4.1.29.Final.jar
7fd863e35000-7fd863e42000 r--s 00081000 08:01 3408330                    /home/ubuntu/.m2/repository/io/netty/netty-common/4.1.29.Final/netty-common-4.1.29.Final.jar
7fd863e42000-7fd863e43000 r--s 00000000 08:01 2374105                    /home/ubuntu/.m2/repository/org/reactivestreams/reactive-streams/1.0.2/reactive-streams-1.0.2.jar
7fd863e43000-7fd863e57000 r--s 00136000 08:01 3408737                    /home/ubuntu/.m2/repository/io/projectreactor/reactor-core/3.1.9.RELEASE/reactor-core-3.1.9.RELEASE.jar
7fd863e57000-7fd863e6e000 r--s 0010c000 08:01 3408735                    /home/ubuntu/.m2/repository/io/lettuce/lettuce-core/5.0.5.RELEASE/lettuce-core-5.0.5.RELEASE.jar
7fd863e6e000-7fd863e73000 r--s 00028000 08:01 799756                     /home/ubuntu/.m2/repository/org/springframework/spring-context-support/5.1.8.RELEASE/spring-context-support-5.1.8.RELEASE.jar
7fd863e73000-7fd863e75000 r--s 00010000 08:01 3807538                    /home/ubuntu/.m2/repository/org/springframework/spring-oxm/5.1.8.RELEASE/spring-oxm-5.1.8.RELEASE.jar
7fd863e75000-7fd863e8c000 r--s 000f2000 08:01 3408730                    /home/ubuntu/.m2/repository/org/springframework/data/spring-data-commons/2.0.10.RELEASE/spring-data-commons-2.0.10.RELEASE.jar
7fd863e8c000-7fd863e90000 r--s 00016000 08:01 3408727                    /home/ubuntu/.m2/repository/org/springframework/data/spring-data-keyvalue/2.0.10.RELEASE/spring-data-keyvalue-2.0.10.RELEASE.jar
7fd863e90000-7fd863ea9000 r--s 0012a000 08:01 3408725                    /home/ubuntu/.m2/repository/org/springframework/data/spring-data-redis/2.0.10.RELEASE/spring-data-redis-2.0.10.RELEASE.jar
7fd863ea9000-7fd863eaa000 r--s 00000000 08:01 3408723                    /home/ubuntu/.m2/repository/org/springframework/boot/spring-boot-starter-data-redis/2.0.5.RELEASE/spring-boot-starter-data-redis-2.0.5.RELEASE.jar
7fd863eaa000-7fd863eac000 r--s 0000e000 08:01 1842301                    /home/ubuntu/.m2/repository/com/fasterxml/classmate/1.3.4/classmate-1.3.4.jar
7fd863eac000-7fd863eae000 r--s 0000f000 08:01 2506681                    /home/ubuntu/.m2/repository/org/jboss/logging/jboss-logging/3.3.2.Final/jboss-logging-3.3.2.Final.jar
7fd863eae000-7fd863eb3000 r--s 00012000 08:01 1729384                    /home/ubuntu/.m2/repository/javax/validation/validation-api/2.0.1.Final/validation-api-2.0.1.Final.jar
7fd863eb3000-7fd863ed0000 r--s 000fe000 08:01 3803537                    /home/ubuntu/.m2/repository/org/hibernate/validator/hibernate-validator/6.0.12.Final/hibernate-validator-6.0.12.Final.jar
7fd863ed0000-7fd863ed5000 r--s 0003a000 08:01 3803536                    /home/ubuntu/.m2/repository/org/apache/tomcat/embed/tomcat-embed-websocket/8.5.34/tomcat-embed-websocket-8.5.34.jar
7fd863ed5000-7fd863eda000 r--s 00038000 08:01 3803528                    /home/ubuntu/.m2/repository/org/apache/tomcat/embed/tomcat-embed-el/8.5.34/tomcat-embed-el-8.5.34.jar
7fd863eda000-7fd863edb000 r--s 00000000 08:01 3803529                    /home/ubuntu/.m2/repository/org/springframework/boot/spring-boot-starter-tomcat/2.0.5.RELEASE/spring-boot-starter-tomcat-2.0.5.RELEASE.jar
7fd863edb000-7fd863edd000 r--s 00001000 08:01 1842531                    /home/ubuntu/.m2/repository/com/fasterxml/jackson/module/jackson-module-parameter-names/2.9.6/jackson-module-parameter-names-2.9.6.jar
7fd863edd000-7fd863ee0000 r--s 00016000 08:01 1842654                    /home/ubuntu/.m2/repository/com/fasterxml/jackson/datatype/jackson-datatype-jsr310/2.9.6/jackson-datatype-jsr310-2.9.6.jar
7fd863ee0000-7fd863ee2000 r--s 00007000 08:01 1842631                    /home/ubuntu/.m2/repository/com/fasterxml/jackson/datatype/jackson-datatype-jdk8/2.9.6/jackson-datatype-jdk8-2.9.6.jar
7fd863ee2000-7fd863ee7000 r--s 0004b000 08:01 1842428                    /home/ubuntu/.m2/repository/com/fasterxml/jackson/core/jackson-core/2.9.6/jackson-core-2.9.6.jar
7fd863ee7000-7fd863eea000 r--s 0000e000 08:01 1842408                    /home/ubuntu/.m2/repository/com/fasterxml/jackson/core/jackson-annotations/2.9.0/jackson-annotations-2.9.0.jar
7fd863eea000-7fd863efd000 r--s 00137000 08:01 1842465                    /home/ubuntu/.m2/repository/com/fasterxml/jackson/core/jackson-databind/2.9.6/jackson-databind-2.9.6.jar
7fd863efd000-7fd863efe000 r--s 00000000 08:01 3803525                    /home/ubuntu/.m2/repository/org/springframework/boot/spring-boot-starter-json/2.0.5.RELEASE/spring-boot-starter-json-2.0.5.RELEASE.jar
7fd863efe000-7fd863eff000 r--s 00000000 08:01 3803523                    /home/ubuntu/.m2/repository/org/springframework/boot/spring-boot-starter-web/2.0.5.RELEASE/spring-boot-starter-web-2.0.5.RELEASE.jar
7fd863eff000-7fd863f02000 r--s 0000b000 08:01 2628721                    /home/ubuntu/.m2/repository/org/objenesis/objenesis/2.5.1/objenesis-2.5.1.jar
7fd863f02000-7fd863f03000 r--s 00001000 08:01 2757164                    /home/ubuntu/.m2/repository/com/esotericsoftware/minlog/1.3.0/minlog-1.3.0.jar
7fd863f03000-7fd863f0b000 r--s 0005d000 08:01 3803937                    /home/ubuntu/.m2/repository/com/esotericsoftware/kryo-shaded/4.0.1/kryo-shaded-4.0.1.jar
7fd863f0b000-7fd863f0c000 r--s 00005000 08:01 3806547                    /home/ubuntu/.m2/repository/org/springframework/spring-jcl/5.1.8.RELEASE/spring-jcl-5.1.8.RELEASE.jar
7fd863f0c000-7fd863f25000 r--s 00123000 08:01 799720                     /home/ubuntu/.m2/repository/org/springframework/spring-core/5.1.8.RELEASE/spring-core-5.1.8.RELEASE.jar
7fd863f25000-7fd863f2d000 r--s 00037000 08:01 3806551                    /home/ubuntu/.m2/repository/org/springframework/spring-tx/5.1.8.RELEASE/spring-tx-5.1.8.RELEASE.jar
7fd863f2d000-7fd863f2f000 r--s 0000f000 08:01 3024948                    /home/ubuntu/.m2/repository/org/mybatis/mybatis-spring/2.0.2/mybatis-spring-2.0.2.jar
7fd863f2f000-7fd863f4a000 r--s 00185000 08:01 2629094                    /home/ubuntu/.m2/repository/org/mybatis/mybatis/3.5.2/mybatis-3.5.2.jar
7fd863f4a000-7fd863f4c000 r--s 00005000 08:01 2629092                    /home/ubuntu/.m2/repository/org/mybatis/spring/boot/mybatis-spring-boot-autoconfigure/2.1.0/mybatis-spring-boot-autoconfigure-2.1.0.jar
7fd863f4c000-7fd863f55000 r--s 0005a000 08:01 3806538                    /home/ubuntu/.m2/repository/org/springframework/spring-jdbc/5.1.8.RELEASE/spring-jdbc-5.1.8.RELEASE.jar
7fd863f55000-7fd863f59000 r--s 00020000 08:01 1842126                    /home/ubuntu/.m2/repository/com/zaxxer/HikariCP/2.7.9/HikariCP-2.7.9.jar
7fd863f59000-7fd863f5a000 r--s 00000000 08:01 3803457                    /home/ubuntu/.m2/repository/org/springframework/boot/spring-boot-starter-jdbc/2.0.5.RELEASE/spring-boot-starter-jdbc-2.0.5.RELEASE.jar
7fd863f5a000-7fd863f5c000 r--s 00002000 08:01 3806569                    /home/ubuntu/.m2/repository/org/apache/tomcat/tomcat-annotations-api/8.5.34/tomcat-annotations-api-8.5.34.jar
7fd863f5c000-7fd863f86000 r--s 002d5000 08:01 3803531                    /home/ubuntu/.m2/repository/org/apache/tomcat/embed/tomcat-embed-core/8.5.34/tomcat-embed-core-8.5.34.jar
7fd863f86000-7fd863f8d000 r--s 00064000 08:01 2373921                    /home/ubuntu/.m2/repository/org/apache/commons/commons-lang3/3.4/commons-lang3-3.4.jar
7fd863f8d000-7fd863fa9000 r--s 00137000 08:01 799754                     /home/ubuntu/.m2/repository/org/springframework/spring-web/5.1.8.RELEASE/spring-web-5.1.8.RELEASE.jar
7fd863fa9000-7fd863fc3000 r--s 000f4000 08:01 3806542                    /home/ubuntu/.m2/repository/org/springframework/spring-context/5.1.8.RELEASE/spring-context-5.1.8.RELEASE.jar
7fd863fc3000-7fd863fcf000 r--s 00099000 08:01 799722                     /home/ubuntu/.m2/repository/org/springframework/spring-beans/5.1.8.RELEASE/spring-beans-5.1.8.RELEASE.jar
7fd863fcf000-7fd863fd9000 r--s 00051000 08:01 3803851                    /home/ubuntu/.m2/repository/org/springframework/spring-aop/5.1.8.RELEASE/spring-aop-5.1.8.RELEASE.jar
7fd863fd9000-7fd863fe8000 r--s 000b5000 08:01 3408801                    /home/ubuntu/.m2/repository/org/springframework/spring-webmvc/5.1.3.RELEASE/spring-webmvc-5.1.3.RELEASE.jar
7fd863fe8000-7fd864000000 r--s 00110000 08:01 1972621                    /home/ubuntu/.m2/repository/io/netty/netty/3.7.0.Final/netty-3.7.0.Final.jar
7fd864000000-7fd864021000 rw-p 00000000 00:00 0 
7fd864021000-7fd868000000 ---p 00000000 00:00 0 
7fd868000000-7fd868021000 rw-p 00000000 00:00 0 
7fd868021000-7fd86c000000 ---p 00000000 00:00 0 
7fd86c000000-7fd86c021000 rw-p 00000000 00:00 0 
7fd86c021000-7fd870000000 ---p 00000000 00:00 0 
7fd870000000-7fd87029c000 rw-p 00000000 00:00 0 
7fd87029c000-7fd874000000 ---p 00000000 00:00 0 
7fd874000000-7fd874021000 rw-p 00000000 00:00 0 
7fd874021000-7fd878000000 ---p 00000000 00:00 0 
7fd878000000-7fd878021000 rw-p 00000000 00:00 0 
7fd878021000-7fd87c000000 ---p 00000000 00:00 0 
7fd87c000000-7fd87c021000 rw-p 00000000 00:00 0 
7fd87c021000-7fd880000000 ---p 00000000 00:00 0 
7fd880000000-7fd880005000 r--s 00040000 08:01 3803931                    /home/ubuntu/.m2/repository/org/springframework/spring-expression/5.1.8.RELEASE/spring-expression-5.1.8.RELEASE.jar
7fd880005000-7fd88000d000 r--s 00045000 08:01 1729200                    /home/ubuntu/.m2/repository/junit/junit/4.12/junit-4.12.jar
7fd88000d000-7fd880019000 r--s 000b6000 08:01 2373725                    /home/ubuntu/.m2/repository/org/apache/zookeeper/zookeeper/3.4.6/zookeeper-3.4.6.jar
7fd880019000-7fd88001c000 ---p 00000000 00:00 0 
7fd88001c000-7fd88011a000 rw-p 00000000 00:00 0 
7fd88011a000-7fd880ae9000 r--p 00000000 08:01 2497223                    /usr/lib/locale/locale-archive
7fd880ae9000-7fd880aec000 ---p 00000000 00:00 0 
7fd880aec000-7fd880bea000 rw-p 00000000 00:00 0 
7fd880bea000-7fd880bed000 ---p 00000000 00:00 0 
7fd880bed000-7fd880ceb000 rw-p 00000000 00:00 0 
7fd880ceb000-7fd880cec000 ---p 00000000 00:00 0 
7fd880cec000-7fd885000000 rw-p 00000000 00:00 0 
7fd885000000-7fd885560000 rwxp 00000000 00:00 0 
7fd885560000-7fd894000000 ---p 00000000 00:00 0 
7fd894000000-7fd894d34000 rw-p 00000000 00:00 0 
7fd894d34000-7fd898000000 ---p 00000000 00:00 0 
7fd898000000-7fd898001000 r--s 00000000 08:01 3157078                    /home/ubuntu/.m2/repository/org/mybatis/spring/boot/mybatis-spring-boot-starter/2.1.0/mybatis-spring-boot-starter-2.1.0.jar
7fd898001000-7fd898003000 r--s 00009000 08:01 2374071                    /home/ubuntu/.m2/repository/org/hamcrest/hamcrest-core/1.3/hamcrest-core-1.3.jar
7fd898003000-7fd898005000 r--s 00014000 08:01 1729106                    /home/ubuntu/.m2/repository/jline/jline/0.9.94/jline-0.9.94.jar
7fd898005000-7fd898008000 r--s 00010000 08:01 1842137                    /home/ubuntu/.m2/repository/com/101tec/zkclient/0.7/zkclient-0.7.jar
7fd898008000-7fd89800f000 r--s 00042000 08:01 1973029                    /home/ubuntu/.m2/repository/org/yaml/snakeyaml/1.19/snakeyaml-1.19.jar
7fd89800f000-7fd898011000 r--s 00005000 08:01 1729443                    /home/ubuntu/.m2/repository/javax/annotation/javax.annotation-api/1.3.2/javax.annotation-api-1.3.2.jar
7fd898011000-7fd898013000 r--s 00000000 08:01 1973085                    /home/ubuntu/.m2/repository/org/slf4j/jul-to-slf4j/1.7.25/jul-to-slf4j-1.7.25.jar
7fd898013000-7fd898019000 r--s 00039000 08:01 2373690                    /home/ubuntu/.m2/repository/org/apache/logging/log4j/log4j-api/2.10.0/log4j-api-2.10.0.jar
7fd898019000-7fd89801b000 r--s 00003000 08:01 2373679                    /home/ubuntu/.m2/repository/org/apache/logging/log4j/log4j-to-slf4j/2.10.0/log4j-to-slf4j-2.10.0.jar
7fd89801b000-7fd898026000 r--s 00069000 08:01 1729358                    /home/ubuntu/.m2/repository/ch/qos/logback/logback-core/1.2.3/logback-core-1.2.3.jar
7fd898026000-7fd89802c000 r--s 00041000 08:01 1729340                    /home/ubuntu/.m2/repository/ch/qos/logback/logback-classic/1.2.3/logback-classic-1.2.3.jar
7fd89802c000-7fd89802d000 r--s 00000000 08:01 3803451                    /home/ubuntu/.m2/repository/org/springframework/boot/spring-boot-starter-logging/2.0.5.RELEASE/spring-boot-starter-logging-2.0.5.RELEASE.jar
7fd89802d000-7fd89804e000 r--s 000fe000 08:01 3803467                    /home/ubuntu/.m2/repository/org/springframework/boot/spring-boot-autoconfigure/2.0.5.RELEASE/spring-boot-autoconfigure-2.0.5.RELEASE.jar
7fd89804e000-7fd898063000 r--s 000d0000 08:01 3803449                    /home/ubuntu/.m2/repository/org/springframework/boot/spring-boot/2.0.5.RELEASE/spring-boot-2.0.5.RELEASE.jar
7fd898063000-7fd898064000 r--s 00000000 08:01 3803459                    /home/ubuntu/.m2/repository/org/springframework/boot/spring-boot-starter/2.0.5.RELEASE/spring-boot-starter-2.0.5.RELEASE.jar
7fd898064000-7fd898077000 r--s 00345000 08:01 1579388                    /home/ubuntu/jdk1.8.0_211/jre/lib/resources.jar
7fd898077000-7fd89808a000 r--s 000d6000 08:01 1579311                    /home/ubuntu/jdk1.8.0_211/jre/lib/plugin.jar
7fd89808a000-7fd8980a5000 r--s 0020c000 08:01 1579392                    /home/ubuntu/jdk1.8.0_211/jre/lib/deploy.jar
7fd8980a5000-7fd898bb0000 rw-p 00000000 00:00 0 
7fd898bb0000-7fd898d8a000 r--s 03d6d000 08:01 1579313                    /home/ubuntu/jdk1.8.0_211/jre/lib/rt.jar
7fd898d8a000-7fd8999e1000 rw-p 00000000 00:00 0 
7fd8999e1000-7fd8999e2000 ---p 00000000 00:00 0 
7fd8999e2000-7fd899ae2000 rw-p 00000000 00:00 0 
7fd899ae2000-7fd899ae3000 ---p 00000000 00:00 0 
7fd899ae3000-7fd899be3000 rw-p 00000000 00:00 0 
7fd899be3000-7fd899be4000 ---p 00000000 00:00 0 
7fd899be4000-7fd899ce4000 rw-p 00000000 00:00 0 
7fd899ce4000-7fd899ce5000 ---p 00000000 00:00 0 
7fd899ce5000-7fd899e00000 rw-p 00000000 00:00 0 
7fd899e00000-7fd89a07b000 ---p 00000000 00:00 0 
7fd89a07b000-7fd89a096000 rw-p 00000000 00:00 0 
7fd89a096000-7fd89a311000 ---p 00000000 00:00 0 
7fd89a311000-7fd89a404000 rw-p 00000000 00:00 0 
7fd89a404000-7fd89a45c000 ---p 00000000 00:00 0 
7fd89a45c000-7fd89a473000 rw-p 00000000 00:00 0 
7fd89a473000-7fd89a81d000 ---p 00000000 00:00 0 
7fd89a81d000-7fd89a838000 r-xp 00000000 08:01 2102041                    /home/ubuntu/jdk1.8.0_211/jre/lib/amd64/libzip.so
7fd89a838000-7fd89aa37000 ---p 0001b000 08:01 2102041                    /home/ubuntu/jdk1.8.0_211/jre/lib/amd64/libzip.so
7fd89aa37000-7fd89aa38000 r--p 0001a000 08:01 2102041                    /home/ubuntu/jdk1.8.0_211/jre/lib/amd64/libzip.so
7fd89aa38000-7fd89aa39000 rw-p 0001b000 08:01 2102041                    /home/ubuntu/jdk1.8.0_211/jre/lib/amd64/libzip.so
7fd89aa39000-7fd89aa44000 r-xp 00000000 08:01 1709629                    /lib/x86_64-linux-gnu/libnss_files-2.27.so
7fd89aa44000-7fd89ac43000 ---p 0000b000 08:01 1709629                    /lib/x86_64-linux-gnu/libnss_files-2.27.so
7fd89ac43000-7fd89ac44000 r--p 0000a000 08:01 1709629                    /lib/x86_64-linux-gnu/libnss_files-2.27.so
7fd89ac44000-7fd89ac45000 rw-p 0000b000 08:01 1709629                    /lib/x86_64-linux-gnu/libnss_files-2.27.so
7fd89ac45000-7fd89ac4b000 rw-p 00000000 00:00 0 
7fd89ac4b000-7fd89ac62000 r-xp 00000000 08:01 1709623                    /lib/x86_64-linux-gnu/libnsl-2.27.so
7fd89ac62000-7fd89ae61000 ---p 00017000 08:01 1709623                    /lib/x86_64-linux-gnu/libnsl-2.27.so
7fd89ae61000-7fd89ae62000 r--p 00016000 08:01 1709623                    /lib/x86_64-linux-gnu/libnsl-2.27.so
7fd89ae62000-7fd89ae63000 rw-p 00017000 08:01 1709623                    /lib/x86_64-linux-gnu/libnsl-2.27.so
7fd89ae63000-7fd89ae65000 rw-p 00000000 00:00 0 
7fd89ae65000-7fd89ae70000 r-xp 00000000 08:01 1709640                    /lib/x86_64-linux-gnu/libnss_nis-2.27.so
7fd89ae70000-7fd89b06f000 ---p 0000b000 08:01 1709640                    /lib/x86_64-linux-gnu/libnss_nis-2.27.so
7fd89b06f000-7fd89b070000 r--p 0000a000 08:01 1709640                    /lib/x86_64-linux-gnu/libnss_nis-2.27.so
7fd89b070000-7fd89b071000 rw-p 0000b000 08:01 1709640                    /lib/x86_64-linux-gnu/libnss_nis-2.27.so
7fd89b071000-7fd89b079000 r-xp 00000000 08:01 1709625                    /lib/x86_64-linux-gnu/libnss_compat-2.27.so
7fd89b079000-7fd89b279000 ---p 00008000 08:01 1709625                    /lib/x86_64-linux-gnu/libnss_compat-2.27.so
7fd89b279000-7fd89b27a000 r--p 00008000 08:01 1709625                    /lib/x86_64-linux-gnu/libnss_compat-2.27.so
7fd89b27a000-7fd89b27b000 rw-p 00009000 08:01 1709625                    /lib/x86_64-linux-gnu/libnss_compat-2.27.so
7fd89b27b000-7fd89b285000 r-xp 00000000 08:01 2102023                    /home/ubuntu/jdk1.8.0_211/jre/lib/amd64/libinstrument.so
7fd89b285000-7fd89b484000 ---p 0000a000 08:01 2102023                    /home/ubuntu/jdk1.8.0_211/jre/lib/amd64/libinstrument.so
7fd89b484000-7fd89b485000 r--p 00009000 08:01 2102023                    /home/ubuntu/jdk1.8.0_211/jre/lib/amd64/libinstrument.so
7fd89b485000-7fd89b486000 rw-p 0000a000 08:01 2102023                    /home/ubuntu/jdk1.8.0_211/jre/lib/amd64/libinstrument.so
7fd89b486000-7fd89b4b2000 r-xp 00000000 08:01 2102052                    /home/ubuntu/jdk1.8.0_211/jre/lib/amd64/libjava.so
7fd89b4b2000-7fd89b6b2000 ---p 0002c000 08:01 2102052                    /home/ubuntu/jdk1.8.0_211/jre/lib/amd64/libjava.so
7fd89b6b2000-7fd89b6b3000 r--p 0002c000 08:01 2102052                    /home/ubuntu/jdk1.8.0_211/jre/lib/amd64/libjava.so
7fd89b6b3000-7fd89b6b5000 rw-p 0002d000 08:01 2102052                    /home/ubuntu/jdk1.8.0_211/jre/lib/amd64/libjava.so
7fd89b6b5000-7fd89b6c2000 r-xp 00000000 08:01 2102079                    /home/ubuntu/jdk1.8.0_211/jre/lib/amd64/libverify.so
7fd89b6c2000-7fd89b8c1000 ---p 0000d000 08:01 2102079                    /home/ubuntu/jdk1.8.0_211/jre/lib/amd64/libverify.so
7fd89b8c1000-7fd89b8c3000 r--p 0000c000 08:01 2102079                    /home/ubuntu/jdk1.8.0_211/jre/lib/amd64/libverify.so
7fd89b8c3000-7fd89b8c4000 rw-p 0000e000 08:01 2102079                    /home/ubuntu/jdk1.8.0_211/jre/lib/amd64/libverify.so
7fd89b8c4000-7fd89b8cb000 r-xp 00000000 08:01 1709680                    /lib/x86_64-linux-gnu/librt-2.27.so
7fd89b8cb000-7fd89baca000 ---p 00007000 08:01 1709680                    /lib/x86_64-linux-gnu/librt-2.27.so
7fd89baca000-7fd89bacb000 r--p 00006000 08:01 1709680                    /lib/x86_64-linux-gnu/librt-2.27.so
7fd89bacb000-7fd89bacc000 rw-p 00007000 08:01 1709680                    /lib/x86_64-linux-gnu/librt-2.27.so
7fd89bacc000-7fd89bc69000 r-xp 00000000 08:01 1709602                    /lib/x86_64-linux-gnu/libm-2.27.so
7fd89bc69000-7fd89be68000 ---p 0019d000 08:01 1709602                    /lib/x86_64-linux-gnu/libm-2.27.so
7fd89be68000-7fd89be69000 r--p 0019c000 08:01 1709602                    /lib/x86_64-linux-gnu/libm-2.27.so
7fd89be69000-7fd89be6a000 rw-p 0019d000 08:01 1709602                    /lib/x86_64-linux-gnu/libm-2.27.so
7fd89be6a000-7fd89cb52000 r-xp 00000000 08:01 2102060                    /home/ubuntu/jdk1.8.0_211/jre/lib/amd64/server/libjvm.so
7fd89cb52000-7fd89cd51000 ---p 00ce8000 08:01 2102060                    /home/ubuntu/jdk1.8.0_211/jre/lib/amd64/server/libjvm.so
7fd89cd51000-7fd89cde7000 r--p 00ce7000 08:01 2102060                    /home/ubuntu/jdk1.8.0_211/jre/lib/amd64/server/libjvm.so
7fd89cde7000-7fd89ce18000 rw-p 00d7d000 08:01 2102060                    /home/ubuntu/jdk1.8.0_211/jre/lib/amd64/server/libjvm.so
7fd89ce18000-7fd89ce53000 rw-p 00000000 00:00 0 
7fd89ce53000-7fd89d03a000 r-xp 00000000 08:01 1709539                    /lib/x86_64-linux-gnu/libc-2.27.so
7fd89d03a000-7fd89d23a000 ---p 001e7000 08:01 1709539                    /lib/x86_64-linux-gnu/libc-2.27.so
7fd89d23a000-7fd89d23e000 r--p 001e7000 08:01 1709539                    /lib/x86_64-linux-gnu/libc-2.27.so
7fd89d23e000-7fd89d240000 rw-p 001eb000 08:01 1709539                    /lib/x86_64-linux-gnu/libc-2.27.so
7fd89d240000-7fd89d244000 rw-p 00000000 00:00 0 
7fd89d244000-7fd89d247000 r-xp 00000000 08:01 1709562                    /lib/x86_64-linux-gnu/libdl-2.27.so
7fd89d247000-7fd89d446000 ---p 00003000 08:01 1709562                    /lib/x86_64-linux-gnu/libdl-2.27.so
7fd89d446000-7fd89d447000 r--p 00002000 08:01 1709562                    /lib/x86_64-linux-gnu/libdl-2.27.so
7fd89d447000-7fd89d448000 rw-p 00003000 08:01 1709562                    /lib/x86_64-linux-gnu/libdl-2.27.so
7fd89d448000-7fd89d45f000 r-xp 00000000 08:01 2103521                    /home/ubuntu/jdk1.8.0_211/lib/amd64/jli/libjli.so
7fd89d45f000-7fd89d65e000 ---p 00017000 08:01 2103521                    /home/ubuntu/jdk1.8.0_211/lib/amd64/jli/libjli.so
7fd89d65e000-7fd89d65f000 r--p 00016000 08:01 2103521                    /home/ubuntu/jdk1.8.0_211/lib/amd64/jli/libjli.so
7fd89d65f000-7fd89d660000 rw-p 00017000 08:01 2103521                    /home/ubuntu/jdk1.8.0_211/lib/amd64/jli/libjli.so
7fd89d660000-7fd89d67a000 r-xp 00000000 08:01 1709672                    /lib/x86_64-linux-gnu/libpthread-2.27.so
7fd89d67a000-7fd89d879000 ---p 0001a000 08:01 1709672                    /lib/x86_64-linux-gnu/libpthread-2.27.so
7fd89d879000-7fd89d87a000 r--p 00019000 08:01 1709672                    /lib/x86_64-linux-gnu/libpthread-2.27.so
7fd89d87a000-7fd89d87b000 rw-p 0001a000 08:01 1709672                    /lib/x86_64-linux-gnu/libpthread-2.27.so
7fd89d87b000-7fd89d87f000 rw-p 00000000 00:00 0 
7fd89d87f000-7fd89d8a6000 r-xp 00000000 08:01 1709511                    /lib/x86_64-linux-gnu/ld-2.27.so
7fd89d8a6000-7fd89d8a7000 r--s 00001000 08:01 1972940                    /home/ubuntu/.m2/repository/io/dubbo/springboot/spring-boot-starter-dubbo/1.0.0/spring-boot-starter-dubbo-1.0.0.jar
7fd89d8a7000-7fd89d8a8000 r--s 00000000 08:01 1579309                    /home/ubuntu/jdk1.8.0_211/jre/lib/management-agent.jar
7fd89d8a8000-7fd89d8ad000 r--s 000a3000 08:01 1579415                    /home/ubuntu/jdk1.8.0_211/jre/lib/jsse.jar
7fd89d8ad000-7fd89d8af000 r--s 00007000 08:01 1579338                    /home/ubuntu/jdk1.8.0_211/jre/lib/jfxswt.jar
7fd89d8af000-7fd89d8b4000 r--s 00084000 08:01 1579409                    /home/ubuntu/jdk1.8.0_211/jre/lib/jfr.jar
7fd89d8b4000-7fd89d8b7000 r--s 0001a000 08:01 1579386                    /home/ubuntu/jdk1.8.0_211/jre/lib/jce.jar
7fd89d8b7000-7fd89d988000 rw-p 00000000 00:00 0 
7fd89d988000-7fd89d989000 ---p 00000000 00:00 0 
7fd89d989000-7fd89d98c000 ---p 00000000 00:00 0 
7fd89d98c000-7fd89da8d000 rw-p 00000000 00:00 0 
7fd89da8d000-7fd89da97000 r--s 0006e000 08:01 1579393                    /home/ubuntu/jdk1.8.0_211/jre/lib/javaws.jar
7fd89da97000-7fd89da9c000 r--s 002f9000 08:01 1579414                    /home/ubuntu/jdk1.8.0_211/jre/lib/charsets.jar
7fd89da9c000-7fd89daa4000 rw-s 00000000 08:01 2503469                    /tmp/hsperfdata_ubuntu/102838
7fd89daa4000-7fd89daa5000 rw-p 00000000 00:00 0 
7fd89daa5000-7fd89daa6000 ---p 00000000 00:00 0 
7fd89daa6000-7fd89daa7000 r--p 00027000 08:01 1709511                    /lib/x86_64-linux-gnu/ld-2.27.so
7fd89daa7000-7fd89daa8000 rw-p 00028000 08:01 1709511                    /lib/x86_64-linux-gnu/ld-2.27.so
7fd89daa8000-7fd89daa9000 rw-p 00000000 00:00 0 
7ffde3b80000-7ffde3ba4000 rw-p 00000000 00:00 0                          [stack]
7ffde3bd3000-7ffde3bd6000 r--p 00000000 00:00 0                          [vvar]
7ffde3bd6000-7ffde3bd7000 r-xp 00000000 00:00 0                          [vdso]
ffffffffff600000-ffffffffff601000 r-xp 00000000 00:00 0                  [vsyscall]

VM Arguments:
jvm_args: -XX:TieredStopAtLevel=1 -Xverify:none -Dspring.output.ansi.enabled=always -Dcom.sun.management.jmxremote -Dspring.jmx.enabled=true -Dspring.liveBeansView.mbeanDomain -Dspring.application.admin.enabled=true -javaagent:/home/ubuntu/idea-IU-191.6707.61/lib/idea_rt.jar=36729:/home/ubuntu/idea-IU-191.6707.61/bin -Dfile.encoding=UTF-8 
java_command: com.PaymentApplication
java_class_path (initial): /home/ubuntu/jdk1.8.0_211/jre/lib/charsets.jar:/home/ubuntu/jdk1.8.0_211/jre/lib/deploy.jar:/home/ubuntu/jdk1.8.0_211/jre/lib/ext/cldrdata.jar:/home/ubuntu/jdk1.8.0_211/jre/lib/ext/dnsns.jar:/home/ubuntu/jdk1.8.0_211/jre/lib/ext/jaccess.jar:/home/ubuntu/jdk1.8.0_211/jre/lib/ext/jfxrt.jar:/home/ubuntu/jdk1.8.0_211/jre/lib/ext/localedata.jar:/home/ubuntu/jdk1.8.0_211/jre/lib/ext/nashorn.jar:/home/ubuntu/jdk1.8.0_211/jre/lib/ext/sunec.jar:/home/ubuntu/jdk1.8.0_211/jre/lib/ext/sunjce_provider.jar:/home/ubuntu/jdk1.8.0_211/jre/lib/ext/sunpkcs11.jar:/home/ubuntu/jdk1.8.0_211/jre/lib/ext/zipfs.jar:/home/ubuntu/jdk1.8.0_211/jre/lib/javaws.jar:/home/ubuntu/jdk1.8.0_211/jre/lib/jce.jar:/home/ubuntu/jdk1.8.0_211/jre/lib/jfr.jar:/home/ubuntu/jdk1.8.0_211/jre/lib/jfxswt.jar:/home/ubuntu/jdk1.8.0_211/jre/lib/jsse.jar:/home/ubuntu/jdk1.8.0_211/jre/lib/management-agent.jar:/home/ubuntu/jdk1.8.0_211/jre/lib/plugin.jar:/home/ubuntu/jdk1.8.0_211/jre/lib/resources.jar:/home/ubuntu/jdk1.8.0_211/jre/lib/rt.jar:/home/ubuntu/IdeaProjects/unmanned-freezer/payment-service/target/classes:/home/ubuntu/.m2/repository/io/dubbo/springboot/spring-boot-starter-dubbo/1.0.0/spring-boot-starter-dubbo-1.0.0.jar:/home/ubuntu/.m2/repository/org/springframework/boot/spring-boot-starter/2.0.5.RELEASE/spring-boot-starter-2.0.5.RELEASE.jar:/home/ubuntu/.m2/repository/org/springframework/boot/spring-boot/2.0.5.RELEASE/spring-boot-2.0.5.RELEASE.jar:/home/ubuntu/.m2/repository/org/springframework/boot/spring-boot-autoconfigure/2.0.5.RELEASE/spring-boot-autoconfigure-2.0.5.RELEASE.jar:/home/ubuntu/.m2/repository/org/springframework/boot/spring-boot-starter-logging/2.0.5.RELEASE/spring-boot-starter-logging-2.0.5.RELEASE.jar:/home/ubuntu/.m2/repository/ch/qos/logback/logback-classic/1.2.3/logback-classic-1.2.3.jar:/home/ubuntu/.m2/repository/ch/qos/logback/logback-core/1.2.3/logback-core-1.2.3.jar:/home/ubuntu/.m2/repository/org/apache/logging/log4j/log4j-to-slf4j/2.10.0/log4j-to-slf4j
Launcher Type: SUN_STANDARD

Environment Variables:
PATH=/home/ubuntu/.local/bin:/home/ubuntu/apache-maven-3.6.1/bin:/usr/local/sbin:/usr/local/bin:/usr/sbin:/usr/bin:/sbin:/bin:/usr/games:/usr/local/games:/snap/bin
USERNAME=ubuntu
SHELL=/bin/bash
DISPLAY=:0

Signal Handlers:
SIGSEGV: [libjvm.so+0xad3d90], sa_mask[0]=11111111011111111101111111111110, sa_flags=SA_RESTART|SA_SIGINFO
SIGBUS: [libjvm.so+0xad3d90], sa_mask[0]=11111111011111111101111111111110, sa_flags=SA_RESTART|SA_SIGINFO
SIGFPE: [libjvm.so+0x90b8b0], sa_mask[0]=11111111011111111101111111111110, sa_flags=SA_RESTART|SA_SIGINFO
SIGPIPE: [libjvm.so+0x90b8b0], sa_mask[0]=11111111011111111101111111111110, sa_flags=SA_RESTART|SA_SIGINFO
SIGXFSZ: [libjvm.so+0x90b8b0], sa_mask[0]=11111111011111111101111111111110, sa_flags=SA_RESTART|SA_SIGINFO
SIGILL: [libjvm.so+0x90b8b0], sa_mask[0]=11111111011111111101111111111110, sa_flags=SA_RESTART|SA_SIGINFO
SIGUSR1: SIG_DFL, sa_mask[0]=00000000000000000000000000000000, sa_flags=none
SIGUSR2: [libjvm.so+0x90b780], sa_mask[0]=00100000000000000000000000000000, sa_flags=SA_RESTART|SA_SIGINFO
SIGHUP: SIG_IGN, sa_mask[0]=00000000000000000000000000000000, sa_flags=none
SIGINT: [libjvm.so+0x90bda0], sa_mask[0]=11111111011111111101111111111110, sa_flags=SA_RESTART|SA_SIGINFO
SIGTERM: [libjvm.so+0x90bda0], sa_mask[0]=11111111011111111101111111111110, sa_flags=SA_RESTART|SA_SIGINFO
SIGQUIT: [libjvm.so+0x90bda0], sa_mask[0]=11111111011111111101111111111110, sa_flags=SA_RESTART|SA_SIGINFO


---------------  S Y S T E M  ---------------

OS:DISTRIB_ID=Ubuntu
DISTRIB_RELEASE=18.04
DISTRIB_CODENAME=bionic
DISTRIB_DESCRIPTION="Ubuntu 18.04.2 LTS"

uname:Linux 5.0.0-37-generic #40~18.04.1-Ubuntu SMP Thu Nov 14 12:06:39 UTC 2019 x86_64
libc:glibc 2.27 NPTL 2.27 
rlimit: STACK 8192k, CORE 0k, NPROC 31498, NOFILE 1048576, AS infinity
load average:2.64 2.37 1.44

/proc/meminfo:
MemTotal:        8133296 kB
MemFree:          127216 kB
MemAvailable:      66116 kB
Buffers:            1832 kB
Cached:            75988 kB
SwapCached:            0 kB
Active:          6963448 kB
Inactive:          50212 kB
Active(anon):    6937584 kB
Inactive(anon):    20960 kB
Active(file):      25864 kB
Inactive(file):    29252 kB
Unevictable:          32 kB
Mlocked:              32 kB
SwapTotal:             0 kB
SwapFree:              0 kB
Dirty:               124 kB
Writeback:             0 kB
AnonPages:       6936056 kB
Mapped:            67640 kB
Shmem:             22568 kB
KReclaimable:      96216 kB
Slab:             271032 kB
SReclaimable:      96216 kB
SUnreclaim:       174816 kB
KernelStack:       26176 kB
PageTables:        65924 kB
NFS_Unstable:          0 kB
Bounce:                0 kB
WritebackTmp:          0 kB
CommitLimit:     4066648 kB
Committed_AS:   15268200 kB
VmallocTotal:   34359738367 kB
VmallocUsed:           0 kB
VmallocChunk:          0 kB
Percpu:            90112 kB
HardwareCorrupted:     0 kB
AnonHugePages:      2048 kB
ShmemHugePages:        0 kB
ShmemPmdMapped:        0 kB
CmaTotal:              0 kB
CmaFree:               0 kB
HugePages_Total:       0
HugePages_Free:        0
HugePages_Rsvd:        0
HugePages_Surp:        0
Hugepagesize:       2048 kB
Hugetlb:               0 kB
DirectMap4k:      444224 kB
DirectMap2M:     7936000 kB
DirectMap1G:           0 kB

container (cgroup) information:
container_type: cgroupv1
cpu_cpuset_cpus: 0-3
cpu_memory_nodes: 0
active_processor_count: 4
cpu_quota: -1
cpu_period: 100000
cpu_shares: -1
memory_limit_in_bytes: -1
memory_and_swap_limit_in_bytes: -2
memory_soft_limit_in_bytes: -1
memory_usage_in_bytes: 6559563776
memory_max_usage_in_bytes: 6598008832


CPU:total 4 (initial active 4) (2 cores per cpu, 1 threads per core) family 6 model 158 stepping 10, cmov, cx8, fxsr, mmx, sse, sse2, sse3, ssse3, sse4.1, sse4.2, popcnt, avx, avx2, aes, clmul, erms, rtm, 3dnowpref, lzcnt, tsc, tscinvbit, bmi1, bmi2, adx

/proc/cpuinfo:
processor	: 0
vendor_id	: GenuineIntel
cpu family	: 6
model		: 158
model name	: Intel(R) Core(TM) i5-8500 CPU @ 3.00GHz
stepping	: 10
microcode	: 0x96
cpu MHz		: 3000.001
cache size	: 9216 KB
physical id	: 0
siblings	: 2
core id		: 0
cpu cores	: 2
apicid		: 0
initial apicid	: 0
fpu		: yes
fpu_exception	: yes
cpuid level	: 22
wp		: yes
flags		: fpu vme de pse tsc msr pae mce cx8 apic sep mtrr pge mca cmov pat pse36 clflush mmx fxsr sse sse2 ss ht syscall nx pdpe1gb rdtscp lm constant_tsc arch_perfmon nopl xtopology tsc_reliable nonstop_tsc cpuid pni pclmulqdq ssse3 fma cx16 pcid sse4_1 sse4_2 x2apic movbe popcnt tsc_deadline_timer aes xsave avx f16c rdrand hypervisor lahf_lm abm 3dnowprefetch cpuid_fault invpcid_single pti ssbd ibrs ibpb stibp fsgsbase tsc_adjust bmi1 hle avx2 smep bmi2 invpcid rtm mpx rdseed adx smap clflushopt xsaveopt xsavec xsaves arat flush_l1d arch_capabilities
bugs		: cpu_meltdown spectre_v1 spectre_v2 spec_store_bypass l1tf mds swapgs taa itlb_multihit
bogomips	: 6000.00
clflush size	: 64
cache_alignment	: 64
address sizes	: 43 bits physical, 48 bits virtual
power management:

processor	: 1
vendor_id	: GenuineIntel
cpu family	: 6
model		: 158
model name	: Intel(R) Core(TM) i5-8500 CPU @ 3.00GHz
stepping	: 10
microcode	: 0x96
cpu MHz		: 3000.001
cache size	: 9216 KB
physical id	: 0
siblings	: 2
core id		: 1
cpu cores	: 2
apicid		: 1
initial apicid	: 1
fpu		: yes
fpu_exception	: yes
cpuid level	: 22
wp		: yes
flags		: fpu vme de pse tsc msr pae mce cx8 apic sep mtrr pge mca cmov pat pse36 clflush mmx fxsr sse sse2 ss ht syscall nx pdpe1gb rdtscp lm constant_tsc arch_perfmon nopl xtopology tsc_reliable nonstop_tsc cpuid pni pclmulqdq ssse3 fma cx16 pcid sse4_1 sse4_2 x2apic movbe popcnt tsc_deadline_timer aes xsave avx f16c rdrand hypervisor lahf_lm abm 3dnowprefetch cpuid_fault invpcid_single pti ssbd ibrs ibpb stibp fsgsbase tsc_adjust bmi1 hle avx2 smep bmi2 invpcid rtm mpx rdseed adx smap clflushopt xsaveopt xsavec xsaves arat flush_l1d arch_capabilities
bugs		: cpu_meltdown spectre_v1 spectre_v2 spec_store_bypass l1tf mds swapgs taa itlb_multihit
bogomips	: 6000.00
clflush size	: 64
cache_alignment	: 64
address sizes	: 43 bits physical, 48 bits virtual
power management:

processor	: 2
vendor_id	: GenuineIntel
cpu family	: 6
model		: 158
model name	: Intel(R) Core(TM) i5-8500 CPU @ 3.00GHz
stepping	: 10
microcode	: 0x96
cpu MHz		: 3000.001
cache size	: 9216 KB
physical id	: 1
siblings	: 2
core id		: 0
cpu cores	: 2
apicid		: 2
initial apicid	: 2
fpu		: yes
fpu_exception	: yes
cpuid level	: 22
wp		: yes
flags		: fpu vme de pse tsc msr pae mce cx8 apic sep mtrr pge mca cmov pat pse36 clflush mmx fxsr sse sse2 ss ht syscall nx pdpe1gb rdtscp lm constant_tsc arch_perfmon nopl xtopology tsc_reliable nonstop_tsc cpuid pni pclmulqdq ssse3 fma cx16 pcid sse4_1 sse4_2 x2apic movbe popcnt tsc_deadline_timer aes xsave avx f16c rdrand hypervisor lahf_lm abm 3dnowprefetch cpuid_fault invpcid_single pti ssbd ibrs ibpb stibp fsgsbase tsc_adjust bmi1 hle avx2 smep bmi2 invpcid rtm mpx rdseed adx smap clflushopt xsaveopt xsavec xsaves arat flush_l1d arch_capabilities
bugs		: cpu_meltdown spectre_v1 spectre_v2 spec_store_bypass l1tf mds swapgs taa itlb_multihit
bogomips	: 6000.00
clflush size	: 64
cache_alignment	: 64
address sizes	: 43 bits physical, 48 bits virtual
power management:

processor	: 3
vendor_id	: GenuineIntel
cpu family	: 6
model		: 158
model name	: Intel(R) Core(TM) i5-8500 CPU @ 3.00GHz
stepping	: 10
microcode	: 0x96
cpu MHz		: 3000.001
cache size	: 9216 KB
physical id	: 1
siblings	: 2
core id		: 1
cpu cores	: 2
apicid		: 3
initial apicid	: 3
fpu		: yes
fpu_exception	: yes
cpuid level	: 22
wp		: yes
flags		: fpu vme de pse tsc msr pae mce cx8 apic sep mtrr pge mca cmov pat pse36 clflush mmx fxsr sse sse2 ss ht syscall nx pdpe1gb rdtscp lm constant_tsc arch_perfmon nopl xtopology tsc_reliable nonstop_tsc cpuid pni pclmulqdq ssse3 fma cx16 pcid sse4_1 sse4_2 x2apic movbe popcnt tsc_deadline_timer aes xsave avx f16c rdrand hypervisor lahf_lm abm 3dnowprefetch cpuid_fault invpcid_single pti ssbd ibrs ibpb stibp fsgsbase tsc_adjust bmi1 hle avx2 smep bmi2 invpcid rtm mpx rdseed adx smap clflushopt xsaveopt xsavec xsaves arat flush_l1d arch_capabilities
bugs		: cpu_meltdown spectre_v1 spectre_v2 spec_store_bypass l1tf mds swapgs taa itlb_multihit
bogomips	: 6000.00
clflush size	: 64
cache_alignment	: 64
address sizes	: 43 bits physical, 48 bits virtual
power management:



Memory: 4k page, physical 8133296k(127216k free), swap 0k(0k free)

vm_info: Java HotSpot(TM) 64-Bit Server VM (25.211-b12) for linux-amd64 JRE (1.8.0_211-b12), built on Apr  1 2019 20:39:34 by "java_re" with gcc 7.3.0

time: Sun Jan 12 12:00:07 2020
timezone: CST
elapsed time: 3 seconds (0d 0h 0m 3s)

